CRITICAL - 2022-12-27 17:55:24 --> Invalid file: cuentas_reriro_rubros/cuentas_retiro_rubros.php
#0 C:\xampp\htdocs\dfpyme\system\View\View.php(198): CodeIgniter\Exceptions\FrameworkException::forInvalidFile('cuentas_reriro_...')
#1 C:\xampp\htdocs\dfpyme\system\Common.php(1089): CodeIgniter\View\View->render('cuentas_reriro_...', Array, true)
#2 C:\xampp\htdocs\dfpyme\app\Controllers\devolucion\RetiroController.php(55): view('cuentas_reriro_...')
#3 C:\xampp\htdocs\dfpyme\system\CodeIgniter.php(832): App\Controllers\devolucion\RetiroController->rubros_listado()
#4 C:\xampp\htdocs\dfpyme\system\CodeIgniter.php(419): CodeIgniter\CodeIgniter->runController(Object(App\Controllers\devolucion\RetiroController))
#5 C:\xampp\htdocs\dfpyme\system\CodeIgniter.php(326): CodeIgniter\CodeIgniter->handleRequest(NULL, Object(Config\Cache), false)
#6 C:\xampp\htdocs\dfpyme\index.php(37): CodeIgniter\CodeIgniter->run()
#7 {main}
CRITICAL - 2022-12-27 21:52:04 --> Call to undefined method App\Models\rubrosModel::get_cuentas_rubros
#0 C:\xampp\htdocs\dfpyme\app\Controllers\devolucion\RetiroController.php(56): CodeIgniter\Model->__call('get_cuentas_rub...', Array)
#1 C:\xampp\htdocs\dfpyme\system\CodeIgniter.php(832): App\Controllers\devolucion\RetiroController->rubros_listado()
#2 C:\xampp\htdocs\dfpyme\system\CodeIgniter.php(419): CodeIgniter\CodeIgniter->runController(Object(App\Controllers\devolucion\RetiroController))
#3 C:\xampp\htdocs\dfpyme\system\CodeIgniter.php(326): CodeIgniter\CodeIgniter->handleRequest(NULL, Object(Config\Cache), false)
#4 C:\xampp\htdocs\dfpyme\index.php(37): CodeIgniter\CodeIgniter->run()
#5 {main}
CRITICAL - 2022-12-27 21:53:32 --> foreach() argument must be of type array|object, null given
#0 C:\xampp\htdocs\dfpyme\app\Views\cuentas_retiro_rubros\listado.php(31): CodeIgniter\Debug\Exceptions->errorHandler(2, 'foreach() argum...', 'C:\\xampp\\htdocs...', 31)
#1 C:\xampp\htdocs\dfpyme\system\View\View.php(210): include('C:\\xampp\\htdocs...')
#2 C:\xampp\htdocs\dfpyme\system\View\View.php(213): CodeIgniter\View\View->CodeIgniter\View\{closure}()
#3 C:\xampp\htdocs\dfpyme\system\Common.php(1089): CodeIgniter\View\View->render('cuentas_retiro_...', Array, true)
#4 C:\xampp\htdocs\dfpyme\app\Controllers\devolucion\RetiroController.php(58): view('cuentas_retiro_...', Array)
#5 C:\xampp\htdocs\dfpyme\system\CodeIgniter.php(832): App\Controllers\devolucion\RetiroController->rubros_listado()
#6 C:\xampp\htdocs\dfpyme\system\CodeIgniter.php(419): CodeIgniter\CodeIgniter->runController(Object(App\Controllers\devolucion\RetiroController))
#7 C:\xampp\htdocs\dfpyme\system\CodeIgniter.php(326): CodeIgniter\CodeIgniter->handleRequest(NULL, Object(Config\Cache), false)
#8 C:\xampp\htdocs\dfpyme\index.php(37): CodeIgniter\CodeIgniter->run()
#9 {main}
CRITICAL - 2022-12-27 21:53:52 --> Undefined array key "nombre_rubro"
#0 C:\xampp\htdocs\dfpyme\app\Views\cuentas_retiro_rubros\listado.php(33): CodeIgniter\Debug\Exceptions->errorHandler(2, 'Undefined array...', 'C:\\xampp\\htdocs...', 33)
#1 C:\xampp\htdocs\dfpyme\system\View\View.php(210): include('C:\\xampp\\htdocs...')
#2 C:\xampp\htdocs\dfpyme\system\View\View.php(213): CodeIgniter\View\View->CodeIgniter\View\{closure}()
#3 C:\xampp\htdocs\dfpyme\system\Common.php(1089): CodeIgniter\View\View->render('cuentas_retiro_...', Array, true)
#4 C:\xampp\htdocs\dfpyme\app\Controllers\devolucion\RetiroController.php(58): view('cuentas_retiro_...', Array)
#5 C:\xampp\htdocs\dfpyme\system\CodeIgniter.php(832): App\Controllers\devolucion\RetiroController->rubros_listado()
#6 C:\xampp\htdocs\dfpyme\system\CodeIgniter.php(419): CodeIgniter\CodeIgniter->runController(Object(App\Controllers\devolucion\RetiroController))
#7 C:\xampp\htdocs\dfpyme\system\CodeIgniter.php(326): CodeIgniter\CodeIgniter->handleRequest(NULL, Object(Config\Cache), false)
#8 C:\xampp\htdocs\dfpyme\index.php(37): CodeIgniter\CodeIgniter->run()
#9 {main}
