CRITICAL - 2022-08-14 19:08:12 --> Trying to access array offset on value of type null
#0 C:\xampp\htdocs\restaurantes\app\Controllers\pedido\pedidoController.php(110): CodeIgniter\Debug\Exceptions->errorHandler(2, 'Trying to acces...', 'C:\\xampp\\htdocs...', 110)
#1 C:\xampp\htdocs\restaurantes\system\CodeIgniter.php(832): App\Controllers\pedido\pedidoController->facturar_pedido()
#2 C:\xampp\htdocs\restaurantes\system\CodeIgniter.php(419): CodeIgniter\CodeIgniter->runController(Object(App\Controllers\pedido\pedidoController))
#3 C:\xampp\htdocs\restaurantes\system\CodeIgniter.php(326): CodeIgniter\CodeIgniter->handleRequest(NULL, Object(Config\Cache), false)
#4 C:\xampp\htdocs\restaurantes\index.php(37): CodeIgniter\CodeIgniter->run()
#5 {main}
CRITICAL - 2022-08-14 19:25:28 --> Trying to access array offset on value of type null
#0 C:\xampp\htdocs\restaurantes\app\Controllers\pedido\pedidoController.php(110): CodeIgniter\Debug\Exceptions->errorHandler(2, 'Trying to acces...', 'C:\\xampp\\htdocs...', 110)
#1 C:\xampp\htdocs\restaurantes\system\CodeIgniter.php(832): App\Controllers\pedido\pedidoController->facturar_pedido()
#2 C:\xampp\htdocs\restaurantes\system\CodeIgniter.php(419): CodeIgniter\CodeIgniter->runController(Object(App\Controllers\pedido\pedidoController))
#3 C:\xampp\htdocs\restaurantes\system\CodeIgniter.php(326): CodeIgniter\CodeIgniter->handleRequest(NULL, Object(Config\Cache), false)
#4 C:\xampp\htdocs\restaurantes\index.php(37): CodeIgniter\CodeIgniter->run()
#5 {main}
CRITICAL - 2022-08-14 19:35:41 --> Trying to access array offset on value of type null
#0 C:\xampp\htdocs\restaurantes\app\Controllers\pedido\pedidoController.php(110): CodeIgniter\Debug\Exceptions->errorHandler(2, 'Trying to acces...', 'C:\\xampp\\htdocs...', 110)
#1 C:\xampp\htdocs\restaurantes\system\CodeIgniter.php(832): App\Controllers\pedido\pedidoController->facturar_pedido()
#2 C:\xampp\htdocs\restaurantes\system\CodeIgniter.php(419): CodeIgniter\CodeIgniter->runController(Object(App\Controllers\pedido\pedidoController))
#3 C:\xampp\htdocs\restaurantes\system\CodeIgniter.php(326): CodeIgniter\CodeIgniter->handleRequest(NULL, Object(Config\Cache), false)
#4 C:\xampp\htdocs\restaurantes\index.php(37): CodeIgniter\CodeIgniter->run()
#5 {main}
CRITICAL - 2022-08-14 19:38:38 --> Trying to access array offset on value of type null
#0 C:\xampp\htdocs\restaurantes\app\Controllers\pedido\pedidoController.php(110): CodeIgniter\Debug\Exceptions->errorHandler(2, 'Trying to acces...', 'C:\\xampp\\htdocs...', 110)
#1 C:\xampp\htdocs\restaurantes\system\CodeIgniter.php(832): App\Controllers\pedido\pedidoController->facturar_pedido()
#2 C:\xampp\htdocs\restaurantes\system\CodeIgniter.php(419): CodeIgniter\CodeIgniter->runController(Object(App\Controllers\pedido\pedidoController))
#3 C:\xampp\htdocs\restaurantes\system\CodeIgniter.php(326): CodeIgniter\CodeIgniter->handleRequest(NULL, Object(Config\Cache), false)
#4 C:\xampp\htdocs\restaurantes\index.php(37): CodeIgniter\CodeIgniter->run()
#5 {main}
CRITICAL - 2022-08-14 19:45:10 --> Trying to access array offset on value of type null
#0 C:\xampp\htdocs\restaurantes\app\Controllers\pedido\pedidoController.php(110): CodeIgniter\Debug\Exceptions->errorHandler(2, 'Trying to acces...', 'C:\\xampp\\htdocs...', 110)
#1 C:\xampp\htdocs\restaurantes\system\CodeIgniter.php(832): App\Controllers\pedido\pedidoController->facturar_pedido()
#2 C:\xampp\htdocs\restaurantes\system\CodeIgniter.php(419): CodeIgniter\CodeIgniter->runController(Object(App\Controllers\pedido\pedidoController))
#3 C:\xampp\htdocs\restaurantes\system\CodeIgniter.php(326): CodeIgniter\CodeIgniter->handleRequest(NULL, Object(Config\Cache), false)
#4 C:\xampp\htdocs\restaurantes\index.php(37): CodeIgniter\CodeIgniter->run()
#5 {main}
CRITICAL - 2022-08-14 19:49:54 --> Trying to access array offset on value of type null
#0 C:\xampp\htdocs\restaurantes\app\Controllers\pedido\pedidoController.php(110): CodeIgniter\Debug\Exceptions->errorHandler(2, 'Trying to acces...', 'C:\\xampp\\htdocs...', 110)
#1 C:\xampp\htdocs\restaurantes\system\CodeIgniter.php(832): App\Controllers\pedido\pedidoController->facturar_pedido()
#2 C:\xampp\htdocs\restaurantes\system\CodeIgniter.php(419): CodeIgniter\CodeIgniter->runController(Object(App\Controllers\pedido\pedidoController))
#3 C:\xampp\htdocs\restaurantes\system\CodeIgniter.php(326): CodeIgniter\CodeIgniter->handleRequest(NULL, Object(Config\Cache), false)
#4 C:\xampp\htdocs\restaurantes\index.php(37): CodeIgniter\CodeIgniter->run()
#5 {main}
CRITICAL - 2022-08-14 19:50:01 --> Trying to access array offset on value of type null
#0 C:\xampp\htdocs\restaurantes\app\Controllers\pedido\pedidoController.php(110): CodeIgniter\Debug\Exceptions->errorHandler(2, 'Trying to acces...', 'C:\\xampp\\htdocs...', 110)
#1 C:\xampp\htdocs\restaurantes\system\CodeIgniter.php(832): App\Controllers\pedido\pedidoController->facturar_pedido()
#2 C:\xampp\htdocs\restaurantes\system\CodeIgniter.php(419): CodeIgniter\CodeIgniter->runController(Object(App\Controllers\pedido\pedidoController))
#3 C:\xampp\htdocs\restaurantes\system\CodeIgniter.php(326): CodeIgniter\CodeIgniter->handleRequest(NULL, Object(Config\Cache), false)
#4 C:\xampp\htdocs\restaurantes\index.php(37): CodeIgniter\CodeIgniter->run()
#5 {main}
CRITICAL - 2022-08-14 19:51:32 --> Trying to access array offset on value of type null
#0 C:\xampp\htdocs\restaurantes\app\Controllers\pedido\pedidoController.php(110): CodeIgniter\Debug\Exceptions->errorHandler(2, 'Trying to acces...', 'C:\\xampp\\htdocs...', 110)
#1 C:\xampp\htdocs\restaurantes\system\CodeIgniter.php(832): App\Controllers\pedido\pedidoController->facturar_pedido()
#2 C:\xampp\htdocs\restaurantes\system\CodeIgniter.php(419): CodeIgniter\CodeIgniter->runController(Object(App\Controllers\pedido\pedidoController))
#3 C:\xampp\htdocs\restaurantes\system\CodeIgniter.php(326): CodeIgniter\CodeIgniter->handleRequest(NULL, Object(Config\Cache), false)
#4 C:\xampp\htdocs\restaurantes\index.php(37): CodeIgniter\CodeIgniter->run()
#5 {main}
CRITICAL - 2022-08-14 19:51:59 --> Invalid file: ventanas_modal_finalizar_venta/fin_de_venta.php
#0 C:\xampp\htdocs\restaurantes\system\View\View.php(198): CodeIgniter\Exceptions\FrameworkException::forInvalidFile('ventanas_modal_...')
#1 C:\xampp\htdocs\restaurantes\system\View\View.php(424): CodeIgniter\View\View->render('ventanas_modal_...', NULL, true)
#2 C:\xampp\htdocs\restaurantes\app\Views\template\facturar_pedido.php(33): CodeIgniter\View\View->include('ventanas_modal_...')
#3 C:\xampp\htdocs\restaurantes\system\View\View.php(210): include('C:\\xampp\\htdocs...')
#4 C:\xampp\htdocs\restaurantes\system\View\View.php(213): CodeIgniter\View\View->CodeIgniter\View\{closure}()
#5 C:\xampp\htdocs\restaurantes\system\View\View.php(226): CodeIgniter\View\View->render('template/factur...', Array, true)
#6 C:\xampp\htdocs\restaurantes\system\Common.php(1089): CodeIgniter\View\View->render('facturar_pedido...', Array, true)
#7 C:\xampp\htdocs\restaurantes\app\Controllers\pedido\pedidoController.php(136): view('facturar_pedido...', Array)
#8 C:\xampp\htdocs\restaurantes\system\CodeIgniter.php(832): App\Controllers\pedido\pedidoController->facturar_pedido()
#9 C:\xampp\htdocs\restaurantes\system\CodeIgniter.php(419): CodeIgniter\CodeIgniter->runController(Object(App\Controllers\pedido\pedidoController))
#10 C:\xampp\htdocs\restaurantes\system\CodeIgniter.php(326): CodeIgniter\CodeIgniter->handleRequest(NULL, Object(Config\Cache), false)
#11 C:\xampp\htdocs\restaurantes\index.php(37): CodeIgniter\CodeIgniter->run()
#12 {main}
CRITICAL - 2022-08-14 20:56:41 --> Trying to access array offset on value of type null
#0 C:\xampp\htdocs\restaurantes\app\Controllers\pedido\pedidoController.php(110): CodeIgniter\Debug\Exceptions->errorHandler(2, 'Trying to acces...', 'C:\\xampp\\htdocs...', 110)
#1 C:\xampp\htdocs\restaurantes\system\CodeIgniter.php(832): App\Controllers\pedido\pedidoController->facturar_pedido()
#2 C:\xampp\htdocs\restaurantes\system\CodeIgniter.php(419): CodeIgniter\CodeIgniter->runController(Object(App\Controllers\pedido\pedidoController))
#3 C:\xampp\htdocs\restaurantes\system\CodeIgniter.php(326): CodeIgniter\CodeIgniter->handleRequest(NULL, Object(Config\Cache), false)
#4 C:\xampp\htdocs\restaurantes\index.php(37): CodeIgniter\CodeIgniter->run()
#5 {main}
CRITICAL - 2022-08-14 20:59:13 --> Trying to access array offset on value of type null
#0 C:\xampp\htdocs\restaurantes\app\Controllers\pedido\pedidoController.php(110): CodeIgniter\Debug\Exceptions->errorHandler(2, 'Trying to acces...', 'C:\\xampp\\htdocs...', 110)
#1 C:\xampp\htdocs\restaurantes\system\CodeIgniter.php(832): App\Controllers\pedido\pedidoController->facturar_pedido()
#2 C:\xampp\htdocs\restaurantes\system\CodeIgniter.php(419): CodeIgniter\CodeIgniter->runController(Object(App\Controllers\pedido\pedidoController))
#3 C:\xampp\htdocs\restaurantes\system\CodeIgniter.php(326): CodeIgniter\CodeIgniter->handleRequest(NULL, Object(Config\Cache), false)
#4 C:\xampp\htdocs\restaurantes\index.php(37): CodeIgniter\CodeIgniter->run()
#5 {main}
CRITICAL - 2022-08-14 21:01:06 --> Trying to access array offset on value of type null
#0 C:\xampp\htdocs\restaurantes\app\Controllers\pedido\pedidoController.php(110): CodeIgniter\Debug\Exceptions->errorHandler(2, 'Trying to acces...', 'C:\\xampp\\htdocs...', 110)
#1 C:\xampp\htdocs\restaurantes\system\CodeIgniter.php(832): App\Controllers\pedido\pedidoController->facturar_pedido()
#2 C:\xampp\htdocs\restaurantes\system\CodeIgniter.php(419): CodeIgniter\CodeIgniter->runController(Object(App\Controllers\pedido\pedidoController))
#3 C:\xampp\htdocs\restaurantes\system\CodeIgniter.php(326): CodeIgniter\CodeIgniter->handleRequest(NULL, Object(Config\Cache), false)
#4 C:\xampp\htdocs\restaurantes\index.php(37): CodeIgniter\CodeIgniter->run()
#5 {main}
CRITICAL - 2022-08-14 21:19:16 --> Trying to access array offset on value of type null
#0 C:\xampp\htdocs\restaurantes\app\Controllers\pedido\pedidoController.php(110): CodeIgniter\Debug\Exceptions->errorHandler(2, 'Trying to acces...', 'C:\\xampp\\htdocs...', 110)
#1 C:\xampp\htdocs\restaurantes\system\CodeIgniter.php(832): App\Controllers\pedido\pedidoController->facturar_pedido()
#2 C:\xampp\htdocs\restaurantes\system\CodeIgniter.php(419): CodeIgniter\CodeIgniter->runController(Object(App\Controllers\pedido\pedidoController))
#3 C:\xampp\htdocs\restaurantes\system\CodeIgniter.php(326): CodeIgniter\CodeIgniter->handleRequest(NULL, Object(Config\Cache), false)
#4 C:\xampp\htdocs\restaurantes\index.php(37): CodeIgniter\CodeIgniter->run()
#5 {main}
CRITICAL - 2022-08-14 23:10:50 --> Trying to access array offset on value of type null
#0 C:\xampp\htdocs\restaurantes\app\Controllers\pedido\pedidoController.php(110): CodeIgniter\Debug\Exceptions->errorHandler(2, 'Trying to acces...', 'C:\\xampp\\htdocs...', 110)
#1 C:\xampp\htdocs\restaurantes\system\CodeIgniter.php(832): App\Controllers\pedido\pedidoController->facturar_pedido()
#2 C:\xampp\htdocs\restaurantes\system\CodeIgniter.php(419): CodeIgniter\CodeIgniter->runController(Object(App\Controllers\pedido\pedidoController))
#3 C:\xampp\htdocs\restaurantes\system\CodeIgniter.php(326): CodeIgniter\CodeIgniter->handleRequest(NULL, Object(Config\Cache), false)
#4 C:\xampp\htdocs\restaurantes\index.php(37): CodeIgniter\CodeIgniter->run()
#5 {main}
