CRITICAL - 2024-05-16 22:46:54 --> Unsupported operand types: string / int
#0 C:\xampp\htdocs\dfpyme\system\CodeIgniter.php(832): App\Controllers\Boletas\Boletas->actualizar_producto_porcentaje()
#1 C:\xampp\htdocs\dfpyme\system\CodeIgniter.php(419): CodeIgniter\CodeIgniter->runController(Object(App\Controllers\Boletas\Boletas))
#2 C:\xampp\htdocs\dfpyme\system\CodeIgniter.php(326): CodeIgniter\CodeIgniter->handleRequest(NULL, Object(Config\Cache), false)
#3 C:\xampp\htdocs\dfpyme\index.php(37): CodeIgniter\CodeIgniter->run()
#4 {main}
CRITICAL - 2024-05-16 23:20:28 --> Undefined array key "id_producto"
#0 C:\xampp\htdocs\dfpyme\app\Controllers\producto\productoController.php(560): CodeIgniter\Debug\Exceptions->errorHandler(2, 'Undefined array...', 'C:\\xampp\\htdocs...', 560)
#1 C:\xampp\htdocs\dfpyme\system\CodeIgniter.php(832): App\Controllers\producto\productoController->agregar_productos_x_categoria()
#2 C:\xampp\htdocs\dfpyme\system\CodeIgniter.php(419): CodeIgniter\CodeIgniter->runController(Object(App\Controllers\producto\productoController))
#3 C:\xampp\htdocs\dfpyme\system\CodeIgniter.php(326): CodeIgniter\CodeIgniter->handleRequest(NULL, Object(Config\Cache), false)
#4 C:\xampp\htdocs\dfpyme\index.php(37): CodeIgniter\CodeIgniter->run()
#5 {main}
CRITICAL - 2024-05-16 23:20:42 --> Undefined array key "subcategoria"
#0 C:\xampp\htdocs\dfpyme\app\Views\categoria\tabla_categorias.php(36): CodeIgniter\Debug\Exceptions->errorHandler(2, 'Undefined array...', 'C:\\xampp\\htdocs...', 36)
#1 C:\xampp\htdocs\dfpyme\system\View\View.php(210): include('C:\\xampp\\htdocs...')
#2 C:\xampp\htdocs\dfpyme\system\View\View.php(213): CodeIgniter\View\View->CodeIgniter\View\{closure}()
#3 C:\xampp\htdocs\dfpyme\system\Common.php(1089): CodeIgniter\View\View->render('categoria/tabla...', Array, true)
#4 C:\xampp\htdocs\dfpyme\app\Controllers\categoria\categoriaController.php(171): view('categoria/tabla...', Array)
#5 C:\xampp\htdocs\dfpyme\system\CodeIgniter.php(832): App\Controllers\categoria\categoriaController->actualizar_impresora()
#6 C:\xampp\htdocs\dfpyme\system\CodeIgniter.php(419): CodeIgniter\CodeIgniter->runController(Object(App\Controllers\categoria\categoriaController))
#7 C:\xampp\htdocs\dfpyme\system\CodeIgniter.php(326): CodeIgniter\CodeIgniter->handleRequest(NULL, Object(Config\Cache), false)
#8 C:\xampp\htdocs\dfpyme\index.php(37): CodeIgniter\CodeIgniter->run()
#9 {main}
CRITICAL - 2024-05-16 23:25:00 --> copy(\\Danvichi\COCINA): Failed to open stream: No such file or directory
#0 [internal function]: CodeIgniter\Debug\Exceptions->errorHandler(2, 'copy(\\\\Danvichi...', 'C:\\xampp\\htdocs...', 372)
#1 C:\xampp\htdocs\dfpyme\app\Controllers\mike42\src\Mike42\Escpos\PrintConnectors\WindowsPrintConnector.php(372): copy('C:\\Users\\Admin\\...', '\\\\Danvichi\\COCI...')
#2 C:\xampp\htdocs\dfpyme\app\Controllers\mike42\src\Mike42\Escpos\PrintConnectors\WindowsPrintConnector.php(290): Mike42\Escpos\PrintConnectors\WindowsPrintConnector->runCopy('C:\\Users\\Admin\\...', '\\\\Danvichi\\COCI...')
#3 C:\xampp\htdocs\dfpyme\app\Controllers\mike42\src\Mike42\Escpos\PrintConnectors\WindowsPrintConnector.php(173): Mike42\Escpos\PrintConnectors\WindowsPrintConnector->finalizeWin('\e@\ea\x01\x1D!\x00**ENCHI...')
#4 C:\xampp\htdocs\dfpyme\app\Controllers\mike42\src\Mike42\Escpos\Printer.php(503): Mike42\Escpos\PrintConnectors\WindowsPrintConnector->finalize()
#5 C:\xampp\htdocs\dfpyme\app\Controllers\pedidos\Imprimir.php(238): Mike42\Escpos\Printer->close()
#6 C:\xampp\htdocs\dfpyme\app\Controllers\pedidos\Imprimir.php(66): App\Controllers\pedidos\Imprimir->generar_comanda(Array, '326', 'MESA 2', '11')
#7 C:\xampp\htdocs\dfpyme\system\CodeIgniter.php(832): App\Controllers\pedidos\Imprimir->imprimirComanda()
#8 C:\xampp\htdocs\dfpyme\system\CodeIgniter.php(419): CodeIgniter\CodeIgniter->runController(Object(App\Controllers\pedidos\Imprimir))
#9 C:\xampp\htdocs\dfpyme\system\CodeIgniter.php(326): CodeIgniter\CodeIgniter->handleRequest(NULL, Object(Config\Cache), false)
#10 C:\xampp\htdocs\dfpyme\index.php(37): CodeIgniter\CodeIgniter->run()
#11 {main}
