ERROR - 2022-08-15 09:34:52 --> ErrorException: pg_query(): Query failed: server closed the connection unexpectedly
	This probably means the server terminated abnormally
	before or while processing the request. in C:\xampp\htdocs\restaurantes\system\Database\Postgre\Connection.php:135
Stack trace:
#0 [internal function]: CodeIgniter\Debug\Exceptions->errorHandler(2, 'pg_query(): Que...', 'C:\\xampp\\htdocs...', 135)
#1 C:\xampp\htdocs\restaurantes\system\Database\Postgre\Connection.php(135): pg_query(Resource id #157, 'UPDATE "inventa...')
#2 C:\xampp\htdocs\restaurantes\system\Database\BaseConnection.php(670): CodeIgniter\Database\Postgre\Connection->execute('UPDATE "inventa...')
#3 C:\xampp\htdocs\restaurantes\system\Database\BaseConnection.php(598): CodeIgniter\Database\BaseConnection->simpleQuery('UPDATE "inventa...')
#4 C:\xampp\htdocs\restaurantes\system\Database\BaseBuilder.php(1913): CodeIgniter\Database\BaseConnection->query('UPDATE "inventa...', Array, false)
#5 C:\xampp\htdocs\restaurantes\system\Model.php(298): CodeIgniter\Database\BaseBuilder->update()
#6 C:\xampp\htdocs\restaurantes\system\BaseModel.php(865): CodeIgniter\Model->doUpdate(NULL, Array)
#7 C:\xampp\htdocs\restaurantes\system\Model.php(651): CodeIgniter\BaseModel->update(NULL, Array)
#8 C:\xampp\htdocs\restaurantes\app\Controllers\pedido\pedidoController.php(764): CodeIgniter\Model->update()
#9 C:\xampp\htdocs\restaurantes\app\Controllers\pedido\pedidoController.php(173): App\Controllers\pedido\pedidoController->facturacion_con_impuestos('58', '0', '52500', '52500', '22222222', '6', '1', '52500')
#10 C:\xampp\htdocs\restaurantes\system\CodeIgniter.php(832): App\Controllers\pedido\pedidoController->cerrar_venta()
#11 C:\xampp\htdocs\restaurantes\system\CodeIgniter.php(419): CodeIgniter\CodeIgniter->runController(Object(App\Controllers\pedido\pedidoController))
#12 C:\xampp\htdocs\restaurantes\system\CodeIgniter.php(326): CodeIgniter\CodeIgniter->handleRequest(NULL, Object(Config\Cache), false)
#13 C:\xampp\htdocs\restaurantes\index.php(37): CodeIgniter\CodeIgniter->run()
#14 {main}
CRITICAL - 2022-08-15 09:34:52 --> pg_query(): Query failed: server closed the connection unexpectedly
	This probably means the server terminated abnormally
	before or while processing the request.
#0 [internal function]: CodeIgniter\Debug\Exceptions->errorHandler(2, 'pg_query(): Que...', 'C:\\xampp\\htdocs...', 135)
#1 C:\xampp\htdocs\restaurantes\system\Database\Postgre\Connection.php(135): pg_query(Resource id #157, 'UPDATE "inventa...')
#2 C:\xampp\htdocs\restaurantes\system\Database\BaseConnection.php(670): CodeIgniter\Database\Postgre\Connection->execute('UPDATE "inventa...')
#3 C:\xampp\htdocs\restaurantes\system\Database\BaseConnection.php(598): CodeIgniter\Database\BaseConnection->simpleQuery('UPDATE "inventa...')
#4 C:\xampp\htdocs\restaurantes\system\Database\BaseBuilder.php(1913): CodeIgniter\Database\BaseConnection->query('UPDATE "inventa...', Array, false)
#5 C:\xampp\htdocs\restaurantes\system\Model.php(298): CodeIgniter\Database\BaseBuilder->update()
#6 C:\xampp\htdocs\restaurantes\system\BaseModel.php(865): CodeIgniter\Model->doUpdate(NULL, Array)
#7 C:\xampp\htdocs\restaurantes\system\Model.php(651): CodeIgniter\BaseModel->update(NULL, Array)
#8 C:\xampp\htdocs\restaurantes\app\Controllers\pedido\pedidoController.php(764): CodeIgniter\Model->update()
#9 C:\xampp\htdocs\restaurantes\app\Controllers\pedido\pedidoController.php(173): App\Controllers\pedido\pedidoController->facturacion_con_impuestos('58', '0', '52500', '52500', '22222222', '6', '1', '52500')
#10 C:\xampp\htdocs\restaurantes\system\CodeIgniter.php(832): App\Controllers\pedido\pedidoController->cerrar_venta()
#11 C:\xampp\htdocs\restaurantes\system\CodeIgniter.php(419): CodeIgniter\CodeIgniter->runController(Object(App\Controllers\pedido\pedidoController))
#12 C:\xampp\htdocs\restaurantes\system\CodeIgniter.php(326): CodeIgniter\CodeIgniter->handleRequest(NULL, Object(Config\Cache), false)
#13 C:\xampp\htdocs\restaurantes\index.php(37): CodeIgniter\CodeIgniter->run()
#14 {main}
CRITICAL - 2022-08-15 09:34:52 --> Uncaught CodeIgniter\Format\Exceptions\FormatException: Failed to parse json string, error: "Type is not supported". in C:\xampp\htdocs\restaurantes\system\Format\JSONFormatter.php:41
Stack trace:
#0 C:\xampp\htdocs\restaurantes\system\Format\JSONFormatter.php(41): CodeIgniter\Format\Exceptions\FormatException::forInvalidJSON('Type is not sup...')
#1 C:\xampp\htdocs\restaurantes\system\API\ResponseTrait.php(341): CodeIgniter\Format\JSONFormatter->format(Array)
#2 C:\xampp\htdocs\restaurantes\system\API\ResponseTrait.php(99): CodeIgniter\Debug\Exceptions->format(Array)
#3 C:\xampp\htdocs\restaurantes\system\Debug\Exceptions.php(115): CodeIgniter\Debug\Exceptions->respond(Array, 500)
#4 [internal function]: CodeIgniter\Debug\Exceptions->exceptionHandler(Object(ErrorException))
#5 {main}
  thrown
#0 [internal function]: CodeIgniter\Debug\Exceptions->shutdownHandler()
#1 {main}
CRITICAL - 2022-08-15 10:54:57 --> Trying to access array offset on value of type null
#0 C:\xampp\htdocs\restaurantes\app\Controllers\pedido\pedidoController.php(110): CodeIgniter\Debug\Exceptions->errorHandler(2, 'Trying to acces...', 'C:\\xampp\\htdocs...', 110)
#1 C:\xampp\htdocs\restaurantes\system\CodeIgniter.php(832): App\Controllers\pedido\pedidoController->facturar_pedido()
#2 C:\xampp\htdocs\restaurantes\system\CodeIgniter.php(419): CodeIgniter\CodeIgniter->runController(Object(App\Controllers\pedido\pedidoController))
#3 C:\xampp\htdocs\restaurantes\system\CodeIgniter.php(326): CodeIgniter\CodeIgniter->handleRequest(NULL, Object(Config\Cache), false)
#4 C:\xampp\htdocs\restaurantes\index.php(37): CodeIgniter\CodeIgniter->run()
#5 {main}
CRITICAL - 2022-08-15 12:04:10 --> Trying to access array offset on value of type null
#0 C:\xampp\htdocs\restaurantes\app\Controllers\pedido\pedidoController.php(110): CodeIgniter\Debug\Exceptions->errorHandler(2, 'Trying to acces...', 'C:\\xampp\\htdocs...', 110)
#1 C:\xampp\htdocs\restaurantes\system\CodeIgniter.php(832): App\Controllers\pedido\pedidoController->facturar_pedido()
#2 C:\xampp\htdocs\restaurantes\system\CodeIgniter.php(419): CodeIgniter\CodeIgniter->runController(Object(App\Controllers\pedido\pedidoController))
#3 C:\xampp\htdocs\restaurantes\system\CodeIgniter.php(326): CodeIgniter\CodeIgniter->handleRequest(NULL, Object(Config\Cache), false)
#4 C:\xampp\htdocs\restaurantes\index.php(37): CodeIgniter\CodeIgniter->run()
#5 {main}
ERROR - 2022-08-15 12:13:34 --> ErrorException: pg_query(): Query failed: ERROR:  la sintaxis de entrada no es válida para integer: «NaN»
LINE 1: ...S ('33284', '6', 1, 1, '2022-08-15 ', '12:13:34', 'NaN', 1, ...
                                                             ^ in C:\xampp\htdocs\restaurantes\system\Database\Postgre\Connection.php:135
Stack trace:
#0 [internal function]: CodeIgniter\Debug\Exceptions->errorHandler(2, 'pg_query(): Que...', 'C:\\xampp\\htdocs...', 135)
#1 C:\xampp\htdocs\restaurantes\system\Database\Postgre\Connection.php(135): pg_query(Resource id #157, 'INSERT INTO "fa...')
#2 C:\xampp\htdocs\restaurantes\system\Database\BaseConnection.php(670): CodeIgniter\Database\Postgre\Connection->execute('INSERT INTO "fa...')
#3 C:\xampp\htdocs\restaurantes\system\Database\BaseConnection.php(598): CodeIgniter\Database\BaseConnection->simpleQuery('INSERT INTO "fa...')
#4 C:\xampp\htdocs\restaurantes\system\Database\BaseBuilder.php(1771): CodeIgniter\Database\BaseConnection->query('INSERT INTO "fa...', Array, false)
#5 C:\xampp\htdocs\restaurantes\system\Model.php(239): CodeIgniter\Database\BaseBuilder->insert()
#6 C:\xampp\htdocs\restaurantes\system\BaseModel.php(738): CodeIgniter\Model->doInsert(Array)
#7 C:\xampp\htdocs\restaurantes\system\Model.php(625): CodeIgniter\BaseModel->insert(Array, true)
#8 C:\xampp\htdocs\restaurantes\app\Controllers\pedido\pedidoController.php(889): CodeIgniter\Model->insert(Array)
#9 C:\xampp\htdocs\restaurantes\app\Controllers\pedido\pedidoController.php(172): App\Controllers\pedido\pedidoController->facturacion_con_impuestos('102', 'NaN', '40000', '40000', '22222222', '6', '1', '40000')
#10 C:\xampp\htdocs\restaurantes\system\CodeIgniter.php(832): App\Controllers\pedido\pedidoController->cerrar_venta()
#11 C:\xampp\htdocs\restaurantes\system\CodeIgniter.php(419): CodeIgniter\CodeIgniter->runController(Object(App\Controllers\pedido\pedidoController))
#12 C:\xampp\htdocs\restaurantes\system\CodeIgniter.php(326): CodeIgniter\CodeIgniter->handleRequest(NULL, Object(Config\Cache), false)
#13 C:\xampp\htdocs\restaurantes\index.php(37): CodeIgniter\CodeIgniter->run()
#14 {main}
CRITICAL - 2022-08-15 12:13:34 --> pg_query(): Query failed: ERROR:  la sintaxis de entrada no es válida para integer: «NaN»
LINE 1: ...S ('33284', '6', 1, 1, '2022-08-15 ', '12:13:34', 'NaN', 1, ...
                                                             ^
#0 [internal function]: CodeIgniter\Debug\Exceptions->errorHandler(2, 'pg_query(): Que...', 'C:\\xampp\\htdocs...', 135)
#1 C:\xampp\htdocs\restaurantes\system\Database\Postgre\Connection.php(135): pg_query(Resource id #157, 'INSERT INTO "fa...')
#2 C:\xampp\htdocs\restaurantes\system\Database\BaseConnection.php(670): CodeIgniter\Database\Postgre\Connection->execute('INSERT INTO "fa...')
#3 C:\xampp\htdocs\restaurantes\system\Database\BaseConnection.php(598): CodeIgniter\Database\BaseConnection->simpleQuery('INSERT INTO "fa...')
#4 C:\xampp\htdocs\restaurantes\system\Database\BaseBuilder.php(1771): CodeIgniter\Database\BaseConnection->query('INSERT INTO "fa...', Array, false)
#5 C:\xampp\htdocs\restaurantes\system\Model.php(239): CodeIgniter\Database\BaseBuilder->insert()
#6 C:\xampp\htdocs\restaurantes\system\BaseModel.php(738): CodeIgniter\Model->doInsert(Array)
#7 C:\xampp\htdocs\restaurantes\system\Model.php(625): CodeIgniter\BaseModel->insert(Array, true)
#8 C:\xampp\htdocs\restaurantes\app\Controllers\pedido\pedidoController.php(889): CodeIgniter\Model->insert(Array)
#9 C:\xampp\htdocs\restaurantes\app\Controllers\pedido\pedidoController.php(172): App\Controllers\pedido\pedidoController->facturacion_con_impuestos('102', 'NaN', '40000', '40000', '22222222', '6', '1', '40000')
#10 C:\xampp\htdocs\restaurantes\system\CodeIgniter.php(832): App\Controllers\pedido\pedidoController->cerrar_venta()
#11 C:\xampp\htdocs\restaurantes\system\CodeIgniter.php(419): CodeIgniter\CodeIgniter->runController(Object(App\Controllers\pedido\pedidoController))
#12 C:\xampp\htdocs\restaurantes\system\CodeIgniter.php(326): CodeIgniter\CodeIgniter->handleRequest(NULL, Object(Config\Cache), false)
#13 C:\xampp\htdocs\restaurantes\index.php(37): CodeIgniter\CodeIgniter->run()
#14 {main}
CRITICAL - 2022-08-15 12:13:34 --> Uncaught CodeIgniter\Format\Exceptions\FormatException: Failed to parse json string, error: "Type is not supported". in C:\xampp\htdocs\restaurantes\system\Format\JSONFormatter.php:41
Stack trace:
#0 C:\xampp\htdocs\restaurantes\system\Format\JSONFormatter.php(41): CodeIgniter\Format\Exceptions\FormatException::forInvalidJSON('Type is not sup...')
#1 C:\xampp\htdocs\restaurantes\system\API\ResponseTrait.php(341): CodeIgniter\Format\JSONFormatter->format(Array)
#2 C:\xampp\htdocs\restaurantes\system\API\ResponseTrait.php(99): CodeIgniter\Debug\Exceptions->format(Array)
#3 C:\xampp\htdocs\restaurantes\system\Debug\Exceptions.php(115): CodeIgniter\Debug\Exceptions->respond(Array, 500)
#4 [internal function]: CodeIgniter\Debug\Exceptions->exceptionHandler(Object(ErrorException))
#5 {main}
  thrown
#0 [internal function]: CodeIgniter\Debug\Exceptions->shutdownHandler()
#1 {main}
CRITICAL - 2022-08-15 13:57:46 --> Unsupported operand types: string + string
#0 C:\xampp\htdocs\restaurantes\system\CodeIgniter.php(832): App\Controllers\pedido\pedidoController->cerrar_venta()
#1 C:\xampp\htdocs\restaurantes\system\CodeIgniter.php(419): CodeIgniter\CodeIgniter->runController(Object(App\Controllers\pedido\pedidoController))
#2 C:\xampp\htdocs\restaurantes\system\CodeIgniter.php(326): CodeIgniter\CodeIgniter->handleRequest(NULL, Object(Config\Cache), false)
#3 C:\xampp\htdocs\restaurantes\index.php(37): CodeIgniter\CodeIgniter->run()
#4 {main}
CRITICAL - 2022-08-15 15:19:38 --> Trying to access array offset on value of type null
#0 C:\xampp\htdocs\restaurantes\app\Controllers\pedido\pedidoController.php(110): CodeIgniter\Debug\Exceptions->errorHandler(2, 'Trying to acces...', 'C:\\xampp\\htdocs...', 110)
#1 C:\xampp\htdocs\restaurantes\system\CodeIgniter.php(832): App\Controllers\pedido\pedidoController->facturar_pedido()
#2 C:\xampp\htdocs\restaurantes\system\CodeIgniter.php(419): CodeIgniter\CodeIgniter->runController(Object(App\Controllers\pedido\pedidoController))
#3 C:\xampp\htdocs\restaurantes\system\CodeIgniter.php(326): CodeIgniter\CodeIgniter->handleRequest(NULL, Object(Config\Cache), false)
#4 C:\xampp\htdocs\restaurantes\index.php(37): CodeIgniter\CodeIgniter->run()
#5 {main}
CRITICAL - 2022-08-15 15:28:10 --> Undefined array key 0
#0 C:\xampp\htdocs\restaurantes\app\Views\consultas_y_reportes\informe_fiscal_ventas_diarias_datos.php(141): CodeIgniter\Debug\Exceptions->errorHandler(2, 'Undefined array...', 'C:\\xampp\\htdocs...', 141)
#1 C:\xampp\htdocs\restaurantes\system\View\View.php(210): include('C:\\xampp\\htdocs...')
#2 C:\xampp\htdocs\restaurantes\system\View\View.php(213): CodeIgniter\View\View->CodeIgniter\View\{closure}()
#3 C:\xampp\htdocs\restaurantes\system\Common.php(1089): CodeIgniter\View\View->render('consultas_y_rep...', Array, true)
#4 C:\xampp\htdocs\restaurantes\app\Controllers\consultas_y_reportes\informeFiscalVentasController.php(219): view('consultas_y_rep...', Array)
#5 C:\xampp\htdocs\restaurantes\system\CodeIgniter.php(832): App\Controllers\consultas_y_reportes\informeFiscalVentasController->informe_fiscal_ventas_datos()
#6 C:\xampp\htdocs\restaurantes\system\CodeIgniter.php(419): CodeIgniter\CodeIgniter->runController(Object(App\Controllers\consultas_y_reportes\informeFiscalVentasController))
#7 C:\xampp\htdocs\restaurantes\system\CodeIgniter.php(326): CodeIgniter\CodeIgniter->handleRequest(NULL, Object(Config\Cache), false)
#8 C:\xampp\htdocs\restaurantes\index.php(37): CodeIgniter\CodeIgniter->run()
#9 {main}
CRITICAL - 2022-08-15 15:28:12 --> Undefined array key 0
#0 C:\xampp\htdocs\restaurantes\app\Views\consultas_y_reportes\informe_fiscal_ventas_diarias_datos.php(141): CodeIgniter\Debug\Exceptions->errorHandler(2, 'Undefined array...', 'C:\\xampp\\htdocs...', 141)
#1 C:\xampp\htdocs\restaurantes\system\View\View.php(210): include('C:\\xampp\\htdocs...')
#2 C:\xampp\htdocs\restaurantes\system\View\View.php(213): CodeIgniter\View\View->CodeIgniter\View\{closure}()
#3 C:\xampp\htdocs\restaurantes\system\Common.php(1089): CodeIgniter\View\View->render('consultas_y_rep...', Array, true)
#4 C:\xampp\htdocs\restaurantes\app\Controllers\consultas_y_reportes\informeFiscalVentasController.php(219): view('consultas_y_rep...', Array)
#5 C:\xampp\htdocs\restaurantes\system\CodeIgniter.php(832): App\Controllers\consultas_y_reportes\informeFiscalVentasController->informe_fiscal_ventas_datos()
#6 C:\xampp\htdocs\restaurantes\system\CodeIgniter.php(419): CodeIgniter\CodeIgniter->runController(Object(App\Controllers\consultas_y_reportes\informeFiscalVentasController))
#7 C:\xampp\htdocs\restaurantes\system\CodeIgniter.php(326): CodeIgniter\CodeIgniter->handleRequest(NULL, Object(Config\Cache), false)
#8 C:\xampp\htdocs\restaurantes\index.php(37): CodeIgniter\CodeIgniter->run()
#9 {main}
CRITICAL - 2022-08-15 15:28:16 --> Undefined array key 0
#0 C:\xampp\htdocs\restaurantes\app\Views\consultas_y_reportes\informe_fiscal_ventas_diarias_datos.php(141): CodeIgniter\Debug\Exceptions->errorHandler(2, 'Undefined array...', 'C:\\xampp\\htdocs...', 141)
#1 C:\xampp\htdocs\restaurantes\system\View\View.php(210): include('C:\\xampp\\htdocs...')
#2 C:\xampp\htdocs\restaurantes\system\View\View.php(213): CodeIgniter\View\View->CodeIgniter\View\{closure}()
#3 C:\xampp\htdocs\restaurantes\system\Common.php(1089): CodeIgniter\View\View->render('consultas_y_rep...', Array, true)
#4 C:\xampp\htdocs\restaurantes\app\Controllers\consultas_y_reportes\informeFiscalVentasController.php(219): view('consultas_y_rep...', Array)
#5 C:\xampp\htdocs\restaurantes\system\CodeIgniter.php(832): App\Controllers\consultas_y_reportes\informeFiscalVentasController->informe_fiscal_ventas_datos()
#6 C:\xampp\htdocs\restaurantes\system\CodeIgniter.php(419): CodeIgniter\CodeIgniter->runController(Object(App\Controllers\consultas_y_reportes\informeFiscalVentasController))
#7 C:\xampp\htdocs\restaurantes\system\CodeIgniter.php(326): CodeIgniter\CodeIgniter->handleRequest(NULL, Object(Config\Cache), false)
#8 C:\xampp\htdocs\restaurantes\index.php(37): CodeIgniter\CodeIgniter->run()
#9 {main}
CRITICAL - 2022-08-15 15:28:16 --> Undefined array key 0
#0 C:\xampp\htdocs\restaurantes\app\Views\consultas_y_reportes\informe_fiscal_ventas_diarias_datos.php(141): CodeIgniter\Debug\Exceptions->errorHandler(2, 'Undefined array...', 'C:\\xampp\\htdocs...', 141)
#1 C:\xampp\htdocs\restaurantes\system\View\View.php(210): include('C:\\xampp\\htdocs...')
#2 C:\xampp\htdocs\restaurantes\system\View\View.php(213): CodeIgniter\View\View->CodeIgniter\View\{closure}()
#3 C:\xampp\htdocs\restaurantes\system\Common.php(1089): CodeIgniter\View\View->render('consultas_y_rep...', Array, true)
#4 C:\xampp\htdocs\restaurantes\app\Controllers\consultas_y_reportes\informeFiscalVentasController.php(219): view('consultas_y_rep...', Array)
#5 C:\xampp\htdocs\restaurantes\system\CodeIgniter.php(832): App\Controllers\consultas_y_reportes\informeFiscalVentasController->informe_fiscal_ventas_datos()
#6 C:\xampp\htdocs\restaurantes\system\CodeIgniter.php(419): CodeIgniter\CodeIgniter->runController(Object(App\Controllers\consultas_y_reportes\informeFiscalVentasController))
#7 C:\xampp\htdocs\restaurantes\system\CodeIgniter.php(326): CodeIgniter\CodeIgniter->handleRequest(NULL, Object(Config\Cache), false)
#8 C:\xampp\htdocs\restaurantes\index.php(37): CodeIgniter\CodeIgniter->run()
#9 {main}
CRITICAL - 2022-08-15 15:28:18 --> Undefined array key 0
#0 C:\xampp\htdocs\restaurantes\app\Views\consultas_y_reportes\informe_fiscal_ventas_diarias_datos.php(141): CodeIgniter\Debug\Exceptions->errorHandler(2, 'Undefined array...', 'C:\\xampp\\htdocs...', 141)
#1 C:\xampp\htdocs\restaurantes\system\View\View.php(210): include('C:\\xampp\\htdocs...')
#2 C:\xampp\htdocs\restaurantes\system\View\View.php(213): CodeIgniter\View\View->CodeIgniter\View\{closure}()
#3 C:\xampp\htdocs\restaurantes\system\Common.php(1089): CodeIgniter\View\View->render('consultas_y_rep...', Array, true)
#4 C:\xampp\htdocs\restaurantes\app\Controllers\consultas_y_reportes\informeFiscalVentasController.php(219): view('consultas_y_rep...', Array)
#5 C:\xampp\htdocs\restaurantes\system\CodeIgniter.php(832): App\Controllers\consultas_y_reportes\informeFiscalVentasController->informe_fiscal_ventas_datos()
#6 C:\xampp\htdocs\restaurantes\system\CodeIgniter.php(419): CodeIgniter\CodeIgniter->runController(Object(App\Controllers\consultas_y_reportes\informeFiscalVentasController))
#7 C:\xampp\htdocs\restaurantes\system\CodeIgniter.php(326): CodeIgniter\CodeIgniter->handleRequest(NULL, Object(Config\Cache), false)
#8 C:\xampp\htdocs\restaurantes\index.php(37): CodeIgniter\CodeIgniter->run()
#9 {main}
CRITICAL - 2022-08-15 15:28:18 --> Undefined array key 0
#0 C:\xampp\htdocs\restaurantes\app\Views\consultas_y_reportes\informe_fiscal_ventas_diarias_datos.php(141): CodeIgniter\Debug\Exceptions->errorHandler(2, 'Undefined array...', 'C:\\xampp\\htdocs...', 141)
#1 C:\xampp\htdocs\restaurantes\system\View\View.php(210): include('C:\\xampp\\htdocs...')
#2 C:\xampp\htdocs\restaurantes\system\View\View.php(213): CodeIgniter\View\View->CodeIgniter\View\{closure}()
#3 C:\xampp\htdocs\restaurantes\system\Common.php(1089): CodeIgniter\View\View->render('consultas_y_rep...', Array, true)
#4 C:\xampp\htdocs\restaurantes\app\Controllers\consultas_y_reportes\informeFiscalVentasController.php(219): view('consultas_y_rep...', Array)
#5 C:\xampp\htdocs\restaurantes\system\CodeIgniter.php(832): App\Controllers\consultas_y_reportes\informeFiscalVentasController->informe_fiscal_ventas_datos()
#6 C:\xampp\htdocs\restaurantes\system\CodeIgniter.php(419): CodeIgniter\CodeIgniter->runController(Object(App\Controllers\consultas_y_reportes\informeFiscalVentasController))
#7 C:\xampp\htdocs\restaurantes\system\CodeIgniter.php(326): CodeIgniter\CodeIgniter->handleRequest(NULL, Object(Config\Cache), false)
#8 C:\xampp\htdocs\restaurantes\index.php(37): CodeIgniter\CodeIgniter->run()
#9 {main}
CRITICAL - 2022-08-15 15:28:18 --> Undefined array key 0
#0 C:\xampp\htdocs\restaurantes\app\Views\consultas_y_reportes\informe_fiscal_ventas_diarias_datos.php(141): CodeIgniter\Debug\Exceptions->errorHandler(2, 'Undefined array...', 'C:\\xampp\\htdocs...', 141)
#1 C:\xampp\htdocs\restaurantes\system\View\View.php(210): include('C:\\xampp\\htdocs...')
#2 C:\xampp\htdocs\restaurantes\system\View\View.php(213): CodeIgniter\View\View->CodeIgniter\View\{closure}()
#3 C:\xampp\htdocs\restaurantes\system\Common.php(1089): CodeIgniter\View\View->render('consultas_y_rep...', Array, true)
#4 C:\xampp\htdocs\restaurantes\app\Controllers\consultas_y_reportes\informeFiscalVentasController.php(219): view('consultas_y_rep...', Array)
#5 C:\xampp\htdocs\restaurantes\system\CodeIgniter.php(832): App\Controllers\consultas_y_reportes\informeFiscalVentasController->informe_fiscal_ventas_datos()
#6 C:\xampp\htdocs\restaurantes\system\CodeIgniter.php(419): CodeIgniter\CodeIgniter->runController(Object(App\Controllers\consultas_y_reportes\informeFiscalVentasController))
#7 C:\xampp\htdocs\restaurantes\system\CodeIgniter.php(326): CodeIgniter\CodeIgniter->handleRequest(NULL, Object(Config\Cache), false)
#8 C:\xampp\htdocs\restaurantes\index.php(37): CodeIgniter\CodeIgniter->run()
#9 {main}
CRITICAL - 2022-08-15 15:28:19 --> Undefined array key 0
#0 C:\xampp\htdocs\restaurantes\app\Views\consultas_y_reportes\informe_fiscal_ventas_diarias_datos.php(141): CodeIgniter\Debug\Exceptions->errorHandler(2, 'Undefined array...', 'C:\\xampp\\htdocs...', 141)
#1 C:\xampp\htdocs\restaurantes\system\View\View.php(210): include('C:\\xampp\\htdocs...')
#2 C:\xampp\htdocs\restaurantes\system\View\View.php(213): CodeIgniter\View\View->CodeIgniter\View\{closure}()
#3 C:\xampp\htdocs\restaurantes\system\Common.php(1089): CodeIgniter\View\View->render('consultas_y_rep...', Array, true)
#4 C:\xampp\htdocs\restaurantes\app\Controllers\consultas_y_reportes\informeFiscalVentasController.php(219): view('consultas_y_rep...', Array)
#5 C:\xampp\htdocs\restaurantes\system\CodeIgniter.php(832): App\Controllers\consultas_y_reportes\informeFiscalVentasController->informe_fiscal_ventas_datos()
#6 C:\xampp\htdocs\restaurantes\system\CodeIgniter.php(419): CodeIgniter\CodeIgniter->runController(Object(App\Controllers\consultas_y_reportes\informeFiscalVentasController))
#7 C:\xampp\htdocs\restaurantes\system\CodeIgniter.php(326): CodeIgniter\CodeIgniter->handleRequest(NULL, Object(Config\Cache), false)
#8 C:\xampp\htdocs\restaurantes\index.php(37): CodeIgniter\CodeIgniter->run()
#9 {main}
CRITICAL - 2022-08-15 15:28:20 --> Undefined array key 0
#0 C:\xampp\htdocs\restaurantes\app\Views\consultas_y_reportes\informe_fiscal_ventas_diarias_datos.php(141): CodeIgniter\Debug\Exceptions->errorHandler(2, 'Undefined array...', 'C:\\xampp\\htdocs...', 141)
#1 C:\xampp\htdocs\restaurantes\system\View\View.php(210): include('C:\\xampp\\htdocs...')
#2 C:\xampp\htdocs\restaurantes\system\View\View.php(213): CodeIgniter\View\View->CodeIgniter\View\{closure}()
#3 C:\xampp\htdocs\restaurantes\system\Common.php(1089): CodeIgniter\View\View->render('consultas_y_rep...', Array, true)
#4 C:\xampp\htdocs\restaurantes\app\Controllers\consultas_y_reportes\informeFiscalVentasController.php(219): view('consultas_y_rep...', Array)
#5 C:\xampp\htdocs\restaurantes\system\CodeIgniter.php(832): App\Controllers\consultas_y_reportes\informeFiscalVentasController->informe_fiscal_ventas_datos()
#6 C:\xampp\htdocs\restaurantes\system\CodeIgniter.php(419): CodeIgniter\CodeIgniter->runController(Object(App\Controllers\consultas_y_reportes\informeFiscalVentasController))
#7 C:\xampp\htdocs\restaurantes\system\CodeIgniter.php(326): CodeIgniter\CodeIgniter->handleRequest(NULL, Object(Config\Cache), false)
#8 C:\xampp\htdocs\restaurantes\index.php(37): CodeIgniter\CodeIgniter->run()
#9 {main}
CRITICAL - 2022-08-15 15:28:20 --> Undefined array key 0
#0 C:\xampp\htdocs\restaurantes\app\Views\consultas_y_reportes\informe_fiscal_ventas_diarias_datos.php(141): CodeIgniter\Debug\Exceptions->errorHandler(2, 'Undefined array...', 'C:\\xampp\\htdocs...', 141)
#1 C:\xampp\htdocs\restaurantes\system\View\View.php(210): include('C:\\xampp\\htdocs...')
#2 C:\xampp\htdocs\restaurantes\system\View\View.php(213): CodeIgniter\View\View->CodeIgniter\View\{closure}()
#3 C:\xampp\htdocs\restaurantes\system\Common.php(1089): CodeIgniter\View\View->render('consultas_y_rep...', Array, true)
#4 C:\xampp\htdocs\restaurantes\app\Controllers\consultas_y_reportes\informeFiscalVentasController.php(219): view('consultas_y_rep...', Array)
#5 C:\xampp\htdocs\restaurantes\system\CodeIgniter.php(832): App\Controllers\consultas_y_reportes\informeFiscalVentasController->informe_fiscal_ventas_datos()
#6 C:\xampp\htdocs\restaurantes\system\CodeIgniter.php(419): CodeIgniter\CodeIgniter->runController(Object(App\Controllers\consultas_y_reportes\informeFiscalVentasController))
#7 C:\xampp\htdocs\restaurantes\system\CodeIgniter.php(326): CodeIgniter\CodeIgniter->handleRequest(NULL, Object(Config\Cache), false)
#8 C:\xampp\htdocs\restaurantes\index.php(37): CodeIgniter\CodeIgniter->run()
#9 {main}
CRITICAL - 2022-08-15 15:28:20 --> Undefined array key 0
#0 C:\xampp\htdocs\restaurantes\app\Views\consultas_y_reportes\informe_fiscal_ventas_diarias_datos.php(141): CodeIgniter\Debug\Exceptions->errorHandler(2, 'Undefined array...', 'C:\\xampp\\htdocs...', 141)
#1 C:\xampp\htdocs\restaurantes\system\View\View.php(210): include('C:\\xampp\\htdocs...')
#2 C:\xampp\htdocs\restaurantes\system\View\View.php(213): CodeIgniter\View\View->CodeIgniter\View\{closure}()
#3 C:\xampp\htdocs\restaurantes\system\Common.php(1089): CodeIgniter\View\View->render('consultas_y_rep...', Array, true)
#4 C:\xampp\htdocs\restaurantes\app\Controllers\consultas_y_reportes\informeFiscalVentasController.php(219): view('consultas_y_rep...', Array)
#5 C:\xampp\htdocs\restaurantes\system\CodeIgniter.php(832): App\Controllers\consultas_y_reportes\informeFiscalVentasController->informe_fiscal_ventas_datos()
#6 C:\xampp\htdocs\restaurantes\system\CodeIgniter.php(419): CodeIgniter\CodeIgniter->runController(Object(App\Controllers\consultas_y_reportes\informeFiscalVentasController))
#7 C:\xampp\htdocs\restaurantes\system\CodeIgniter.php(326): CodeIgniter\CodeIgniter->handleRequest(NULL, Object(Config\Cache), false)
#8 C:\xampp\htdocs\restaurantes\index.php(37): CodeIgniter\CodeIgniter->run()
#9 {main}
CRITICAL - 2022-08-15 15:28:20 --> Undefined array key 0
#0 C:\xampp\htdocs\restaurantes\app\Views\consultas_y_reportes\informe_fiscal_ventas_diarias_datos.php(141): CodeIgniter\Debug\Exceptions->errorHandler(2, 'Undefined array...', 'C:\\xampp\\htdocs...', 141)
#1 C:\xampp\htdocs\restaurantes\system\View\View.php(210): include('C:\\xampp\\htdocs...')
#2 C:\xampp\htdocs\restaurantes\system\View\View.php(213): CodeIgniter\View\View->CodeIgniter\View\{closure}()
#3 C:\xampp\htdocs\restaurantes\system\Common.php(1089): CodeIgniter\View\View->render('consultas_y_rep...', Array, true)
#4 C:\xampp\htdocs\restaurantes\app\Controllers\consultas_y_reportes\informeFiscalVentasController.php(219): view('consultas_y_rep...', Array)
#5 C:\xampp\htdocs\restaurantes\system\CodeIgniter.php(832): App\Controllers\consultas_y_reportes\informeFiscalVentasController->informe_fiscal_ventas_datos()
#6 C:\xampp\htdocs\restaurantes\system\CodeIgniter.php(419): CodeIgniter\CodeIgniter->runController(Object(App\Controllers\consultas_y_reportes\informeFiscalVentasController))
#7 C:\xampp\htdocs\restaurantes\system\CodeIgniter.php(326): CodeIgniter\CodeIgniter->handleRequest(NULL, Object(Config\Cache), false)
#8 C:\xampp\htdocs\restaurantes\index.php(37): CodeIgniter\CodeIgniter->run()
#9 {main}
CRITICAL - 2022-08-15 15:28:21 --> Undefined array key 0
#0 C:\xampp\htdocs\restaurantes\app\Views\consultas_y_reportes\informe_fiscal_ventas_diarias_datos.php(141): CodeIgniter\Debug\Exceptions->errorHandler(2, 'Undefined array...', 'C:\\xampp\\htdocs...', 141)
#1 C:\xampp\htdocs\restaurantes\system\View\View.php(210): include('C:\\xampp\\htdocs...')
#2 C:\xampp\htdocs\restaurantes\system\View\View.php(213): CodeIgniter\View\View->CodeIgniter\View\{closure}()
#3 C:\xampp\htdocs\restaurantes\system\Common.php(1089): CodeIgniter\View\View->render('consultas_y_rep...', Array, true)
#4 C:\xampp\htdocs\restaurantes\app\Controllers\consultas_y_reportes\informeFiscalVentasController.php(219): view('consultas_y_rep...', Array)
#5 C:\xampp\htdocs\restaurantes\system\CodeIgniter.php(832): App\Controllers\consultas_y_reportes\informeFiscalVentasController->informe_fiscal_ventas_datos()
#6 C:\xampp\htdocs\restaurantes\system\CodeIgniter.php(419): CodeIgniter\CodeIgniter->runController(Object(App\Controllers\consultas_y_reportes\informeFiscalVentasController))
#7 C:\xampp\htdocs\restaurantes\system\CodeIgniter.php(326): CodeIgniter\CodeIgniter->handleRequest(NULL, Object(Config\Cache), false)
#8 C:\xampp\htdocs\restaurantes\index.php(37): CodeIgniter\CodeIgniter->run()
#9 {main}
CRITICAL - 2022-08-15 15:28:21 --> Undefined array key 0
#0 C:\xampp\htdocs\restaurantes\app\Views\consultas_y_reportes\informe_fiscal_ventas_diarias_datos.php(141): CodeIgniter\Debug\Exceptions->errorHandler(2, 'Undefined array...', 'C:\\xampp\\htdocs...', 141)
#1 C:\xampp\htdocs\restaurantes\system\View\View.php(210): include('C:\\xampp\\htdocs...')
#2 C:\xampp\htdocs\restaurantes\system\View\View.php(213): CodeIgniter\View\View->CodeIgniter\View\{closure}()
#3 C:\xampp\htdocs\restaurantes\system\Common.php(1089): CodeIgniter\View\View->render('consultas_y_rep...', Array, true)
#4 C:\xampp\htdocs\restaurantes\app\Controllers\consultas_y_reportes\informeFiscalVentasController.php(219): view('consultas_y_rep...', Array)
#5 C:\xampp\htdocs\restaurantes\system\CodeIgniter.php(832): App\Controllers\consultas_y_reportes\informeFiscalVentasController->informe_fiscal_ventas_datos()
#6 C:\xampp\htdocs\restaurantes\system\CodeIgniter.php(419): CodeIgniter\CodeIgniter->runController(Object(App\Controllers\consultas_y_reportes\informeFiscalVentasController))
#7 C:\xampp\htdocs\restaurantes\system\CodeIgniter.php(326): CodeIgniter\CodeIgniter->handleRequest(NULL, Object(Config\Cache), false)
#8 C:\xampp\htdocs\restaurantes\index.php(37): CodeIgniter\CodeIgniter->run()
#9 {main}
CRITICAL - 2022-08-15 15:28:21 --> Undefined array key 0
#0 C:\xampp\htdocs\restaurantes\app\Views\consultas_y_reportes\informe_fiscal_ventas_diarias_datos.php(141): CodeIgniter\Debug\Exceptions->errorHandler(2, 'Undefined array...', 'C:\\xampp\\htdocs...', 141)
#1 C:\xampp\htdocs\restaurantes\system\View\View.php(210): include('C:\\xampp\\htdocs...')
#2 C:\xampp\htdocs\restaurantes\system\View\View.php(213): CodeIgniter\View\View->CodeIgniter\View\{closure}()
#3 C:\xampp\htdocs\restaurantes\system\Common.php(1089): CodeIgniter\View\View->render('consultas_y_rep...', Array, true)
#4 C:\xampp\htdocs\restaurantes\app\Controllers\consultas_y_reportes\informeFiscalVentasController.php(219): view('consultas_y_rep...', Array)
#5 C:\xampp\htdocs\restaurantes\system\CodeIgniter.php(832): App\Controllers\consultas_y_reportes\informeFiscalVentasController->informe_fiscal_ventas_datos()
#6 C:\xampp\htdocs\restaurantes\system\CodeIgniter.php(419): CodeIgniter\CodeIgniter->runController(Object(App\Controllers\consultas_y_reportes\informeFiscalVentasController))
#7 C:\xampp\htdocs\restaurantes\system\CodeIgniter.php(326): CodeIgniter\CodeIgniter->handleRequest(NULL, Object(Config\Cache), false)
#8 C:\xampp\htdocs\restaurantes\index.php(37): CodeIgniter\CodeIgniter->run()
#9 {main}
CRITICAL - 2022-08-15 15:28:21 --> Undefined array key 0
#0 C:\xampp\htdocs\restaurantes\app\Views\consultas_y_reportes\informe_fiscal_ventas_diarias_datos.php(141): CodeIgniter\Debug\Exceptions->errorHandler(2, 'Undefined array...', 'C:\\xampp\\htdocs...', 141)
#1 C:\xampp\htdocs\restaurantes\system\View\View.php(210): include('C:\\xampp\\htdocs...')
#2 C:\xampp\htdocs\restaurantes\system\View\View.php(213): CodeIgniter\View\View->CodeIgniter\View\{closure}()
#3 C:\xampp\htdocs\restaurantes\system\Common.php(1089): CodeIgniter\View\View->render('consultas_y_rep...', Array, true)
#4 C:\xampp\htdocs\restaurantes\app\Controllers\consultas_y_reportes\informeFiscalVentasController.php(219): view('consultas_y_rep...', Array)
#5 C:\xampp\htdocs\restaurantes\system\CodeIgniter.php(832): App\Controllers\consultas_y_reportes\informeFiscalVentasController->informe_fiscal_ventas_datos()
#6 C:\xampp\htdocs\restaurantes\system\CodeIgniter.php(419): CodeIgniter\CodeIgniter->runController(Object(App\Controllers\consultas_y_reportes\informeFiscalVentasController))
#7 C:\xampp\htdocs\restaurantes\system\CodeIgniter.php(326): CodeIgniter\CodeIgniter->handleRequest(NULL, Object(Config\Cache), false)
#8 C:\xampp\htdocs\restaurantes\index.php(37): CodeIgniter\CodeIgniter->run()
#9 {main}
CRITICAL - 2022-08-15 15:28:21 --> Undefined array key 0
#0 C:\xampp\htdocs\restaurantes\app\Views\consultas_y_reportes\informe_fiscal_ventas_diarias_datos.php(141): CodeIgniter\Debug\Exceptions->errorHandler(2, 'Undefined array...', 'C:\\xampp\\htdocs...', 141)
#1 C:\xampp\htdocs\restaurantes\system\View\View.php(210): include('C:\\xampp\\htdocs...')
#2 C:\xampp\htdocs\restaurantes\system\View\View.php(213): CodeIgniter\View\View->CodeIgniter\View\{closure}()
#3 C:\xampp\htdocs\restaurantes\system\Common.php(1089): CodeIgniter\View\View->render('consultas_y_rep...', Array, true)
#4 C:\xampp\htdocs\restaurantes\app\Controllers\consultas_y_reportes\informeFiscalVentasController.php(219): view('consultas_y_rep...', Array)
#5 C:\xampp\htdocs\restaurantes\system\CodeIgniter.php(832): App\Controllers\consultas_y_reportes\informeFiscalVentasController->informe_fiscal_ventas_datos()
#6 C:\xampp\htdocs\restaurantes\system\CodeIgniter.php(419): CodeIgniter\CodeIgniter->runController(Object(App\Controllers\consultas_y_reportes\informeFiscalVentasController))
#7 C:\xampp\htdocs\restaurantes\system\CodeIgniter.php(326): CodeIgniter\CodeIgniter->handleRequest(NULL, Object(Config\Cache), false)
#8 C:\xampp\htdocs\restaurantes\index.php(37): CodeIgniter\CodeIgniter->run()
#9 {main}
CRITICAL - 2022-08-15 15:28:22 --> Undefined array key 0
#0 C:\xampp\htdocs\restaurantes\app\Views\consultas_y_reportes\informe_fiscal_ventas_diarias_datos.php(141): CodeIgniter\Debug\Exceptions->errorHandler(2, 'Undefined array...', 'C:\\xampp\\htdocs...', 141)
#1 C:\xampp\htdocs\restaurantes\system\View\View.php(210): include('C:\\xampp\\htdocs...')
#2 C:\xampp\htdocs\restaurantes\system\View\View.php(213): CodeIgniter\View\View->CodeIgniter\View\{closure}()
#3 C:\xampp\htdocs\restaurantes\system\Common.php(1089): CodeIgniter\View\View->render('consultas_y_rep...', Array, true)
#4 C:\xampp\htdocs\restaurantes\app\Controllers\consultas_y_reportes\informeFiscalVentasController.php(219): view('consultas_y_rep...', Array)
#5 C:\xampp\htdocs\restaurantes\system\CodeIgniter.php(832): App\Controllers\consultas_y_reportes\informeFiscalVentasController->informe_fiscal_ventas_datos()
#6 C:\xampp\htdocs\restaurantes\system\CodeIgniter.php(419): CodeIgniter\CodeIgniter->runController(Object(App\Controllers\consultas_y_reportes\informeFiscalVentasController))
#7 C:\xampp\htdocs\restaurantes\system\CodeIgniter.php(326): CodeIgniter\CodeIgniter->handleRequest(NULL, Object(Config\Cache), false)
#8 C:\xampp\htdocs\restaurantes\index.php(37): CodeIgniter\CodeIgniter->run()
#9 {main}
CRITICAL - 2022-08-15 15:28:22 --> Undefined array key 0
#0 C:\xampp\htdocs\restaurantes\app\Views\consultas_y_reportes\informe_fiscal_ventas_diarias_datos.php(141): CodeIgniter\Debug\Exceptions->errorHandler(2, 'Undefined array...', 'C:\\xampp\\htdocs...', 141)
#1 C:\xampp\htdocs\restaurantes\system\View\View.php(210): include('C:\\xampp\\htdocs...')
#2 C:\xampp\htdocs\restaurantes\system\View\View.php(213): CodeIgniter\View\View->CodeIgniter\View\{closure}()
#3 C:\xampp\htdocs\restaurantes\system\Common.php(1089): CodeIgniter\View\View->render('consultas_y_rep...', Array, true)
#4 C:\xampp\htdocs\restaurantes\app\Controllers\consultas_y_reportes\informeFiscalVentasController.php(219): view('consultas_y_rep...', Array)
#5 C:\xampp\htdocs\restaurantes\system\CodeIgniter.php(832): App\Controllers\consultas_y_reportes\informeFiscalVentasController->informe_fiscal_ventas_datos()
#6 C:\xampp\htdocs\restaurantes\system\CodeIgniter.php(419): CodeIgniter\CodeIgniter->runController(Object(App\Controllers\consultas_y_reportes\informeFiscalVentasController))
#7 C:\xampp\htdocs\restaurantes\system\CodeIgniter.php(326): CodeIgniter\CodeIgniter->handleRequest(NULL, Object(Config\Cache), false)
#8 C:\xampp\htdocs\restaurantes\index.php(37): CodeIgniter\CodeIgniter->run()
#9 {main}
CRITICAL - 2022-08-15 15:28:22 --> Undefined array key 0
#0 C:\xampp\htdocs\restaurantes\app\Views\consultas_y_reportes\informe_fiscal_ventas_diarias_datos.php(141): CodeIgniter\Debug\Exceptions->errorHandler(2, 'Undefined array...', 'C:\\xampp\\htdocs...', 141)
#1 C:\xampp\htdocs\restaurantes\system\View\View.php(210): include('C:\\xampp\\htdocs...')
#2 C:\xampp\htdocs\restaurantes\system\View\View.php(213): CodeIgniter\View\View->CodeIgniter\View\{closure}()
#3 C:\xampp\htdocs\restaurantes\system\Common.php(1089): CodeIgniter\View\View->render('consultas_y_rep...', Array, true)
#4 C:\xampp\htdocs\restaurantes\app\Controllers\consultas_y_reportes\informeFiscalVentasController.php(219): view('consultas_y_rep...', Array)
#5 C:\xampp\htdocs\restaurantes\system\CodeIgniter.php(832): App\Controllers\consultas_y_reportes\informeFiscalVentasController->informe_fiscal_ventas_datos()
#6 C:\xampp\htdocs\restaurantes\system\CodeIgniter.php(419): CodeIgniter\CodeIgniter->runController(Object(App\Controllers\consultas_y_reportes\informeFiscalVentasController))
#7 C:\xampp\htdocs\restaurantes\system\CodeIgniter.php(326): CodeIgniter\CodeIgniter->handleRequest(NULL, Object(Config\Cache), false)
#8 C:\xampp\htdocs\restaurantes\index.php(37): CodeIgniter\CodeIgniter->run()
#9 {main}
CRITICAL - 2022-08-15 15:28:22 --> Undefined array key 0
#0 C:\xampp\htdocs\restaurantes\app\Views\consultas_y_reportes\informe_fiscal_ventas_diarias_datos.php(141): CodeIgniter\Debug\Exceptions->errorHandler(2, 'Undefined array...', 'C:\\xampp\\htdocs...', 141)
#1 C:\xampp\htdocs\restaurantes\system\View\View.php(210): include('C:\\xampp\\htdocs...')
#2 C:\xampp\htdocs\restaurantes\system\View\View.php(213): CodeIgniter\View\View->CodeIgniter\View\{closure}()
#3 C:\xampp\htdocs\restaurantes\system\Common.php(1089): CodeIgniter\View\View->render('consultas_y_rep...', Array, true)
#4 C:\xampp\htdocs\restaurantes\app\Controllers\consultas_y_reportes\informeFiscalVentasController.php(219): view('consultas_y_rep...', Array)
#5 C:\xampp\htdocs\restaurantes\system\CodeIgniter.php(832): App\Controllers\consultas_y_reportes\informeFiscalVentasController->informe_fiscal_ventas_datos()
#6 C:\xampp\htdocs\restaurantes\system\CodeIgniter.php(419): CodeIgniter\CodeIgniter->runController(Object(App\Controllers\consultas_y_reportes\informeFiscalVentasController))
#7 C:\xampp\htdocs\restaurantes\system\CodeIgniter.php(326): CodeIgniter\CodeIgniter->handleRequest(NULL, Object(Config\Cache), false)
#8 C:\xampp\htdocs\restaurantes\index.php(37): CodeIgniter\CodeIgniter->run()
#9 {main}
CRITICAL - 2022-08-15 15:28:34 --> Undefined array key 0
#0 C:\xampp\htdocs\restaurantes\app\Views\consultas_y_reportes\informe_fiscal_ventas_diarias_datos.php(141): CodeIgniter\Debug\Exceptions->errorHandler(2, 'Undefined array...', 'C:\\xampp\\htdocs...', 141)
#1 C:\xampp\htdocs\restaurantes\system\View\View.php(210): include('C:\\xampp\\htdocs...')
#2 C:\xampp\htdocs\restaurantes\system\View\View.php(213): CodeIgniter\View\View->CodeIgniter\View\{closure}()
#3 C:\xampp\htdocs\restaurantes\system\Common.php(1089): CodeIgniter\View\View->render('consultas_y_rep...', Array, true)
#4 C:\xampp\htdocs\restaurantes\app\Controllers\consultas_y_reportes\informeFiscalVentasController.php(219): view('consultas_y_rep...', Array)
#5 C:\xampp\htdocs\restaurantes\system\CodeIgniter.php(832): App\Controllers\consultas_y_reportes\informeFiscalVentasController->informe_fiscal_ventas_datos()
#6 C:\xampp\htdocs\restaurantes\system\CodeIgniter.php(419): CodeIgniter\CodeIgniter->runController(Object(App\Controllers\consultas_y_reportes\informeFiscalVentasController))
#7 C:\xampp\htdocs\restaurantes\system\CodeIgniter.php(326): CodeIgniter\CodeIgniter->handleRequest(NULL, Object(Config\Cache), false)
#8 C:\xampp\htdocs\restaurantes\index.php(37): CodeIgniter\CodeIgniter->run()
#9 {main}
CRITICAL - 2022-08-15 15:30:18 --> Undefined array key 0
#0 C:\xampp\htdocs\restaurantes\app\Views\consultas_y_reportes\informe_fiscal_ventas_diarias_datos.php(141): CodeIgniter\Debug\Exceptions->errorHandler(2, 'Undefined array...', 'C:\\xampp\\htdocs...', 141)
#1 C:\xampp\htdocs\restaurantes\system\View\View.php(210): include('C:\\xampp\\htdocs...')
#2 C:\xampp\htdocs\restaurantes\system\View\View.php(213): CodeIgniter\View\View->CodeIgniter\View\{closure}()
#3 C:\xampp\htdocs\restaurantes\system\Common.php(1089): CodeIgniter\View\View->render('consultas_y_rep...', Array, true)
#4 C:\xampp\htdocs\restaurantes\app\Controllers\consultas_y_reportes\informeFiscalVentasController.php(219): view('consultas_y_rep...', Array)
#5 C:\xampp\htdocs\restaurantes\system\CodeIgniter.php(832): App\Controllers\consultas_y_reportes\informeFiscalVentasController->informe_fiscal_ventas_datos()
#6 C:\xampp\htdocs\restaurantes\system\CodeIgniter.php(419): CodeIgniter\CodeIgniter->runController(Object(App\Controllers\consultas_y_reportes\informeFiscalVentasController))
#7 C:\xampp\htdocs\restaurantes\system\CodeIgniter.php(326): CodeIgniter\CodeIgniter->handleRequest(NULL, Object(Config\Cache), false)
#8 C:\xampp\htdocs\restaurantes\index.php(37): CodeIgniter\CodeIgniter->run()
#9 {main}
CRITICAL - 2022-08-15 15:32:33 --> Undefined array key 0
#0 C:\xampp\htdocs\restaurantes\app\Views\consultas_y_reportes\informe_fiscal_ventas_diarias_datos_pdf.php(150): CodeIgniter\Debug\Exceptions->errorHandler(2, 'Undefined array...', 'C:\\xampp\\htdocs...', 150)
#1 C:\xampp\htdocs\restaurantes\system\View\View.php(210): include('C:\\xampp\\htdocs...')
#2 C:\xampp\htdocs\restaurantes\system\View\View.php(213): CodeIgniter\View\View->CodeIgniter\View\{closure}()
#3 C:\xampp\htdocs\restaurantes\system\Common.php(1089): CodeIgniter\View\View->render('consultas_y_rep...', Array, true)
#4 C:\xampp\htdocs\restaurantes\app\Controllers\consultas_y_reportes\informeFiscalVentasController.php(445): view('consultas_y_rep...', Array)
#5 C:\xampp\htdocs\restaurantes\app\Controllers\consultas_y_reportes\informeFiscalVentasController.php(252): App\Controllers\consultas_y_reportes\informeFiscalVentasController->generar_informe_fiscal_ventas_pdf('2022-08-15')
#6 C:\xampp\htdocs\restaurantes\system\CodeIgniter.php(832): App\Controllers\consultas_y_reportes\informeFiscalVentasController->informe_fiscal_ventas_pdf()
#7 C:\xampp\htdocs\restaurantes\system\CodeIgniter.php(419): CodeIgniter\CodeIgniter->runController(Object(App\Controllers\consultas_y_reportes\informeFiscalVentasController))
#8 C:\xampp\htdocs\restaurantes\system\CodeIgniter.php(326): CodeIgniter\CodeIgniter->handleRequest(NULL, Object(Config\Cache), false)
#9 C:\xampp\htdocs\restaurantes\index.php(37): CodeIgniter\CodeIgniter->run()
#10 {main}
CRITICAL - 2022-08-15 15:33:14 --> Undefined array key 0
#0 C:\xampp\htdocs\restaurantes\app\Views\consultas_y_reportes\informe_fiscal_ventas_diarias_datos_pdf.php(177): CodeIgniter\Debug\Exceptions->errorHandler(2, 'Undefined array...', 'C:\\xampp\\htdocs...', 177)
#1 C:\xampp\htdocs\restaurantes\system\View\View.php(210): include('C:\\xampp\\htdocs...')
#2 C:\xampp\htdocs\restaurantes\system\View\View.php(213): CodeIgniter\View\View->CodeIgniter\View\{closure}()
#3 C:\xampp\htdocs\restaurantes\system\Common.php(1089): CodeIgniter\View\View->render('consultas_y_rep...', Array, true)
#4 C:\xampp\htdocs\restaurantes\app\Controllers\consultas_y_reportes\informeFiscalVentasController.php(445): view('consultas_y_rep...', Array)
#5 C:\xampp\htdocs\restaurantes\app\Controllers\consultas_y_reportes\informeFiscalVentasController.php(252): App\Controllers\consultas_y_reportes\informeFiscalVentasController->generar_informe_fiscal_ventas_pdf('2022-08-15')
#6 C:\xampp\htdocs\restaurantes\system\CodeIgniter.php(832): App\Controllers\consultas_y_reportes\informeFiscalVentasController->informe_fiscal_ventas_pdf()
#7 C:\xampp\htdocs\restaurantes\system\CodeIgniter.php(419): CodeIgniter\CodeIgniter->runController(Object(App\Controllers\consultas_y_reportes\informeFiscalVentasController))
#8 C:\xampp\htdocs\restaurantes\system\CodeIgniter.php(326): CodeIgniter\CodeIgniter->handleRequest(NULL, Object(Config\Cache), false)
#9 C:\xampp\htdocs\restaurantes\index.php(37): CodeIgniter\CodeIgniter->run()
#10 {main}
CRITICAL - 2022-08-15 15:54:28 --> Trying to access array offset on value of type null
#0 C:\xampp\htdocs\restaurantes\app\Controllers\producto\productoController.php(477): CodeIgniter\Debug\Exceptions->errorHandler(2, 'Trying to acces...', 'C:\\xampp\\htdocs...', 477)
#1 C:\xampp\htdocs\restaurantes\system\CodeIgniter.php(832): App\Controllers\producto\productoController->cargar_producto_al_pedido()
#2 C:\xampp\htdocs\restaurantes\system\CodeIgniter.php(419): CodeIgniter\CodeIgniter->runController(Object(App\Controllers\producto\productoController))
#3 C:\xampp\htdocs\restaurantes\system\CodeIgniter.php(326): CodeIgniter\CodeIgniter->handleRequest(NULL, Object(Config\Cache), false)
#4 C:\xampp\htdocs\restaurantes\index.php(37): CodeIgniter\CodeIgniter->run()
#5 {main}
CRITICAL - 2022-08-15 22:23:33 --> Call to undefined method App\Models\facturaFormaPagoModel::id_forma_pago
#0 C:\xampp\htdocs\restaurantes\app\Controllers\factura_pos\facturacionConImpuestosController.php(289): CodeIgniter\Model->__call('id_forma_pago', Array)
#1 C:\xampp\htdocs\restaurantes\system\CodeIgniter.php(832): App\Controllers\factura_pos\facturacionConImpuestosController->imprimir_factura()
#2 C:\xampp\htdocs\restaurantes\system\CodeIgniter.php(419): CodeIgniter\CodeIgniter->runController(Object(App\Controllers\factura_pos\facturacionConImpuestosController))
#3 C:\xampp\htdocs\restaurantes\system\CodeIgniter.php(326): CodeIgniter\CodeIgniter->handleRequest(NULL, Object(Config\Cache), false)
#4 C:\xampp\htdocs\restaurantes\index.php(37): CodeIgniter\CodeIgniter->run()
#5 {main}
CRITICAL - 2022-08-15 22:39:56 --> Undefined array key "nombreforma_pago"
#0 C:\xampp\htdocs\restaurantes\app\Controllers\factura_pos\facturacionConImpuestosController.php(294): CodeIgniter\Debug\Exceptions->errorHandler(2, 'Undefined array...', 'C:\\xampp\\htdocs...', 294)
#1 C:\xampp\htdocs\restaurantes\system\CodeIgniter.php(832): App\Controllers\factura_pos\facturacionConImpuestosController->imprimir_factura()
#2 C:\xampp\htdocs\restaurantes\system\CodeIgniter.php(419): CodeIgniter\CodeIgniter->runController(Object(App\Controllers\factura_pos\facturacionConImpuestosController))
#3 C:\xampp\htdocs\restaurantes\system\CodeIgniter.php(326): CodeIgniter\CodeIgniter->handleRequest(NULL, Object(Config\Cache), false)
#4 C:\xampp\htdocs\restaurantes\index.php(37): CodeIgniter\CodeIgniter->run()
#5 {main}
