ERROR - 2022-05-17 12:46:55 --> ErrorException: pg_query(): Query failed: ERROR:  una cadena de caracteres entre comillas está inconclusa en o cerca de «'2022-05-09 
        »
LINE 2: ...x(id) as maximo from devolucion_venta where fecha='2022-05-0...
                                                             ^ in C:\xampp\htdocs\web\system\Database\Postgre\Connection.php:135
Stack trace:
#0 [internal function]: CodeIgniter\Debug\Exceptions->errorHandler(2, 'pg_query(): Que...', 'C:\\xampp\\htdocs...', 135)
#1 C:\xampp\htdocs\web\system\Database\Postgre\Connection.php(135): pg_query(Resource id #133, '\r\n        selec...')
#2 C:\xampp\htdocs\web\system\Database\BaseConnection.php(670): CodeIgniter\Database\Postgre\Connection->execute('\r\n        selec...')
#3 C:\xampp\htdocs\web\system\Database\BaseConnection.php(598): CodeIgniter\Database\BaseConnection->simpleQuery('\r\n        selec...')
#4 C:\xampp\htdocs\web\app\Models\devolucionModel.php(17): CodeIgniter\Database\BaseConnection->query('\r\n        selec...')
#5 C:\xampp\htdocs\web\app\Controllers\consultas_y_reportes\informeFiscalVentasController.php(76): App\Models\devolucionModel->id('2022-05-09')
#6 C:\xampp\htdocs\web\system\CodeIgniter.php(832): App\Controllers\consultas_y_reportes\informeFiscalVentasController->informe_fiscal_ventas_datos()
#7 C:\xampp\htdocs\web\system\CodeIgniter.php(419): CodeIgniter\CodeIgniter->runController(Object(App\Controllers\consultas_y_reportes\informeFiscalVentasController))
#8 C:\xampp\htdocs\web\system\CodeIgniter.php(326): CodeIgniter\CodeIgniter->handleRequest(NULL, Object(Config\Cache), false)
#9 C:\xampp\htdocs\web\index.php(37): CodeIgniter\CodeIgniter->run()
#10 {main}
CRITICAL - 2022-05-17 12:46:55 --> pg_query(): Query failed: ERROR:  una cadena de caracteres entre comillas está inconclusa en o cerca de «'2022-05-09 
        »
LINE 2: ...x(id) as maximo from devolucion_venta where fecha='2022-05-0...
                                                             ^
#0 [internal function]: CodeIgniter\Debug\Exceptions->errorHandler(2, 'pg_query(): Que...', 'C:\\xampp\\htdocs...', 135)
#1 C:\xampp\htdocs\web\system\Database\Postgre\Connection.php(135): pg_query(Resource id #133, '\r\n        selec...')
#2 C:\xampp\htdocs\web\system\Database\BaseConnection.php(670): CodeIgniter\Database\Postgre\Connection->execute('\r\n        selec...')
#3 C:\xampp\htdocs\web\system\Database\BaseConnection.php(598): CodeIgniter\Database\BaseConnection->simpleQuery('\r\n        selec...')
#4 C:\xampp\htdocs\web\app\Models\devolucionModel.php(17): CodeIgniter\Database\BaseConnection->query('\r\n        selec...')
#5 C:\xampp\htdocs\web\app\Controllers\consultas_y_reportes\informeFiscalVentasController.php(76): App\Models\devolucionModel->id('2022-05-09')
#6 C:\xampp\htdocs\web\system\CodeIgniter.php(832): App\Controllers\consultas_y_reportes\informeFiscalVentasController->informe_fiscal_ventas_datos()
#7 C:\xampp\htdocs\web\system\CodeIgniter.php(419): CodeIgniter\CodeIgniter->runController(Object(App\Controllers\consultas_y_reportes\informeFiscalVentasController))
#8 C:\xampp\htdocs\web\system\CodeIgniter.php(326): CodeIgniter\CodeIgniter->handleRequest(NULL, Object(Config\Cache), false)
#9 C:\xampp\htdocs\web\index.php(37): CodeIgniter\CodeIgniter->run()
#10 {main}
CRITICAL - 2022-05-17 12:46:55 --> Uncaught CodeIgniter\Format\Exceptions\FormatException: Failed to parse json string, error: "Type is not supported". in C:\xampp\htdocs\web\system\Format\JSONFormatter.php:41
Stack trace:
#0 C:\xampp\htdocs\web\system\Format\JSONFormatter.php(41): CodeIgniter\Format\Exceptions\FormatException::forInvalidJSON('Type is not sup...')
#1 C:\xampp\htdocs\web\system\API\ResponseTrait.php(341): CodeIgniter\Format\JSONFormatter->format(Array)
#2 C:\xampp\htdocs\web\system\API\ResponseTrait.php(99): CodeIgniter\Debug\Exceptions->format(Array)
#3 C:\xampp\htdocs\web\system\Debug\Exceptions.php(115): CodeIgniter\Debug\Exceptions->respond(Array, 500)
#4 [internal function]: CodeIgniter\Debug\Exceptions->exceptionHandler(Object(ErrorException))
#5 {main}
  thrown
#0 [internal function]: CodeIgniter\Debug\Exceptions->shutdownHandler()
#1 {main}
ERROR - 2022-05-17 12:47:27 --> ErrorException: pg_query(): Query failed: ERROR:  una cadena de caracteres entre comillas está inconclusa en o cerca de «'2022-05-09 
        »
LINE 2: ...x(id) as maximo from devolucion_venta where fecha='2022-05-0...
                                                             ^ in C:\xampp\htdocs\web\system\Database\Postgre\Connection.php:135
Stack trace:
#0 [internal function]: CodeIgniter\Debug\Exceptions->errorHandler(2, 'pg_query(): Que...', 'C:\\xampp\\htdocs...', 135)
#1 C:\xampp\htdocs\web\system\Database\Postgre\Connection.php(135): pg_query(Resource id #133, '\r\n        selec...')
#2 C:\xampp\htdocs\web\system\Database\BaseConnection.php(670): CodeIgniter\Database\Postgre\Connection->execute('\r\n        selec...')
#3 C:\xampp\htdocs\web\system\Database\BaseConnection.php(598): CodeIgniter\Database\BaseConnection->simpleQuery('\r\n        selec...')
#4 C:\xampp\htdocs\web\app\Models\devolucionModel.php(17): CodeIgniter\Database\BaseConnection->query('\r\n        selec...')
#5 C:\xampp\htdocs\web\app\Controllers\consultas_y_reportes\informeFiscalVentasController.php(76): App\Models\devolucionModel->id('2022-05-09')
#6 C:\xampp\htdocs\web\system\CodeIgniter.php(832): App\Controllers\consultas_y_reportes\informeFiscalVentasController->informe_fiscal_ventas_datos()
#7 C:\xampp\htdocs\web\system\CodeIgniter.php(419): CodeIgniter\CodeIgniter->runController(Object(App\Controllers\consultas_y_reportes\informeFiscalVentasController))
#8 C:\xampp\htdocs\web\system\CodeIgniter.php(326): CodeIgniter\CodeIgniter->handleRequest(NULL, Object(Config\Cache), false)
#9 C:\xampp\htdocs\web\index.php(37): CodeIgniter\CodeIgniter->run()
#10 {main}
CRITICAL - 2022-05-17 12:47:27 --> pg_query(): Query failed: ERROR:  una cadena de caracteres entre comillas está inconclusa en o cerca de «'2022-05-09 
        »
LINE 2: ...x(id) as maximo from devolucion_venta where fecha='2022-05-0...
                                                             ^
#0 [internal function]: CodeIgniter\Debug\Exceptions->errorHandler(2, 'pg_query(): Que...', 'C:\\xampp\\htdocs...', 135)
#1 C:\xampp\htdocs\web\system\Database\Postgre\Connection.php(135): pg_query(Resource id #133, '\r\n        selec...')
#2 C:\xampp\htdocs\web\system\Database\BaseConnection.php(670): CodeIgniter\Database\Postgre\Connection->execute('\r\n        selec...')
#3 C:\xampp\htdocs\web\system\Database\BaseConnection.php(598): CodeIgniter\Database\BaseConnection->simpleQuery('\r\n        selec...')
#4 C:\xampp\htdocs\web\app\Models\devolucionModel.php(17): CodeIgniter\Database\BaseConnection->query('\r\n        selec...')
#5 C:\xampp\htdocs\web\app\Controllers\consultas_y_reportes\informeFiscalVentasController.php(76): App\Models\devolucionModel->id('2022-05-09')
#6 C:\xampp\htdocs\web\system\CodeIgniter.php(832): App\Controllers\consultas_y_reportes\informeFiscalVentasController->informe_fiscal_ventas_datos()
#7 C:\xampp\htdocs\web\system\CodeIgniter.php(419): CodeIgniter\CodeIgniter->runController(Object(App\Controllers\consultas_y_reportes\informeFiscalVentasController))
#8 C:\xampp\htdocs\web\system\CodeIgniter.php(326): CodeIgniter\CodeIgniter->handleRequest(NULL, Object(Config\Cache), false)
#9 C:\xampp\htdocs\web\index.php(37): CodeIgniter\CodeIgniter->run()
#10 {main}
CRITICAL - 2022-05-17 12:47:27 --> Uncaught CodeIgniter\Format\Exceptions\FormatException: Failed to parse json string, error: "Type is not supported". in C:\xampp\htdocs\web\system\Format\JSONFormatter.php:41
Stack trace:
#0 C:\xampp\htdocs\web\system\Format\JSONFormatter.php(41): CodeIgniter\Format\Exceptions\FormatException::forInvalidJSON('Type is not sup...')
#1 C:\xampp\htdocs\web\system\API\ResponseTrait.php(341): CodeIgniter\Format\JSONFormatter->format(Array)
#2 C:\xampp\htdocs\web\system\API\ResponseTrait.php(99): CodeIgniter\Debug\Exceptions->format(Array)
#3 C:\xampp\htdocs\web\system\Debug\Exceptions.php(115): CodeIgniter\Debug\Exceptions->respond(Array, 500)
#4 [internal function]: CodeIgniter\Debug\Exceptions->exceptionHandler(Object(ErrorException))
#5 {main}
  thrown
#0 [internal function]: CodeIgniter\Debug\Exceptions->shutdownHandler()
#1 {main}
ERROR - 2022-05-17 12:48:12 --> ErrorException: pg_query(): Query failed: ERROR:  una cadena de caracteres entre comillas está inconclusa en o cerca de «'2022-05-09 
        »
LINE 2: ...x(id) as maximo from devolucion_venta where fecha='2022-05-0...
                                                             ^ in C:\xampp\htdocs\web\system\Database\Postgre\Connection.php:135
Stack trace:
#0 [internal function]: CodeIgniter\Debug\Exceptions->errorHandler(2, 'pg_query(): Que...', 'C:\\xampp\\htdocs...', 135)
#1 C:\xampp\htdocs\web\system\Database\Postgre\Connection.php(135): pg_query(Resource id #133, '\r\n        selec...')
#2 C:\xampp\htdocs\web\system\Database\BaseConnection.php(670): CodeIgniter\Database\Postgre\Connection->execute('\r\n        selec...')
#3 C:\xampp\htdocs\web\system\Database\BaseConnection.php(598): CodeIgniter\Database\BaseConnection->simpleQuery('\r\n        selec...')
#4 C:\xampp\htdocs\web\app\Models\devolucionModel.php(17): CodeIgniter\Database\BaseConnection->query('\r\n        selec...')
#5 C:\xampp\htdocs\web\app\Controllers\consultas_y_reportes\informeFiscalVentasController.php(76): App\Models\devolucionModel->id('2022-05-09')
#6 C:\xampp\htdocs\web\system\CodeIgniter.php(832): App\Controllers\consultas_y_reportes\informeFiscalVentasController->informe_fiscal_ventas_datos()
#7 C:\xampp\htdocs\web\system\CodeIgniter.php(419): CodeIgniter\CodeIgniter->runController(Object(App\Controllers\consultas_y_reportes\informeFiscalVentasController))
#8 C:\xampp\htdocs\web\system\CodeIgniter.php(326): CodeIgniter\CodeIgniter->handleRequest(NULL, Object(Config\Cache), false)
#9 C:\xampp\htdocs\web\index.php(37): CodeIgniter\CodeIgniter->run()
#10 {main}
CRITICAL - 2022-05-17 12:48:12 --> pg_query(): Query failed: ERROR:  una cadena de caracteres entre comillas está inconclusa en o cerca de «'2022-05-09 
        »
LINE 2: ...x(id) as maximo from devolucion_venta where fecha='2022-05-0...
                                                             ^
#0 [internal function]: CodeIgniter\Debug\Exceptions->errorHandler(2, 'pg_query(): Que...', 'C:\\xampp\\htdocs...', 135)
#1 C:\xampp\htdocs\web\system\Database\Postgre\Connection.php(135): pg_query(Resource id #133, '\r\n        selec...')
#2 C:\xampp\htdocs\web\system\Database\BaseConnection.php(670): CodeIgniter\Database\Postgre\Connection->execute('\r\n        selec...')
#3 C:\xampp\htdocs\web\system\Database\BaseConnection.php(598): CodeIgniter\Database\BaseConnection->simpleQuery('\r\n        selec...')
#4 C:\xampp\htdocs\web\app\Models\devolucionModel.php(17): CodeIgniter\Database\BaseConnection->query('\r\n        selec...')
#5 C:\xampp\htdocs\web\app\Controllers\consultas_y_reportes\informeFiscalVentasController.php(76): App\Models\devolucionModel->id('2022-05-09')
#6 C:\xampp\htdocs\web\system\CodeIgniter.php(832): App\Controllers\consultas_y_reportes\informeFiscalVentasController->informe_fiscal_ventas_datos()
#7 C:\xampp\htdocs\web\system\CodeIgniter.php(419): CodeIgniter\CodeIgniter->runController(Object(App\Controllers\consultas_y_reportes\informeFiscalVentasController))
#8 C:\xampp\htdocs\web\system\CodeIgniter.php(326): CodeIgniter\CodeIgniter->handleRequest(NULL, Object(Config\Cache), false)
#9 C:\xampp\htdocs\web\index.php(37): CodeIgniter\CodeIgniter->run()
#10 {main}
CRITICAL - 2022-05-17 12:49:28 --> Undefined array key "minimo"
#0 C:\xampp\htdocs\web\app\Controllers\consultas_y_reportes\informeFiscalVentasController.php(78): CodeIgniter\Debug\Exceptions->errorHandler(2, 'Undefined array...', 'C:\\xampp\\htdocs...', 78)
#1 C:\xampp\htdocs\web\system\CodeIgniter.php(832): App\Controllers\consultas_y_reportes\informeFiscalVentasController->informe_fiscal_ventas_datos()
#2 C:\xampp\htdocs\web\system\CodeIgniter.php(419): CodeIgniter\CodeIgniter->runController(Object(App\Controllers\consultas_y_reportes\informeFiscalVentasController))
#3 C:\xampp\htdocs\web\system\CodeIgniter.php(326): CodeIgniter\CodeIgniter->handleRequest(NULL, Object(Config\Cache), false)
#4 C:\xampp\htdocs\web\index.php(37): CodeIgniter\CodeIgniter->run()
#5 {main}
CRITICAL - 2022-05-17 12:51:44 --> Undefined array key "minimo"
#0 C:\xampp\htdocs\web\app\Controllers\consultas_y_reportes\informeFiscalVentasController.php(79): CodeIgniter\Debug\Exceptions->errorHandler(2, 'Undefined array...', 'C:\\xampp\\htdocs...', 79)
#1 C:\xampp\htdocs\web\system\CodeIgniter.php(832): App\Controllers\consultas_y_reportes\informeFiscalVentasController->informe_fiscal_ventas_datos()
#2 C:\xampp\htdocs\web\system\CodeIgniter.php(419): CodeIgniter\CodeIgniter->runController(Object(App\Controllers\consultas_y_reportes\informeFiscalVentasController))
#3 C:\xampp\htdocs\web\system\CodeIgniter.php(326): CodeIgniter\CodeIgniter->handleRequest(NULL, Object(Config\Cache), false)
#4 C:\xampp\htdocs\web\index.php(37): CodeIgniter\CodeIgniter->run()
#5 {main}
CRITICAL - 2022-05-17 12:54:30 --> Undefined array key "minimo"
#0 C:\xampp\htdocs\web\app\Controllers\consultas_y_reportes\informeFiscalVentasController.php(77): CodeIgniter\Debug\Exceptions->errorHandler(2, 'Undefined array...', 'C:\\xampp\\htdocs...', 77)
#1 C:\xampp\htdocs\web\system\CodeIgniter.php(832): App\Controllers\consultas_y_reportes\informeFiscalVentasController->informe_fiscal_ventas_datos()
#2 C:\xampp\htdocs\web\system\CodeIgniter.php(419): CodeIgniter\CodeIgniter->runController(Object(App\Controllers\consultas_y_reportes\informeFiscalVentasController))
#3 C:\xampp\htdocs\web\system\CodeIgniter.php(326): CodeIgniter\CodeIgniter->handleRequest(NULL, Object(Config\Cache), false)
#4 C:\xampp\htdocs\web\index.php(37): CodeIgniter\CodeIgniter->run()
#5 {main}
CRITICAL - 2022-05-17 12:54:40 --> Undefined array key "minimo"
#0 C:\xampp\htdocs\web\app\Controllers\consultas_y_reportes\informeFiscalVentasController.php(80): CodeIgniter\Debug\Exceptions->errorHandler(2, 'Undefined array...', 'C:\\xampp\\htdocs...', 80)
#1 C:\xampp\htdocs\web\system\CodeIgniter.php(832): App\Controllers\consultas_y_reportes\informeFiscalVentasController->informe_fiscal_ventas_datos()
#2 C:\xampp\htdocs\web\system\CodeIgniter.php(419): CodeIgniter\CodeIgniter->runController(Object(App\Controllers\consultas_y_reportes\informeFiscalVentasController))
#3 C:\xampp\htdocs\web\system\CodeIgniter.php(326): CodeIgniter\CodeIgniter->handleRequest(NULL, Object(Config\Cache), false)
#4 C:\xampp\htdocs\web\index.php(37): CodeIgniter\CodeIgniter->run()
#5 {main}
CRITICAL - 2022-05-17 13:03:54 --> Undefined array key "minimo"
#0 C:\xampp\htdocs\web\app\Controllers\consultas_y_reportes\informeFiscalVentasController.php(80): CodeIgniter\Debug\Exceptions->errorHandler(2, 'Undefined array...', 'C:\\xampp\\htdocs...', 80)
#1 C:\xampp\htdocs\web\system\CodeIgniter.php(832): App\Controllers\consultas_y_reportes\informeFiscalVentasController->informe_fiscal_ventas_datos()
#2 C:\xampp\htdocs\web\system\CodeIgniter.php(419): CodeIgniter\CodeIgniter->runController(Object(App\Controllers\consultas_y_reportes\informeFiscalVentasController))
#3 C:\xampp\htdocs\web\system\CodeIgniter.php(326): CodeIgniter\CodeIgniter->handleRequest(NULL, Object(Config\Cache), false)
#4 C:\xampp\htdocs\web\index.php(37): CodeIgniter\CodeIgniter->run()
#5 {main}
CRITICAL - 2022-05-17 13:04:24 --> Undefined array key "minimo"
#0 C:\xampp\htdocs\web\app\Controllers\consultas_y_reportes\informeFiscalVentasController.php(84): CodeIgniter\Debug\Exceptions->errorHandler(2, 'Undefined array...', 'C:\\xampp\\htdocs...', 84)
#1 C:\xampp\htdocs\web\system\CodeIgniter.php(832): App\Controllers\consultas_y_reportes\informeFiscalVentasController->informe_fiscal_ventas_datos()
#2 C:\xampp\htdocs\web\system\CodeIgniter.php(419): CodeIgniter\CodeIgniter->runController(Object(App\Controllers\consultas_y_reportes\informeFiscalVentasController))
#3 C:\xampp\htdocs\web\system\CodeIgniter.php(326): CodeIgniter\CodeIgniter->handleRequest(NULL, Object(Config\Cache), false)
#4 C:\xampp\htdocs\web\index.php(37): CodeIgniter\CodeIgniter->run()
#5 {main}
CRITICAL - 2022-05-17 13:04:54 --> Undefined array key "base"
#0 C:\xampp\htdocs\web\app\Controllers\consultas_y_reportes\informeFiscalVentasController.php(86): CodeIgniter\Debug\Exceptions->errorHandler(2, 'Undefined array...', 'C:\\xampp\\htdocs...', 86)
#1 C:\xampp\htdocs\web\system\CodeIgniter.php(832): App\Controllers\consultas_y_reportes\informeFiscalVentasController->informe_fiscal_ventas_datos()
#2 C:\xampp\htdocs\web\system\CodeIgniter.php(419): CodeIgniter\CodeIgniter->runController(Object(App\Controllers\consultas_y_reportes\informeFiscalVentasController))
#3 C:\xampp\htdocs\web\system\CodeIgniter.php(326): CodeIgniter\CodeIgniter->handleRequest(NULL, Object(Config\Cache), false)
#4 C:\xampp\htdocs\web\index.php(37): CodeIgniter\CodeIgniter->run()
#5 {main}
CRITICAL - 2022-05-17 14:53:00 --> Undefined array key 0
#0 C:\xampp\htdocs\web\app\Views\consultas_y_reportes\informe_fiscal_ventas_diarias_datos.php(152): CodeIgniter\Debug\Exceptions->errorHandler(2, 'Undefined array...', 'C:\\xampp\\htdocs...', 152)
#1 C:\xampp\htdocs\web\system\View\View.php(210): include('C:\\xampp\\htdocs...')
#2 C:\xampp\htdocs\web\system\View\View.php(213): CodeIgniter\View\View->CodeIgniter\View\{closure}()
#3 C:\xampp\htdocs\web\system\Common.php(1089): CodeIgniter\View\View->render('consultas_y_rep...', Array, true)
#4 C:\xampp\htdocs\web\app\Controllers\consultas_y_reportes\informeFiscalVentasController.php(123): view('consultas_y_rep...', Array)
#5 C:\xampp\htdocs\web\system\CodeIgniter.php(832): App\Controllers\consultas_y_reportes\informeFiscalVentasController->informe_fiscal_ventas_datos()
#6 C:\xampp\htdocs\web\system\CodeIgniter.php(419): CodeIgniter\CodeIgniter->runController(Object(App\Controllers\consultas_y_reportes\informeFiscalVentasController))
#7 C:\xampp\htdocs\web\system\CodeIgniter.php(326): CodeIgniter\CodeIgniter->handleRequest(NULL, Object(Config\Cache), false)
#8 C:\xampp\htdocs\web\index.php(37): CodeIgniter\CodeIgniter->run()
#9 {main}
CRITICAL - 2022-05-17 14:53:01 --> Undefined array key 0
#0 C:\xampp\htdocs\web\app\Views\consultas_y_reportes\informe_fiscal_ventas_diarias_datos.php(152): CodeIgniter\Debug\Exceptions->errorHandler(2, 'Undefined array...', 'C:\\xampp\\htdocs...', 152)
#1 C:\xampp\htdocs\web\system\View\View.php(210): include('C:\\xampp\\htdocs...')
#2 C:\xampp\htdocs\web\system\View\View.php(213): CodeIgniter\View\View->CodeIgniter\View\{closure}()
#3 C:\xampp\htdocs\web\system\Common.php(1089): CodeIgniter\View\View->render('consultas_y_rep...', Array, true)
#4 C:\xampp\htdocs\web\app\Controllers\consultas_y_reportes\informeFiscalVentasController.php(123): view('consultas_y_rep...', Array)
#5 C:\xampp\htdocs\web\system\CodeIgniter.php(832): App\Controllers\consultas_y_reportes\informeFiscalVentasController->informe_fiscal_ventas_datos()
#6 C:\xampp\htdocs\web\system\CodeIgniter.php(419): CodeIgniter\CodeIgniter->runController(Object(App\Controllers\consultas_y_reportes\informeFiscalVentasController))
#7 C:\xampp\htdocs\web\system\CodeIgniter.php(326): CodeIgniter\CodeIgniter->handleRequest(NULL, Object(Config\Cache), false)
#8 C:\xampp\htdocs\web\index.php(37): CodeIgniter\CodeIgniter->run()
#9 {main}
CRITICAL - 2022-05-17 14:53:07 --> Undefined array key 0
#0 C:\xampp\htdocs\web\app\Views\consultas_y_reportes\informe_fiscal_ventas_diarias_datos.php(152): CodeIgniter\Debug\Exceptions->errorHandler(2, 'Undefined array...', 'C:\\xampp\\htdocs...', 152)
#1 C:\xampp\htdocs\web\system\View\View.php(210): include('C:\\xampp\\htdocs...')
#2 C:\xampp\htdocs\web\system\View\View.php(213): CodeIgniter\View\View->CodeIgniter\View\{closure}()
#3 C:\xampp\htdocs\web\system\Common.php(1089): CodeIgniter\View\View->render('consultas_y_rep...', Array, true)
#4 C:\xampp\htdocs\web\app\Controllers\consultas_y_reportes\informeFiscalVentasController.php(123): view('consultas_y_rep...', Array)
#5 C:\xampp\htdocs\web\system\CodeIgniter.php(832): App\Controllers\consultas_y_reportes\informeFiscalVentasController->informe_fiscal_ventas_datos()
#6 C:\xampp\htdocs\web\system\CodeIgniter.php(419): CodeIgniter\CodeIgniter->runController(Object(App\Controllers\consultas_y_reportes\informeFiscalVentasController))
#7 C:\xampp\htdocs\web\system\CodeIgniter.php(326): CodeIgniter\CodeIgniter->handleRequest(NULL, Object(Config\Cache), false)
#8 C:\xampp\htdocs\web\index.php(37): CodeIgniter\CodeIgniter->run()
#9 {main}
ERROR - 2022-05-17 14:54:01 --> ErrorException: pg_query(): Query failed: ERROR:  la sintaxis de entrada no es válida para tipo date: «»
LINE 3: WHERE &quot;fecha_factura_venta&quot; = ''
                                      ^ in C:\xampp\htdocs\web\system\Database\Postgre\Connection.php:135
Stack trace:
#0 [internal function]: CodeIgniter\Debug\Exceptions->errorHandler(2, 'pg_query(): Que...', 'C:\\xampp\\htdocs...', 135)
#1 C:\xampp\htdocs\web\system\Database\Postgre\Connection.php(135): pg_query(Resource id #133, 'SELECT MIN("id"...')
#2 C:\xampp\htdocs\web\system\Database\BaseConnection.php(670): CodeIgniter\Database\Postgre\Connection->execute('SELECT MIN("id"...')
#3 C:\xampp\htdocs\web\system\Database\BaseConnection.php(598): CodeIgniter\Database\BaseConnection->simpleQuery('SELECT MIN("id"...')
#4 C:\xampp\htdocs\web\system\Database\BaseBuilder.php(1455): CodeIgniter\Database\BaseConnection->query('SELECT MIN("id"...', Array, false)
#5 C:\xampp\htdocs\web\system\Model.php(183): CodeIgniter\Database\BaseBuilder->get()
#6 C:\xampp\htdocs\web\system\BaseModel.php(584): CodeIgniter\Model->doFindAll(0, 0)
#7 C:\xampp\htdocs\web\app\Controllers\consultas_y_reportes\informeFiscalVentasController.php(28): CodeIgniter\BaseModel->findAll()
#8 C:\xampp\htdocs\web\system\CodeIgniter.php(832): App\Controllers\consultas_y_reportes\informeFiscalVentasController->informe_fiscal_ventas_datos()
#9 C:\xampp\htdocs\web\system\CodeIgniter.php(419): CodeIgniter\CodeIgniter->runController(Object(App\Controllers\consultas_y_reportes\informeFiscalVentasController))
#10 C:\xampp\htdocs\web\system\CodeIgniter.php(326): CodeIgniter\CodeIgniter->handleRequest(NULL, Object(Config\Cache), false)
#11 C:\xampp\htdocs\web\index.php(37): CodeIgniter\CodeIgniter->run()
#12 {main}
CRITICAL - 2022-05-17 14:54:01 --> pg_query(): Query failed: ERROR:  la sintaxis de entrada no es válida para tipo date: «»
LINE 3: WHERE &quot;fecha_factura_venta&quot; = ''
                                      ^
#0 [internal function]: CodeIgniter\Debug\Exceptions->errorHandler(2, 'pg_query(): Que...', 'C:\\xampp\\htdocs...', 135)
#1 C:\xampp\htdocs\web\system\Database\Postgre\Connection.php(135): pg_query(Resource id #133, 'SELECT MIN("id"...')
#2 C:\xampp\htdocs\web\system\Database\BaseConnection.php(670): CodeIgniter\Database\Postgre\Connection->execute('SELECT MIN("id"...')
#3 C:\xampp\htdocs\web\system\Database\BaseConnection.php(598): CodeIgniter\Database\BaseConnection->simpleQuery('SELECT MIN("id"...')
#4 C:\xampp\htdocs\web\system\Database\BaseBuilder.php(1455): CodeIgniter\Database\BaseConnection->query('SELECT MIN("id"...', Array, false)
#5 C:\xampp\htdocs\web\system\Model.php(183): CodeIgniter\Database\BaseBuilder->get()
#6 C:\xampp\htdocs\web\system\BaseModel.php(584): CodeIgniter\Model->doFindAll(0, 0)
#7 C:\xampp\htdocs\web\app\Controllers\consultas_y_reportes\informeFiscalVentasController.php(28): CodeIgniter\BaseModel->findAll()
#8 C:\xampp\htdocs\web\system\CodeIgniter.php(832): App\Controllers\consultas_y_reportes\informeFiscalVentasController->informe_fiscal_ventas_datos()
#9 C:\xampp\htdocs\web\system\CodeIgniter.php(419): CodeIgniter\CodeIgniter->runController(Object(App\Controllers\consultas_y_reportes\informeFiscalVentasController))
#10 C:\xampp\htdocs\web\system\CodeIgniter.php(326): CodeIgniter\CodeIgniter->handleRequest(NULL, Object(Config\Cache), false)
#11 C:\xampp\htdocs\web\index.php(37): CodeIgniter\CodeIgniter->run()
#12 {main}
CRITICAL - 2022-05-17 14:54:01 --> Uncaught CodeIgniter\Format\Exceptions\FormatException: Failed to parse json string, error: "Type is not supported". in C:\xampp\htdocs\web\system\Format\JSONFormatter.php:41
Stack trace:
#0 C:\xampp\htdocs\web\system\Format\JSONFormatter.php(41): CodeIgniter\Format\Exceptions\FormatException::forInvalidJSON('Type is not sup...')
#1 C:\xampp\htdocs\web\system\API\ResponseTrait.php(341): CodeIgniter\Format\JSONFormatter->format(Array)
#2 C:\xampp\htdocs\web\system\API\ResponseTrait.php(99): CodeIgniter\Debug\Exceptions->format(Array)
#3 C:\xampp\htdocs\web\system\Debug\Exceptions.php(115): CodeIgniter\Debug\Exceptions->respond(Array, 500)
#4 [internal function]: CodeIgniter\Debug\Exceptions->exceptionHandler(Object(ErrorException))
#5 {main}
  thrown
#0 [internal function]: CodeIgniter\Debug\Exceptions->shutdownHandler()
#1 {main}
CRITICAL - 2022-05-17 14:56:53 --> Undefined array key 0
#0 C:\xampp\htdocs\web\app\Views\consultas_y_reportes\informe_fiscal_ventas_diarias_datos.php(152): CodeIgniter\Debug\Exceptions->errorHandler(2, 'Undefined array...', 'C:\\xampp\\htdocs...', 152)
#1 C:\xampp\htdocs\web\system\View\View.php(210): include('C:\\xampp\\htdocs...')
#2 C:\xampp\htdocs\web\system\View\View.php(213): CodeIgniter\View\View->CodeIgniter\View\{closure}()
#3 C:\xampp\htdocs\web\system\Common.php(1089): CodeIgniter\View\View->render('consultas_y_rep...', Array, true)
#4 C:\xampp\htdocs\web\app\Controllers\consultas_y_reportes\informeFiscalVentasController.php(123): view('consultas_y_rep...', Array)
#5 C:\xampp\htdocs\web\system\CodeIgniter.php(832): App\Controllers\consultas_y_reportes\informeFiscalVentasController->informe_fiscal_ventas_datos()
#6 C:\xampp\htdocs\web\system\CodeIgniter.php(419): CodeIgniter\CodeIgniter->runController(Object(App\Controllers\consultas_y_reportes\informeFiscalVentasController))
#7 C:\xampp\htdocs\web\system\CodeIgniter.php(326): CodeIgniter\CodeIgniter->handleRequest(NULL, Object(Config\Cache), false)
#8 C:\xampp\htdocs\web\index.php(37): CodeIgniter\CodeIgniter->run()
#9 {main}
CRITICAL - 2022-05-17 15:03:27 --> Array to string conversion
#0 C:\xampp\htdocs\web\app\Controllers\consultas_y_reportes\informeFiscalVentasController.php(98): CodeIgniter\Debug\Exceptions->errorHandler(2, 'Array to string...', 'C:\\xampp\\htdocs...', 98)
#1 C:\xampp\htdocs\web\system\CodeIgniter.php(832): App\Controllers\consultas_y_reportes\informeFiscalVentasController->informe_fiscal_ventas_datos()
#2 C:\xampp\htdocs\web\system\CodeIgniter.php(419): CodeIgniter\CodeIgniter->runController(Object(App\Controllers\consultas_y_reportes\informeFiscalVentasController))
#3 C:\xampp\htdocs\web\system\CodeIgniter.php(326): CodeIgniter\CodeIgniter->handleRequest(NULL, Object(Config\Cache), false)
#4 C:\xampp\htdocs\web\index.php(37): CodeIgniter\CodeIgniter->run()
#5 {main}
CRITICAL - 2022-05-17 15:08:34 --> Unclosed '{' on line 8
#0 C:\xampp\htdocs\web\system\Autoloader\Autoloader.php(241): CodeIgniter\Autoloader\Autoloader->includeFile('C:\\xampp\\htdocs...')
#1 C:\xampp\htdocs\web\system\Autoloader\Autoloader.php(219): CodeIgniter\Autoloader\Autoloader->loadInNamespace('App\\Controllers...')
#2 [internal function]: CodeIgniter\Autoloader\Autoloader->loadClass('App\\Controllers...')
#3 C:\xampp\htdocs\web\system\CodeIgniter.php(797): class_exists('\\App\\Controller...', true)
#4 C:\xampp\htdocs\web\system\CodeIgniter.php(406): CodeIgniter\CodeIgniter->startController()
#5 C:\xampp\htdocs\web\system\CodeIgniter.php(326): CodeIgniter\CodeIgniter->handleRequest(NULL, Object(Config\Cache), false)
#6 C:\xampp\htdocs\web\index.php(37): CodeIgniter\CodeIgniter->run()
#7 {main}
CRITICAL - 2022-05-17 15:51:28 --> Undefined array key 1
#0 C:\xampp\htdocs\web\app\Views\consultas_y_reportes\informe_fiscal_ventas_diarias_datos.php(152): CodeIgniter\Debug\Exceptions->errorHandler(2, 'Undefined array...', 'C:\\xampp\\htdocs...', 152)
#1 C:\xampp\htdocs\web\system\View\View.php(210): include('C:\\xampp\\htdocs...')
#2 C:\xampp\htdocs\web\system\View\View.php(213): CodeIgniter\View\View->CodeIgniter\View\{closure}()
#3 C:\xampp\htdocs\web\system\Common.php(1089): CodeIgniter\View\View->render('consultas_y_rep...', Array, true)
#4 C:\xampp\htdocs\web\app\Controllers\consultas_y_reportes\informeFiscalVentasController.php(120): view('consultas_y_rep...', Array)
#5 C:\xampp\htdocs\web\system\CodeIgniter.php(832): App\Controllers\consultas_y_reportes\informeFiscalVentasController->informe_fiscal_ventas_datos()
#6 C:\xampp\htdocs\web\system\CodeIgniter.php(419): CodeIgniter\CodeIgniter->runController(Object(App\Controllers\consultas_y_reportes\informeFiscalVentasController))
#7 C:\xampp\htdocs\web\system\CodeIgniter.php(326): CodeIgniter\CodeIgniter->handleRequest(NULL, Object(Config\Cache), false)
#8 C:\xampp\htdocs\web\index.php(37): CodeIgniter\CodeIgniter->run()
#9 {main}
CRITICAL - 2022-05-17 15:51:29 --> Undefined array key 1
#0 C:\xampp\htdocs\web\app\Views\consultas_y_reportes\informe_fiscal_ventas_diarias_datos.php(152): CodeIgniter\Debug\Exceptions->errorHandler(2, 'Undefined array...', 'C:\\xampp\\htdocs...', 152)
#1 C:\xampp\htdocs\web\system\View\View.php(210): include('C:\\xampp\\htdocs...')
#2 C:\xampp\htdocs\web\system\View\View.php(213): CodeIgniter\View\View->CodeIgniter\View\{closure}()
#3 C:\xampp\htdocs\web\system\Common.php(1089): CodeIgniter\View\View->render('consultas_y_rep...', Array, true)
#4 C:\xampp\htdocs\web\app\Controllers\consultas_y_reportes\informeFiscalVentasController.php(120): view('consultas_y_rep...', Array)
#5 C:\xampp\htdocs\web\system\CodeIgniter.php(832): App\Controllers\consultas_y_reportes\informeFiscalVentasController->informe_fiscal_ventas_datos()
#6 C:\xampp\htdocs\web\system\CodeIgniter.php(419): CodeIgniter\CodeIgniter->runController(Object(App\Controllers\consultas_y_reportes\informeFiscalVentasController))
#7 C:\xampp\htdocs\web\system\CodeIgniter.php(326): CodeIgniter\CodeIgniter->handleRequest(NULL, Object(Config\Cache), false)
#8 C:\xampp\htdocs\web\index.php(37): CodeIgniter\CodeIgniter->run()
#9 {main}
CRITICAL - 2022-05-17 15:52:02 --> Undefined array key 1
#0 C:\xampp\htdocs\web\app\Views\consultas_y_reportes\informe_fiscal_ventas_diarias_datos.php(152): CodeIgniter\Debug\Exceptions->errorHandler(2, 'Undefined array...', 'C:\\xampp\\htdocs...', 152)
#1 C:\xampp\htdocs\web\system\View\View.php(210): include('C:\\xampp\\htdocs...')
#2 C:\xampp\htdocs\web\system\View\View.php(213): CodeIgniter\View\View->CodeIgniter\View\{closure}()
#3 C:\xampp\htdocs\web\system\Common.php(1089): CodeIgniter\View\View->render('consultas_y_rep...', Array, true)
#4 C:\xampp\htdocs\web\app\Controllers\consultas_y_reportes\informeFiscalVentasController.php(120): view('consultas_y_rep...', Array)
#5 C:\xampp\htdocs\web\system\CodeIgniter.php(832): App\Controllers\consultas_y_reportes\informeFiscalVentasController->informe_fiscal_ventas_datos()
#6 C:\xampp\htdocs\web\system\CodeIgniter.php(419): CodeIgniter\CodeIgniter->runController(Object(App\Controllers\consultas_y_reportes\informeFiscalVentasController))
#7 C:\xampp\htdocs\web\system\CodeIgniter.php(326): CodeIgniter\CodeIgniter->handleRequest(NULL, Object(Config\Cache), false)
#8 C:\xampp\htdocs\web\index.php(37): CodeIgniter\CodeIgniter->run()
#9 {main}
CRITICAL - 2022-05-17 15:55:22 --> Undefined array key 0
#0 C:\xampp\htdocs\web\app\Views\consultas_y_reportes\informe_fiscal_ventas_diarias_datos.php(152): CodeIgniter\Debug\Exceptions->errorHandler(2, 'Undefined array...', 'C:\\xampp\\htdocs...', 152)
#1 C:\xampp\htdocs\web\system\View\View.php(210): include('C:\\xampp\\htdocs...')
#2 C:\xampp\htdocs\web\system\View\View.php(213): CodeIgniter\View\View->CodeIgniter\View\{closure}()
#3 C:\xampp\htdocs\web\system\Common.php(1089): CodeIgniter\View\View->render('consultas_y_rep...', Array, true)
#4 C:\xampp\htdocs\web\app\Controllers\consultas_y_reportes\informeFiscalVentasController.php(121): view('consultas_y_rep...', Array)
#5 C:\xampp\htdocs\web\system\CodeIgniter.php(832): App\Controllers\consultas_y_reportes\informeFiscalVentasController->informe_fiscal_ventas_datos()
#6 C:\xampp\htdocs\web\system\CodeIgniter.php(419): CodeIgniter\CodeIgniter->runController(Object(App\Controllers\consultas_y_reportes\informeFiscalVentasController))
#7 C:\xampp\htdocs\web\system\CodeIgniter.php(326): CodeIgniter\CodeIgniter->handleRequest(NULL, Object(Config\Cache), false)
#8 C:\xampp\htdocs\web\index.php(37): CodeIgniter\CodeIgniter->run()
#9 {main}
ERROR - 2022-05-17 16:09:24 --> ErrorException: pg_query(): Query failed: ERROR:  error de sintaxis en o cerca de «gropu»
LINE 8: ...id_devolucion_venta BETWEEN 74 AND 78 AND iva = 0 gropu by c...
                                                             ^ in C:\xampp\htdocs\web\system\Database\Postgre\Connection.php:135
Stack trace:
#0 [internal function]: CodeIgniter\Debug\Exceptions->errorHandler(2, 'pg_query(): Que...', 'C:\\xampp\\htdocs...', 135)
#1 C:\xampp\htdocs\web\system\Database\Postgre\Connection.php(135): pg_query(Resource id #133, '\r\n        SELEC...')
#2 C:\xampp\htdocs\web\system\Database\BaseConnection.php(670): CodeIgniter\Database\Postgre\Connection->execute('\r\n        SELEC...')
#3 C:\xampp\htdocs\web\system\Database\BaseConnection.php(598): CodeIgniter\Database\BaseConnection->simpleQuery('\r\n        SELEC...')
#4 C:\xampp\htdocs\web\app\Models\devolucionModel.php(39): CodeIgniter\Database\BaseConnection->query('\r\n        SELEC...')
#5 C:\xampp\htdocs\web\app\Controllers\consultas_y_reportes\informeFiscalVentasController.php(84): App\Models\devolucionModel->iva_devolucion('0', '74', '78')
#6 C:\xampp\htdocs\web\system\CodeIgniter.php(832): App\Controllers\consultas_y_reportes\informeFiscalVentasController->informe_fiscal_ventas_datos()
#7 C:\xampp\htdocs\web\system\CodeIgniter.php(419): CodeIgniter\CodeIgniter->runController(Object(App\Controllers\consultas_y_reportes\informeFiscalVentasController))
#8 C:\xampp\htdocs\web\system\CodeIgniter.php(326): CodeIgniter\CodeIgniter->handleRequest(NULL, Object(Config\Cache), false)
#9 C:\xampp\htdocs\web\index.php(37): CodeIgniter\CodeIgniter->run()
#10 {main}
CRITICAL - 2022-05-17 16:09:24 --> pg_query(): Query failed: ERROR:  error de sintaxis en o cerca de «gropu»
LINE 8: ...id_devolucion_venta BETWEEN 74 AND 78 AND iva = 0 gropu by c...
                                                             ^
#0 [internal function]: CodeIgniter\Debug\Exceptions->errorHandler(2, 'pg_query(): Que...', 'C:\\xampp\\htdocs...', 135)
#1 C:\xampp\htdocs\web\system\Database\Postgre\Connection.php(135): pg_query(Resource id #133, '\r\n        SELEC...')
#2 C:\xampp\htdocs\web\system\Database\BaseConnection.php(670): CodeIgniter\Database\Postgre\Connection->execute('\r\n        SELEC...')
#3 C:\xampp\htdocs\web\system\Database\BaseConnection.php(598): CodeIgniter\Database\BaseConnection->simpleQuery('\r\n        SELEC...')
#4 C:\xampp\htdocs\web\app\Models\devolucionModel.php(39): CodeIgniter\Database\BaseConnection->query('\r\n        SELEC...')
#5 C:\xampp\htdocs\web\app\Controllers\consultas_y_reportes\informeFiscalVentasController.php(84): App\Models\devolucionModel->iva_devolucion('0', '74', '78')
#6 C:\xampp\htdocs\web\system\CodeIgniter.php(832): App\Controllers\consultas_y_reportes\informeFiscalVentasController->informe_fiscal_ventas_datos()
#7 C:\xampp\htdocs\web\system\CodeIgniter.php(419): CodeIgniter\CodeIgniter->runController(Object(App\Controllers\consultas_y_reportes\informeFiscalVentasController))
#8 C:\xampp\htdocs\web\system\CodeIgniter.php(326): CodeIgniter\CodeIgniter->handleRequest(NULL, Object(Config\Cache), false)
#9 C:\xampp\htdocs\web\index.php(37): CodeIgniter\CodeIgniter->run()
#10 {main}
CRITICAL - 2022-05-17 16:09:24 --> Uncaught CodeIgniter\Format\Exceptions\FormatException: Failed to parse json string, error: "Type is not supported". in C:\xampp\htdocs\web\system\Format\JSONFormatter.php:41
Stack trace:
#0 C:\xampp\htdocs\web\system\Format\JSONFormatter.php(41): CodeIgniter\Format\Exceptions\FormatException::forInvalidJSON('Type is not sup...')
#1 C:\xampp\htdocs\web\system\API\ResponseTrait.php(341): CodeIgniter\Format\JSONFormatter->format(Array)
#2 C:\xampp\htdocs\web\system\API\ResponseTrait.php(99): CodeIgniter\Debug\Exceptions->format(Array)
#3 C:\xampp\htdocs\web\system\Debug\Exceptions.php(115): CodeIgniter\Debug\Exceptions->respond(Array, 500)
#4 [internal function]: CodeIgniter\Debug\Exceptions->exceptionHandler(Object(ErrorException))
#5 {main}
  thrown
#0 [internal function]: CodeIgniter\Debug\Exceptions->shutdownHandler()
#1 {main}
ERROR - 2022-05-17 16:11:46 --> ErrorException: pg_query(): Query failed: ERROR:  la columna «detalle_devolucion_venta.iva» debe aparecer en la cláusula GROUP BY o ser usada en una función de agregación
LINE 3:                 iva,
                        ^ in C:\xampp\htdocs\web\system\Database\Postgre\Connection.php:135
Stack trace:
#0 [internal function]: CodeIgniter\Debug\Exceptions->errorHandler(2, 'pg_query(): Que...', 'C:\\xampp\\htdocs...', 135)
#1 C:\xampp\htdocs\web\system\Database\Postgre\Connection.php(135): pg_query(Resource id #133, '\r\n        selec...')
#2 C:\xampp\htdocs\web\system\Database\BaseConnection.php(670): CodeIgniter\Database\Postgre\Connection->execute('\r\n        selec...')
#3 C:\xampp\htdocs\web\system\Database\BaseConnection.php(598): CodeIgniter\Database\BaseConnection->simpleQuery('\r\n        selec...')
#4 C:\xampp\htdocs\web\app\Models\devolucionModel.php(27): CodeIgniter\Database\BaseConnection->query('\r\n        selec...')
#5 C:\xampp\htdocs\web\app\Controllers\consultas_y_reportes\informeFiscalVentasController.php(80): App\Models\devolucionModel->iva('74', '78')
#6 C:\xampp\htdocs\web\system\CodeIgniter.php(832): App\Controllers\consultas_y_reportes\informeFiscalVentasController->informe_fiscal_ventas_datos()
#7 C:\xampp\htdocs\web\system\CodeIgniter.php(419): CodeIgniter\CodeIgniter->runController(Object(App\Controllers\consultas_y_reportes\informeFiscalVentasController))
#8 C:\xampp\htdocs\web\system\CodeIgniter.php(326): CodeIgniter\CodeIgniter->handleRequest(NULL, Object(Config\Cache), false)
#9 C:\xampp\htdocs\web\index.php(37): CodeIgniter\CodeIgniter->run()
#10 {main}
CRITICAL - 2022-05-17 16:11:46 --> pg_query(): Query failed: ERROR:  la columna «detalle_devolucion_venta.iva» debe aparecer en la cláusula GROUP BY o ser usada en una función de agregación
LINE 3:                 iva,
                        ^
#0 [internal function]: CodeIgniter\Debug\Exceptions->errorHandler(2, 'pg_query(): Que...', 'C:\\xampp\\htdocs...', 135)
#1 C:\xampp\htdocs\web\system\Database\Postgre\Connection.php(135): pg_query(Resource id #133, '\r\n        selec...')
#2 C:\xampp\htdocs\web\system\Database\BaseConnection.php(670): CodeIgniter\Database\Postgre\Connection->execute('\r\n        selec...')
#3 C:\xampp\htdocs\web\system\Database\BaseConnection.php(598): CodeIgniter\Database\BaseConnection->simpleQuery('\r\n        selec...')
#4 C:\xampp\htdocs\web\app\Models\devolucionModel.php(27): CodeIgniter\Database\BaseConnection->query('\r\n        selec...')
#5 C:\xampp\htdocs\web\app\Controllers\consultas_y_reportes\informeFiscalVentasController.php(80): App\Models\devolucionModel->iva('74', '78')
#6 C:\xampp\htdocs\web\system\CodeIgniter.php(832): App\Controllers\consultas_y_reportes\informeFiscalVentasController->informe_fiscal_ventas_datos()
#7 C:\xampp\htdocs\web\system\CodeIgniter.php(419): CodeIgniter\CodeIgniter->runController(Object(App\Controllers\consultas_y_reportes\informeFiscalVentasController))
#8 C:\xampp\htdocs\web\system\CodeIgniter.php(326): CodeIgniter\CodeIgniter->handleRequest(NULL, Object(Config\Cache), false)
#9 C:\xampp\htdocs\web\index.php(37): CodeIgniter\CodeIgniter->run()
#10 {main}
CRITICAL - 2022-05-17 16:11:46 --> Uncaught CodeIgniter\Format\Exceptions\FormatException: Failed to parse json string, error: "Type is not supported". in C:\xampp\htdocs\web\system\Format\JSONFormatter.php:41
Stack trace:
#0 C:\xampp\htdocs\web\system\Format\JSONFormatter.php(41): CodeIgniter\Format\Exceptions\FormatException::forInvalidJSON('Type is not sup...')
#1 C:\xampp\htdocs\web\system\API\ResponseTrait.php(341): CodeIgniter\Format\JSONFormatter->format(Array)
#2 C:\xampp\htdocs\web\system\API\ResponseTrait.php(99): CodeIgniter\Debug\Exceptions->format(Array)
#3 C:\xampp\htdocs\web\system\Debug\Exceptions.php(115): CodeIgniter\Debug\Exceptions->respond(Array, 500)
#4 [internal function]: CodeIgniter\Debug\Exceptions->exceptionHandler(Object(ErrorException))
#5 {main}
  thrown
#0 [internal function]: CodeIgniter\Debug\Exceptions->shutdownHandler()
#1 {main}
CRITICAL - 2022-05-17 16:56:41 --> Trying to access array offset on value of type null
#0 C:\xampp\htdocs\web\app\Controllers\consultas_y_reportes\informeFiscalVentasController.php(36): CodeIgniter\Debug\Exceptions->errorHandler(2, 'Trying to acces...', 'C:\\xampp\\htdocs...', 36)
#1 C:\xampp\htdocs\web\system\CodeIgniter.php(832): App\Controllers\consultas_y_reportes\informeFiscalVentasController->informe_fiscal_ventas_datos()
#2 C:\xampp\htdocs\web\system\CodeIgniter.php(419): CodeIgniter\CodeIgniter->runController(Object(App\Controllers\consultas_y_reportes\informeFiscalVentasController))
#3 C:\xampp\htdocs\web\system\CodeIgniter.php(326): CodeIgniter\CodeIgniter->handleRequest(NULL, Object(Config\Cache), false)
#4 C:\xampp\htdocs\web\index.php(37): CodeIgniter\CodeIgniter->run()
#5 {main}
CRITICAL - 2022-05-17 16:58:51 --> Trying to access array offset on value of type null
#0 C:\xampp\htdocs\web\app\Controllers\consultas_y_reportes\informeFiscalVentasController.php(36): CodeIgniter\Debug\Exceptions->errorHandler(2, 'Trying to acces...', 'C:\\xampp\\htdocs...', 36)
#1 C:\xampp\htdocs\web\system\CodeIgniter.php(832): App\Controllers\consultas_y_reportes\informeFiscalVentasController->informe_fiscal_ventas_datos()
#2 C:\xampp\htdocs\web\system\CodeIgniter.php(419): CodeIgniter\CodeIgniter->runController(Object(App\Controllers\consultas_y_reportes\informeFiscalVentasController))
#3 C:\xampp\htdocs\web\system\CodeIgniter.php(326): CodeIgniter\CodeIgniter->handleRequest(NULL, Object(Config\Cache), false)
#4 C:\xampp\htdocs\web\index.php(37): CodeIgniter\CodeIgniter->run()
#5 {main}
CRITICAL - 2022-05-17 16:58:52 --> Trying to access array offset on value of type null
#0 C:\xampp\htdocs\web\app\Controllers\consultas_y_reportes\informeFiscalVentasController.php(36): CodeIgniter\Debug\Exceptions->errorHandler(2, 'Trying to acces...', 'C:\\xampp\\htdocs...', 36)
#1 C:\xampp\htdocs\web\system\CodeIgniter.php(832): App\Controllers\consultas_y_reportes\informeFiscalVentasController->informe_fiscal_ventas_datos()
#2 C:\xampp\htdocs\web\system\CodeIgniter.php(419): CodeIgniter\CodeIgniter->runController(Object(App\Controllers\consultas_y_reportes\informeFiscalVentasController))
#3 C:\xampp\htdocs\web\system\CodeIgniter.php(326): CodeIgniter\CodeIgniter->handleRequest(NULL, Object(Config\Cache), false)
#4 C:\xampp\htdocs\web\index.php(37): CodeIgniter\CodeIgniter->run()
#5 {main}
CRITICAL - 2022-05-17 19:31:13 --> Undefined array key 1
#0 C:\xampp\htdocs\web\app\Views\consultas_y_reportes\informe_fiscal_ventas_diarias_datos.php(177): CodeIgniter\Debug\Exceptions->errorHandler(2, 'Undefined array...', 'C:\\xampp\\htdocs...', 177)
#1 C:\xampp\htdocs\web\system\View\View.php(210): include('C:\\xampp\\htdocs...')
#2 C:\xampp\htdocs\web\system\View\View.php(213): CodeIgniter\View\View->CodeIgniter\View\{closure}()
#3 C:\xampp\htdocs\web\system\Common.php(1089): CodeIgniter\View\View->render('consultas_y_rep...', Array, true)
#4 C:\xampp\htdocs\web\app\Controllers\consultas_y_reportes\informeFiscalVentasController.php(161): view('consultas_y_rep...', Array)
#5 C:\xampp\htdocs\web\system\CodeIgniter.php(832): App\Controllers\consultas_y_reportes\informeFiscalVentasController->informe_fiscal_ventas_datos()
#6 C:\xampp\htdocs\web\system\CodeIgniter.php(419): CodeIgniter\CodeIgniter->runController(Object(App\Controllers\consultas_y_reportes\informeFiscalVentasController))
#7 C:\xampp\htdocs\web\system\CodeIgniter.php(326): CodeIgniter\CodeIgniter->handleRequest(NULL, Object(Config\Cache), false)
#8 C:\xampp\htdocs\web\index.php(37): CodeIgniter\CodeIgniter->run()
#9 {main}
CRITICAL - 2022-05-17 19:43:46 --> Undefined array key 1
#0 C:\xampp\htdocs\web\app\Views\consultas_y_reportes\informe_fiscal_ventas_diarias_datos.php(177): CodeIgniter\Debug\Exceptions->errorHandler(2, 'Undefined array...', 'C:\\xampp\\htdocs...', 177)
#1 C:\xampp\htdocs\web\system\View\View.php(210): include('C:\\xampp\\htdocs...')
#2 C:\xampp\htdocs\web\system\View\View.php(213): CodeIgniter\View\View->CodeIgniter\View\{closure}()
#3 C:\xampp\htdocs\web\system\Common.php(1089): CodeIgniter\View\View->render('consultas_y_rep...', Array, true)
#4 C:\xampp\htdocs\web\app\Controllers\consultas_y_reportes\informeFiscalVentasController.php(159): view('consultas_y_rep...', Array)
#5 C:\xampp\htdocs\web\system\CodeIgniter.php(832): App\Controllers\consultas_y_reportes\informeFiscalVentasController->informe_fiscal_ventas_datos()
#6 C:\xampp\htdocs\web\system\CodeIgniter.php(419): CodeIgniter\CodeIgniter->runController(Object(App\Controllers\consultas_y_reportes\informeFiscalVentasController))
#7 C:\xampp\htdocs\web\system\CodeIgniter.php(326): CodeIgniter\CodeIgniter->handleRequest(NULL, Object(Config\Cache), false)
#8 C:\xampp\htdocs\web\index.php(37): CodeIgniter\CodeIgniter->run()
#9 {main}
CRITICAL - 2022-05-17 19:54:51 --> Array to string conversion
#0 C:\xampp\htdocs\web\app\Controllers\consultas_y_reportes\informeFiscalVentasController.php(120): CodeIgniter\Debug\Exceptions->errorHandler(2, 'Array to string...', 'C:\\xampp\\htdocs...', 120)
#1 C:\xampp\htdocs\web\system\CodeIgniter.php(832): App\Controllers\consultas_y_reportes\informeFiscalVentasController->informe_fiscal_ventas_datos()
#2 C:\xampp\htdocs\web\system\CodeIgniter.php(419): CodeIgniter\CodeIgniter->runController(Object(App\Controllers\consultas_y_reportes\informeFiscalVentasController))
#3 C:\xampp\htdocs\web\system\CodeIgniter.php(326): CodeIgniter\CodeIgniter->handleRequest(NULL, Object(Config\Cache), false)
#4 C:\xampp\htdocs\web\index.php(37): CodeIgniter\CodeIgniter->run()
#5 {main}
CRITICAL - 2022-05-17 20:06:02 --> Unclosed '{' on line 8
#0 C:\xampp\htdocs\web\system\Autoloader\Autoloader.php(241): CodeIgniter\Autoloader\Autoloader->includeFile('C:\\xampp\\htdocs...')
#1 C:\xampp\htdocs\web\system\Autoloader\Autoloader.php(219): CodeIgniter\Autoloader\Autoloader->loadInNamespace('App\\Controllers...')
#2 [internal function]: CodeIgniter\Autoloader\Autoloader->loadClass('App\\Controllers...')
#3 C:\xampp\htdocs\web\system\CodeIgniter.php(797): class_exists('\\App\\Controller...', true)
#4 C:\xampp\htdocs\web\system\CodeIgniter.php(406): CodeIgniter\CodeIgniter->startController()
#5 C:\xampp\htdocs\web\system\CodeIgniter.php(326): CodeIgniter\CodeIgniter->handleRequest(NULL, Object(Config\Cache), false)
#6 C:\xampp\htdocs\web\index.php(37): CodeIgniter\CodeIgniter->run()
#7 {main}
