CRITICAL - 2025-04-06 08:58:50 --> Trying to access array offset on value of type null
#0 C:\xampp\htdocs\dfpyme\app\Libraries\Inventario.php(56): CodeIgniter\Debug\Exceptions->errorHandler(2, 'Trying to acces...', 'C:\\xampp\\htdocs...', 56)
#1 C:\xampp\htdocs\dfpyme\app\Controllers\factura_electronica\FacturaElectronica.php(328): App\Libraries\Inventario->actualizar_inventario('34', '3', '1', 'documento_elect...', Array)
#2 C:\xampp\htdocs\dfpyme\system\CodeIgniter.php(832): App\Controllers\factura_electronica\FacturaElectronica->pre_factura()
#3 C:\xampp\htdocs\dfpyme\system\CodeIgniter.php(419): CodeIgniter\CodeIgniter->runController(Object(App\Controllers\factura_electronica\FacturaElectronica))
#4 C:\xampp\htdocs\dfpyme\system\CodeIgniter.php(326): CodeIgniter\CodeIgniter->handleRequest(NULL, Object(Config\Cache), false)
#5 C:\xampp\htdocs\dfpyme\index.php(37): CodeIgniter\CodeIgniter->run()
#6 {main}
CRITICAL - 2025-04-06 09:06:15 --> Trying to access array offset on value of type null
#0 C:\xampp\htdocs\dfpyme\app\Libraries\Inventario.php(56): CodeIgniter\Debug\Exceptions->errorHandler(2, 'Trying to acces...', 'C:\\xampp\\htdocs...', 56)
#1 C:\xampp\htdocs\dfpyme\app\Models\cerrarVentaModel.php(88): App\Libraries\Inventario->actualizar_inventario('34', '3', '1', 'CORTESIAS', 42)
#2 C:\xampp\htdocs\dfpyme\app\Controllers\pedidos\CerrarVenta.php(243): App\Models\cerrarVentaModel->producto_pedido(Array, 42, '719', Array, '2025-04-06 09:0...', '1', '6', '58', '6')
#3 C:\xampp\htdocs\dfpyme\system\CodeIgniter.php(832): App\Controllers\pedidos\CerrarVenta->cerrar_venta()
#4 C:\xampp\htdocs\dfpyme\system\CodeIgniter.php(419): CodeIgniter\CodeIgniter->runController(Object(App\Controllers\pedidos\CerrarVenta))
#5 C:\xampp\htdocs\dfpyme\system\CodeIgniter.php(326): CodeIgniter\CodeIgniter->handleRequest(NULL, Object(Config\Cache), false)
#6 C:\xampp\htdocs\dfpyme\index.php(37): CodeIgniter\CodeIgniter->run()
#7 {main}
CRITICAL - 2025-04-06 09:08:35 --> Undefined array key "estado"
#0 C:\xampp\htdocs\dfpyme\app\Controllers\pedidos\CerrarVenta.php(76): CodeIgniter\Debug\Exceptions->errorHandler(2, 'Undefined array...', 'C:\\xampp\\htdocs...', 76)
#1 C:\xampp\htdocs\dfpyme\system\CodeIgniter.php(832): App\Controllers\pedidos\CerrarVenta->cerrar_venta()
#2 C:\xampp\htdocs\dfpyme\system\CodeIgniter.php(419): CodeIgniter\CodeIgniter->runController(Object(App\Controllers\pedidos\CerrarVenta))
#3 C:\xampp\htdocs\dfpyme\system\CodeIgniter.php(326): CodeIgniter\CodeIgniter->handleRequest(NULL, Object(Config\Cache), false)
#4 C:\xampp\htdocs\dfpyme\index.php(37): CodeIgniter\CodeIgniter->run()
#5 {main}
CRITICAL - 2025-04-06 09:10:32 --> Undefined array key "valor_venta"
#0 C:\xampp\htdocs\dfpyme\app\Controllers\pedidos\CerrarVenta.php(86): CodeIgniter\Debug\Exceptions->errorHandler(2, 'Undefined array...', 'C:\\xampp\\htdocs...', 86)
#1 C:\xampp\htdocs\dfpyme\system\CodeIgniter.php(832): App\Controllers\pedidos\CerrarVenta->cerrar_venta()
#2 C:\xampp\htdocs\dfpyme\system\CodeIgniter.php(419): CodeIgniter\CodeIgniter->runController(Object(App\Controllers\pedidos\CerrarVenta))
#3 C:\xampp\htdocs\dfpyme\system\CodeIgniter.php(326): CodeIgniter\CodeIgniter->handleRequest(NULL, Object(Config\Cache), false)
#4 C:\xampp\htdocs\dfpyme\index.php(37): CodeIgniter\CodeIgniter->run()
#5 {main}
ERROR - 2025-04-06 09:12:13 --> ErrorException: pg_query(): Query failed: ERROR:  inserción o actualización en la tabla «factura_venta» viola la llave foránea «clientefacturaventa»
DETAIL:  La llave (nitcliente)=(2222222222222) no está presente en la tabla «cliente». in C:\xampp\htdocs\dfpyme\system\Database\Postgre\Connection.php:135
Stack trace:
#0 [internal function]: CodeIgniter\Debug\Exceptions->errorHandler(2, 'pg_query(): Que...', 'C:\\xampp\\htdocs...', 135)
#1 C:\xampp\htdocs\dfpyme\system\Database\Postgre\Connection.php(135): pg_query(Resource id #158, 'INSERT INTO "fa...')
#2 C:\xampp\htdocs\dfpyme\system\Database\BaseConnection.php(670): CodeIgniter\Database\Postgre\Connection->execute('INSERT INTO "fa...')
#3 C:\xampp\htdocs\dfpyme\system\Database\BaseConnection.php(598): CodeIgniter\Database\BaseConnection->simpleQuery('INSERT INTO "fa...')
#4 C:\xampp\htdocs\dfpyme\system\Database\BaseBuilder.php(1771): CodeIgniter\Database\BaseConnection->query('INSERT INTO "fa...', Array, false)
#5 C:\xampp\htdocs\dfpyme\app\Models\facturaVentaModel.php(338): CodeIgniter\Database\BaseBuilder->insert(Array)
#6 C:\xampp\htdocs\dfpyme\app\Controllers\pedidos\CerrarVenta.php(217): App\Models\facturaVentaModel->factura_venta('CORT-45', 2222222222222, 6, 6, '09:12:13', '2025-04-06 ', '2', '1', NULL, '1', 0, '475500', 25, '719', '2025-04-06 09:1...', 0, 0, '58')
#7 C:\xampp\htdocs\dfpyme\system\CodeIgniter.php(832): App\Controllers\pedidos\CerrarVenta->cerrar_venta()
#8 C:\xampp\htdocs\dfpyme\system\CodeIgniter.php(419): CodeIgniter\CodeIgniter->runController(Object(App\Controllers\pedidos\CerrarVenta))
#9 C:\xampp\htdocs\dfpyme\system\CodeIgniter.php(326): CodeIgniter\CodeIgniter->handleRequest(NULL, Object(Config\Cache), false)
#10 C:\xampp\htdocs\dfpyme\index.php(37): CodeIgniter\CodeIgniter->run()
#11 {main}
CRITICAL - 2025-04-06 09:12:13 --> pg_query(): Query failed: ERROR:  inserción o actualización en la tabla «factura_venta» viola la llave foránea «clientefacturaventa»
DETAIL:  La llave (nitcliente)=(2222222222222) no está presente en la tabla «cliente».
#0 [internal function]: CodeIgniter\Debug\Exceptions->errorHandler(2, 'pg_query(): Que...', 'C:\\xampp\\htdocs...', 135)
#1 C:\xampp\htdocs\dfpyme\system\Database\Postgre\Connection.php(135): pg_query(Resource id #158, 'INSERT INTO "fa...')
#2 C:\xampp\htdocs\dfpyme\system\Database\BaseConnection.php(670): CodeIgniter\Database\Postgre\Connection->execute('INSERT INTO "fa...')
#3 C:\xampp\htdocs\dfpyme\system\Database\BaseConnection.php(598): CodeIgniter\Database\BaseConnection->simpleQuery('INSERT INTO "fa...')
#4 C:\xampp\htdocs\dfpyme\system\Database\BaseBuilder.php(1771): CodeIgniter\Database\BaseConnection->query('INSERT INTO "fa...', Array, false)
#5 C:\xampp\htdocs\dfpyme\app\Models\facturaVentaModel.php(338): CodeIgniter\Database\BaseBuilder->insert(Array)
#6 C:\xampp\htdocs\dfpyme\app\Controllers\pedidos\CerrarVenta.php(217): App\Models\facturaVentaModel->factura_venta('CORT-45', 2222222222222, 6, 6, '09:12:13', '2025-04-06 ', '2', '1', NULL, '1', 0, '475500', 25, '719', '2025-04-06 09:1...', 0, 0, '58')
#7 C:\xampp\htdocs\dfpyme\system\CodeIgniter.php(832): App\Controllers\pedidos\CerrarVenta->cerrar_venta()
#8 C:\xampp\htdocs\dfpyme\system\CodeIgniter.php(419): CodeIgniter\CodeIgniter->runController(Object(App\Controllers\pedidos\CerrarVenta))
#9 C:\xampp\htdocs\dfpyme\system\CodeIgniter.php(326): CodeIgniter\CodeIgniter->handleRequest(NULL, Object(Config\Cache), false)
#10 C:\xampp\htdocs\dfpyme\index.php(37): CodeIgniter\CodeIgniter->run()
#11 {main}
CRITICAL - 2025-04-06 09:12:56 --> Trying to access array offset on value of type null
#0 C:\xampp\htdocs\dfpyme\app\Libraries\Inventario.php(56): CodeIgniter\Debug\Exceptions->errorHandler(2, 'Trying to acces...', 'C:\\xampp\\htdocs...', 56)
#1 C:\xampp\htdocs\dfpyme\app\Models\cerrarVentaModel.php(88): App\Libraries\Inventario->actualizar_inventario('34', '3', '1', 'CORTESIAS', 44)
#2 C:\xampp\htdocs\dfpyme\app\Controllers\pedidos\CerrarVenta.php(254): App\Models\cerrarVentaModel->producto_pedido(Array, 44, '719', Array, '2025-04-06 09:1...', 1, 6, '58', 6)
#3 C:\xampp\htdocs\dfpyme\system\CodeIgniter.php(832): App\Controllers\pedidos\CerrarVenta->cerrar_venta()
#4 C:\xampp\htdocs\dfpyme\system\CodeIgniter.php(419): CodeIgniter\CodeIgniter->runController(Object(App\Controllers\pedidos\CerrarVenta))
#5 C:\xampp\htdocs\dfpyme\system\CodeIgniter.php(326): CodeIgniter\CodeIgniter->handleRequest(NULL, Object(Config\Cache), false)
#6 C:\xampp\htdocs\dfpyme\index.php(37): CodeIgniter\CodeIgniter->run()
#7 {main}
CRITICAL - 2025-04-06 09:15:00 --> Trying to access array offset on value of type null
#0 C:\xampp\htdocs\dfpyme\app\Libraries\Inventario.php(59): CodeIgniter\Debug\Exceptions->errorHandler(2, 'Trying to acces...', 'C:\\xampp\\htdocs...', 59)
#1 C:\xampp\htdocs\dfpyme\app\Models\cerrarVentaModel.php(88): App\Libraries\Inventario->actualizar_inventario('34', '3', '1', 'CORTESIAS', 46)
#2 C:\xampp\htdocs\dfpyme\app\Controllers\pedidos\CerrarVenta.php(254): App\Models\cerrarVentaModel->producto_pedido(Array, 46, '719', Array, '2025-04-06 09:1...', 1, 6, '58', 6)
#3 C:\xampp\htdocs\dfpyme\system\CodeIgniter.php(832): App\Controllers\pedidos\CerrarVenta->cerrar_venta()
#4 C:\xampp\htdocs\dfpyme\system\CodeIgniter.php(419): CodeIgniter\CodeIgniter->runController(Object(App\Controllers\pedidos\CerrarVenta))
#5 C:\xampp\htdocs\dfpyme\system\CodeIgniter.php(326): CodeIgniter\CodeIgniter->handleRequest(NULL, Object(Config\Cache), false)
#6 C:\xampp\htdocs\dfpyme\index.php(37): CodeIgniter\CodeIgniter->run()
#7 {main}
CRITICAL - 2025-04-06 09:17:49 --> Trying to access array offset on value of type null
#0 C:\xampp\htdocs\dfpyme\app\Libraries\Inventario.php(59): CodeIgniter\Debug\Exceptions->errorHandler(2, 'Trying to acces...', 'C:\\xampp\\htdocs...', 59)
#1 C:\xampp\htdocs\dfpyme\app\Models\cerrarVentaModel.php(88): App\Libraries\Inventario->actualizar_inventario('34', '3', '1', 'CORTESIAS', 47)
#2 C:\xampp\htdocs\dfpyme\app\Controllers\pedidos\CerrarVenta.php(254): App\Models\cerrarVentaModel->producto_pedido(Array, 47, '719', Array, '2025-04-06 09:1...', 1, 6, '58', 6)
#3 C:\xampp\htdocs\dfpyme\system\CodeIgniter.php(832): App\Controllers\pedidos\CerrarVenta->cerrar_venta()
#4 C:\xampp\htdocs\dfpyme\system\CodeIgniter.php(419): CodeIgniter\CodeIgniter->runController(Object(App\Controllers\pedidos\CerrarVenta))
#5 C:\xampp\htdocs\dfpyme\system\CodeIgniter.php(326): CodeIgniter\CodeIgniter->handleRequest(NULL, Object(Config\Cache), false)
#6 C:\xampp\htdocs\dfpyme\index.php(37): CodeIgniter\CodeIgniter->run()
#7 {main}
CRITICAL - 2025-04-06 19:59:34 --> Trying to access array offset on value of type null
#0 C:\xampp\htdocs\dfpyme\app\Libraries\Inventario.php(69): CodeIgniter\Debug\Exceptions->errorHandler(2, 'Trying to acces...', 'C:\\xampp\\htdocs...', 69)
#1 C:\xampp\htdocs\dfpyme\app\Models\cerrarVentaModel.php(88): App\Libraries\Inventario->actualizar_inventario('34', '3', '1', 'CORTESIAS', 48)
#2 C:\xampp\htdocs\dfpyme\app\Controllers\pedidos\CerrarVenta.php(254): App\Models\cerrarVentaModel->producto_pedido(Array, 48, '719', Array, '2025-04-06 19:5...', 1, 6, '58', 6)
#3 C:\xampp\htdocs\dfpyme\system\CodeIgniter.php(832): App\Controllers\pedidos\CerrarVenta->cerrar_venta()
#4 C:\xampp\htdocs\dfpyme\system\CodeIgniter.php(419): CodeIgniter\CodeIgniter->runController(Object(App\Controllers\pedidos\CerrarVenta))
#5 C:\xampp\htdocs\dfpyme\system\CodeIgniter.php(326): CodeIgniter\CodeIgniter->handleRequest(NULL, Object(Config\Cache), false)
#6 C:\xampp\htdocs\dfpyme\index.php(37): CodeIgniter\CodeIgniter->run()
#7 {main}
