CRITICAL - 2022-07-03 11:16:58 --> Trying to access array offset on value of type null
#0 D:\DFPYME\htdocs\dfpyme\app\Controllers\pedido\pedidoController.php(1165): CodeIgniter\Debug\Exceptions->errorHandler(2, 'Trying to acces...', 'D:\\DFPYME\\htdoc...', 1165)
#1 D:\DFPYME\htdocs\dfpyme\system\CodeIgniter.php(832): App\Controllers\pedido\pedidoController->valor_pedido()
#2 D:\DFPYME\htdocs\dfpyme\system\CodeIgniter.php(419): CodeIgniter\CodeIgniter->runController(Object(App\Controllers\pedido\pedidoController))
#3 D:\DFPYME\htdocs\dfpyme\system\CodeIgniter.php(326): CodeIgniter\CodeIgniter->handleRequest(NULL, Object(Config\Cache), false)
#4 D:\DFPYME\htdocs\dfpyme\index.php(37): CodeIgniter\CodeIgniter->run()
#5 {main}
CRITICAL - 2022-07-03 11:17:00 --> Trying to access array offset on value of type null
#0 D:\DFPYME\htdocs\dfpyme\app\Controllers\pedido\pedidoController.php(1165): CodeIgniter\Debug\Exceptions->errorHandler(2, 'Trying to acces...', 'D:\\DFPYME\\htdoc...', 1165)
#1 D:\DFPYME\htdocs\dfpyme\system\CodeIgniter.php(832): App\Controllers\pedido\pedidoController->valor_pedido()
#2 D:\DFPYME\htdocs\dfpyme\system\CodeIgniter.php(419): CodeIgniter\CodeIgniter->runController(Object(App\Controllers\pedido\pedidoController))
#3 D:\DFPYME\htdocs\dfpyme\system\CodeIgniter.php(326): CodeIgniter\CodeIgniter->handleRequest(NULL, Object(Config\Cache), false)
#4 D:\DFPYME\htdocs\dfpyme\index.php(37): CodeIgniter\CodeIgniter->run()
#5 {main}
CRITICAL - 2022-07-03 11:17:00 --> Trying to access array offset on value of type null
#0 D:\DFPYME\htdocs\dfpyme\app\Controllers\pedido\pedidoController.php(1165): CodeIgniter\Debug\Exceptions->errorHandler(2, 'Trying to acces...', 'D:\\DFPYME\\htdoc...', 1165)
#1 D:\DFPYME\htdocs\dfpyme\system\CodeIgniter.php(832): App\Controllers\pedido\pedidoController->valor_pedido()
#2 D:\DFPYME\htdocs\dfpyme\system\CodeIgniter.php(419): CodeIgniter\CodeIgniter->runController(Object(App\Controllers\pedido\pedidoController))
#3 D:\DFPYME\htdocs\dfpyme\system\CodeIgniter.php(326): CodeIgniter\CodeIgniter->handleRequest(NULL, Object(Config\Cache), false)
#4 D:\DFPYME\htdocs\dfpyme\index.php(37): CodeIgniter\CodeIgniter->run()
#5 {main}
CRITICAL - 2022-07-03 11:17:01 --> Trying to access array offset on value of type null
#0 D:\DFPYME\htdocs\dfpyme\app\Controllers\pedido\pedidoController.php(1165): CodeIgniter\Debug\Exceptions->errorHandler(2, 'Trying to acces...', 'D:\\DFPYME\\htdoc...', 1165)
#1 D:\DFPYME\htdocs\dfpyme\system\CodeIgniter.php(832): App\Controllers\pedido\pedidoController->valor_pedido()
#2 D:\DFPYME\htdocs\dfpyme\system\CodeIgniter.php(419): CodeIgniter\CodeIgniter->runController(Object(App\Controllers\pedido\pedidoController))
#3 D:\DFPYME\htdocs\dfpyme\system\CodeIgniter.php(326): CodeIgniter\CodeIgniter->handleRequest(NULL, Object(Config\Cache), false)
#4 D:\DFPYME\htdocs\dfpyme\index.php(37): CodeIgniter\CodeIgniter->run()
#5 {main}
CRITICAL - 2022-07-03 11:17:01 --> Trying to access array offset on value of type null
#0 D:\DFPYME\htdocs\dfpyme\app\Controllers\pedido\pedidoController.php(1165): CodeIgniter\Debug\Exceptions->errorHandler(2, 'Trying to acces...', 'D:\\DFPYME\\htdoc...', 1165)
#1 D:\DFPYME\htdocs\dfpyme\system\CodeIgniter.php(832): App\Controllers\pedido\pedidoController->valor_pedido()
#2 D:\DFPYME\htdocs\dfpyme\system\CodeIgniter.php(419): CodeIgniter\CodeIgniter->runController(Object(App\Controllers\pedido\pedidoController))
#3 D:\DFPYME\htdocs\dfpyme\system\CodeIgniter.php(326): CodeIgniter\CodeIgniter->handleRequest(NULL, Object(Config\Cache), false)
#4 D:\DFPYME\htdocs\dfpyme\index.php(37): CodeIgniter\CodeIgniter->run()
#5 {main}
CRITICAL - 2022-07-03 11:17:01 --> Trying to access array offset on value of type null
#0 D:\DFPYME\htdocs\dfpyme\app\Controllers\pedido\pedidoController.php(1165): CodeIgniter\Debug\Exceptions->errorHandler(2, 'Trying to acces...', 'D:\\DFPYME\\htdoc...', 1165)
#1 D:\DFPYME\htdocs\dfpyme\system\CodeIgniter.php(832): App\Controllers\pedido\pedidoController->valor_pedido()
#2 D:\DFPYME\htdocs\dfpyme\system\CodeIgniter.php(419): CodeIgniter\CodeIgniter->runController(Object(App\Controllers\pedido\pedidoController))
#3 D:\DFPYME\htdocs\dfpyme\system\CodeIgniter.php(326): CodeIgniter\CodeIgniter->handleRequest(NULL, Object(Config\Cache), false)
#4 D:\DFPYME\htdocs\dfpyme\index.php(37): CodeIgniter\CodeIgniter->run()
#5 {main}
CRITICAL - 2022-07-03 11:17:02 --> Trying to access array offset on value of type null
#0 D:\DFPYME\htdocs\dfpyme\app\Controllers\pedido\pedidoController.php(1165): CodeIgniter\Debug\Exceptions->errorHandler(2, 'Trying to acces...', 'D:\\DFPYME\\htdoc...', 1165)
#1 D:\DFPYME\htdocs\dfpyme\system\CodeIgniter.php(832): App\Controllers\pedido\pedidoController->valor_pedido()
#2 D:\DFPYME\htdocs\dfpyme\system\CodeIgniter.php(419): CodeIgniter\CodeIgniter->runController(Object(App\Controllers\pedido\pedidoController))
#3 D:\DFPYME\htdocs\dfpyme\system\CodeIgniter.php(326): CodeIgniter\CodeIgniter->handleRequest(NULL, Object(Config\Cache), false)
#4 D:\DFPYME\htdocs\dfpyme\index.php(37): CodeIgniter\CodeIgniter->run()
#5 {main}
CRITICAL - 2022-07-03 17:43:40 --> Trying to access array offset on value of type null
#0 D:\DFPYME\htdocs\dfpyme\app\Controllers\pedido\pedidoController.php(1165): CodeIgniter\Debug\Exceptions->errorHandler(2, 'Trying to acces...', 'D:\\DFPYME\\htdoc...', 1165)
#1 D:\DFPYME\htdocs\dfpyme\system\CodeIgniter.php(832): App\Controllers\pedido\pedidoController->valor_pedido()
#2 D:\DFPYME\htdocs\dfpyme\system\CodeIgniter.php(419): CodeIgniter\CodeIgniter->runController(Object(App\Controllers\pedido\pedidoController))
#3 D:\DFPYME\htdocs\dfpyme\system\CodeIgniter.php(326): CodeIgniter\CodeIgniter->handleRequest(NULL, Object(Config\Cache), false)
#4 D:\DFPYME\htdocs\dfpyme\index.php(37): CodeIgniter\CodeIgniter->run()
#5 {main}
CRITICAL - 2022-07-03 17:43:41 --> Trying to access array offset on value of type null
#0 D:\DFPYME\htdocs\dfpyme\app\Controllers\pedido\pedidoController.php(1165): CodeIgniter\Debug\Exceptions->errorHandler(2, 'Trying to acces...', 'D:\\DFPYME\\htdoc...', 1165)
#1 D:\DFPYME\htdocs\dfpyme\system\CodeIgniter.php(832): App\Controllers\pedido\pedidoController->valor_pedido()
#2 D:\DFPYME\htdocs\dfpyme\system\CodeIgniter.php(419): CodeIgniter\CodeIgniter->runController(Object(App\Controllers\pedido\pedidoController))
#3 D:\DFPYME\htdocs\dfpyme\system\CodeIgniter.php(326): CodeIgniter\CodeIgniter->handleRequest(NULL, Object(Config\Cache), false)
#4 D:\DFPYME\htdocs\dfpyme\index.php(37): CodeIgniter\CodeIgniter->run()
#5 {main}
CRITICAL - 2022-07-03 17:57:20 --> Trying to access array offset on value of type null
#0 D:\DFPYME\htdocs\dfpyme\app\Controllers\comanda\imprimirComandaController.php(66): CodeIgniter\Debug\Exceptions->errorHandler(2, 'Trying to acces...', 'D:\\DFPYME\\htdoc...', 66)
#1 D:\DFPYME\htdocs\dfpyme\system\CodeIgniter.php(832): App\Controllers\comanda\imprimirComandaController->imprimir_comanda()
#2 D:\DFPYME\htdocs\dfpyme\system\CodeIgniter.php(419): CodeIgniter\CodeIgniter->runController(Object(App\Controllers\comanda\imprimirComandaController))
#3 D:\DFPYME\htdocs\dfpyme\system\CodeIgniter.php(326): CodeIgniter\CodeIgniter->handleRequest(NULL, Object(Config\Cache), false)
#4 D:\DFPYME\htdocs\dfpyme\index.php(37): CodeIgniter\CodeIgniter->run()
#5 {main}
CRITICAL - 2022-07-03 18:13:43 --> Trying to access array offset on value of type null
#0 D:\DFPYME\htdocs\dfpyme\app\Controllers\producto\productoController.php(477): CodeIgniter\Debug\Exceptions->errorHandler(2, 'Trying to acces...', 'D:\\DFPYME\\htdoc...', 477)
#1 D:\DFPYME\htdocs\dfpyme\system\CodeIgniter.php(832): App\Controllers\producto\productoController->cargar_producto_al_pedido()
#2 D:\DFPYME\htdocs\dfpyme\system\CodeIgniter.php(419): CodeIgniter\CodeIgniter->runController(Object(App\Controllers\producto\productoController))
#3 D:\DFPYME\htdocs\dfpyme\system\CodeIgniter.php(326): CodeIgniter\CodeIgniter->handleRequest(NULL, Object(Config\Cache), false)
#4 D:\DFPYME\htdocs\dfpyme\index.php(37): CodeIgniter\CodeIgniter->run()
#5 {main}
CRITICAL - 2022-07-03 21:11:57 --> Trying to access array offset on value of type null
#0 D:\DFPYME\htdocs\dfpyme\app\Controllers\producto\productoController.php(477): CodeIgniter\Debug\Exceptions->errorHandler(2, 'Trying to acces...', 'D:\\DFPYME\\htdoc...', 477)
#1 D:\DFPYME\htdocs\dfpyme\system\CodeIgniter.php(832): App\Controllers\producto\productoController->cargar_producto_al_pedido()
#2 D:\DFPYME\htdocs\dfpyme\system\CodeIgniter.php(419): CodeIgniter\CodeIgniter->runController(Object(App\Controllers\producto\productoController))
#3 D:\DFPYME\htdocs\dfpyme\system\CodeIgniter.php(326): CodeIgniter\CodeIgniter->handleRequest(NULL, Object(Config\Cache), false)
#4 D:\DFPYME\htdocs\dfpyme\index.php(37): CodeIgniter\CodeIgniter->run()
#5 {main}
