ERROR - 2022-10-21 10:09:55 --> ErrorException: pg_query(): Query failed: ERROR:  no existe la columna «hora_venta»
LINE 4:         where hora_venta BETWEEN '10:30' AND '23:59:59' and ...
                      ^ in C:\xampp\htdocs\restaurantes\system\Database\Postgre\Connection.php:135
Stack trace:
#0 [internal function]: CodeIgniter\Debug\Exceptions->errorHandler(2, 'pg_query(): Que...', 'C:\\xampp\\htdocs...', 135)
#1 C:\xampp\htdocs\restaurantes\system\Database\Postgre\Connection.php(135): pg_query(Resource id #156, '\r\n        selec...')
#2 C:\xampp\htdocs\restaurantes\system\Database\BaseConnection.php(670): CodeIgniter\Database\Postgre\Connection->execute('\r\n        selec...')
#3 C:\xampp\htdocs\restaurantes\system\Database\BaseConnection.php(598): CodeIgniter\Database\BaseConnection->simpleQuery('\r\n        selec...')
#4 C:\xampp\htdocs\restaurantes\app\Models\productoFacturaVentaModel.php(235): CodeIgniter\Database\BaseConnection->query('\r\n        selec...')
#5 C:\xampp\htdocs\restaurantes\app\Controllers\consultas_y_reportes\reporteDeVentasController.php(371): App\Models\productoFacturaVentaModel->min_id('10:30', '2022-10-18')
#6 C:\xampp\htdocs\restaurantes\system\CodeIgniter.php(832): App\Controllers\consultas_y_reportes\reporteDeVentasController->consultar_producto_agrupado()
#7 C:\xampp\htdocs\restaurantes\system\CodeIgniter.php(419): CodeIgniter\CodeIgniter->runController(Object(App\Controllers\consultas_y_reportes\reporteDeVentasController))
#8 C:\xampp\htdocs\restaurantes\system\CodeIgniter.php(326): CodeIgniter\CodeIgniter->handleRequest(NULL, Object(Config\Cache), false)
#9 C:\xampp\htdocs\restaurantes\index.php(37): CodeIgniter\CodeIgniter->run()
#10 {main}
CRITICAL - 2022-10-21 10:09:55 --> pg_query(): Query failed: ERROR:  no existe la columna «hora_venta»
LINE 4:         where hora_venta BETWEEN '10:30' AND '23:59:59' and ...
                      ^
#0 [internal function]: CodeIgniter\Debug\Exceptions->errorHandler(2, 'pg_query(): Que...', 'C:\\xampp\\htdocs...', 135)
#1 C:\xampp\htdocs\restaurantes\system\Database\Postgre\Connection.php(135): pg_query(Resource id #156, '\r\n        selec...')
#2 C:\xampp\htdocs\restaurantes\system\Database\BaseConnection.php(670): CodeIgniter\Database\Postgre\Connection->execute('\r\n        selec...')
#3 C:\xampp\htdocs\restaurantes\system\Database\BaseConnection.php(598): CodeIgniter\Database\BaseConnection->simpleQuery('\r\n        selec...')
#4 C:\xampp\htdocs\restaurantes\app\Models\productoFacturaVentaModel.php(235): CodeIgniter\Database\BaseConnection->query('\r\n        selec...')
#5 C:\xampp\htdocs\restaurantes\app\Controllers\consultas_y_reportes\reporteDeVentasController.php(371): App\Models\productoFacturaVentaModel->min_id('10:30', '2022-10-18')
#6 C:\xampp\htdocs\restaurantes\system\CodeIgniter.php(832): App\Controllers\consultas_y_reportes\reporteDeVentasController->consultar_producto_agrupado()
#7 C:\xampp\htdocs\restaurantes\system\CodeIgniter.php(419): CodeIgniter\CodeIgniter->runController(Object(App\Controllers\consultas_y_reportes\reporteDeVentasController))
#8 C:\xampp\htdocs\restaurantes\system\CodeIgniter.php(326): CodeIgniter\CodeIgniter->handleRequest(NULL, Object(Config\Cache), false)
#9 C:\xampp\htdocs\restaurantes\index.php(37): CodeIgniter\CodeIgniter->run()
#10 {main}
ERROR - 2022-10-21 10:22:59 --> ErrorException: pg_query(): Query failed: ERROR:  la sintaxis de entrada no es válida para tipo time: «»
LINE 4:         where hora_venta BETWEEN '' AND '23:59:59' and fecha...
                                         ^ in C:\xampp\htdocs\restaurantes\system\Database\Postgre\Connection.php:135
Stack trace:
#0 [internal function]: CodeIgniter\Debug\Exceptions->errorHandler(2, 'pg_query(): Que...', 'C:\\xampp\\htdocs...', 135)
#1 C:\xampp\htdocs\restaurantes\system\Database\Postgre\Connection.php(135): pg_query(Resource id #155, '\r\n        selec...')
#2 C:\xampp\htdocs\restaurantes\system\Database\BaseConnection.php(670): CodeIgniter\Database\Postgre\Connection->execute('\r\n        selec...')
#3 C:\xampp\htdocs\restaurantes\system\Database\BaseConnection.php(598): CodeIgniter\Database\BaseConnection->simpleQuery('\r\n        selec...')
#4 C:\xampp\htdocs\restaurantes\app\Models\productoFacturaVentaModel.php(246): CodeIgniter\Database\BaseConnection->query('\r\n        selec...')
#5 C:\xampp\htdocs\restaurantes\app\Controllers\consultas_y_reportes\reporteDeVentasController.php(372): App\Models\productoFacturaVentaModel->max_id('', '2022-10-21')
#6 C:\xampp\htdocs\restaurantes\system\CodeIgniter.php(832): App\Controllers\consultas_y_reportes\reporteDeVentasController->consultar_producto_agrupado()
#7 C:\xampp\htdocs\restaurantes\system\CodeIgniter.php(419): CodeIgniter\CodeIgniter->runController(Object(App\Controllers\consultas_y_reportes\reporteDeVentasController))
#8 C:\xampp\htdocs\restaurantes\system\CodeIgniter.php(326): CodeIgniter\CodeIgniter->handleRequest(NULL, Object(Config\Cache), false)
#9 C:\xampp\htdocs\restaurantes\index.php(37): CodeIgniter\CodeIgniter->run()
#10 {main}
CRITICAL - 2022-10-21 10:22:59 --> pg_query(): Query failed: ERROR:  la sintaxis de entrada no es válida para tipo time: «»
LINE 4:         where hora_venta BETWEEN '' AND '23:59:59' and fecha...
                                         ^
#0 [internal function]: CodeIgniter\Debug\Exceptions->errorHandler(2, 'pg_query(): Que...', 'C:\\xampp\\htdocs...', 135)
#1 C:\xampp\htdocs\restaurantes\system\Database\Postgre\Connection.php(135): pg_query(Resource id #155, '\r\n        selec...')
#2 C:\xampp\htdocs\restaurantes\system\Database\BaseConnection.php(670): CodeIgniter\Database\Postgre\Connection->execute('\r\n        selec...')
#3 C:\xampp\htdocs\restaurantes\system\Database\BaseConnection.php(598): CodeIgniter\Database\BaseConnection->simpleQuery('\r\n        selec...')
#4 C:\xampp\htdocs\restaurantes\app\Models\productoFacturaVentaModel.php(246): CodeIgniter\Database\BaseConnection->query('\r\n        selec...')
#5 C:\xampp\htdocs\restaurantes\app\Controllers\consultas_y_reportes\reporteDeVentasController.php(372): App\Models\productoFacturaVentaModel->max_id('', '2022-10-21')
#6 C:\xampp\htdocs\restaurantes\system\CodeIgniter.php(832): App\Controllers\consultas_y_reportes\reporteDeVentasController->consultar_producto_agrupado()
#7 C:\xampp\htdocs\restaurantes\system\CodeIgniter.php(419): CodeIgniter\CodeIgniter->runController(Object(App\Controllers\consultas_y_reportes\reporteDeVentasController))
#8 C:\xampp\htdocs\restaurantes\system\CodeIgniter.php(326): CodeIgniter\CodeIgniter->handleRequest(NULL, Object(Config\Cache), false)
#9 C:\xampp\htdocs\restaurantes\index.php(37): CodeIgniter\CodeIgniter->run()
#10 {main}
CRITICAL - 2022-10-21 10:29:02 --> Undefined constant "suma"
#0 C:\xampp\htdocs\restaurantes\system\View\View.php(210): include()
#1 C:\xampp\htdocs\restaurantes\system\View\View.php(213): CodeIgniter\View\View->CodeIgniter\View\{closure}()
#2 C:\xampp\htdocs\restaurantes\system\Common.php(1089): CodeIgniter\View\View->render('producto/datos_...', Array, true)
#3 C:\xampp\htdocs\restaurantes\app\Controllers\consultas_y_reportes\reporteDeVentasController.php(397): view('producto/datos_...', Array)
#4 C:\xampp\htdocs\restaurantes\system\CodeIgniter.php(832): App\Controllers\consultas_y_reportes\reporteDeVentasController->consultar_producto_agrupado()
#5 C:\xampp\htdocs\restaurantes\system\CodeIgniter.php(419): CodeIgniter\CodeIgniter->runController(Object(App\Controllers\consultas_y_reportes\reporteDeVentasController))
#6 C:\xampp\htdocs\restaurantes\system\CodeIgniter.php(326): CodeIgniter\CodeIgniter->handleRequest(NULL, Object(Config\Cache), false)
#7 C:\xampp\htdocs\restaurantes\index.php(37): CodeIgniter\CodeIgniter->run()
#8 {main}
ERROR - 2022-10-21 10:43:25 --> ErrorException: pg_query(): Query failed: ERROR:  la columna «producto_factura_venta.valor_total_producto» debe aparecer en la cláusula GROUP BY o ser usada en una función de agregación
LINE 5:         valor_total_producto
                ^ in C:\xampp\htdocs\restaurantes\system\Database\Postgre\Connection.php:135
Stack trace:
#0 [internal function]: CodeIgniter\Debug\Exceptions->errorHandler(2, 'pg_query(): Que...', 'C:\\xampp\\htdocs...', 135)
#1 C:\xampp\htdocs\restaurantes\system\Database\Postgre\Connection.php(135): pg_query(Resource id #155, '\r\n        SELEC...')
#2 C:\xampp\htdocs\restaurantes\system\Database\BaseConnection.php(670): CodeIgniter\Database\Postgre\Connection->execute('\r\n        SELEC...')
#3 C:\xampp\htdocs\restaurantes\system\Database\BaseConnection.php(598): CodeIgniter\Database\BaseConnection->simpleQuery('\r\n        SELEC...')
#4 C:\xampp\htdocs\restaurantes\app\Models\productoFacturaVentaModel.php(284): CodeIgniter\Database\BaseConnection->query('\r\n        SELEC...')
#5 C:\xampp\htdocs\restaurantes\app\Views\producto\datos_consultar_agrupado.php(30): App\Models\productoFacturaVentaModel->suma('67067', '67108', '374', '26250')
#6 C:\xampp\htdocs\restaurantes\system\View\View.php(210): include('C:\\xampp\\htdocs...')
#7 C:\xampp\htdocs\restaurantes\system\View\View.php(213): CodeIgniter\View\View->CodeIgniter\View\{closure}()
#8 C:\xampp\htdocs\restaurantes\system\Common.php(1089): CodeIgniter\View\View->render('producto/datos_...', Array, true)
#9 C:\xampp\htdocs\restaurantes\app\Controllers\consultas_y_reportes\reporteDeVentasController.php(397): view('producto/datos_...', Array)
#10 C:\xampp\htdocs\restaurantes\system\CodeIgniter.php(832): App\Controllers\consultas_y_reportes\reporteDeVentasController->consultar_producto_agrupado()
#11 C:\xampp\htdocs\restaurantes\system\CodeIgniter.php(419): CodeIgniter\CodeIgniter->runController(Object(App\Controllers\consultas_y_reportes\reporteDeVentasController))
#12 C:\xampp\htdocs\restaurantes\system\CodeIgniter.php(326): CodeIgniter\CodeIgniter->handleRequest(NULL, Object(Config\Cache), false)
#13 C:\xampp\htdocs\restaurantes\index.php(37): CodeIgniter\CodeIgniter->run()
#14 {main}
CRITICAL - 2022-10-21 10:43:25 --> pg_query(): Query failed: ERROR:  la columna «producto_factura_venta.valor_total_producto» debe aparecer en la cláusula GROUP BY o ser usada en una función de agregación
LINE 5:         valor_total_producto
                ^
#0 [internal function]: CodeIgniter\Debug\Exceptions->errorHandler(2, 'pg_query(): Que...', 'C:\\xampp\\htdocs...', 135)
#1 C:\xampp\htdocs\restaurantes\system\Database\Postgre\Connection.php(135): pg_query(Resource id #155, '\r\n        SELEC...')
#2 C:\xampp\htdocs\restaurantes\system\Database\BaseConnection.php(670): CodeIgniter\Database\Postgre\Connection->execute('\r\n        SELEC...')
#3 C:\xampp\htdocs\restaurantes\system\Database\BaseConnection.php(598): CodeIgniter\Database\BaseConnection->simpleQuery('\r\n        SELEC...')
#4 C:\xampp\htdocs\restaurantes\app\Models\productoFacturaVentaModel.php(284): CodeIgniter\Database\BaseConnection->query('\r\n        SELEC...')
#5 C:\xampp\htdocs\restaurantes\app\Views\producto\datos_consultar_agrupado.php(30): App\Models\productoFacturaVentaModel->suma('67067', '67108', '374', '26250')
#6 C:\xampp\htdocs\restaurantes\system\View\View.php(210): include('C:\\xampp\\htdocs...')
#7 C:\xampp\htdocs\restaurantes\system\View\View.php(213): CodeIgniter\View\View->CodeIgniter\View\{closure}()
#8 C:\xampp\htdocs\restaurantes\system\Common.php(1089): CodeIgniter\View\View->render('producto/datos_...', Array, true)
#9 C:\xampp\htdocs\restaurantes\app\Controllers\consultas_y_reportes\reporteDeVentasController.php(397): view('producto/datos_...', Array)
#10 C:\xampp\htdocs\restaurantes\system\CodeIgniter.php(832): App\Controllers\consultas_y_reportes\reporteDeVentasController->consultar_producto_agrupado()
#11 C:\xampp\htdocs\restaurantes\system\CodeIgniter.php(419): CodeIgniter\CodeIgniter->runController(Object(App\Controllers\consultas_y_reportes\reporteDeVentasController))
#12 C:\xampp\htdocs\restaurantes\system\CodeIgniter.php(326): CodeIgniter\CodeIgniter->handleRequest(NULL, Object(Config\Cache), false)
#13 C:\xampp\htdocs\restaurantes\index.php(37): CodeIgniter\CodeIgniter->run()
#14 {main}
ERROR - 2022-10-21 10:44:19 --> ErrorException: pg_query(): Query failed: ERROR:  la columna «producto_factura_venta.valor_total_producto» debe aparecer en la cláusula GROUP BY o ser usada en una función de agregación
LINE 5:         valor_total_producto
                ^ in C:\xampp\htdocs\restaurantes\system\Database\Postgre\Connection.php:135
Stack trace:
#0 [internal function]: CodeIgniter\Debug\Exceptions->errorHandler(2, 'pg_query(): Que...', 'C:\\xampp\\htdocs...', 135)
#1 C:\xampp\htdocs\restaurantes\system\Database\Postgre\Connection.php(135): pg_query(Resource id #155, '\r\n        SELEC...')
#2 C:\xampp\htdocs\restaurantes\system\Database\BaseConnection.php(670): CodeIgniter\Database\Postgre\Connection->execute('\r\n        SELEC...')
#3 C:\xampp\htdocs\restaurantes\system\Database\BaseConnection.php(598): CodeIgniter\Database\BaseConnection->simpleQuery('\r\n        SELEC...')
#4 C:\xampp\htdocs\restaurantes\app\Models\productoFacturaVentaModel.php(284): CodeIgniter\Database\BaseConnection->query('\r\n        SELEC...')
#5 C:\xampp\htdocs\restaurantes\app\Views\producto\datos_consultar_agrupado.php(30): App\Models\productoFacturaVentaModel->suma('67067', '67108', '374', '26250')
#6 C:\xampp\htdocs\restaurantes\system\View\View.php(210): include('C:\\xampp\\htdocs...')
#7 C:\xampp\htdocs\restaurantes\system\View\View.php(213): CodeIgniter\View\View->CodeIgniter\View\{closure}()
#8 C:\xampp\htdocs\restaurantes\system\Common.php(1089): CodeIgniter\View\View->render('producto/datos_...', Array, true)
#9 C:\xampp\htdocs\restaurantes\app\Controllers\consultas_y_reportes\reporteDeVentasController.php(397): view('producto/datos_...', Array)
#10 C:\xampp\htdocs\restaurantes\system\CodeIgniter.php(832): App\Controllers\consultas_y_reportes\reporteDeVentasController->consultar_producto_agrupado()
#11 C:\xampp\htdocs\restaurantes\system\CodeIgniter.php(419): CodeIgniter\CodeIgniter->runController(Object(App\Controllers\consultas_y_reportes\reporteDeVentasController))
#12 C:\xampp\htdocs\restaurantes\system\CodeIgniter.php(326): CodeIgniter\CodeIgniter->handleRequest(NULL, Object(Config\Cache), false)
#13 C:\xampp\htdocs\restaurantes\index.php(37): CodeIgniter\CodeIgniter->run()
#14 {main}
CRITICAL - 2022-10-21 10:44:19 --> pg_query(): Query failed: ERROR:  la columna «producto_factura_venta.valor_total_producto» debe aparecer en la cláusula GROUP BY o ser usada en una función de agregación
LINE 5:         valor_total_producto
                ^
#0 [internal function]: CodeIgniter\Debug\Exceptions->errorHandler(2, 'pg_query(): Que...', 'C:\\xampp\\htdocs...', 135)
#1 C:\xampp\htdocs\restaurantes\system\Database\Postgre\Connection.php(135): pg_query(Resource id #155, '\r\n        SELEC...')
#2 C:\xampp\htdocs\restaurantes\system\Database\BaseConnection.php(670): CodeIgniter\Database\Postgre\Connection->execute('\r\n        SELEC...')
#3 C:\xampp\htdocs\restaurantes\system\Database\BaseConnection.php(598): CodeIgniter\Database\BaseConnection->simpleQuery('\r\n        SELEC...')
#4 C:\xampp\htdocs\restaurantes\app\Models\productoFacturaVentaModel.php(284): CodeIgniter\Database\BaseConnection->query('\r\n        SELEC...')
#5 C:\xampp\htdocs\restaurantes\app\Views\producto\datos_consultar_agrupado.php(30): App\Models\productoFacturaVentaModel->suma('67067', '67108', '374', '26250')
#6 C:\xampp\htdocs\restaurantes\system\View\View.php(210): include('C:\\xampp\\htdocs...')
#7 C:\xampp\htdocs\restaurantes\system\View\View.php(213): CodeIgniter\View\View->CodeIgniter\View\{closure}()
#8 C:\xampp\htdocs\restaurantes\system\Common.php(1089): CodeIgniter\View\View->render('producto/datos_...', Array, true)
#9 C:\xampp\htdocs\restaurantes\app\Controllers\consultas_y_reportes\reporteDeVentasController.php(397): view('producto/datos_...', Array)
#10 C:\xampp\htdocs\restaurantes\system\CodeIgniter.php(832): App\Controllers\consultas_y_reportes\reporteDeVentasController->consultar_producto_agrupado()
#11 C:\xampp\htdocs\restaurantes\system\CodeIgniter.php(419): CodeIgniter\CodeIgniter->runController(Object(App\Controllers\consultas_y_reportes\reporteDeVentasController))
#12 C:\xampp\htdocs\restaurantes\system\CodeIgniter.php(326): CodeIgniter\CodeIgniter->handleRequest(NULL, Object(Config\Cache), false)
#13 C:\xampp\htdocs\restaurantes\index.php(37): CodeIgniter\CodeIgniter->run()
#14 {main}
ERROR - 2022-10-21 10:44:29 --> ErrorException: pg_query(): Query failed: ERROR:  error de sintaxis en o cerca de «FROM»
LINE 6:     FROM
            ^ in C:\xampp\htdocs\restaurantes\system\Database\Postgre\Connection.php:135
Stack trace:
#0 [internal function]: CodeIgniter\Debug\Exceptions->errorHandler(2, 'pg_query(): Que...', 'C:\\xampp\\htdocs...', 135)
#1 C:\xampp\htdocs\restaurantes\system\Database\Postgre\Connection.php(135): pg_query(Resource id #155, '\r\n        SELEC...')
#2 C:\xampp\htdocs\restaurantes\system\Database\BaseConnection.php(670): CodeIgniter\Database\Postgre\Connection->execute('\r\n        SELEC...')
#3 C:\xampp\htdocs\restaurantes\system\Database\BaseConnection.php(598): CodeIgniter\Database\BaseConnection->simpleQuery('\r\n        SELEC...')
#4 C:\xampp\htdocs\restaurantes\app\Models\productoFacturaVentaModel.php(284): CodeIgniter\Database\BaseConnection->query('\r\n        SELEC...')
#5 C:\xampp\htdocs\restaurantes\app\Views\producto\datos_consultar_agrupado.php(30): App\Models\productoFacturaVentaModel->suma('67067', '67108', '374', '26250')
#6 C:\xampp\htdocs\restaurantes\system\View\View.php(210): include('C:\\xampp\\htdocs...')
#7 C:\xampp\htdocs\restaurantes\system\View\View.php(213): CodeIgniter\View\View->CodeIgniter\View\{closure}()
#8 C:\xampp\htdocs\restaurantes\system\Common.php(1089): CodeIgniter\View\View->render('producto/datos_...', Array, true)
#9 C:\xampp\htdocs\restaurantes\app\Controllers\consultas_y_reportes\reporteDeVentasController.php(397): view('producto/datos_...', Array)
#10 C:\xampp\htdocs\restaurantes\system\CodeIgniter.php(832): App\Controllers\consultas_y_reportes\reporteDeVentasController->consultar_producto_agrupado()
#11 C:\xampp\htdocs\restaurantes\system\CodeIgniter.php(419): CodeIgniter\CodeIgniter->runController(Object(App\Controllers\consultas_y_reportes\reporteDeVentasController))
#12 C:\xampp\htdocs\restaurantes\system\CodeIgniter.php(326): CodeIgniter\CodeIgniter->handleRequest(NULL, Object(Config\Cache), false)
#13 C:\xampp\htdocs\restaurantes\index.php(37): CodeIgniter\CodeIgniter->run()
#14 {main}
CRITICAL - 2022-10-21 10:44:29 --> pg_query(): Query failed: ERROR:  error de sintaxis en o cerca de «FROM»
LINE 6:     FROM
            ^
#0 [internal function]: CodeIgniter\Debug\Exceptions->errorHandler(2, 'pg_query(): Que...', 'C:\\xampp\\htdocs...', 135)
#1 C:\xampp\htdocs\restaurantes\system\Database\Postgre\Connection.php(135): pg_query(Resource id #155, '\r\n        SELEC...')
#2 C:\xampp\htdocs\restaurantes\system\Database\BaseConnection.php(670): CodeIgniter\Database\Postgre\Connection->execute('\r\n        SELEC...')
#3 C:\xampp\htdocs\restaurantes\system\Database\BaseConnection.php(598): CodeIgniter\Database\BaseConnection->simpleQuery('\r\n        SELEC...')
#4 C:\xampp\htdocs\restaurantes\app\Models\productoFacturaVentaModel.php(284): CodeIgniter\Database\BaseConnection->query('\r\n        SELEC...')
#5 C:\xampp\htdocs\restaurantes\app\Views\producto\datos_consultar_agrupado.php(30): App\Models\productoFacturaVentaModel->suma('67067', '67108', '374', '26250')
#6 C:\xampp\htdocs\restaurantes\system\View\View.php(210): include('C:\\xampp\\htdocs...')
#7 C:\xampp\htdocs\restaurantes\system\View\View.php(213): CodeIgniter\View\View->CodeIgniter\View\{closure}()
#8 C:\xampp\htdocs\restaurantes\system\Common.php(1089): CodeIgniter\View\View->render('producto/datos_...', Array, true)
#9 C:\xampp\htdocs\restaurantes\app\Controllers\consultas_y_reportes\reporteDeVentasController.php(397): view('producto/datos_...', Array)
#10 C:\xampp\htdocs\restaurantes\system\CodeIgniter.php(832): App\Controllers\consultas_y_reportes\reporteDeVentasController->consultar_producto_agrupado()
#11 C:\xampp\htdocs\restaurantes\system\CodeIgniter.php(419): CodeIgniter\CodeIgniter->runController(Object(App\Controllers\consultas_y_reportes\reporteDeVentasController))
#12 C:\xampp\htdocs\restaurantes\system\CodeIgniter.php(326): CodeIgniter\CodeIgniter->handleRequest(NULL, Object(Config\Cache), false)
#13 C:\xampp\htdocs\restaurantes\index.php(37): CodeIgniter\CodeIgniter->run()
#14 {main}
CRITICAL - 2022-10-21 11:05:56 --> syntax error, unexpected token ")"
#0 C:\xampp\htdocs\restaurantes\system\View\View.php(213): CodeIgniter\View\View->CodeIgniter\View\{closure}()
#1 C:\xampp\htdocs\restaurantes\system\Common.php(1089): CodeIgniter\View\View->render('producto/datos_...', Array, true)
#2 C:\xampp\htdocs\restaurantes\app\Controllers\consultas_y_reportes\reporteDeVentasController.php(397): view('producto/datos_...', Array)
#3 C:\xampp\htdocs\restaurantes\system\CodeIgniter.php(832): App\Controllers\consultas_y_reportes\reporteDeVentasController->consultar_producto_agrupado()
#4 C:\xampp\htdocs\restaurantes\system\CodeIgniter.php(419): CodeIgniter\CodeIgniter->runController(Object(App\Controllers\consultas_y_reportes\reporteDeVentasController))
#5 C:\xampp\htdocs\restaurantes\system\CodeIgniter.php(326): CodeIgniter\CodeIgniter->handleRequest(NULL, Object(Config\Cache), false)
#6 C:\xampp\htdocs\restaurantes\index.php(37): CodeIgniter\CodeIgniter->run()
#7 {main}
CRITICAL - 2022-10-21 11:34:01 --> Too few arguments to function App\Models\productoFacturaVentaModel::suma(), 2 passed in C:\xampp\htdocs\restaurantes\app\Controllers\consultas_y_reportes\reporteDeVentasController.php on line 390 and exactly 4 expected
#0 C:\xampp\htdocs\restaurantes\app\Controllers\consultas_y_reportes\reporteDeVentasController.php(390): App\Models\productoFacturaVentaModel->suma('67067', '67108')
#1 C:\xampp\htdocs\restaurantes\system\CodeIgniter.php(832): App\Controllers\consultas_y_reportes\reporteDeVentasController->consultar_producto_agrupado()
#2 C:\xampp\htdocs\restaurantes\system\CodeIgniter.php(419): CodeIgniter\CodeIgniter->runController(Object(App\Controllers\consultas_y_reportes\reporteDeVentasController))
#3 C:\xampp\htdocs\restaurantes\system\CodeIgniter.php(326): CodeIgniter\CodeIgniter->handleRequest(NULL, Object(Config\Cache), false)
#4 C:\xampp\htdocs\restaurantes\index.php(37): CodeIgniter\CodeIgniter->run()
#5 {main}
CRITICAL - 2022-10-21 13:34:05 --> Array to string conversion
#0 C:\xampp\htdocs\restaurantes\app\Controllers\consultas_y_reportes\reporteDeVentasController.php(401): CodeIgniter\Debug\Exceptions->errorHandler(2, 'Array to string...', 'C:\\xampp\\htdocs...', 401)
#1 C:\xampp\htdocs\restaurantes\system\CodeIgniter.php(832): App\Controllers\consultas_y_reportes\reporteDeVentasController->consultar_producto_agrupado()
#2 C:\xampp\htdocs\restaurantes\system\CodeIgniter.php(419): CodeIgniter\CodeIgniter->runController(Object(App\Controllers\consultas_y_reportes\reporteDeVentasController))
#3 C:\xampp\htdocs\restaurantes\system\CodeIgniter.php(326): CodeIgniter\CodeIgniter->handleRequest(NULL, Object(Config\Cache), false)
#4 C:\xampp\htdocs\restaurantes\index.php(37): CodeIgniter\CodeIgniter->run()
#5 {main}
CRITICAL - 2022-10-21 16:19:29 --> Undefined array key "id_producto"
#0 C:\xampp\htdocs\restaurantes\app\Controllers\producto\productoController.php(258): CodeIgniter\Debug\Exceptions->errorHandler(2, 'Undefined array...', 'C:\\xampp\\htdocs...', 258)
#1 C:\xampp\htdocs\restaurantes\system\CodeIgniter.php(832): App\Controllers\producto\productoController->agregar_productos_x_categoria()
#2 C:\xampp\htdocs\restaurantes\system\CodeIgniter.php(419): CodeIgniter\CodeIgniter->runController(Object(App\Controllers\producto\productoController))
#3 C:\xampp\htdocs\restaurantes\system\CodeIgniter.php(326): CodeIgniter\CodeIgniter->handleRequest(NULL, Object(Config\Cache), false)
#4 C:\xampp\htdocs\restaurantes\index.php(37): CodeIgniter\CodeIgniter->run()
#5 {main}
ERROR - 2022-10-21 18:12:27 --> ErrorException: pg_query(): Query failed: server closed the connection unexpectedly
	This probably means the server terminated abnormally
	before or while processing the request. in C:\xampp\htdocs\restaurantes\system\Database\Postgre\Connection.php:135
Stack trace:
#0 [internal function]: CodeIgniter\Debug\Exceptions->errorHandler(2, 'pg_query(): Que...', 'C:\\xampp\\htdocs...', 135)
#1 C:\xampp\htdocs\restaurantes\system\Database\Postgre\Connection.php(135): pg_query(Resource id #158, 'UPDATE "inventa...')
#2 C:\xampp\htdocs\restaurantes\system\Database\BaseConnection.php(670): CodeIgniter\Database\Postgre\Connection->execute('UPDATE "inventa...')
#3 C:\xampp\htdocs\restaurantes\system\Database\BaseConnection.php(598): CodeIgniter\Database\BaseConnection->simpleQuery('UPDATE "inventa...')
#4 C:\xampp\htdocs\restaurantes\system\Database\BaseBuilder.php(1913): CodeIgniter\Database\BaseConnection->query('UPDATE "inventa...', Array, false)
#5 C:\xampp\htdocs\restaurantes\system\Model.php(298): CodeIgniter\Database\BaseBuilder->update()
#6 C:\xampp\htdocs\restaurantes\system\BaseModel.php(865): CodeIgniter\Model->doUpdate(NULL, Array)
#7 C:\xampp\htdocs\restaurantes\system\Model.php(651): CodeIgniter\BaseModel->update(NULL, Array)
#8 C:\xampp\htdocs\restaurantes\app\Controllers\factura_pos\facturaDirectaController.php(223): CodeIgniter\Model->update()
#9 C:\xampp\htdocs\restaurantes\app\Controllers\factura_pos\facturaDirectaController.php(76): App\Controllers\factura_pos\facturaDirectaController->facturacion_sin_impuestos(0, '20000', '0', '14000', '22222222', '6', '1', '200000')
#10 C:\xampp\htdocs\restaurantes\system\CodeIgniter.php(832): App\Controllers\factura_pos\facturaDirectaController->facturacion()
#11 C:\xampp\htdocs\restaurantes\system\CodeIgniter.php(419): CodeIgniter\CodeIgniter->runController(Object(App\Controllers\factura_pos\facturaDirectaController))
#12 C:\xampp\htdocs\restaurantes\system\CodeIgniter.php(326): CodeIgniter\CodeIgniter->handleRequest(NULL, Object(Config\Cache), false)
#13 C:\xampp\htdocs\restaurantes\index.php(37): CodeIgniter\CodeIgniter->run()
#14 {main}
CRITICAL - 2022-10-21 18:12:27 --> pg_query(): Query failed: server closed the connection unexpectedly
	This probably means the server terminated abnormally
	before or while processing the request.
#0 [internal function]: CodeIgniter\Debug\Exceptions->errorHandler(2, 'pg_query(): Que...', 'C:\\xampp\\htdocs...', 135)
#1 C:\xampp\htdocs\restaurantes\system\Database\Postgre\Connection.php(135): pg_query(Resource id #158, 'UPDATE "inventa...')
#2 C:\xampp\htdocs\restaurantes\system\Database\BaseConnection.php(670): CodeIgniter\Database\Postgre\Connection->execute('UPDATE "inventa...')
#3 C:\xampp\htdocs\restaurantes\system\Database\BaseConnection.php(598): CodeIgniter\Database\BaseConnection->simpleQuery('UPDATE "inventa...')
#4 C:\xampp\htdocs\restaurantes\system\Database\BaseBuilder.php(1913): CodeIgniter\Database\BaseConnection->query('UPDATE "inventa...', Array, false)
#5 C:\xampp\htdocs\restaurantes\system\Model.php(298): CodeIgniter\Database\BaseBuilder->update()
#6 C:\xampp\htdocs\restaurantes\system\BaseModel.php(865): CodeIgniter\Model->doUpdate(NULL, Array)
#7 C:\xampp\htdocs\restaurantes\system\Model.php(651): CodeIgniter\BaseModel->update(NULL, Array)
#8 C:\xampp\htdocs\restaurantes\app\Controllers\factura_pos\facturaDirectaController.php(223): CodeIgniter\Model->update()
#9 C:\xampp\htdocs\restaurantes\app\Controllers\factura_pos\facturaDirectaController.php(76): App\Controllers\factura_pos\facturaDirectaController->facturacion_sin_impuestos(0, '20000', '0', '14000', '22222222', '6', '1', '200000')
#10 C:\xampp\htdocs\restaurantes\system\CodeIgniter.php(832): App\Controllers\factura_pos\facturaDirectaController->facturacion()
#11 C:\xampp\htdocs\restaurantes\system\CodeIgniter.php(419): CodeIgniter\CodeIgniter->runController(Object(App\Controllers\factura_pos\facturaDirectaController))
#12 C:\xampp\htdocs\restaurantes\system\CodeIgniter.php(326): CodeIgniter\CodeIgniter->handleRequest(NULL, Object(Config\Cache), false)
#13 C:\xampp\htdocs\restaurantes\index.php(37): CodeIgniter\CodeIgniter->run()
#14 {main}
CRITICAL - 2022-10-21 18:12:27 --> Uncaught CodeIgniter\Format\Exceptions\FormatException: Failed to parse json string, error: "Type is not supported". in C:\xampp\htdocs\restaurantes\system\Format\JSONFormatter.php:41
Stack trace:
#0 C:\xampp\htdocs\restaurantes\system\Format\JSONFormatter.php(41): CodeIgniter\Format\Exceptions\FormatException::forInvalidJSON('Type is not sup...')
#1 C:\xampp\htdocs\restaurantes\system\API\ResponseTrait.php(341): CodeIgniter\Format\JSONFormatter->format(Array)
#2 C:\xampp\htdocs\restaurantes\system\API\ResponseTrait.php(99): CodeIgniter\Debug\Exceptions->format(Array)
#3 C:\xampp\htdocs\restaurantes\system\Debug\Exceptions.php(115): CodeIgniter\Debug\Exceptions->respond(Array, 500)
#4 [internal function]: CodeIgniter\Debug\Exceptions->exceptionHandler(Object(ErrorException))
#5 {main}
  thrown
#0 [internal function]: CodeIgniter\Debug\Exceptions->shutdownHandler()
#1 {main}
CRITICAL - 2022-10-21 18:45:49 --> Undefined variable $caja
#0 C:\xampp\htdocs\restaurantes\app\Views\caja\lista_precios.php(24): CodeIgniter\Debug\Exceptions->errorHandler(2, 'Undefined varia...', 'C:\\xampp\\htdocs...', 24)
#1 C:\xampp\htdocs\restaurantes\system\View\View.php(210): include('C:\\xampp\\htdocs...')
#2 C:\xampp\htdocs\restaurantes\system\View\View.php(213): CodeIgniter\View\View->CodeIgniter\View\{closure}()
#3 C:\xampp\htdocs\restaurantes\system\Common.php(1089): CodeIgniter\View\View->render('caja/lista_prec...', Array, true)
#4 C:\xampp\htdocs\restaurantes\app\Controllers\factura_pos\facturacionConImpuestosController.php(44): view('caja/lista_prec...')
#5 C:\xampp\htdocs\restaurantes\system\CodeIgniter.php(832): App\Controllers\factura_pos\facturacionConImpuestosController->factura_pos()
#6 C:\xampp\htdocs\restaurantes\system\CodeIgniter.php(419): CodeIgniter\CodeIgniter->runController(Object(App\Controllers\factura_pos\facturacionConImpuestosController))
#7 C:\xampp\htdocs\restaurantes\system\CodeIgniter.php(326): CodeIgniter\CodeIgniter->handleRequest(NULL, Object(Config\Cache), false)
#8 C:\xampp\htdocs\restaurantes\index.php(37): CodeIgniter\CodeIgniter->run()
#9 {main}
