CRITICAL - 2022-04-24 18:31:45 --> Undefined array key "prieba"
#0 C:\xampp\htdocs\web\app\Controllers\factura_pos\facturacionConImpuestosController.php(24): CodeIgniter\Debug\Exceptions->errorHandler(2, 'Undefined array...', 'C:\\xampp\\htdocs...', 24)
#1 C:\xampp\htdocs\web\system\CodeIgniter.php(832): App\Controllers\factura_pos\facturacionConImpuestosController->factura_pos()
#2 C:\xampp\htdocs\web\system\CodeIgniter.php(419): CodeIgniter\CodeIgniter->runController(Object(App\Controllers\factura_pos\facturacionConImpuestosController))
#3 C:\xampp\htdocs\web\system\CodeIgniter.php(326): CodeIgniter\CodeIgniter->handleRequest(NULL, Object(Config\Cache), false)
#4 C:\xampp\htdocs\web\index.php(37): CodeIgniter\CodeIgniter->run()
#5 {main}
CRITICAL - 2022-04-24 18:31:53 --> Undefined array key "prieba"
#0 C:\xampp\htdocs\web\app\Controllers\factura_pos\facturacionConImpuestosController.php(24): CodeIgniter\Debug\Exceptions->errorHandler(2, 'Undefined array...', 'C:\\xampp\\htdocs...', 24)
#1 C:\xampp\htdocs\web\system\CodeIgniter.php(832): App\Controllers\factura_pos\facturacionConImpuestosController->factura_pos()
#2 C:\xampp\htdocs\web\system\CodeIgniter.php(419): CodeIgniter\CodeIgniter->runController(Object(App\Controllers\factura_pos\facturacionConImpuestosController))
#3 C:\xampp\htdocs\web\system\CodeIgniter.php(326): CodeIgniter\CodeIgniter->handleRequest(NULL, Object(Config\Cache), false)
#4 C:\xampp\htdocs\web\index.php(37): CodeIgniter\CodeIgniter->run()
#5 {main}
CRITICAL - 2022-04-24 18:32:15 --> Trying to access array offset on value of type null
#0 C:\xampp\htdocs\web\app\Controllers\pedido\pedidoController.php(1057): CodeIgniter\Debug\Exceptions->errorHandler(2, 'Trying to acces...', 'C:\\xampp\\htdocs...', 1057)
#1 C:\xampp\htdocs\web\system\CodeIgniter.php(832): App\Controllers\pedido\pedidoController->valor_pedido()
#2 C:\xampp\htdocs\web\system\CodeIgniter.php(419): CodeIgniter\CodeIgniter->runController(Object(App\Controllers\pedido\pedidoController))
#3 C:\xampp\htdocs\web\system\CodeIgniter.php(326): CodeIgniter\CodeIgniter->handleRequest(NULL, Object(Config\Cache), false)
#4 C:\xampp\htdocs\web\index.php(37): CodeIgniter\CodeIgniter->run()
#5 {main}
CRITICAL - 2022-04-24 18:57:42 --> Undefined variable $id_regimen
#0 C:\xampp\htdocs\web\app\Views\ventanas_modal_cliente\creacion_cliente.php(26): CodeIgniter\Debug\Exceptions->errorHandler(2, 'Undefined varia...', 'C:\\xampp\\htdocs...', 26)
#1 C:\xampp\htdocs\web\system\View\View.php(210): include('C:\\xampp\\htdocs...')
#2 C:\xampp\htdocs\web\system\View\View.php(213): CodeIgniter\View\View->CodeIgniter\View\{closure}()
#3 C:\xampp\htdocs\web\system\View\View.php(424): CodeIgniter\View\View->render('ventanas_modal_...', NULL, true)
#4 C:\xampp\htdocs\web\app\Views\template\factura_pos.php(36): CodeIgniter\View\View->include('ventanas_modal_...')
#5 C:\xampp\htdocs\web\system\View\View.php(210): include('C:\\xampp\\htdocs...')
#6 C:\xampp\htdocs\web\system\View\View.php(213): CodeIgniter\View\View->CodeIgniter\View\{closure}()
#7 C:\xampp\htdocs\web\system\View\View.php(226): CodeIgniter\View\View->render('template/factur...', Array, true)
#8 C:\xampp\htdocs\web\system\Common.php(1089): CodeIgniter\View\View->render('factura_pos/fac...', Array, true)
#9 C:\xampp\htdocs\web\app\Controllers\factura_pos\facturacionConImpuestosController.php(94): view('factura_pos/fac...', Array)
#10 C:\xampp\htdocs\web\system\CodeIgniter.php(832): App\Controllers\factura_pos\facturacionConImpuestosController->factura_pos()
#11 C:\xampp\htdocs\web\system\CodeIgniter.php(419): CodeIgniter\CodeIgniter->runController(Object(App\Controllers\factura_pos\facturacionConImpuestosController))
#12 C:\xampp\htdocs\web\system\CodeIgniter.php(326): CodeIgniter\CodeIgniter->handleRequest(NULL, Object(Config\Cache), false)
#13 C:\xampp\htdocs\web\index.php(37): CodeIgniter\CodeIgniter->run()
#14 {main}
CRITICAL - 2022-04-24 18:58:39 --> Undefined variable $id_regimen
#0 C:\xampp\htdocs\web\app\Views\ventanas_modal_cliente\creacion_cliente.php(26): CodeIgniter\Debug\Exceptions->errorHandler(2, 'Undefined varia...', 'C:\\xampp\\htdocs...', 26)
#1 C:\xampp\htdocs\web\system\View\View.php(210): include('C:\\xampp\\htdocs...')
#2 C:\xampp\htdocs\web\system\View\View.php(213): CodeIgniter\View\View->CodeIgniter\View\{closure}()
#3 C:\xampp\htdocs\web\system\View\View.php(424): CodeIgniter\View\View->render('ventanas_modal_...', NULL, true)
#4 C:\xampp\htdocs\web\app\Views\template\factura_pos.php(31): CodeIgniter\View\View->include('ventanas_modal_...')
#5 C:\xampp\htdocs\web\system\View\View.php(210): include('C:\\xampp\\htdocs...')
#6 C:\xampp\htdocs\web\system\View\View.php(213): CodeIgniter\View\View->CodeIgniter\View\{closure}()
#7 C:\xampp\htdocs\web\system\View\View.php(226): CodeIgniter\View\View->render('template/factur...', Array, true)
#8 C:\xampp\htdocs\web\system\Common.php(1089): CodeIgniter\View\View->render('factura_pos/fac...', Array, true)
#9 C:\xampp\htdocs\web\app\Controllers\factura_pos\facturacionConImpuestosController.php(94): view('factura_pos/fac...', Array)
#10 C:\xampp\htdocs\web\system\CodeIgniter.php(832): App\Controllers\factura_pos\facturacionConImpuestosController->factura_pos()
#11 C:\xampp\htdocs\web\system\CodeIgniter.php(419): CodeIgniter\CodeIgniter->runController(Object(App\Controllers\factura_pos\facturacionConImpuestosController))
#12 C:\xampp\htdocs\web\system\CodeIgniter.php(326): CodeIgniter\CodeIgniter->handleRequest(NULL, Object(Config\Cache), false)
#13 C:\xampp\htdocs\web\index.php(37): CodeIgniter\CodeIgniter->run()
#14 {main}
CRITICAL - 2022-04-24 19:14:35 --> syntax error, unexpected variable "$user_session", expecting "("
#0 C:\xampp\htdocs\web\system\View\View.php(213): CodeIgniter\View\View->CodeIgniter\View\{closure}()
#1 C:\xampp\htdocs\web\system\View\View.php(424): CodeIgniter\View\View->render('layout/navbar', NULL, true)
#2 C:\xampp\htdocs\web\app\Views\template\template.php(18): CodeIgniter\View\View->include('layout/navbar')
#3 C:\xampp\htdocs\web\system\View\View.php(210): include('C:\\xampp\\htdocs...')
#4 C:\xampp\htdocs\web\system\View\View.php(213): CodeIgniter\View\View->CodeIgniter\View\{closure}()
#5 C:\xampp\htdocs\web\system\View\View.php(226): CodeIgniter\View\View->render('template/templa...', Array, true)
#6 C:\xampp\htdocs\web\system\Common.php(1089): CodeIgniter\View\View->render('usuarios/editar', Array, true)
#7 C:\xampp\htdocs\web\app\Controllers\usuarios\usuariosController.php(34): view('usuarios/editar', Array)
#8 C:\xampp\htdocs\web\system\CodeIgniter.php(832): App\Controllers\usuarios\usuariosController->editar()
#9 C:\xampp\htdocs\web\system\CodeIgniter.php(419): CodeIgniter\CodeIgniter->runController(Object(App\Controllers\usuarios\usuariosController))
#10 C:\xampp\htdocs\web\system\CodeIgniter.php(326): CodeIgniter\CodeIgniter->handleRequest(NULL, Object(Config\Cache), false)
#11 C:\xampp\htdocs\web\index.php(37): CodeIgniter\CodeIgniter->run()
#12 {main}
CRITICAL - 2022-04-24 19:15:20 --> syntax error, unexpected token "{", expecting "("
#0 C:\xampp\htdocs\web\system\View\View.php(213): CodeIgniter\View\View->CodeIgniter\View\{closure}()
#1 C:\xampp\htdocs\web\system\View\View.php(424): CodeIgniter\View\View->render('layout/navbar', NULL, true)
#2 C:\xampp\htdocs\web\app\Views\template\template.php(18): CodeIgniter\View\View->include('layout/navbar')
#3 C:\xampp\htdocs\web\system\View\View.php(210): include('C:\\xampp\\htdocs...')
#4 C:\xampp\htdocs\web\system\View\View.php(213): CodeIgniter\View\View->CodeIgniter\View\{closure}()
#5 C:\xampp\htdocs\web\system\View\View.php(226): CodeIgniter\View\View->render('template/templa...', Array, true)
#6 C:\xampp\htdocs\web\system\Common.php(1089): CodeIgniter\View\View->render('usuarios/editar', Array, true)
#7 C:\xampp\htdocs\web\app\Controllers\usuarios\usuariosController.php(34): view('usuarios/editar', Array)
#8 C:\xampp\htdocs\web\system\CodeIgniter.php(832): App\Controllers\usuarios\usuariosController->editar()
#9 C:\xampp\htdocs\web\system\CodeIgniter.php(419): CodeIgniter\CodeIgniter->runController(Object(App\Controllers\usuarios\usuariosController))
#10 C:\xampp\htdocs\web\system\CodeIgniter.php(326): CodeIgniter\CodeIgniter->handleRequest(NULL, Object(Config\Cache), false)
#11 C:\xampp\htdocs\web\index.php(37): CodeIgniter\CodeIgniter->run()
#12 {main}
