CRITICAL - 2024-11-03 17:29:40 --> unlink(C:\xampp\htdocs\dfpyme\writable\debugbar/debugbar_1730588020.json): No such file or directory
#0 [internal function]: CodeIgniter\Debug\Exceptions->errorHandler(2, 'unlink(C:\\xampp...', 'C:\\xampp\\htdocs...', 74)
#1 C:\xampp\htdocs\dfpyme\system\Debug\Toolbar\Collectors\History.php(74): unlink('C:\\xampp\\htdocs...')
#2 C:\xampp\htdocs\dfpyme\system\Debug\Toolbar.php(487): CodeIgniter\Debug\Toolbar\Collectors\History->setFiles(1730672979, 20)
#3 C:\xampp\htdocs\dfpyme\system\Debug\Toolbar.php(464): CodeIgniter\Debug\Toolbar->format(Array, 'html')
#4 C:\xampp\htdocs\dfpyme\app\Config\Events.php(48): CodeIgniter\Debug\Toolbar->respond()
#5 C:\xampp\htdocs\dfpyme\system\Events\Events.php(149): CodeIgniter\Events\Events::Config\{closure}()
#6 C:\xampp\htdocs\dfpyme\system\CodeIgniter.php(308): CodeIgniter\Events\Events::trigger('pre_system')
#7 C:\xampp\htdocs\dfpyme\index.php(37): CodeIgniter\CodeIgniter->run()
#8 {main}
ERROR - 2024-11-03 22:38:43 --> ErrorException: pg_query(): Query failed: ERROR:  la sintaxis de entrada no es válida para tipo date: «»
LINE 5:         WHERE fecha BETWEEN '' AND '';
                                    ^ in C:\xampp\htdocs\dfpyme\system\Database\Postgre\Connection.php:135
Stack trace:
#0 [internal function]: CodeIgniter\Debug\Exceptions->errorHandler(2, 'pg_query(): Que...', 'C:\\xampp\\htdocs...', 135)
#1 C:\xampp\htdocs\dfpyme\system\Database\Postgre\Connection.php(135): pg_query(Resource id #157, '\r\n        \r\n   ...')
#2 C:\xampp\htdocs\dfpyme\system\Database\BaseConnection.php(670): CodeIgniter\Database\Postgre\Connection->execute('\r\n        \r\n   ...')
#3 C:\xampp\htdocs\dfpyme\system\Database\BaseConnection.php(598): CodeIgniter\Database\BaseConnection->simpleQuery('\r\n        \r\n   ...')
#4 C:\xampp\htdocs\dfpyme\app\Models\EntradasSalidasModel.php(122): CodeIgniter\Database\BaseConnection->query('\r\n        \r\n   ...')
#5 C:\xampp\htdocs\dfpyme\app\Controllers\reportes\ReportesController.php(820): App\Models\EntradasSalidasModel->getMovimientosAll(NULL, NULL)
#6 C:\xampp\htdocs\dfpyme\system\CodeIgniter.php(832): App\Controllers\reportes\ReportesController->reporte_movimiento()
#7 C:\xampp\htdocs\dfpyme\system\CodeIgniter.php(419): CodeIgniter\CodeIgniter->runController(Object(App\Controllers\reportes\ReportesController))
#8 C:\xampp\htdocs\dfpyme\system\CodeIgniter.php(326): CodeIgniter\CodeIgniter->handleRequest(NULL, Object(Config\Cache), false)
#9 C:\xampp\htdocs\dfpyme\index.php(37): CodeIgniter\CodeIgniter->run()
#10 {main}
CRITICAL - 2024-11-03 22:38:43 --> pg_query(): Query failed: ERROR:  la sintaxis de entrada no es válida para tipo date: «»
LINE 5:         WHERE fecha BETWEEN '' AND '';
                                    ^
#0 [internal function]: CodeIgniter\Debug\Exceptions->errorHandler(2, 'pg_query(): Que...', 'C:\\xampp\\htdocs...', 135)
#1 C:\xampp\htdocs\dfpyme\system\Database\Postgre\Connection.php(135): pg_query(Resource id #157, '\r\n        \r\n   ...')
#2 C:\xampp\htdocs\dfpyme\system\Database\BaseConnection.php(670): CodeIgniter\Database\Postgre\Connection->execute('\r\n        \r\n   ...')
#3 C:\xampp\htdocs\dfpyme\system\Database\BaseConnection.php(598): CodeIgniter\Database\BaseConnection->simpleQuery('\r\n        \r\n   ...')
#4 C:\xampp\htdocs\dfpyme\app\Models\EntradasSalidasModel.php(122): CodeIgniter\Database\BaseConnection->query('\r\n        \r\n   ...')
#5 C:\xampp\htdocs\dfpyme\app\Controllers\reportes\ReportesController.php(820): App\Models\EntradasSalidasModel->getMovimientosAll(NULL, NULL)
#6 C:\xampp\htdocs\dfpyme\system\CodeIgniter.php(832): App\Controllers\reportes\ReportesController->reporte_movimiento()
#7 C:\xampp\htdocs\dfpyme\system\CodeIgniter.php(419): CodeIgniter\CodeIgniter->runController(Object(App\Controllers\reportes\ReportesController))
#8 C:\xampp\htdocs\dfpyme\system\CodeIgniter.php(326): CodeIgniter\CodeIgniter->handleRequest(NULL, Object(Config\Cache), false)
#9 C:\xampp\htdocs\dfpyme\index.php(37): CodeIgniter\CodeIgniter->run()
#10 {main}
