CRITICAL - 2024-10-31 15:12:43 --> unlink(C:\xampp\htdocs\dfpyme\writable\debugbar/debugbar_1730398677.json): No such file or directory
#0 [internal function]: CodeIgniter\Debug\Exceptions->errorHandler(2, 'unlink(C:\\xampp...', 'C:\\xampp\\htdocs...', 74)
#1 C:\xampp\htdocs\dfpyme\system\Debug\Toolbar\Collectors\History.php(74): unlink('C:\\xampp\\htdocs...')
#2 C:\xampp\htdocs\dfpyme\system\Debug\Toolbar.php(487): CodeIgniter\Debug\Toolbar\Collectors\History->setFiles(1730405561, 20)
#3 C:\xampp\htdocs\dfpyme\system\Debug\Toolbar.php(464): CodeIgniter\Debug\Toolbar->format(Array, 'html')
#4 C:\xampp\htdocs\dfpyme\app\Config\Events.php(48): CodeIgniter\Debug\Toolbar->respond()
#5 C:\xampp\htdocs\dfpyme\system\Events\Events.php(149): CodeIgniter\Events\Events::Config\{closure}()
#6 C:\xampp\htdocs\dfpyme\system\CodeIgniter.php(308): CodeIgniter\Events\Events::trigger('pre_system')
#7 C:\xampp\htdocs\dfpyme\index.php(37): CodeIgniter\CodeIgniter->run()
#8 {main}
ERROR - 2024-10-31 15:54:51 --> ErrorException: pg_query(): Query failed: ERROR:  error de sintaxis en o cerca de «;»
LINE 14:     producto_factura_proveedor_temp.id_usuario = ;
                                                          ^ in C:\xampp\htdocs\dfpyme\system\Database\Postgre\Connection.php:135
Stack trace:
#0 [internal function]: CodeIgniter\Debug\Exceptions->errorHandler(2, 'pg_query(): Que...', 'C:\\xampp\\htdocs...', 135)
#1 C:\xampp\htdocs\dfpyme\system\Database\Postgre\Connection.php(135): pg_query(Resource id #156, '\r\n SELECT \r\n   ...')
#2 C:\xampp\htdocs\dfpyme\system\Database\BaseConnection.php(670): CodeIgniter\Database\Postgre\Connection->execute('\r\n SELECT \r\n   ...')
#3 C:\xampp\htdocs\dfpyme\system\Database\BaseConnection.php(598): CodeIgniter\Database\BaseConnection->simpleQuery('\r\n SELECT \r\n   ...')
#4 C:\xampp\htdocs\dfpyme\app\Models\ProductoCompraModel.php(42): CodeIgniter\Database\BaseConnection->query('\r\n SELECT \r\n   ...')
#5 C:\xampp\htdocs\dfpyme\app\Controllers\comanda\imprimirComandaController.php(620): App\Models\ProductoCompraModel->productos_compra(NULL)
#6 C:\xampp\htdocs\dfpyme\system\CodeIgniter.php(832): App\Controllers\comanda\imprimirComandaController->impresion_compra()
#7 C:\xampp\htdocs\dfpyme\system\CodeIgniter.php(419): CodeIgniter\CodeIgniter->runController(Object(App\Controllers\comanda\imprimirComandaController))
#8 C:\xampp\htdocs\dfpyme\system\CodeIgniter.php(326): CodeIgniter\CodeIgniter->handleRequest(NULL, Object(Config\Cache), false)
#9 C:\xampp\htdocs\dfpyme\index.php(37): CodeIgniter\CodeIgniter->run()
#10 {main}
CRITICAL - 2024-10-31 15:54:51 --> pg_query(): Query failed: ERROR:  error de sintaxis en o cerca de «;»
LINE 14:     producto_factura_proveedor_temp.id_usuario = ;
                                                          ^
#0 [internal function]: CodeIgniter\Debug\Exceptions->errorHandler(2, 'pg_query(): Que...', 'C:\\xampp\\htdocs...', 135)
#1 C:\xampp\htdocs\dfpyme\system\Database\Postgre\Connection.php(135): pg_query(Resource id #156, '\r\n SELECT \r\n   ...')
#2 C:\xampp\htdocs\dfpyme\system\Database\BaseConnection.php(670): CodeIgniter\Database\Postgre\Connection->execute('\r\n SELECT \r\n   ...')
#3 C:\xampp\htdocs\dfpyme\system\Database\BaseConnection.php(598): CodeIgniter\Database\BaseConnection->simpleQuery('\r\n SELECT \r\n   ...')
#4 C:\xampp\htdocs\dfpyme\app\Models\ProductoCompraModel.php(42): CodeIgniter\Database\BaseConnection->query('\r\n SELECT \r\n   ...')
#5 C:\xampp\htdocs\dfpyme\app\Controllers\comanda\imprimirComandaController.php(620): App\Models\ProductoCompraModel->productos_compra(NULL)
#6 C:\xampp\htdocs\dfpyme\system\CodeIgniter.php(832): App\Controllers\comanda\imprimirComandaController->impresion_compra()
#7 C:\xampp\htdocs\dfpyme\system\CodeIgniter.php(419): CodeIgniter\CodeIgniter->runController(Object(App\Controllers\comanda\imprimirComandaController))
#8 C:\xampp\htdocs\dfpyme\system\CodeIgniter.php(326): CodeIgniter\CodeIgniter->handleRequest(NULL, Object(Config\Cache), false)
#9 C:\xampp\htdocs\dfpyme\index.php(37): CodeIgniter\CodeIgniter->run()
#10 {main}
CRITICAL - 2024-10-31 15:54:52 --> Uncaught CodeIgniter\Format\Exceptions\FormatException: Failed to parse json string, error: "Type is not supported". in C:\xampp\htdocs\dfpyme\system\Format\JSONFormatter.php:41
Stack trace:
#0 C:\xampp\htdocs\dfpyme\system\Format\JSONFormatter.php(41): CodeIgniter\Format\Exceptions\FormatException::forInvalidJSON('Type is not sup...')
#1 C:\xampp\htdocs\dfpyme\system\API\ResponseTrait.php(341): CodeIgniter\Format\JSONFormatter->format(Array)
#2 C:\xampp\htdocs\dfpyme\system\API\ResponseTrait.php(99): CodeIgniter\Debug\Exceptions->format(Array)
#3 C:\xampp\htdocs\dfpyme\system\Debug\Exceptions.php(115): CodeIgniter\Debug\Exceptions->respond(Array, 500)
#4 [internal function]: CodeIgniter\Debug\Exceptions->exceptionHandler(Object(ErrorException))
#5 {main}
  thrown
#0 [internal function]: CodeIgniter\Debug\Exceptions->shutdownHandler()
#1 {main}
ERROR - 2024-10-31 22:31:23 --> ErrorException: pg_query(): Query failed: ERROR:  error de sintaxis en o cerca de «;»
LINE 14:     producto_factura_proveedor_temp.id_usuario = ;
                                                          ^ in C:\xampp\htdocs\dfpyme\system\Database\Postgre\Connection.php:135
Stack trace:
#0 [internal function]: CodeIgniter\Debug\Exceptions->errorHandler(2, 'pg_query(): Que...', 'C:\\xampp\\htdocs...', 135)
#1 C:\xampp\htdocs\dfpyme\system\Database\Postgre\Connection.php(135): pg_query(Resource id #156, '\r\n SELECT \r\n   ...')
#2 C:\xampp\htdocs\dfpyme\system\Database\BaseConnection.php(670): CodeIgniter\Database\Postgre\Connection->execute('\r\n SELECT \r\n   ...')
#3 C:\xampp\htdocs\dfpyme\system\Database\BaseConnection.php(598): CodeIgniter\Database\BaseConnection->simpleQuery('\r\n SELECT \r\n   ...')
#4 C:\xampp\htdocs\dfpyme\app\Models\ProductoCompraModel.php(42): CodeIgniter\Database\BaseConnection->query('\r\n SELECT \r\n   ...')
#5 C:\xampp\htdocs\dfpyme\app\Controllers\comanda\imprimirComandaController.php(620): App\Models\ProductoCompraModel->productos_compra('')
#6 C:\xampp\htdocs\dfpyme\system\CodeIgniter.php(832): App\Controllers\comanda\imprimirComandaController->impresion_compra()
#7 C:\xampp\htdocs\dfpyme\system\CodeIgniter.php(419): CodeIgniter\CodeIgniter->runController(Object(App\Controllers\comanda\imprimirComandaController))
#8 C:\xampp\htdocs\dfpyme\system\CodeIgniter.php(326): CodeIgniter\CodeIgniter->handleRequest(NULL, Object(Config\Cache), false)
#9 C:\xampp\htdocs\dfpyme\index.php(37): CodeIgniter\CodeIgniter->run()
#10 {main}
CRITICAL - 2024-10-31 22:31:23 --> pg_query(): Query failed: ERROR:  error de sintaxis en o cerca de «;»
LINE 14:     producto_factura_proveedor_temp.id_usuario = ;
                                                          ^
#0 [internal function]: CodeIgniter\Debug\Exceptions->errorHandler(2, 'pg_query(): Que...', 'C:\\xampp\\htdocs...', 135)
#1 C:\xampp\htdocs\dfpyme\system\Database\Postgre\Connection.php(135): pg_query(Resource id #156, '\r\n SELECT \r\n   ...')
#2 C:\xampp\htdocs\dfpyme\system\Database\BaseConnection.php(670): CodeIgniter\Database\Postgre\Connection->execute('\r\n SELECT \r\n   ...')
#3 C:\xampp\htdocs\dfpyme\system\Database\BaseConnection.php(598): CodeIgniter\Database\BaseConnection->simpleQuery('\r\n SELECT \r\n   ...')
#4 C:\xampp\htdocs\dfpyme\app\Models\ProductoCompraModel.php(42): CodeIgniter\Database\BaseConnection->query('\r\n SELECT \r\n   ...')
#5 C:\xampp\htdocs\dfpyme\app\Controllers\comanda\imprimirComandaController.php(620): App\Models\ProductoCompraModel->productos_compra('')
#6 C:\xampp\htdocs\dfpyme\system\CodeIgniter.php(832): App\Controllers\comanda\imprimirComandaController->impresion_compra()
#7 C:\xampp\htdocs\dfpyme\system\CodeIgniter.php(419): CodeIgniter\CodeIgniter->runController(Object(App\Controllers\comanda\imprimirComandaController))
#8 C:\xampp\htdocs\dfpyme\system\CodeIgniter.php(326): CodeIgniter\CodeIgniter->handleRequest(NULL, Object(Config\Cache), false)
#9 C:\xampp\htdocs\dfpyme\index.php(37): CodeIgniter\CodeIgniter->run()
#10 {main}
CRITICAL - 2024-10-31 22:31:23 --> Uncaught CodeIgniter\Format\Exceptions\FormatException: Failed to parse json string, error: "Type is not supported". in C:\xampp\htdocs\dfpyme\system\Format\JSONFormatter.php:41
Stack trace:
#0 C:\xampp\htdocs\dfpyme\system\Format\JSONFormatter.php(41): CodeIgniter\Format\Exceptions\FormatException::forInvalidJSON('Type is not sup...')
#1 C:\xampp\htdocs\dfpyme\system\API\ResponseTrait.php(341): CodeIgniter\Format\JSONFormatter->format(Array)
#2 C:\xampp\htdocs\dfpyme\system\API\ResponseTrait.php(99): CodeIgniter\Debug\Exceptions->format(Array)
#3 C:\xampp\htdocs\dfpyme\system\Debug\Exceptions.php(115): CodeIgniter\Debug\Exceptions->respond(Array, 500)
#4 [internal function]: CodeIgniter\Debug\Exceptions->exceptionHandler(Object(ErrorException))
#5 {main}
  thrown
#0 [internal function]: CodeIgniter\Debug\Exceptions->shutdownHandler()
#1 {main}
ERROR - 2024-10-31 22:31:35 --> ErrorException: pg_query(): Query failed: ERROR:  error de sintaxis en o cerca de «;»
LINE 14:     producto_factura_proveedor_temp.id_usuario = ;
                                                          ^ in C:\xampp\htdocs\dfpyme\system\Database\Postgre\Connection.php:135
Stack trace:
#0 [internal function]: CodeIgniter\Debug\Exceptions->errorHandler(2, 'pg_query(): Que...', 'C:\\xampp\\htdocs...', 135)
#1 C:\xampp\htdocs\dfpyme\system\Database\Postgre\Connection.php(135): pg_query(Resource id #156, '\r\n SELECT \r\n   ...')
#2 C:\xampp\htdocs\dfpyme\system\Database\BaseConnection.php(670): CodeIgniter\Database\Postgre\Connection->execute('\r\n SELECT \r\n   ...')
#3 C:\xampp\htdocs\dfpyme\system\Database\BaseConnection.php(598): CodeIgniter\Database\BaseConnection->simpleQuery('\r\n SELECT \r\n   ...')
#4 C:\xampp\htdocs\dfpyme\app\Models\ProductoCompraModel.php(42): CodeIgniter\Database\BaseConnection->query('\r\n SELECT \r\n   ...')
#5 C:\xampp\htdocs\dfpyme\app\Controllers\comanda\imprimirComandaController.php(620): App\Models\ProductoCompraModel->productos_compra('')
#6 C:\xampp\htdocs\dfpyme\system\CodeIgniter.php(832): App\Controllers\comanda\imprimirComandaController->impresion_compra()
#7 C:\xampp\htdocs\dfpyme\system\CodeIgniter.php(419): CodeIgniter\CodeIgniter->runController(Object(App\Controllers\comanda\imprimirComandaController))
#8 C:\xampp\htdocs\dfpyme\system\CodeIgniter.php(326): CodeIgniter\CodeIgniter->handleRequest(NULL, Object(Config\Cache), false)
#9 C:\xampp\htdocs\dfpyme\index.php(37): CodeIgniter\CodeIgniter->run()
#10 {main}
CRITICAL - 2024-10-31 22:31:35 --> pg_query(): Query failed: ERROR:  error de sintaxis en o cerca de «;»
LINE 14:     producto_factura_proveedor_temp.id_usuario = ;
                                                          ^
#0 [internal function]: CodeIgniter\Debug\Exceptions->errorHandler(2, 'pg_query(): Que...', 'C:\\xampp\\htdocs...', 135)
#1 C:\xampp\htdocs\dfpyme\system\Database\Postgre\Connection.php(135): pg_query(Resource id #156, '\r\n SELECT \r\n   ...')
#2 C:\xampp\htdocs\dfpyme\system\Database\BaseConnection.php(670): CodeIgniter\Database\Postgre\Connection->execute('\r\n SELECT \r\n   ...')
#3 C:\xampp\htdocs\dfpyme\system\Database\BaseConnection.php(598): CodeIgniter\Database\BaseConnection->simpleQuery('\r\n SELECT \r\n   ...')
#4 C:\xampp\htdocs\dfpyme\app\Models\ProductoCompraModel.php(42): CodeIgniter\Database\BaseConnection->query('\r\n SELECT \r\n   ...')
#5 C:\xampp\htdocs\dfpyme\app\Controllers\comanda\imprimirComandaController.php(620): App\Models\ProductoCompraModel->productos_compra('')
#6 C:\xampp\htdocs\dfpyme\system\CodeIgniter.php(832): App\Controllers\comanda\imprimirComandaController->impresion_compra()
#7 C:\xampp\htdocs\dfpyme\system\CodeIgniter.php(419): CodeIgniter\CodeIgniter->runController(Object(App\Controllers\comanda\imprimirComandaController))
#8 C:\xampp\htdocs\dfpyme\system\CodeIgniter.php(326): CodeIgniter\CodeIgniter->handleRequest(NULL, Object(Config\Cache), false)
#9 C:\xampp\htdocs\dfpyme\index.php(37): CodeIgniter\CodeIgniter->run()
#10 {main}
CRITICAL - 2024-10-31 22:31:35 --> Uncaught CodeIgniter\Format\Exceptions\FormatException: Failed to parse json string, error: "Type is not supported". in C:\xampp\htdocs\dfpyme\system\Format\JSONFormatter.php:41
Stack trace:
#0 C:\xampp\htdocs\dfpyme\system\Format\JSONFormatter.php(41): CodeIgniter\Format\Exceptions\FormatException::forInvalidJSON('Type is not sup...')
#1 C:\xampp\htdocs\dfpyme\system\API\ResponseTrait.php(341): CodeIgniter\Format\JSONFormatter->format(Array)
#2 C:\xampp\htdocs\dfpyme\system\API\ResponseTrait.php(99): CodeIgniter\Debug\Exceptions->format(Array)
#3 C:\xampp\htdocs\dfpyme\system\Debug\Exceptions.php(115): CodeIgniter\Debug\Exceptions->respond(Array, 500)
#4 [internal function]: CodeIgniter\Debug\Exceptions->exceptionHandler(Object(ErrorException))
#5 {main}
  thrown
#0 [internal function]: CodeIgniter\Debug\Exceptions->shutdownHandler()
#1 {main}
ERROR - 2024-10-31 22:31:42 --> ErrorException: pg_query(): Query failed: ERROR:  error de sintaxis en o cerca de «;»
LINE 14:     producto_factura_proveedor_temp.id_usuario = ;
                                                          ^ in C:\xampp\htdocs\dfpyme\system\Database\Postgre\Connection.php:135
Stack trace:
#0 [internal function]: CodeIgniter\Debug\Exceptions->errorHandler(2, 'pg_query(): Que...', 'C:\\xampp\\htdocs...', 135)
#1 C:\xampp\htdocs\dfpyme\system\Database\Postgre\Connection.php(135): pg_query(Resource id #156, '\r\n SELECT \r\n   ...')
#2 C:\xampp\htdocs\dfpyme\system\Database\BaseConnection.php(670): CodeIgniter\Database\Postgre\Connection->execute('\r\n SELECT \r\n   ...')
#3 C:\xampp\htdocs\dfpyme\system\Database\BaseConnection.php(598): CodeIgniter\Database\BaseConnection->simpleQuery('\r\n SELECT \r\n   ...')
#4 C:\xampp\htdocs\dfpyme\app\Models\ProductoCompraModel.php(42): CodeIgniter\Database\BaseConnection->query('\r\n SELECT \r\n   ...')
#5 C:\xampp\htdocs\dfpyme\app\Controllers\comanda\imprimirComandaController.php(620): App\Models\ProductoCompraModel->productos_compra('')
#6 C:\xampp\htdocs\dfpyme\system\CodeIgniter.php(832): App\Controllers\comanda\imprimirComandaController->impresion_compra()
#7 C:\xampp\htdocs\dfpyme\system\CodeIgniter.php(419): CodeIgniter\CodeIgniter->runController(Object(App\Controllers\comanda\imprimirComandaController))
#8 C:\xampp\htdocs\dfpyme\system\CodeIgniter.php(326): CodeIgniter\CodeIgniter->handleRequest(NULL, Object(Config\Cache), false)
#9 C:\xampp\htdocs\dfpyme\index.php(37): CodeIgniter\CodeIgniter->run()
#10 {main}
CRITICAL - 2024-10-31 22:31:42 --> pg_query(): Query failed: ERROR:  error de sintaxis en o cerca de «;»
LINE 14:     producto_factura_proveedor_temp.id_usuario = ;
                                                          ^
#0 [internal function]: CodeIgniter\Debug\Exceptions->errorHandler(2, 'pg_query(): Que...', 'C:\\xampp\\htdocs...', 135)
#1 C:\xampp\htdocs\dfpyme\system\Database\Postgre\Connection.php(135): pg_query(Resource id #156, '\r\n SELECT \r\n   ...')
#2 C:\xampp\htdocs\dfpyme\system\Database\BaseConnection.php(670): CodeIgniter\Database\Postgre\Connection->execute('\r\n SELECT \r\n   ...')
#3 C:\xampp\htdocs\dfpyme\system\Database\BaseConnection.php(598): CodeIgniter\Database\BaseConnection->simpleQuery('\r\n SELECT \r\n   ...')
#4 C:\xampp\htdocs\dfpyme\app\Models\ProductoCompraModel.php(42): CodeIgniter\Database\BaseConnection->query('\r\n SELECT \r\n   ...')
#5 C:\xampp\htdocs\dfpyme\app\Controllers\comanda\imprimirComandaController.php(620): App\Models\ProductoCompraModel->productos_compra('')
#6 C:\xampp\htdocs\dfpyme\system\CodeIgniter.php(832): App\Controllers\comanda\imprimirComandaController->impresion_compra()
#7 C:\xampp\htdocs\dfpyme\system\CodeIgniter.php(419): CodeIgniter\CodeIgniter->runController(Object(App\Controllers\comanda\imprimirComandaController))
#8 C:\xampp\htdocs\dfpyme\system\CodeIgniter.php(326): CodeIgniter\CodeIgniter->handleRequest(NULL, Object(Config\Cache), false)
#9 C:\xampp\htdocs\dfpyme\index.php(37): CodeIgniter\CodeIgniter->run()
#10 {main}
CRITICAL - 2024-10-31 22:31:42 --> Uncaught CodeIgniter\Format\Exceptions\FormatException: Failed to parse json string, error: "Type is not supported". in C:\xampp\htdocs\dfpyme\system\Format\JSONFormatter.php:41
Stack trace:
#0 C:\xampp\htdocs\dfpyme\system\Format\JSONFormatter.php(41): CodeIgniter\Format\Exceptions\FormatException::forInvalidJSON('Type is not sup...')
#1 C:\xampp\htdocs\dfpyme\system\API\ResponseTrait.php(341): CodeIgniter\Format\JSONFormatter->format(Array)
#2 C:\xampp\htdocs\dfpyme\system\API\ResponseTrait.php(99): CodeIgniter\Debug\Exceptions->format(Array)
#3 C:\xampp\htdocs\dfpyme\system\Debug\Exceptions.php(115): CodeIgniter\Debug\Exceptions->respond(Array, 500)
#4 [internal function]: CodeIgniter\Debug\Exceptions->exceptionHandler(Object(ErrorException))
#5 {main}
  thrown
#0 [internal function]: CodeIgniter\Debug\Exceptions->shutdownHandler()
#1 {main}
ERROR - 2024-10-31 22:39:44 --> ErrorException: pg_query(): Query failed: ERROR:  error de sintaxis en o cerca de «;»
LINE 14:     producto_factura_proveedor_temp.id_usuario = ;
                                                          ^ in C:\xampp\htdocs\dfpyme\system\Database\Postgre\Connection.php:135
Stack trace:
#0 [internal function]: CodeIgniter\Debug\Exceptions->errorHandler(2, 'pg_query(): Que...', 'C:\\xampp\\htdocs...', 135)
#1 C:\xampp\htdocs\dfpyme\system\Database\Postgre\Connection.php(135): pg_query(Resource id #156, '\r\n SELECT \r\n   ...')
#2 C:\xampp\htdocs\dfpyme\system\Database\BaseConnection.php(670): CodeIgniter\Database\Postgre\Connection->execute('\r\n SELECT \r\n   ...')
#3 C:\xampp\htdocs\dfpyme\system\Database\BaseConnection.php(598): CodeIgniter\Database\BaseConnection->simpleQuery('\r\n SELECT \r\n   ...')
#4 C:\xampp\htdocs\dfpyme\app\Models\ProductoCompraModel.php(42): CodeIgniter\Database\BaseConnection->query('\r\n SELECT \r\n   ...')
#5 C:\xampp\htdocs\dfpyme\app\Controllers\comanda\imprimirComandaController.php(620): App\Models\ProductoCompraModel->productos_compra('')
#6 C:\xampp\htdocs\dfpyme\system\CodeIgniter.php(832): App\Controllers\comanda\imprimirComandaController->impresion_compra()
#7 C:\xampp\htdocs\dfpyme\system\CodeIgniter.php(419): CodeIgniter\CodeIgniter->runController(Object(App\Controllers\comanda\imprimirComandaController))
#8 C:\xampp\htdocs\dfpyme\system\CodeIgniter.php(326): CodeIgniter\CodeIgniter->handleRequest(NULL, Object(Config\Cache), false)
#9 C:\xampp\htdocs\dfpyme\index.php(37): CodeIgniter\CodeIgniter->run()
#10 {main}
CRITICAL - 2024-10-31 22:39:44 --> pg_query(): Query failed: ERROR:  error de sintaxis en o cerca de «;»
LINE 14:     producto_factura_proveedor_temp.id_usuario = ;
                                                          ^
#0 [internal function]: CodeIgniter\Debug\Exceptions->errorHandler(2, 'pg_query(): Que...', 'C:\\xampp\\htdocs...', 135)
#1 C:\xampp\htdocs\dfpyme\system\Database\Postgre\Connection.php(135): pg_query(Resource id #156, '\r\n SELECT \r\n   ...')
#2 C:\xampp\htdocs\dfpyme\system\Database\BaseConnection.php(670): CodeIgniter\Database\Postgre\Connection->execute('\r\n SELECT \r\n   ...')
#3 C:\xampp\htdocs\dfpyme\system\Database\BaseConnection.php(598): CodeIgniter\Database\BaseConnection->simpleQuery('\r\n SELECT \r\n   ...')
#4 C:\xampp\htdocs\dfpyme\app\Models\ProductoCompraModel.php(42): CodeIgniter\Database\BaseConnection->query('\r\n SELECT \r\n   ...')
#5 C:\xampp\htdocs\dfpyme\app\Controllers\comanda\imprimirComandaController.php(620): App\Models\ProductoCompraModel->productos_compra('')
#6 C:\xampp\htdocs\dfpyme\system\CodeIgniter.php(832): App\Controllers\comanda\imprimirComandaController->impresion_compra()
#7 C:\xampp\htdocs\dfpyme\system\CodeIgniter.php(419): CodeIgniter\CodeIgniter->runController(Object(App\Controllers\comanda\imprimirComandaController))
#8 C:\xampp\htdocs\dfpyme\system\CodeIgniter.php(326): CodeIgniter\CodeIgniter->handleRequest(NULL, Object(Config\Cache), false)
#9 C:\xampp\htdocs\dfpyme\index.php(37): CodeIgniter\CodeIgniter->run()
#10 {main}
CRITICAL - 2024-10-31 22:39:44 --> Uncaught CodeIgniter\Format\Exceptions\FormatException: Failed to parse json string, error: "Type is not supported". in C:\xampp\htdocs\dfpyme\system\Format\JSONFormatter.php:41
Stack trace:
#0 C:\xampp\htdocs\dfpyme\system\Format\JSONFormatter.php(41): CodeIgniter\Format\Exceptions\FormatException::forInvalidJSON('Type is not sup...')
#1 C:\xampp\htdocs\dfpyme\system\API\ResponseTrait.php(341): CodeIgniter\Format\JSONFormatter->format(Array)
#2 C:\xampp\htdocs\dfpyme\system\API\ResponseTrait.php(99): CodeIgniter\Debug\Exceptions->format(Array)
#3 C:\xampp\htdocs\dfpyme\system\Debug\Exceptions.php(115): CodeIgniter\Debug\Exceptions->respond(Array, 500)
#4 [internal function]: CodeIgniter\Debug\Exceptions->exceptionHandler(Object(ErrorException))
#5 {main}
  thrown
#0 [internal function]: CodeIgniter\Debug\Exceptions->shutdownHandler()
#1 {main}
ERROR - 2024-10-31 22:41:02 --> ErrorException: pg_query(): Query failed: ERROR:  error de sintaxis en o cerca de «;»
LINE 14:     producto_factura_proveedor_temp.id_usuario = ;
                                                          ^ in C:\xampp\htdocs\dfpyme\system\Database\Postgre\Connection.php:135
Stack trace:
#0 [internal function]: CodeIgniter\Debug\Exceptions->errorHandler(2, 'pg_query(): Que...', 'C:\\xampp\\htdocs...', 135)
#1 C:\xampp\htdocs\dfpyme\system\Database\Postgre\Connection.php(135): pg_query(Resource id #156, '\r\n SELECT \r\n   ...')
#2 C:\xampp\htdocs\dfpyme\system\Database\BaseConnection.php(670): CodeIgniter\Database\Postgre\Connection->execute('\r\n SELECT \r\n   ...')
#3 C:\xampp\htdocs\dfpyme\system\Database\BaseConnection.php(598): CodeIgniter\Database\BaseConnection->simpleQuery('\r\n SELECT \r\n   ...')
#4 C:\xampp\htdocs\dfpyme\app\Models\ProductoCompraModel.php(42): CodeIgniter\Database\BaseConnection->query('\r\n SELECT \r\n   ...')
#5 C:\xampp\htdocs\dfpyme\app\Controllers\comanda\imprimirComandaController.php(620): App\Models\ProductoCompraModel->productos_compra('')
#6 C:\xampp\htdocs\dfpyme\system\CodeIgniter.php(832): App\Controllers\comanda\imprimirComandaController->impresion_compra()
#7 C:\xampp\htdocs\dfpyme\system\CodeIgniter.php(419): CodeIgniter\CodeIgniter->runController(Object(App\Controllers\comanda\imprimirComandaController))
#8 C:\xampp\htdocs\dfpyme\system\CodeIgniter.php(326): CodeIgniter\CodeIgniter->handleRequest(NULL, Object(Config\Cache), false)
#9 C:\xampp\htdocs\dfpyme\index.php(37): CodeIgniter\CodeIgniter->run()
#10 {main}
CRITICAL - 2024-10-31 22:41:02 --> pg_query(): Query failed: ERROR:  error de sintaxis en o cerca de «;»
LINE 14:     producto_factura_proveedor_temp.id_usuario = ;
                                                          ^
#0 [internal function]: CodeIgniter\Debug\Exceptions->errorHandler(2, 'pg_query(): Que...', 'C:\\xampp\\htdocs...', 135)
#1 C:\xampp\htdocs\dfpyme\system\Database\Postgre\Connection.php(135): pg_query(Resource id #156, '\r\n SELECT \r\n   ...')
#2 C:\xampp\htdocs\dfpyme\system\Database\BaseConnection.php(670): CodeIgniter\Database\Postgre\Connection->execute('\r\n SELECT \r\n   ...')
#3 C:\xampp\htdocs\dfpyme\system\Database\BaseConnection.php(598): CodeIgniter\Database\BaseConnection->simpleQuery('\r\n SELECT \r\n   ...')
#4 C:\xampp\htdocs\dfpyme\app\Models\ProductoCompraModel.php(42): CodeIgniter\Database\BaseConnection->query('\r\n SELECT \r\n   ...')
#5 C:\xampp\htdocs\dfpyme\app\Controllers\comanda\imprimirComandaController.php(620): App\Models\ProductoCompraModel->productos_compra('')
#6 C:\xampp\htdocs\dfpyme\system\CodeIgniter.php(832): App\Controllers\comanda\imprimirComandaController->impresion_compra()
#7 C:\xampp\htdocs\dfpyme\system\CodeIgniter.php(419): CodeIgniter\CodeIgniter->runController(Object(App\Controllers\comanda\imprimirComandaController))
#8 C:\xampp\htdocs\dfpyme\system\CodeIgniter.php(326): CodeIgniter\CodeIgniter->handleRequest(NULL, Object(Config\Cache), false)
#9 C:\xampp\htdocs\dfpyme\index.php(37): CodeIgniter\CodeIgniter->run()
#10 {main}
CRITICAL - 2024-10-31 22:41:02 --> Uncaught CodeIgniter\Format\Exceptions\FormatException: Failed to parse json string, error: "Type is not supported". in C:\xampp\htdocs\dfpyme\system\Format\JSONFormatter.php:41
Stack trace:
#0 C:\xampp\htdocs\dfpyme\system\Format\JSONFormatter.php(41): CodeIgniter\Format\Exceptions\FormatException::forInvalidJSON('Type is not sup...')
#1 C:\xampp\htdocs\dfpyme\system\API\ResponseTrait.php(341): CodeIgniter\Format\JSONFormatter->format(Array)
#2 C:\xampp\htdocs\dfpyme\system\API\ResponseTrait.php(99): CodeIgniter\Debug\Exceptions->format(Array)
#3 C:\xampp\htdocs\dfpyme\system\Debug\Exceptions.php(115): CodeIgniter\Debug\Exceptions->respond(Array, 500)
#4 [internal function]: CodeIgniter\Debug\Exceptions->exceptionHandler(Object(ErrorException))
#5 {main}
  thrown
#0 [internal function]: CodeIgniter\Debug\Exceptions->shutdownHandler()
#1 {main}
ERROR - 2024-10-31 22:41:26 --> ErrorException: pg_query(): Query failed: ERROR:  error de sintaxis en o cerca de «;»
LINE 14:     producto_factura_proveedor_temp.id_usuario = ;
                                                          ^ in C:\xampp\htdocs\dfpyme\system\Database\Postgre\Connection.php:135
Stack trace:
#0 [internal function]: CodeIgniter\Debug\Exceptions->errorHandler(2, 'pg_query(): Que...', 'C:\\xampp\\htdocs...', 135)
#1 C:\xampp\htdocs\dfpyme\system\Database\Postgre\Connection.php(135): pg_query(Resource id #156, '\r\n SELECT \r\n   ...')
#2 C:\xampp\htdocs\dfpyme\system\Database\BaseConnection.php(670): CodeIgniter\Database\Postgre\Connection->execute('\r\n SELECT \r\n   ...')
#3 C:\xampp\htdocs\dfpyme\system\Database\BaseConnection.php(598): CodeIgniter\Database\BaseConnection->simpleQuery('\r\n SELECT \r\n   ...')
#4 C:\xampp\htdocs\dfpyme\app\Models\ProductoCompraModel.php(42): CodeIgniter\Database\BaseConnection->query('\r\n SELECT \r\n   ...')
#5 C:\xampp\htdocs\dfpyme\app\Controllers\comanda\imprimirComandaController.php(620): App\Models\ProductoCompraModel->productos_compra('')
#6 C:\xampp\htdocs\dfpyme\system\CodeIgniter.php(832): App\Controllers\comanda\imprimirComandaController->impresion_compra()
#7 C:\xampp\htdocs\dfpyme\system\CodeIgniter.php(419): CodeIgniter\CodeIgniter->runController(Object(App\Controllers\comanda\imprimirComandaController))
#8 C:\xampp\htdocs\dfpyme\system\CodeIgniter.php(326): CodeIgniter\CodeIgniter->handleRequest(NULL, Object(Config\Cache), false)
#9 C:\xampp\htdocs\dfpyme\index.php(37): CodeIgniter\CodeIgniter->run()
#10 {main}
CRITICAL - 2024-10-31 22:41:26 --> pg_query(): Query failed: ERROR:  error de sintaxis en o cerca de «;»
LINE 14:     producto_factura_proveedor_temp.id_usuario = ;
                                                          ^
#0 [internal function]: CodeIgniter\Debug\Exceptions->errorHandler(2, 'pg_query(): Que...', 'C:\\xampp\\htdocs...', 135)
#1 C:\xampp\htdocs\dfpyme\system\Database\Postgre\Connection.php(135): pg_query(Resource id #156, '\r\n SELECT \r\n   ...')
#2 C:\xampp\htdocs\dfpyme\system\Database\BaseConnection.php(670): CodeIgniter\Database\Postgre\Connection->execute('\r\n SELECT \r\n   ...')
#3 C:\xampp\htdocs\dfpyme\system\Database\BaseConnection.php(598): CodeIgniter\Database\BaseConnection->simpleQuery('\r\n SELECT \r\n   ...')
#4 C:\xampp\htdocs\dfpyme\app\Models\ProductoCompraModel.php(42): CodeIgniter\Database\BaseConnection->query('\r\n SELECT \r\n   ...')
#5 C:\xampp\htdocs\dfpyme\app\Controllers\comanda\imprimirComandaController.php(620): App\Models\ProductoCompraModel->productos_compra('')
#6 C:\xampp\htdocs\dfpyme\system\CodeIgniter.php(832): App\Controllers\comanda\imprimirComandaController->impresion_compra()
#7 C:\xampp\htdocs\dfpyme\system\CodeIgniter.php(419): CodeIgniter\CodeIgniter->runController(Object(App\Controllers\comanda\imprimirComandaController))
#8 C:\xampp\htdocs\dfpyme\system\CodeIgniter.php(326): CodeIgniter\CodeIgniter->handleRequest(NULL, Object(Config\Cache), false)
#9 C:\xampp\htdocs\dfpyme\index.php(37): CodeIgniter\CodeIgniter->run()
#10 {main}
CRITICAL - 2024-10-31 22:41:26 --> Uncaught CodeIgniter\Format\Exceptions\FormatException: Failed to parse json string, error: "Type is not supported". in C:\xampp\htdocs\dfpyme\system\Format\JSONFormatter.php:41
Stack trace:
#0 C:\xampp\htdocs\dfpyme\system\Format\JSONFormatter.php(41): CodeIgniter\Format\Exceptions\FormatException::forInvalidJSON('Type is not sup...')
#1 C:\xampp\htdocs\dfpyme\system\API\ResponseTrait.php(341): CodeIgniter\Format\JSONFormatter->format(Array)
#2 C:\xampp\htdocs\dfpyme\system\API\ResponseTrait.php(99): CodeIgniter\Debug\Exceptions->format(Array)
#3 C:\xampp\htdocs\dfpyme\system\Debug\Exceptions.php(115): CodeIgniter\Debug\Exceptions->respond(Array, 500)
#4 [internal function]: CodeIgniter\Debug\Exceptions->exceptionHandler(Object(ErrorException))
#5 {main}
  thrown
#0 [internal function]: CodeIgniter\Debug\Exceptions->shutdownHandler()
#1 {main}
ERROR - 2024-10-31 22:45:59 --> ErrorException: pg_query(): Query failed: ERROR:  error de sintaxis en o cerca de «;»
LINE 14:     producto_factura_proveedor_temp.id_usuario = ;
                                                          ^ in C:\xampp\htdocs\dfpyme\system\Database\Postgre\Connection.php:135
Stack trace:
#0 [internal function]: CodeIgniter\Debug\Exceptions->errorHandler(2, 'pg_query(): Que...', 'C:\\xampp\\htdocs...', 135)
#1 C:\xampp\htdocs\dfpyme\system\Database\Postgre\Connection.php(135): pg_query(Resource id #156, '\r\n SELECT \r\n   ...')
#2 C:\xampp\htdocs\dfpyme\system\Database\BaseConnection.php(670): CodeIgniter\Database\Postgre\Connection->execute('\r\n SELECT \r\n   ...')
#3 C:\xampp\htdocs\dfpyme\system\Database\BaseConnection.php(598): CodeIgniter\Database\BaseConnection->simpleQuery('\r\n SELECT \r\n   ...')
#4 C:\xampp\htdocs\dfpyme\app\Models\ProductoCompraModel.php(42): CodeIgniter\Database\BaseConnection->query('\r\n SELECT \r\n   ...')
#5 C:\xampp\htdocs\dfpyme\app\Controllers\comanda\imprimirComandaController.php(620): App\Models\ProductoCompraModel->productos_compra('')
#6 C:\xampp\htdocs\dfpyme\system\CodeIgniter.php(832): App\Controllers\comanda\imprimirComandaController->impresion_compra()
#7 C:\xampp\htdocs\dfpyme\system\CodeIgniter.php(419): CodeIgniter\CodeIgniter->runController(Object(App\Controllers\comanda\imprimirComandaController))
#8 C:\xampp\htdocs\dfpyme\system\CodeIgniter.php(326): CodeIgniter\CodeIgniter->handleRequest(NULL, Object(Config\Cache), false)
#9 C:\xampp\htdocs\dfpyme\index.php(37): CodeIgniter\CodeIgniter->run()
#10 {main}
CRITICAL - 2024-10-31 22:45:59 --> pg_query(): Query failed: ERROR:  error de sintaxis en o cerca de «;»
LINE 14:     producto_factura_proveedor_temp.id_usuario = ;
                                                          ^
#0 [internal function]: CodeIgniter\Debug\Exceptions->errorHandler(2, 'pg_query(): Que...', 'C:\\xampp\\htdocs...', 135)
#1 C:\xampp\htdocs\dfpyme\system\Database\Postgre\Connection.php(135): pg_query(Resource id #156, '\r\n SELECT \r\n   ...')
#2 C:\xampp\htdocs\dfpyme\system\Database\BaseConnection.php(670): CodeIgniter\Database\Postgre\Connection->execute('\r\n SELECT \r\n   ...')
#3 C:\xampp\htdocs\dfpyme\system\Database\BaseConnection.php(598): CodeIgniter\Database\BaseConnection->simpleQuery('\r\n SELECT \r\n   ...')
#4 C:\xampp\htdocs\dfpyme\app\Models\ProductoCompraModel.php(42): CodeIgniter\Database\BaseConnection->query('\r\n SELECT \r\n   ...')
#5 C:\xampp\htdocs\dfpyme\app\Controllers\comanda\imprimirComandaController.php(620): App\Models\ProductoCompraModel->productos_compra('')
#6 C:\xampp\htdocs\dfpyme\system\CodeIgniter.php(832): App\Controllers\comanda\imprimirComandaController->impresion_compra()
#7 C:\xampp\htdocs\dfpyme\system\CodeIgniter.php(419): CodeIgniter\CodeIgniter->runController(Object(App\Controllers\comanda\imprimirComandaController))
#8 C:\xampp\htdocs\dfpyme\system\CodeIgniter.php(326): CodeIgniter\CodeIgniter->handleRequest(NULL, Object(Config\Cache), false)
#9 C:\xampp\htdocs\dfpyme\index.php(37): CodeIgniter\CodeIgniter->run()
#10 {main}
CRITICAL - 2024-10-31 22:46:00 --> Uncaught CodeIgniter\Format\Exceptions\FormatException: Failed to parse json string, error: "Type is not supported". in C:\xampp\htdocs\dfpyme\system\Format\JSONFormatter.php:41
Stack trace:
#0 C:\xampp\htdocs\dfpyme\system\Format\JSONFormatter.php(41): CodeIgniter\Format\Exceptions\FormatException::forInvalidJSON('Type is not sup...')
#1 C:\xampp\htdocs\dfpyme\system\API\ResponseTrait.php(341): CodeIgniter\Format\JSONFormatter->format(Array)
#2 C:\xampp\htdocs\dfpyme\system\API\ResponseTrait.php(99): CodeIgniter\Debug\Exceptions->format(Array)
#3 C:\xampp\htdocs\dfpyme\system\Debug\Exceptions.php(115): CodeIgniter\Debug\Exceptions->respond(Array, 500)
#4 [internal function]: CodeIgniter\Debug\Exceptions->exceptionHandler(Object(ErrorException))
#5 {main}
  thrown
#0 [internal function]: CodeIgniter\Debug\Exceptions->shutdownHandler()
#1 {main}
ERROR - 2024-10-31 23:01:15 --> ErrorException: pg_query(): Query failed: ERROR:  error de sintaxis en o cerca de «;»
LINE 14:     producto_factura_proveedor_temp.id_usuario = ;
                                                          ^ in C:\xampp\htdocs\dfpyme\system\Database\Postgre\Connection.php:135
Stack trace:
#0 [internal function]: CodeIgniter\Debug\Exceptions->errorHandler(2, 'pg_query(): Que...', 'C:\\xampp\\htdocs...', 135)
#1 C:\xampp\htdocs\dfpyme\system\Database\Postgre\Connection.php(135): pg_query(Resource id #157, '\r\n SELECT \r\n   ...')
#2 C:\xampp\htdocs\dfpyme\system\Database\BaseConnection.php(670): CodeIgniter\Database\Postgre\Connection->execute('\r\n SELECT \r\n   ...')
#3 C:\xampp\htdocs\dfpyme\system\Database\BaseConnection.php(598): CodeIgniter\Database\BaseConnection->simpleQuery('\r\n SELECT \r\n   ...')
#4 C:\xampp\htdocs\dfpyme\app\Models\ProductoCompraModel.php(42): CodeIgniter\Database\BaseConnection->query('\r\n SELECT \r\n   ...')
#5 C:\xampp\htdocs\dfpyme\app\Controllers\comanda\imprimirComandaController.php(620): App\Models\ProductoCompraModel->productos_compra(NULL)
#6 C:\xampp\htdocs\dfpyme\system\CodeIgniter.php(832): App\Controllers\comanda\imprimirComandaController->impresion_compra()
#7 C:\xampp\htdocs\dfpyme\system\CodeIgniter.php(419): CodeIgniter\CodeIgniter->runController(Object(App\Controllers\comanda\imprimirComandaController))
#8 C:\xampp\htdocs\dfpyme\system\CodeIgniter.php(326): CodeIgniter\CodeIgniter->handleRequest(NULL, Object(Config\Cache), false)
#9 C:\xampp\htdocs\dfpyme\index.php(37): CodeIgniter\CodeIgniter->run()
#10 {main}
CRITICAL - 2024-10-31 23:01:15 --> pg_query(): Query failed: ERROR:  error de sintaxis en o cerca de «;»
LINE 14:     producto_factura_proveedor_temp.id_usuario = ;
                                                          ^
#0 [internal function]: CodeIgniter\Debug\Exceptions->errorHandler(2, 'pg_query(): Que...', 'C:\\xampp\\htdocs...', 135)
#1 C:\xampp\htdocs\dfpyme\system\Database\Postgre\Connection.php(135): pg_query(Resource id #157, '\r\n SELECT \r\n   ...')
#2 C:\xampp\htdocs\dfpyme\system\Database\BaseConnection.php(670): CodeIgniter\Database\Postgre\Connection->execute('\r\n SELECT \r\n   ...')
#3 C:\xampp\htdocs\dfpyme\system\Database\BaseConnection.php(598): CodeIgniter\Database\BaseConnection->simpleQuery('\r\n SELECT \r\n   ...')
#4 C:\xampp\htdocs\dfpyme\app\Models\ProductoCompraModel.php(42): CodeIgniter\Database\BaseConnection->query('\r\n SELECT \r\n   ...')
#5 C:\xampp\htdocs\dfpyme\app\Controllers\comanda\imprimirComandaController.php(620): App\Models\ProductoCompraModel->productos_compra(NULL)
#6 C:\xampp\htdocs\dfpyme\system\CodeIgniter.php(832): App\Controllers\comanda\imprimirComandaController->impresion_compra()
#7 C:\xampp\htdocs\dfpyme\system\CodeIgniter.php(419): CodeIgniter\CodeIgniter->runController(Object(App\Controllers\comanda\imprimirComandaController))
#8 C:\xampp\htdocs\dfpyme\system\CodeIgniter.php(326): CodeIgniter\CodeIgniter->handleRequest(NULL, Object(Config\Cache), false)
#9 C:\xampp\htdocs\dfpyme\index.php(37): CodeIgniter\CodeIgniter->run()
#10 {main}
ERROR - 2024-10-31 23:01:49 --> ErrorException: pg_query(): Query failed: ERROR:  error de sintaxis en o cerca de «;»
LINE 14:     producto_factura_proveedor_temp.id_usuario = ;
                                                          ^ in C:\xampp\htdocs\dfpyme\system\Database\Postgre\Connection.php:135
Stack trace:
#0 [internal function]: CodeIgniter\Debug\Exceptions->errorHandler(2, 'pg_query(): Que...', 'C:\\xampp\\htdocs...', 135)
#1 C:\xampp\htdocs\dfpyme\system\Database\Postgre\Connection.php(135): pg_query(Resource id #156, '\r\n SELECT \r\n   ...')
#2 C:\xampp\htdocs\dfpyme\system\Database\BaseConnection.php(670): CodeIgniter\Database\Postgre\Connection->execute('\r\n SELECT \r\n   ...')
#3 C:\xampp\htdocs\dfpyme\system\Database\BaseConnection.php(598): CodeIgniter\Database\BaseConnection->simpleQuery('\r\n SELECT \r\n   ...')
#4 C:\xampp\htdocs\dfpyme\app\Models\ProductoCompraModel.php(42): CodeIgniter\Database\BaseConnection->query('\r\n SELECT \r\n   ...')
#5 C:\xampp\htdocs\dfpyme\app\Controllers\comanda\imprimirComandaController.php(620): App\Models\ProductoCompraModel->productos_compra('')
#6 C:\xampp\htdocs\dfpyme\system\CodeIgniter.php(832): App\Controllers\comanda\imprimirComandaController->impresion_compra()
#7 C:\xampp\htdocs\dfpyme\system\CodeIgniter.php(419): CodeIgniter\CodeIgniter->runController(Object(App\Controllers\comanda\imprimirComandaController))
#8 C:\xampp\htdocs\dfpyme\system\CodeIgniter.php(326): CodeIgniter\CodeIgniter->handleRequest(NULL, Object(Config\Cache), false)
#9 C:\xampp\htdocs\dfpyme\index.php(37): CodeIgniter\CodeIgniter->run()
#10 {main}
CRITICAL - 2024-10-31 23:01:49 --> pg_query(): Query failed: ERROR:  error de sintaxis en o cerca de «;»
LINE 14:     producto_factura_proveedor_temp.id_usuario = ;
                                                          ^
#0 [internal function]: CodeIgniter\Debug\Exceptions->errorHandler(2, 'pg_query(): Que...', 'C:\\xampp\\htdocs...', 135)
#1 C:\xampp\htdocs\dfpyme\system\Database\Postgre\Connection.php(135): pg_query(Resource id #156, '\r\n SELECT \r\n   ...')
#2 C:\xampp\htdocs\dfpyme\system\Database\BaseConnection.php(670): CodeIgniter\Database\Postgre\Connection->execute('\r\n SELECT \r\n   ...')
#3 C:\xampp\htdocs\dfpyme\system\Database\BaseConnection.php(598): CodeIgniter\Database\BaseConnection->simpleQuery('\r\n SELECT \r\n   ...')
#4 C:\xampp\htdocs\dfpyme\app\Models\ProductoCompraModel.php(42): CodeIgniter\Database\BaseConnection->query('\r\n SELECT \r\n   ...')
#5 C:\xampp\htdocs\dfpyme\app\Controllers\comanda\imprimirComandaController.php(620): App\Models\ProductoCompraModel->productos_compra('')
#6 C:\xampp\htdocs\dfpyme\system\CodeIgniter.php(832): App\Controllers\comanda\imprimirComandaController->impresion_compra()
#7 C:\xampp\htdocs\dfpyme\system\CodeIgniter.php(419): CodeIgniter\CodeIgniter->runController(Object(App\Controllers\comanda\imprimirComandaController))
#8 C:\xampp\htdocs\dfpyme\system\CodeIgniter.php(326): CodeIgniter\CodeIgniter->handleRequest(NULL, Object(Config\Cache), false)
#9 C:\xampp\htdocs\dfpyme\index.php(37): CodeIgniter\CodeIgniter->run()
#10 {main}
CRITICAL - 2024-10-31 23:01:49 --> Uncaught CodeIgniter\Format\Exceptions\FormatException: Failed to parse json string, error: "Type is not supported". in C:\xampp\htdocs\dfpyme\system\Format\JSONFormatter.php:41
Stack trace:
#0 C:\xampp\htdocs\dfpyme\system\Format\JSONFormatter.php(41): CodeIgniter\Format\Exceptions\FormatException::forInvalidJSON('Type is not sup...')
#1 C:\xampp\htdocs\dfpyme\system\API\ResponseTrait.php(341): CodeIgniter\Format\JSONFormatter->format(Array)
#2 C:\xampp\htdocs\dfpyme\system\API\ResponseTrait.php(99): CodeIgniter\Debug\Exceptions->format(Array)
#3 C:\xampp\htdocs\dfpyme\system\Debug\Exceptions.php(115): CodeIgniter\Debug\Exceptions->respond(Array, 500)
#4 [internal function]: CodeIgniter\Debug\Exceptions->exceptionHandler(Object(ErrorException))
#5 {main}
  thrown
#0 [internal function]: CodeIgniter\Debug\Exceptions->shutdownHandler()
#1 {main}
ERROR - 2024-10-31 23:03:12 --> ErrorException: pg_query(): Query failed: ERROR:  error de sintaxis en o cerca de «;»
LINE 14:     producto_factura_proveedor_temp.id_usuario = ;
                                                          ^ in C:\xampp\htdocs\dfpyme\system\Database\Postgre\Connection.php:135
Stack trace:
#0 [internal function]: CodeIgniter\Debug\Exceptions->errorHandler(2, 'pg_query(): Que...', 'C:\\xampp\\htdocs...', 135)
#1 C:\xampp\htdocs\dfpyme\system\Database\Postgre\Connection.php(135): pg_query(Resource id #156, '\r\n SELECT \r\n   ...')
#2 C:\xampp\htdocs\dfpyme\system\Database\BaseConnection.php(670): CodeIgniter\Database\Postgre\Connection->execute('\r\n SELECT \r\n   ...')
#3 C:\xampp\htdocs\dfpyme\system\Database\BaseConnection.php(598): CodeIgniter\Database\BaseConnection->simpleQuery('\r\n SELECT \r\n   ...')
#4 C:\xampp\htdocs\dfpyme\app\Models\ProductoCompraModel.php(42): CodeIgniter\Database\BaseConnection->query('\r\n SELECT \r\n   ...')
#5 C:\xampp\htdocs\dfpyme\app\Controllers\comanda\imprimirComandaController.php(620): App\Models\ProductoCompraModel->productos_compra('')
#6 C:\xampp\htdocs\dfpyme\system\CodeIgniter.php(832): App\Controllers\comanda\imprimirComandaController->impresion_compra()
#7 C:\xampp\htdocs\dfpyme\system\CodeIgniter.php(419): CodeIgniter\CodeIgniter->runController(Object(App\Controllers\comanda\imprimirComandaController))
#8 C:\xampp\htdocs\dfpyme\system\CodeIgniter.php(326): CodeIgniter\CodeIgniter->handleRequest(NULL, Object(Config\Cache), false)
#9 C:\xampp\htdocs\dfpyme\index.php(37): CodeIgniter\CodeIgniter->run()
#10 {main}
CRITICAL - 2024-10-31 23:03:12 --> pg_query(): Query failed: ERROR:  error de sintaxis en o cerca de «;»
LINE 14:     producto_factura_proveedor_temp.id_usuario = ;
                                                          ^
#0 [internal function]: CodeIgniter\Debug\Exceptions->errorHandler(2, 'pg_query(): Que...', 'C:\\xampp\\htdocs...', 135)
#1 C:\xampp\htdocs\dfpyme\system\Database\Postgre\Connection.php(135): pg_query(Resource id #156, '\r\n SELECT \r\n   ...')
#2 C:\xampp\htdocs\dfpyme\system\Database\BaseConnection.php(670): CodeIgniter\Database\Postgre\Connection->execute('\r\n SELECT \r\n   ...')
#3 C:\xampp\htdocs\dfpyme\system\Database\BaseConnection.php(598): CodeIgniter\Database\BaseConnection->simpleQuery('\r\n SELECT \r\n   ...')
#4 C:\xampp\htdocs\dfpyme\app\Models\ProductoCompraModel.php(42): CodeIgniter\Database\BaseConnection->query('\r\n SELECT \r\n   ...')
#5 C:\xampp\htdocs\dfpyme\app\Controllers\comanda\imprimirComandaController.php(620): App\Models\ProductoCompraModel->productos_compra('')
#6 C:\xampp\htdocs\dfpyme\system\CodeIgniter.php(832): App\Controllers\comanda\imprimirComandaController->impresion_compra()
#7 C:\xampp\htdocs\dfpyme\system\CodeIgniter.php(419): CodeIgniter\CodeIgniter->runController(Object(App\Controllers\comanda\imprimirComandaController))
#8 C:\xampp\htdocs\dfpyme\system\CodeIgniter.php(326): CodeIgniter\CodeIgniter->handleRequest(NULL, Object(Config\Cache), false)
#9 C:\xampp\htdocs\dfpyme\index.php(37): CodeIgniter\CodeIgniter->run()
#10 {main}
CRITICAL - 2024-10-31 23:03:12 --> Uncaught CodeIgniter\Format\Exceptions\FormatException: Failed to parse json string, error: "Type is not supported". in C:\xampp\htdocs\dfpyme\system\Format\JSONFormatter.php:41
Stack trace:
#0 C:\xampp\htdocs\dfpyme\system\Format\JSONFormatter.php(41): CodeIgniter\Format\Exceptions\FormatException::forInvalidJSON('Type is not sup...')
#1 C:\xampp\htdocs\dfpyme\system\API\ResponseTrait.php(341): CodeIgniter\Format\JSONFormatter->format(Array)
#2 C:\xampp\htdocs\dfpyme\system\API\ResponseTrait.php(99): CodeIgniter\Debug\Exceptions->format(Array)
#3 C:\xampp\htdocs\dfpyme\system\Debug\Exceptions.php(115): CodeIgniter\Debug\Exceptions->respond(Array, 500)
#4 [internal function]: CodeIgniter\Debug\Exceptions->exceptionHandler(Object(ErrorException))
#5 {main}
  thrown
#0 [internal function]: CodeIgniter\Debug\Exceptions->shutdownHandler()
#1 {main}
ERROR - 2024-10-31 23:06:30 --> ErrorException: pg_query(): Query failed: ERROR:  error de sintaxis en o cerca de «;»
LINE 14:     producto_factura_proveedor_temp.id_usuario = ;
                                                          ^ in C:\xampp\htdocs\dfpyme\system\Database\Postgre\Connection.php:135
Stack trace:
#0 [internal function]: CodeIgniter\Debug\Exceptions->errorHandler(2, 'pg_query(): Que...', 'C:\\xampp\\htdocs...', 135)
#1 C:\xampp\htdocs\dfpyme\system\Database\Postgre\Connection.php(135): pg_query(Resource id #156, '\r\n SELECT \r\n   ...')
#2 C:\xampp\htdocs\dfpyme\system\Database\BaseConnection.php(670): CodeIgniter\Database\Postgre\Connection->execute('\r\n SELECT \r\n   ...')
#3 C:\xampp\htdocs\dfpyme\system\Database\BaseConnection.php(598): CodeIgniter\Database\BaseConnection->simpleQuery('\r\n SELECT \r\n   ...')
#4 C:\xampp\htdocs\dfpyme\app\Models\ProductoCompraModel.php(42): CodeIgniter\Database\BaseConnection->query('\r\n SELECT \r\n   ...')
#5 C:\xampp\htdocs\dfpyme\app\Controllers\comanda\imprimirComandaController.php(620): App\Models\ProductoCompraModel->productos_compra('')
#6 C:\xampp\htdocs\dfpyme\system\CodeIgniter.php(832): App\Controllers\comanda\imprimirComandaController->impresion_compra()
#7 C:\xampp\htdocs\dfpyme\system\CodeIgniter.php(419): CodeIgniter\CodeIgniter->runController(Object(App\Controllers\comanda\imprimirComandaController))
#8 C:\xampp\htdocs\dfpyme\system\CodeIgniter.php(326): CodeIgniter\CodeIgniter->handleRequest(NULL, Object(Config\Cache), false)
#9 C:\xampp\htdocs\dfpyme\index.php(37): CodeIgniter\CodeIgniter->run()
#10 {main}
CRITICAL - 2024-10-31 23:06:30 --> pg_query(): Query failed: ERROR:  error de sintaxis en o cerca de «;»
LINE 14:     producto_factura_proveedor_temp.id_usuario = ;
                                                          ^
#0 [internal function]: CodeIgniter\Debug\Exceptions->errorHandler(2, 'pg_query(): Que...', 'C:\\xampp\\htdocs...', 135)
#1 C:\xampp\htdocs\dfpyme\system\Database\Postgre\Connection.php(135): pg_query(Resource id #156, '\r\n SELECT \r\n   ...')
#2 C:\xampp\htdocs\dfpyme\system\Database\BaseConnection.php(670): CodeIgniter\Database\Postgre\Connection->execute('\r\n SELECT \r\n   ...')
#3 C:\xampp\htdocs\dfpyme\system\Database\BaseConnection.php(598): CodeIgniter\Database\BaseConnection->simpleQuery('\r\n SELECT \r\n   ...')
#4 C:\xampp\htdocs\dfpyme\app\Models\ProductoCompraModel.php(42): CodeIgniter\Database\BaseConnection->query('\r\n SELECT \r\n   ...')
#5 C:\xampp\htdocs\dfpyme\app\Controllers\comanda\imprimirComandaController.php(620): App\Models\ProductoCompraModel->productos_compra('')
#6 C:\xampp\htdocs\dfpyme\system\CodeIgniter.php(832): App\Controllers\comanda\imprimirComandaController->impresion_compra()
#7 C:\xampp\htdocs\dfpyme\system\CodeIgniter.php(419): CodeIgniter\CodeIgniter->runController(Object(App\Controllers\comanda\imprimirComandaController))
#8 C:\xampp\htdocs\dfpyme\system\CodeIgniter.php(326): CodeIgniter\CodeIgniter->handleRequest(NULL, Object(Config\Cache), false)
#9 C:\xampp\htdocs\dfpyme\index.php(37): CodeIgniter\CodeIgniter->run()
#10 {main}
CRITICAL - 2024-10-31 23:06:30 --> Uncaught CodeIgniter\Format\Exceptions\FormatException: Failed to parse json string, error: "Type is not supported". in C:\xampp\htdocs\dfpyme\system\Format\JSONFormatter.php:41
Stack trace:
#0 C:\xampp\htdocs\dfpyme\system\Format\JSONFormatter.php(41): CodeIgniter\Format\Exceptions\FormatException::forInvalidJSON('Type is not sup...')
#1 C:\xampp\htdocs\dfpyme\system\API\ResponseTrait.php(341): CodeIgniter\Format\JSONFormatter->format(Array)
#2 C:\xampp\htdocs\dfpyme\system\API\ResponseTrait.php(99): CodeIgniter\Debug\Exceptions->format(Array)
#3 C:\xampp\htdocs\dfpyme\system\Debug\Exceptions.php(115): CodeIgniter\Debug\Exceptions->respond(Array, 500)
#4 [internal function]: CodeIgniter\Debug\Exceptions->exceptionHandler(Object(ErrorException))
#5 {main}
  thrown
#0 [internal function]: CodeIgniter\Debug\Exceptions->shutdownHandler()
#1 {main}
ERROR - 2024-10-31 23:10:43 --> ErrorException: pg_query(): Query failed: ERROR:  error de sintaxis en o cerca de «;»
LINE 14:     producto_factura_proveedor_temp.id_usuario = ;
                                                          ^ in C:\xampp\htdocs\dfpyme\system\Database\Postgre\Connection.php:135
Stack trace:
#0 [internal function]: CodeIgniter\Debug\Exceptions->errorHandler(2, 'pg_query(): Que...', 'C:\\xampp\\htdocs...', 135)
#1 C:\xampp\htdocs\dfpyme\system\Database\Postgre\Connection.php(135): pg_query(Resource id #156, '\r\n SELECT \r\n   ...')
#2 C:\xampp\htdocs\dfpyme\system\Database\BaseConnection.php(670): CodeIgniter\Database\Postgre\Connection->execute('\r\n SELECT \r\n   ...')
#3 C:\xampp\htdocs\dfpyme\system\Database\BaseConnection.php(598): CodeIgniter\Database\BaseConnection->simpleQuery('\r\n SELECT \r\n   ...')
#4 C:\xampp\htdocs\dfpyme\app\Models\ProductoCompraModel.php(42): CodeIgniter\Database\BaseConnection->query('\r\n SELECT \r\n   ...')
#5 C:\xampp\htdocs\dfpyme\app\Controllers\comanda\imprimirComandaController.php(620): App\Models\ProductoCompraModel->productos_compra('')
#6 C:\xampp\htdocs\dfpyme\system\CodeIgniter.php(832): App\Controllers\comanda\imprimirComandaController->impresion_compra()
#7 C:\xampp\htdocs\dfpyme\system\CodeIgniter.php(419): CodeIgniter\CodeIgniter->runController(Object(App\Controllers\comanda\imprimirComandaController))
#8 C:\xampp\htdocs\dfpyme\system\CodeIgniter.php(326): CodeIgniter\CodeIgniter->handleRequest(NULL, Object(Config\Cache), false)
#9 C:\xampp\htdocs\dfpyme\index.php(37): CodeIgniter\CodeIgniter->run()
#10 {main}
CRITICAL - 2024-10-31 23:10:43 --> pg_query(): Query failed: ERROR:  error de sintaxis en o cerca de «;»
LINE 14:     producto_factura_proveedor_temp.id_usuario = ;
                                                          ^
#0 [internal function]: CodeIgniter\Debug\Exceptions->errorHandler(2, 'pg_query(): Que...', 'C:\\xampp\\htdocs...', 135)
#1 C:\xampp\htdocs\dfpyme\system\Database\Postgre\Connection.php(135): pg_query(Resource id #156, '\r\n SELECT \r\n   ...')
#2 C:\xampp\htdocs\dfpyme\system\Database\BaseConnection.php(670): CodeIgniter\Database\Postgre\Connection->execute('\r\n SELECT \r\n   ...')
#3 C:\xampp\htdocs\dfpyme\system\Database\BaseConnection.php(598): CodeIgniter\Database\BaseConnection->simpleQuery('\r\n SELECT \r\n   ...')
#4 C:\xampp\htdocs\dfpyme\app\Models\ProductoCompraModel.php(42): CodeIgniter\Database\BaseConnection->query('\r\n SELECT \r\n   ...')
#5 C:\xampp\htdocs\dfpyme\app\Controllers\comanda\imprimirComandaController.php(620): App\Models\ProductoCompraModel->productos_compra('')
#6 C:\xampp\htdocs\dfpyme\system\CodeIgniter.php(832): App\Controllers\comanda\imprimirComandaController->impresion_compra()
#7 C:\xampp\htdocs\dfpyme\system\CodeIgniter.php(419): CodeIgniter\CodeIgniter->runController(Object(App\Controllers\comanda\imprimirComandaController))
#8 C:\xampp\htdocs\dfpyme\system\CodeIgniter.php(326): CodeIgniter\CodeIgniter->handleRequest(NULL, Object(Config\Cache), false)
#9 C:\xampp\htdocs\dfpyme\index.php(37): CodeIgniter\CodeIgniter->run()
#10 {main}
CRITICAL - 2024-10-31 23:10:43 --> Uncaught CodeIgniter\Format\Exceptions\FormatException: Failed to parse json string, error: "Type is not supported". in C:\xampp\htdocs\dfpyme\system\Format\JSONFormatter.php:41
Stack trace:
#0 C:\xampp\htdocs\dfpyme\system\Format\JSONFormatter.php(41): CodeIgniter\Format\Exceptions\FormatException::forInvalidJSON('Type is not sup...')
#1 C:\xampp\htdocs\dfpyme\system\API\ResponseTrait.php(341): CodeIgniter\Format\JSONFormatter->format(Array)
#2 C:\xampp\htdocs\dfpyme\system\API\ResponseTrait.php(99): CodeIgniter\Debug\Exceptions->format(Array)
#3 C:\xampp\htdocs\dfpyme\system\Debug\Exceptions.php(115): CodeIgniter\Debug\Exceptions->respond(Array, 500)
#4 [internal function]: CodeIgniter\Debug\Exceptions->exceptionHandler(Object(ErrorException))
#5 {main}
  thrown
#0 [internal function]: CodeIgniter\Debug\Exceptions->shutdownHandler()
#1 {main}
ERROR - 2024-10-31 23:12:59 --> ErrorException: pg_query(): Query failed: ERROR:  error de sintaxis en o cerca de «;»
LINE 14:     producto_factura_proveedor_temp.id_usuario = ;
                                                          ^ in C:\xampp\htdocs\dfpyme\system\Database\Postgre\Connection.php:135
Stack trace:
#0 [internal function]: CodeIgniter\Debug\Exceptions->errorHandler(2, 'pg_query(): Que...', 'C:\\xampp\\htdocs...', 135)
#1 C:\xampp\htdocs\dfpyme\system\Database\Postgre\Connection.php(135): pg_query(Resource id #156, '\r\n SELECT \r\n   ...')
#2 C:\xampp\htdocs\dfpyme\system\Database\BaseConnection.php(670): CodeIgniter\Database\Postgre\Connection->execute('\r\n SELECT \r\n   ...')
#3 C:\xampp\htdocs\dfpyme\system\Database\BaseConnection.php(598): CodeIgniter\Database\BaseConnection->simpleQuery('\r\n SELECT \r\n   ...')
#4 C:\xampp\htdocs\dfpyme\app\Models\ProductoCompraModel.php(42): CodeIgniter\Database\BaseConnection->query('\r\n SELECT \r\n   ...')
#5 C:\xampp\htdocs\dfpyme\app\Controllers\comanda\imprimirComandaController.php(620): App\Models\ProductoCompraModel->productos_compra(NULL)
#6 C:\xampp\htdocs\dfpyme\system\CodeIgniter.php(832): App\Controllers\comanda\imprimirComandaController->impresion_compra()
#7 C:\xampp\htdocs\dfpyme\system\CodeIgniter.php(419): CodeIgniter\CodeIgniter->runController(Object(App\Controllers\comanda\imprimirComandaController))
#8 C:\xampp\htdocs\dfpyme\system\CodeIgniter.php(326): CodeIgniter\CodeIgniter->handleRequest(NULL, Object(Config\Cache), false)
#9 C:\xampp\htdocs\dfpyme\index.php(37): CodeIgniter\CodeIgniter->run()
#10 {main}
CRITICAL - 2024-10-31 23:12:59 --> pg_query(): Query failed: ERROR:  error de sintaxis en o cerca de «;»
LINE 14:     producto_factura_proveedor_temp.id_usuario = ;
                                                          ^
#0 [internal function]: CodeIgniter\Debug\Exceptions->errorHandler(2, 'pg_query(): Que...', 'C:\\xampp\\htdocs...', 135)
#1 C:\xampp\htdocs\dfpyme\system\Database\Postgre\Connection.php(135): pg_query(Resource id #156, '\r\n SELECT \r\n   ...')
#2 C:\xampp\htdocs\dfpyme\system\Database\BaseConnection.php(670): CodeIgniter\Database\Postgre\Connection->execute('\r\n SELECT \r\n   ...')
#3 C:\xampp\htdocs\dfpyme\system\Database\BaseConnection.php(598): CodeIgniter\Database\BaseConnection->simpleQuery('\r\n SELECT \r\n   ...')
#4 C:\xampp\htdocs\dfpyme\app\Models\ProductoCompraModel.php(42): CodeIgniter\Database\BaseConnection->query('\r\n SELECT \r\n   ...')
#5 C:\xampp\htdocs\dfpyme\app\Controllers\comanda\imprimirComandaController.php(620): App\Models\ProductoCompraModel->productos_compra(NULL)
#6 C:\xampp\htdocs\dfpyme\system\CodeIgniter.php(832): App\Controllers\comanda\imprimirComandaController->impresion_compra()
#7 C:\xampp\htdocs\dfpyme\system\CodeIgniter.php(419): CodeIgniter\CodeIgniter->runController(Object(App\Controllers\comanda\imprimirComandaController))
#8 C:\xampp\htdocs\dfpyme\system\CodeIgniter.php(326): CodeIgniter\CodeIgniter->handleRequest(NULL, Object(Config\Cache), false)
#9 C:\xampp\htdocs\dfpyme\index.php(37): CodeIgniter\CodeIgniter->run()
#10 {main}
CRITICAL - 2024-10-31 23:12:59 --> Uncaught CodeIgniter\Format\Exceptions\FormatException: Failed to parse json string, error: "Type is not supported". in C:\xampp\htdocs\dfpyme\system\Format\JSONFormatter.php:41
Stack trace:
#0 C:\xampp\htdocs\dfpyme\system\Format\JSONFormatter.php(41): CodeIgniter\Format\Exceptions\FormatException::forInvalidJSON('Type is not sup...')
#1 C:\xampp\htdocs\dfpyme\system\API\ResponseTrait.php(341): CodeIgniter\Format\JSONFormatter->format(Array)
#2 C:\xampp\htdocs\dfpyme\system\API\ResponseTrait.php(99): CodeIgniter\Debug\Exceptions->format(Array)
#3 C:\xampp\htdocs\dfpyme\system\Debug\Exceptions.php(115): CodeIgniter\Debug\Exceptions->respond(Array, 500)
#4 [internal function]: CodeIgniter\Debug\Exceptions->exceptionHandler(Object(ErrorException))
#5 {main}
  thrown
#0 [internal function]: CodeIgniter\Debug\Exceptions->shutdownHandler()
#1 {main}
ERROR - 2024-10-31 23:17:04 --> ErrorException: pg_query(): Query failed: ERROR:  error de sintaxis en o cerca de «;»
LINE 14:     producto_factura_proveedor_temp.id_usuario = ;
                                                          ^ in C:\xampp\htdocs\dfpyme\system\Database\Postgre\Connection.php:135
Stack trace:
#0 [internal function]: CodeIgniter\Debug\Exceptions->errorHandler(2, 'pg_query(): Que...', 'C:\\xampp\\htdocs...', 135)
#1 C:\xampp\htdocs\dfpyme\system\Database\Postgre\Connection.php(135): pg_query(Resource id #156, '\r\n SELECT \r\n   ...')
#2 C:\xampp\htdocs\dfpyme\system\Database\BaseConnection.php(670): CodeIgniter\Database\Postgre\Connection->execute('\r\n SELECT \r\n   ...')
#3 C:\xampp\htdocs\dfpyme\system\Database\BaseConnection.php(598): CodeIgniter\Database\BaseConnection->simpleQuery('\r\n SELECT \r\n   ...')
#4 C:\xampp\htdocs\dfpyme\app\Models\ProductoCompraModel.php(42): CodeIgniter\Database\BaseConnection->query('\r\n SELECT \r\n   ...')
#5 C:\xampp\htdocs\dfpyme\app\Controllers\comanda\imprimirComandaController.php(620): App\Models\ProductoCompraModel->productos_compra(NULL)
#6 C:\xampp\htdocs\dfpyme\system\CodeIgniter.php(832): App\Controllers\comanda\imprimirComandaController->impresion_compra()
#7 C:\xampp\htdocs\dfpyme\system\CodeIgniter.php(419): CodeIgniter\CodeIgniter->runController(Object(App\Controllers\comanda\imprimirComandaController))
#8 C:\xampp\htdocs\dfpyme\system\CodeIgniter.php(326): CodeIgniter\CodeIgniter->handleRequest(NULL, Object(Config\Cache), false)
#9 C:\xampp\htdocs\dfpyme\index.php(37): CodeIgniter\CodeIgniter->run()
#10 {main}
CRITICAL - 2024-10-31 23:17:04 --> pg_query(): Query failed: ERROR:  error de sintaxis en o cerca de «;»
LINE 14:     producto_factura_proveedor_temp.id_usuario = ;
                                                          ^
#0 [internal function]: CodeIgniter\Debug\Exceptions->errorHandler(2, 'pg_query(): Que...', 'C:\\xampp\\htdocs...', 135)
#1 C:\xampp\htdocs\dfpyme\system\Database\Postgre\Connection.php(135): pg_query(Resource id #156, '\r\n SELECT \r\n   ...')
#2 C:\xampp\htdocs\dfpyme\system\Database\BaseConnection.php(670): CodeIgniter\Database\Postgre\Connection->execute('\r\n SELECT \r\n   ...')
#3 C:\xampp\htdocs\dfpyme\system\Database\BaseConnection.php(598): CodeIgniter\Database\BaseConnection->simpleQuery('\r\n SELECT \r\n   ...')
#4 C:\xampp\htdocs\dfpyme\app\Models\ProductoCompraModel.php(42): CodeIgniter\Database\BaseConnection->query('\r\n SELECT \r\n   ...')
#5 C:\xampp\htdocs\dfpyme\app\Controllers\comanda\imprimirComandaController.php(620): App\Models\ProductoCompraModel->productos_compra(NULL)
#6 C:\xampp\htdocs\dfpyme\system\CodeIgniter.php(832): App\Controllers\comanda\imprimirComandaController->impresion_compra()
#7 C:\xampp\htdocs\dfpyme\system\CodeIgniter.php(419): CodeIgniter\CodeIgniter->runController(Object(App\Controllers\comanda\imprimirComandaController))
#8 C:\xampp\htdocs\dfpyme\system\CodeIgniter.php(326): CodeIgniter\CodeIgniter->handleRequest(NULL, Object(Config\Cache), false)
#9 C:\xampp\htdocs\dfpyme\index.php(37): CodeIgniter\CodeIgniter->run()
#10 {main}
CRITICAL - 2024-10-31 23:17:04 --> Uncaught CodeIgniter\Format\Exceptions\FormatException: Failed to parse json string, error: "Type is not supported". in C:\xampp\htdocs\dfpyme\system\Format\JSONFormatter.php:41
Stack trace:
#0 C:\xampp\htdocs\dfpyme\system\Format\JSONFormatter.php(41): CodeIgniter\Format\Exceptions\FormatException::forInvalidJSON('Type is not sup...')
#1 C:\xampp\htdocs\dfpyme\system\API\ResponseTrait.php(341): CodeIgniter\Format\JSONFormatter->format(Array)
#2 C:\xampp\htdocs\dfpyme\system\API\ResponseTrait.php(99): CodeIgniter\Debug\Exceptions->format(Array)
#3 C:\xampp\htdocs\dfpyme\system\Debug\Exceptions.php(115): CodeIgniter\Debug\Exceptions->respond(Array, 500)
#4 [internal function]: CodeIgniter\Debug\Exceptions->exceptionHandler(Object(ErrorException))
#5 {main}
  thrown
#0 [internal function]: CodeIgniter\Debug\Exceptions->shutdownHandler()
#1 {main}
