CRITICAL - 2023-05-01 11:14:43 --> Undefined variable $pedido
#0 C:\xampp\htdocs\dfpyme\app\Views\productos_pedido\productos_pedido.php(120): CodeIgniter\Debug\Exceptions->errorHandler(2, 'Undefined varia...', 'C:\\xampp\\htdocs...', 120)
#1 C:\xampp\htdocs\dfpyme\system\View\View.php(210): include('C:\\xampp\\htdocs...')
#2 C:\xampp\htdocs\dfpyme\system\View\View.php(213): CodeIgniter\View\View->CodeIgniter\View\{closure}()
#3 C:\xampp\htdocs\dfpyme\system\Common.php(1089): CodeIgniter\View\View->render('productos_pedid...', Array, true)
#4 C:\xampp\htdocs\dfpyme\app\Controllers\producto\productoController.php(1306): view('productos_pedid...', Array)
#5 C:\xampp\htdocs\dfpyme\system\CodeIgniter.php(832): App\Controllers\producto\productoController->insertar_producto_desde_categoria()
#6 C:\xampp\htdocs\dfpyme\system\CodeIgniter.php(419): CodeIgniter\CodeIgniter->runController(Object(App\Controllers\producto\productoController))
#7 C:\xampp\htdocs\dfpyme\system\CodeIgniter.php(326): CodeIgniter\CodeIgniter->handleRequest(NULL, Object(Config\Cache), false)
#8 C:\xampp\htdocs\dfpyme\index.php(37): CodeIgniter\CodeIgniter->run()
#9 {main}
CRITICAL - 2023-05-01 11:14:43 --> Uncaught CodeIgniter\Format\Exceptions\FormatException: Failed to parse json string, error: "Type is not supported". in C:\xampp\htdocs\dfpyme\system\Format\JSONFormatter.php:41
Stack trace:
#0 C:\xampp\htdocs\dfpyme\system\Format\JSONFormatter.php(41): CodeIgniter\Format\Exceptions\FormatException::forInvalidJSON('Type is not sup...')
#1 C:\xampp\htdocs\dfpyme\system\API\ResponseTrait.php(341): CodeIgniter\Format\JSONFormatter->format(Array)
#2 C:\xampp\htdocs\dfpyme\system\API\ResponseTrait.php(99): CodeIgniter\Debug\Exceptions->format(Array)
#3 C:\xampp\htdocs\dfpyme\system\Debug\Exceptions.php(115): CodeIgniter\Debug\Exceptions->respond(Array, 500)
#4 [internal function]: CodeIgniter\Debug\Exceptions->exceptionHandler(Object(ErrorException))
#5 {main}
  thrown
#0 [internal function]: CodeIgniter\Debug\Exceptions->shutdownHandler()
#1 {main}
CRITICAL - 2023-05-01 11:15:02 --> Undefined variable $pedido
#0 C:\xampp\htdocs\dfpyme\app\Views\productos_pedido\productos_pedido.php(120): CodeIgniter\Debug\Exceptions->errorHandler(2, 'Undefined varia...', 'C:\\xampp\\htdocs...', 120)
#1 C:\xampp\htdocs\dfpyme\system\View\View.php(210): include('C:\\xampp\\htdocs...')
#2 C:\xampp\htdocs\dfpyme\system\View\View.php(213): CodeIgniter\View\View->CodeIgniter\View\{closure}()
#3 C:\xampp\htdocs\dfpyme\system\Common.php(1089): CodeIgniter\View\View->render('productos_pedid...', Array, true)
#4 C:\xampp\htdocs\dfpyme\app\Controllers\producto\productoController.php(1306): view('productos_pedid...', Array)
#5 C:\xampp\htdocs\dfpyme\system\CodeIgniter.php(832): App\Controllers\producto\productoController->insertar_producto_desde_categoria()
#6 C:\xampp\htdocs\dfpyme\system\CodeIgniter.php(419): CodeIgniter\CodeIgniter->runController(Object(App\Controllers\producto\productoController))
#7 C:\xampp\htdocs\dfpyme\system\CodeIgniter.php(326): CodeIgniter\CodeIgniter->handleRequest(NULL, Object(Config\Cache), false)
#8 C:\xampp\htdocs\dfpyme\index.php(37): CodeIgniter\CodeIgniter->run()
#9 {main}
CRITICAL - 2023-05-01 11:15:02 --> Uncaught CodeIgniter\Format\Exceptions\FormatException: Failed to parse json string, error: "Type is not supported". in C:\xampp\htdocs\dfpyme\system\Format\JSONFormatter.php:41
Stack trace:
#0 C:\xampp\htdocs\dfpyme\system\Format\JSONFormatter.php(41): CodeIgniter\Format\Exceptions\FormatException::forInvalidJSON('Type is not sup...')
#1 C:\xampp\htdocs\dfpyme\system\API\ResponseTrait.php(341): CodeIgniter\Format\JSONFormatter->format(Array)
#2 C:\xampp\htdocs\dfpyme\system\API\ResponseTrait.php(99): CodeIgniter\Debug\Exceptions->format(Array)
#3 C:\xampp\htdocs\dfpyme\system\Debug\Exceptions.php(115): CodeIgniter\Debug\Exceptions->respond(Array, 500)
#4 [internal function]: CodeIgniter\Debug\Exceptions->exceptionHandler(Object(ErrorException))
#5 {main}
  thrown
#0 [internal function]: CodeIgniter\Debug\Exceptions->shutdownHandler()
#1 {main}
CRITICAL - 2023-05-01 11:15:20 --> Undefined variable $pedido
#0 C:\xampp\htdocs\dfpyme\app\Views\productos_pedido\productos_pedido.php(120): CodeIgniter\Debug\Exceptions->errorHandler(2, 'Undefined varia...', 'C:\\xampp\\htdocs...', 120)
#1 C:\xampp\htdocs\dfpyme\system\View\View.php(210): include('C:\\xampp\\htdocs...')
#2 C:\xampp\htdocs\dfpyme\system\View\View.php(213): CodeIgniter\View\View->CodeIgniter\View\{closure}()
#3 C:\xampp\htdocs\dfpyme\system\Common.php(1089): CodeIgniter\View\View->render('productos_pedid...', Array, true)
#4 C:\xampp\htdocs\dfpyme\app\Controllers\producto\productoController.php(1306): view('productos_pedid...', Array)
#5 C:\xampp\htdocs\dfpyme\system\CodeIgniter.php(832): App\Controllers\producto\productoController->insertar_producto_desde_categoria()
#6 C:\xampp\htdocs\dfpyme\system\CodeIgniter.php(419): CodeIgniter\CodeIgniter->runController(Object(App\Controllers\producto\productoController))
#7 C:\xampp\htdocs\dfpyme\system\CodeIgniter.php(326): CodeIgniter\CodeIgniter->handleRequest(NULL, Object(Config\Cache), false)
#8 C:\xampp\htdocs\dfpyme\index.php(37): CodeIgniter\CodeIgniter->run()
#9 {main}
CRITICAL - 2023-05-01 11:15:20 --> Uncaught CodeIgniter\Format\Exceptions\FormatException: Failed to parse json string, error: "Type is not supported". in C:\xampp\htdocs\dfpyme\system\Format\JSONFormatter.php:41
Stack trace:
#0 C:\xampp\htdocs\dfpyme\system\Format\JSONFormatter.php(41): CodeIgniter\Format\Exceptions\FormatException::forInvalidJSON('Type is not sup...')
#1 C:\xampp\htdocs\dfpyme\system\API\ResponseTrait.php(341): CodeIgniter\Format\JSONFormatter->format(Array)
#2 C:\xampp\htdocs\dfpyme\system\API\ResponseTrait.php(99): CodeIgniter\Debug\Exceptions->format(Array)
#3 C:\xampp\htdocs\dfpyme\system\Debug\Exceptions.php(115): CodeIgniter\Debug\Exceptions->respond(Array, 500)
#4 [internal function]: CodeIgniter\Debug\Exceptions->exceptionHandler(Object(ErrorException))
#5 {main}
  thrown
#0 [internal function]: CodeIgniter\Debug\Exceptions->shutdownHandler()
#1 {main}
CRITICAL - 2023-05-01 11:15:41 --> Undefined variable $pedido
#0 C:\xampp\htdocs\dfpyme\app\Views\productos_pedido\productos_pedido.php(120): CodeIgniter\Debug\Exceptions->errorHandler(2, 'Undefined varia...', 'C:\\xampp\\htdocs...', 120)
#1 C:\xampp\htdocs\dfpyme\system\View\View.php(210): include('C:\\xampp\\htdocs...')
#2 C:\xampp\htdocs\dfpyme\system\View\View.php(213): CodeIgniter\View\View->CodeIgniter\View\{closure}()
#3 C:\xampp\htdocs\dfpyme\system\Common.php(1089): CodeIgniter\View\View->render('productos_pedid...', Array, true)
#4 C:\xampp\htdocs\dfpyme\app\Controllers\producto\productoController.php(1306): view('productos_pedid...', Array)
#5 C:\xampp\htdocs\dfpyme\system\CodeIgniter.php(832): App\Controllers\producto\productoController->insertar_producto_desde_categoria()
#6 C:\xampp\htdocs\dfpyme\system\CodeIgniter.php(419): CodeIgniter\CodeIgniter->runController(Object(App\Controllers\producto\productoController))
#7 C:\xampp\htdocs\dfpyme\system\CodeIgniter.php(326): CodeIgniter\CodeIgniter->handleRequest(NULL, Object(Config\Cache), false)
#8 C:\xampp\htdocs\dfpyme\index.php(37): CodeIgniter\CodeIgniter->run()
#9 {main}
CRITICAL - 2023-05-01 11:15:41 --> Uncaught CodeIgniter\Format\Exceptions\FormatException: Failed to parse json string, error: "Type is not supported". in C:\xampp\htdocs\dfpyme\system\Format\JSONFormatter.php:41
Stack trace:
#0 C:\xampp\htdocs\dfpyme\system\Format\JSONFormatter.php(41): CodeIgniter\Format\Exceptions\FormatException::forInvalidJSON('Type is not sup...')
#1 C:\xampp\htdocs\dfpyme\system\API\ResponseTrait.php(341): CodeIgniter\Format\JSONFormatter->format(Array)
#2 C:\xampp\htdocs\dfpyme\system\API\ResponseTrait.php(99): CodeIgniter\Debug\Exceptions->format(Array)
#3 C:\xampp\htdocs\dfpyme\system\Debug\Exceptions.php(115): CodeIgniter\Debug\Exceptions->respond(Array, 500)
#4 [internal function]: CodeIgniter\Debug\Exceptions->exceptionHandler(Object(ErrorException))
#5 {main}
  thrown
#0 [internal function]: CodeIgniter\Debug\Exceptions->shutdownHandler()
#1 {main}
CRITICAL - 2023-05-01 11:52:32 --> Undefined array key 7
#0 C:\xampp\htdocs\dfpyme\app\Controllers\consultas_y_reportes\Documento.php(173): CodeIgniter\Debug\Exceptions->errorHandler(2, 'Undefined array...', 'C:\\xampp\\htdocs...', 173)
#1 C:\xampp\htdocs\dfpyme\system\CodeIgniter.php(832): App\Controllers\consultas_y_reportes\Documento->tipo_documento()
#2 C:\xampp\htdocs\dfpyme\system\CodeIgniter.php(419): CodeIgniter\CodeIgniter->runController(Object(App\Controllers\consultas_y_reportes\Documento))
#3 C:\xampp\htdocs\dfpyme\system\CodeIgniter.php(326): CodeIgniter\CodeIgniter->handleRequest(NULL, Object(Config\Cache), false)
#4 C:\xampp\htdocs\dfpyme\index.php(37): CodeIgniter\CodeIgniter->run()
#5 {main}
CRITICAL - 2023-05-01 11:52:32 --> Uncaught CodeIgniter\Format\Exceptions\FormatException: Failed to parse json string, error: "Type is not supported". in C:\xampp\htdocs\dfpyme\system\Format\JSONFormatter.php:41
Stack trace:
#0 C:\xampp\htdocs\dfpyme\system\Format\JSONFormatter.php(41): CodeIgniter\Format\Exceptions\FormatException::forInvalidJSON('Type is not sup...')
#1 C:\xampp\htdocs\dfpyme\system\API\ResponseTrait.php(341): CodeIgniter\Format\JSONFormatter->format(Array)
#2 C:\xampp\htdocs\dfpyme\system\API\ResponseTrait.php(99): CodeIgniter\Debug\Exceptions->format(Array)
#3 C:\xampp\htdocs\dfpyme\system\Debug\Exceptions.php(115): CodeIgniter\Debug\Exceptions->respond(Array, 500)
#4 [internal function]: CodeIgniter\Debug\Exceptions->exceptionHandler(Object(ErrorException))
#5 {main}
  thrown
#0 [internal function]: CodeIgniter\Debug\Exceptions->shutdownHandler()
#1 {main}
CRITICAL - 2023-05-01 12:00:53 --> Undefined variable $pedido
#0 C:\xampp\htdocs\dfpyme\app\Views\productos_pedido\productos_pedido.php(120): CodeIgniter\Debug\Exceptions->errorHandler(2, 'Undefined varia...', 'C:\\xampp\\htdocs...', 120)
#1 C:\xampp\htdocs\dfpyme\system\View\View.php(210): include('C:\\xampp\\htdocs...')
#2 C:\xampp\htdocs\dfpyme\system\View\View.php(213): CodeIgniter\View\View->CodeIgniter\View\{closure}()
#3 C:\xampp\htdocs\dfpyme\system\Common.php(1089): CodeIgniter\View\View->render('productos_pedid...', Array, true)
#4 C:\xampp\htdocs\dfpyme\app\Controllers\producto\productoController.php(1241): view('productos_pedid...', Array)
#5 C:\xampp\htdocs\dfpyme\system\CodeIgniter.php(832): App\Controllers\producto\productoController->insertar_producto_desde_categoria()
#6 C:\xampp\htdocs\dfpyme\system\CodeIgniter.php(419): CodeIgniter\CodeIgniter->runController(Object(App\Controllers\producto\productoController))
#7 C:\xampp\htdocs\dfpyme\system\CodeIgniter.php(326): CodeIgniter\CodeIgniter->handleRequest(NULL, Object(Config\Cache), false)
#8 C:\xampp\htdocs\dfpyme\index.php(37): CodeIgniter\CodeIgniter->run()
#9 {main}
CRITICAL - 2023-05-01 12:00:53 --> Uncaught CodeIgniter\Format\Exceptions\FormatException: Failed to parse json string, error: "Type is not supported". in C:\xampp\htdocs\dfpyme\system\Format\JSONFormatter.php:41
Stack trace:
#0 C:\xampp\htdocs\dfpyme\system\Format\JSONFormatter.php(41): CodeIgniter\Format\Exceptions\FormatException::forInvalidJSON('Type is not sup...')
#1 C:\xampp\htdocs\dfpyme\system\API\ResponseTrait.php(341): CodeIgniter\Format\JSONFormatter->format(Array)
#2 C:\xampp\htdocs\dfpyme\system\API\ResponseTrait.php(99): CodeIgniter\Debug\Exceptions->format(Array)
#3 C:\xampp\htdocs\dfpyme\system\Debug\Exceptions.php(115): CodeIgniter\Debug\Exceptions->respond(Array, 500)
#4 [internal function]: CodeIgniter\Debug\Exceptions->exceptionHandler(Object(ErrorException))
#5 {main}
  thrown
#0 [internal function]: CodeIgniter\Debug\Exceptions->shutdownHandler()
#1 {main}
CRITICAL - 2023-05-01 18:32:02 --> Undefined array key "id_usuario"
#0 C:\xampp\htdocs\dfpyme\app\Controllers\factura_pos\facturacionConImpuestosController.php(23): CodeIgniter\Debug\Exceptions->errorHandler(2, 'Undefined array...', 'C:\\xampp\\htdocs...', 23)
#1 C:\xampp\htdocs\dfpyme\system\CodeIgniter.php(832): App\Controllers\factura_pos\facturacionConImpuestosController->factura_pos()
#2 C:\xampp\htdocs\dfpyme\system\CodeIgniter.php(419): CodeIgniter\CodeIgniter->runController(Object(App\Controllers\factura_pos\facturacionConImpuestosController))
#3 C:\xampp\htdocs\dfpyme\system\CodeIgniter.php(326): CodeIgniter\CodeIgniter->handleRequest(NULL, Object(Config\Cache), false)
#4 C:\xampp\htdocs\dfpyme\index.php(37): CodeIgniter\CodeIgniter->run()
#5 {main}
CRITICAL - 2023-05-01 18:33:27 --> Undefined array key "id_usuario"
#0 C:\xampp\htdocs\dfpyme\app\Controllers\factura_pos\facturacionConImpuestosController.php(23): CodeIgniter\Debug\Exceptions->errorHandler(2, 'Undefined array...', 'C:\\xampp\\htdocs...', 23)
#1 C:\xampp\htdocs\dfpyme\system\CodeIgniter.php(832): App\Controllers\factura_pos\facturacionConImpuestosController->factura_pos()
#2 C:\xampp\htdocs\dfpyme\system\CodeIgniter.php(419): CodeIgniter\CodeIgniter->runController(Object(App\Controllers\factura_pos\facturacionConImpuestosController))
#3 C:\xampp\htdocs\dfpyme\system\CodeIgniter.php(326): CodeIgniter\CodeIgniter->handleRequest(NULL, Object(Config\Cache), false)
#4 C:\xampp\htdocs\dfpyme\index.php(37): CodeIgniter\CodeIgniter->run()
#5 {main}
ERROR - 2023-05-01 22:04:19 --> ErrorException: pg_query(): Query failed: ERROR:  no existe la columna «descuento» en la relación «factura_venta»
LINE 1: ..._factura&quot;, &quot;saldo&quot;, &quot;fecha_y_hora_factura_venta&quot;, &quot;descuento...
                                                             ^ in C:\xampp\htdocs\dfpyme\system\Database\Postgre\Connection.php:135
Stack trace:
#0 [internal function]: CodeIgniter\Debug\Exceptions->errorHandler(2, 'pg_query(): Que...', 'C:\\xampp\\htdocs...', 135)
#1 C:\xampp\htdocs\dfpyme\system\Database\Postgre\Connection.php(135): pg_query(Resource id #158, 'INSERT INTO "fa...')
#2 C:\xampp\htdocs\dfpyme\system\Database\BaseConnection.php(670): CodeIgniter\Database\Postgre\Connection->execute('INSERT INTO "fa...')
#3 C:\xampp\htdocs\dfpyme\system\Database\BaseConnection.php(598): CodeIgniter\Database\BaseConnection->simpleQuery('INSERT INTO "fa...')
#4 C:\xampp\htdocs\dfpyme\system\Database\BaseBuilder.php(1771): CodeIgniter\Database\BaseConnection->query('INSERT INTO "fa...', Array, false)
#5 C:\xampp\htdocs\dfpyme\system\Model.php(239): CodeIgniter\Database\BaseBuilder->insert()
#6 C:\xampp\htdocs\dfpyme\system\BaseModel.php(738): CodeIgniter\Model->doInsert(Array)
#7 C:\xampp\htdocs\dfpyme\system\Model.php(625): CodeIgniter\BaseModel->insert(Array, true)
#8 C:\xampp\htdocs\dfpyme\app\Controllers\factura_pos\facturaDirectaController.php(181): CodeIgniter\Model->insert(Array)
#9 C:\xampp\htdocs\dfpyme\app\Controllers\factura_pos\facturaDirectaController.php(85): App\Controllers\factura_pos\facturaDirectaController->facturacion_sin_impuestos('2023-05-01 22:0...', 0, '10000', '0', '7600', '22222222', '8', '1', '100000', '760', '380')
#10 C:\xampp\htdocs\dfpyme\system\CodeIgniter.php(832): App\Controllers\factura_pos\facturaDirectaController->facturacion()
#11 C:\xampp\htdocs\dfpyme\system\CodeIgniter.php(419): CodeIgniter\CodeIgniter->runController(Object(App\Controllers\factura_pos\facturaDirectaController))
#12 C:\xampp\htdocs\dfpyme\system\CodeIgniter.php(326): CodeIgniter\CodeIgniter->handleRequest(NULL, Object(Config\Cache), false)
#13 C:\xampp\htdocs\dfpyme\index.php(37): CodeIgniter\CodeIgniter->run()
#14 {main}
CRITICAL - 2023-05-01 22:04:19 --> pg_query(): Query failed: ERROR:  no existe la columna «descuento» en la relación «factura_venta»
LINE 1: ..._factura&quot;, &quot;saldo&quot;, &quot;fecha_y_hora_factura_venta&quot;, &quot;descuento...
                                                             ^
#0 [internal function]: CodeIgniter\Debug\Exceptions->errorHandler(2, 'pg_query(): Que...', 'C:\\xampp\\htdocs...', 135)
#1 C:\xampp\htdocs\dfpyme\system\Database\Postgre\Connection.php(135): pg_query(Resource id #158, 'INSERT INTO "fa...')
#2 C:\xampp\htdocs\dfpyme\system\Database\BaseConnection.php(670): CodeIgniter\Database\Postgre\Connection->execute('INSERT INTO "fa...')
#3 C:\xampp\htdocs\dfpyme\system\Database\BaseConnection.php(598): CodeIgniter\Database\BaseConnection->simpleQuery('INSERT INTO "fa...')
#4 C:\xampp\htdocs\dfpyme\system\Database\BaseBuilder.php(1771): CodeIgniter\Database\BaseConnection->query('INSERT INTO "fa...', Array, false)
#5 C:\xampp\htdocs\dfpyme\system\Model.php(239): CodeIgniter\Database\BaseBuilder->insert()
#6 C:\xampp\htdocs\dfpyme\system\BaseModel.php(738): CodeIgniter\Model->doInsert(Array)
#7 C:\xampp\htdocs\dfpyme\system\Model.php(625): CodeIgniter\BaseModel->insert(Array, true)
#8 C:\xampp\htdocs\dfpyme\app\Controllers\factura_pos\facturaDirectaController.php(181): CodeIgniter\Model->insert(Array)
#9 C:\xampp\htdocs\dfpyme\app\Controllers\factura_pos\facturaDirectaController.php(85): App\Controllers\factura_pos\facturaDirectaController->facturacion_sin_impuestos('2023-05-01 22:0...', 0, '10000', '0', '7600', '22222222', '8', '1', '100000', '760', '380')
#10 C:\xampp\htdocs\dfpyme\system\CodeIgniter.php(832): App\Controllers\factura_pos\facturaDirectaController->facturacion()
#11 C:\xampp\htdocs\dfpyme\system\CodeIgniter.php(419): CodeIgniter\CodeIgniter->runController(Object(App\Controllers\factura_pos\facturaDirectaController))
#12 C:\xampp\htdocs\dfpyme\system\CodeIgniter.php(326): CodeIgniter\CodeIgniter->handleRequest(NULL, Object(Config\Cache), false)
#13 C:\xampp\htdocs\dfpyme\index.php(37): CodeIgniter\CodeIgniter->run()
#14 {main}
CRITICAL - 2023-05-01 22:04:19 --> Uncaught CodeIgniter\Format\Exceptions\FormatException: Failed to parse json string, error: "Type is not supported". in C:\xampp\htdocs\dfpyme\system\Format\JSONFormatter.php:41
Stack trace:
#0 C:\xampp\htdocs\dfpyme\system\Format\JSONFormatter.php(41): CodeIgniter\Format\Exceptions\FormatException::forInvalidJSON('Type is not sup...')
#1 C:\xampp\htdocs\dfpyme\system\API\ResponseTrait.php(341): CodeIgniter\Format\JSONFormatter->format(Array)
#2 C:\xampp\htdocs\dfpyme\system\API\ResponseTrait.php(99): CodeIgniter\Debug\Exceptions->format(Array)
#3 C:\xampp\htdocs\dfpyme\system\Debug\Exceptions.php(115): CodeIgniter\Debug\Exceptions->respond(Array, 500)
#4 [internal function]: CodeIgniter\Debug\Exceptions->exceptionHandler(Object(ErrorException))
#5 {main}
  thrown
#0 [internal function]: CodeIgniter\Debug\Exceptions->shutdownHandler()
#1 {main}
ERROR - 2023-05-01 22:05:41 --> ErrorException: pg_query(): Query failed: ERROR:  no existe la columna «descuento» en la relación «factura_venta»
LINE 1: ..._factura&quot;, &quot;saldo&quot;, &quot;fecha_y_hora_factura_venta&quot;, &quot;descuento...
                                                             ^ in C:\xampp\htdocs\dfpyme\system\Database\Postgre\Connection.php:135
Stack trace:
#0 [internal function]: CodeIgniter\Debug\Exceptions->errorHandler(2, 'pg_query(): Que...', 'C:\\xampp\\htdocs...', 135)
#1 C:\xampp\htdocs\dfpyme\system\Database\Postgre\Connection.php(135): pg_query(Resource id #158, 'INSERT INTO "fa...')
#2 C:\xampp\htdocs\dfpyme\system\Database\BaseConnection.php(670): CodeIgniter\Database\Postgre\Connection->execute('INSERT INTO "fa...')
#3 C:\xampp\htdocs\dfpyme\system\Database\BaseConnection.php(598): CodeIgniter\Database\BaseConnection->simpleQuery('INSERT INTO "fa...')
#4 C:\xampp\htdocs\dfpyme\system\Database\BaseBuilder.php(1771): CodeIgniter\Database\BaseConnection->query('INSERT INTO "fa...', Array, false)
#5 C:\xampp\htdocs\dfpyme\system\Model.php(239): CodeIgniter\Database\BaseBuilder->insert()
#6 C:\xampp\htdocs\dfpyme\system\BaseModel.php(738): CodeIgniter\Model->doInsert(Array)
#7 C:\xampp\htdocs\dfpyme\system\Model.php(625): CodeIgniter\BaseModel->insert(Array, true)
#8 C:\xampp\htdocs\dfpyme\app\Controllers\factura_pos\facturaDirectaController.php(181): CodeIgniter\Model->insert(Array)
#9 C:\xampp\htdocs\dfpyme\app\Controllers\factura_pos\facturaDirectaController.php(85): App\Controllers\factura_pos\facturaDirectaController->facturacion_sin_impuestos('2023-05-01 22:0...', 0, '10000', '0', '7600', '22222222', '8', '1', '100000', '0', '0')
#10 C:\xampp\htdocs\dfpyme\system\CodeIgniter.php(832): App\Controllers\factura_pos\facturaDirectaController->facturacion()
#11 C:\xampp\htdocs\dfpyme\system\CodeIgniter.php(419): CodeIgniter\CodeIgniter->runController(Object(App\Controllers\factura_pos\facturaDirectaController))
#12 C:\xampp\htdocs\dfpyme\system\CodeIgniter.php(326): CodeIgniter\CodeIgniter->handleRequest(NULL, Object(Config\Cache), false)
#13 C:\xampp\htdocs\dfpyme\index.php(37): CodeIgniter\CodeIgniter->run()
#14 {main}
CRITICAL - 2023-05-01 22:05:41 --> pg_query(): Query failed: ERROR:  no existe la columna «descuento» en la relación «factura_venta»
LINE 1: ..._factura&quot;, &quot;saldo&quot;, &quot;fecha_y_hora_factura_venta&quot;, &quot;descuento...
                                                             ^
#0 [internal function]: CodeIgniter\Debug\Exceptions->errorHandler(2, 'pg_query(): Que...', 'C:\\xampp\\htdocs...', 135)
#1 C:\xampp\htdocs\dfpyme\system\Database\Postgre\Connection.php(135): pg_query(Resource id #158, 'INSERT INTO "fa...')
#2 C:\xampp\htdocs\dfpyme\system\Database\BaseConnection.php(670): CodeIgniter\Database\Postgre\Connection->execute('INSERT INTO "fa...')
#3 C:\xampp\htdocs\dfpyme\system\Database\BaseConnection.php(598): CodeIgniter\Database\BaseConnection->simpleQuery('INSERT INTO "fa...')
#4 C:\xampp\htdocs\dfpyme\system\Database\BaseBuilder.php(1771): CodeIgniter\Database\BaseConnection->query('INSERT INTO "fa...', Array, false)
#5 C:\xampp\htdocs\dfpyme\system\Model.php(239): CodeIgniter\Database\BaseBuilder->insert()
#6 C:\xampp\htdocs\dfpyme\system\BaseModel.php(738): CodeIgniter\Model->doInsert(Array)
#7 C:\xampp\htdocs\dfpyme\system\Model.php(625): CodeIgniter\BaseModel->insert(Array, true)
#8 C:\xampp\htdocs\dfpyme\app\Controllers\factura_pos\facturaDirectaController.php(181): CodeIgniter\Model->insert(Array)
#9 C:\xampp\htdocs\dfpyme\app\Controllers\factura_pos\facturaDirectaController.php(85): App\Controllers\factura_pos\facturaDirectaController->facturacion_sin_impuestos('2023-05-01 22:0...', 0, '10000', '0', '7600', '22222222', '8', '1', '100000', '0', '0')
#10 C:\xampp\htdocs\dfpyme\system\CodeIgniter.php(832): App\Controllers\factura_pos\facturaDirectaController->facturacion()
#11 C:\xampp\htdocs\dfpyme\system\CodeIgniter.php(419): CodeIgniter\CodeIgniter->runController(Object(App\Controllers\factura_pos\facturaDirectaController))
#12 C:\xampp\htdocs\dfpyme\system\CodeIgniter.php(326): CodeIgniter\CodeIgniter->handleRequest(NULL, Object(Config\Cache), false)
#13 C:\xampp\htdocs\dfpyme\index.php(37): CodeIgniter\CodeIgniter->run()
#14 {main}
CRITICAL - 2023-05-01 22:05:41 --> Uncaught CodeIgniter\Format\Exceptions\FormatException: Failed to parse json string, error: "Type is not supported". in C:\xampp\htdocs\dfpyme\system\Format\JSONFormatter.php:41
Stack trace:
#0 C:\xampp\htdocs\dfpyme\system\Format\JSONFormatter.php(41): CodeIgniter\Format\Exceptions\FormatException::forInvalidJSON('Type is not sup...')
#1 C:\xampp\htdocs\dfpyme\system\API\ResponseTrait.php(341): CodeIgniter\Format\JSONFormatter->format(Array)
#2 C:\xampp\htdocs\dfpyme\system\API\ResponseTrait.php(99): CodeIgniter\Debug\Exceptions->format(Array)
#3 C:\xampp\htdocs\dfpyme\system\Debug\Exceptions.php(115): CodeIgniter\Debug\Exceptions->respond(Array, 500)
#4 [internal function]: CodeIgniter\Debug\Exceptions->exceptionHandler(Object(ErrorException))
#5 {main}
  thrown
#0 [internal function]: CodeIgniter\Debug\Exceptions->shutdownHandler()
#1 {main}
