CRITICAL - 2022-04-22 00:00:00 --> Trying to access array offset on value of type null
#0 C:\xampp\htdocs\web\app\Controllers\producto\productoController.php(475): CodeIgniter\Debug\Exceptions->errorHandler(2, 'Trying to acces...', 'C:\\xampp\\htdocs...', 475)
#1 C:\xampp\htdocs\web\system\CodeIgniter.php(832): App\Controllers\producto\productoController->cargar_producto_al_pedido()
#2 C:\xampp\htdocs\web\system\CodeIgniter.php(419): CodeIgniter\CodeIgniter->runController(Object(App\Controllers\producto\productoController))
#3 C:\xampp\htdocs\web\system\CodeIgniter.php(326): CodeIgniter\CodeIgniter->handleRequest(NULL, Object(Config\Cache), false)
#4 C:\xampp\htdocs\web\index.php(37): CodeIgniter\CodeIgniter->run()
#5 {main}
ERROR - 2022-04-22 08:13:49 --> ErrorException: pg_query(): Query failed: ERROR:  no existe la columna mesas.fk_usuario
LINE 10:         INNER JOIN usuario_sistema ON mesas.fk_usuario = usu...
                                               ^ in C:\xampp\htdocs\web\system\Database\Postgre\Connection.php:135
Stack trace:
#0 [internal function]: CodeIgniter\Debug\Exceptions->errorHandler(2, 'pg_query(): Que...', 'C:\\xampp\\htdocs...', 135)
#1 C:\xampp\htdocs\web\system\Database\Postgre\Connection.php(135): pg_query(Resource id #131, '\r\n        SELEC...')
#2 C:\xampp\htdocs\web\system\Database\BaseConnection.php(670): CodeIgniter\Database\Postgre\Connection->execute('\r\n        SELEC...')
#3 C:\xampp\htdocs\web\system\Database\BaseConnection.php(598): CodeIgniter\Database\BaseConnection->simpleQuery('\r\n        SELEC...')
#4 C:\xampp\htdocs\web\app\Models\mesasModel.php(56): CodeIgniter\Database\BaseConnection->query('\r\n        SELEC...')
#5 C:\xampp\htdocs\web\app\Controllers\Salones\SalonesController.php(52): App\Models\mesasModel->mesas_salon('1')
#6 C:\xampp\htdocs\web\system\CodeIgniter.php(832): App\Controllers\Salones\SalonesController->salon_mesas()
#7 C:\xampp\htdocs\web\system\CodeIgniter.php(419): CodeIgniter\CodeIgniter->runController(Object(App\Controllers\Salones\SalonesController))
#8 C:\xampp\htdocs\web\system\CodeIgniter.php(326): CodeIgniter\CodeIgniter->handleRequest(NULL, Object(Config\Cache), false)
#9 C:\xampp\htdocs\web\index.php(37): CodeIgniter\CodeIgniter->run()
#10 {main}
CRITICAL - 2022-04-22 08:13:49 --> pg_query(): Query failed: ERROR:  no existe la columna mesas.fk_usuario
LINE 10:         INNER JOIN usuario_sistema ON mesas.fk_usuario = usu...
                                               ^
#0 [internal function]: CodeIgniter\Debug\Exceptions->errorHandler(2, 'pg_query(): Que...', 'C:\\xampp\\htdocs...', 135)
#1 C:\xampp\htdocs\web\system\Database\Postgre\Connection.php(135): pg_query(Resource id #131, '\r\n        SELEC...')
#2 C:\xampp\htdocs\web\system\Database\BaseConnection.php(670): CodeIgniter\Database\Postgre\Connection->execute('\r\n        SELEC...')
#3 C:\xampp\htdocs\web\system\Database\BaseConnection.php(598): CodeIgniter\Database\BaseConnection->simpleQuery('\r\n        SELEC...')
#4 C:\xampp\htdocs\web\app\Models\mesasModel.php(56): CodeIgniter\Database\BaseConnection->query('\r\n        SELEC...')
#5 C:\xampp\htdocs\web\app\Controllers\Salones\SalonesController.php(52): App\Models\mesasModel->mesas_salon('1')
#6 C:\xampp\htdocs\web\system\CodeIgniter.php(832): App\Controllers\Salones\SalonesController->salon_mesas()
#7 C:\xampp\htdocs\web\system\CodeIgniter.php(419): CodeIgniter\CodeIgniter->runController(Object(App\Controllers\Salones\SalonesController))
#8 C:\xampp\htdocs\web\system\CodeIgniter.php(326): CodeIgniter\CodeIgniter->handleRequest(NULL, Object(Config\Cache), false)
#9 C:\xampp\htdocs\web\index.php(37): CodeIgniter\CodeIgniter->run()
#10 {main}
CRITICAL - 2022-04-22 08:13:49 --> Uncaught CodeIgniter\Format\Exceptions\FormatException: Failed to parse json string, error: "Type is not supported". in C:\xampp\htdocs\web\system\Format\JSONFormatter.php:41
Stack trace:
#0 C:\xampp\htdocs\web\system\Format\JSONFormatter.php(41): CodeIgniter\Format\Exceptions\FormatException::forInvalidJSON('Type is not sup...')
#1 C:\xampp\htdocs\web\system\API\ResponseTrait.php(341): CodeIgniter\Format\JSONFormatter->format(Array)
#2 C:\xampp\htdocs\web\system\API\ResponseTrait.php(99): CodeIgniter\Debug\Exceptions->format(Array)
#3 C:\xampp\htdocs\web\system\Debug\Exceptions.php(115): CodeIgniter\Debug\Exceptions->respond(Array, 500)
#4 [internal function]: CodeIgniter\Debug\Exceptions->exceptionHandler(Object(ErrorException))
#5 {main}
  thrown
#0 [internal function]: CodeIgniter\Debug\Exceptions->shutdownHandler()
#1 {main}
ERROR - 2022-04-22 08:13:50 --> ErrorException: pg_query(): Query failed: ERROR:  no existe la columna mesas.fk_usuario
LINE 10:         INNER JOIN usuario_sistema ON mesas.fk_usuario = usu...
                                               ^ in C:\xampp\htdocs\web\system\Database\Postgre\Connection.php:135
Stack trace:
#0 [internal function]: CodeIgniter\Debug\Exceptions->errorHandler(2, 'pg_query(): Que...', 'C:\\xampp\\htdocs...', 135)
#1 C:\xampp\htdocs\web\system\Database\Postgre\Connection.php(135): pg_query(Resource id #131, '\r\n        SELEC...')
#2 C:\xampp\htdocs\web\system\Database\BaseConnection.php(670): CodeIgniter\Database\Postgre\Connection->execute('\r\n        SELEC...')
#3 C:\xampp\htdocs\web\system\Database\BaseConnection.php(598): CodeIgniter\Database\BaseConnection->simpleQuery('\r\n        SELEC...')
#4 C:\xampp\htdocs\web\app\Models\mesasModel.php(56): CodeIgniter\Database\BaseConnection->query('\r\n        SELEC...')
#5 C:\xampp\htdocs\web\app\Controllers\Salones\SalonesController.php(52): App\Models\mesasModel->mesas_salon('1')
#6 C:\xampp\htdocs\web\system\CodeIgniter.php(832): App\Controllers\Salones\SalonesController->salon_mesas()
#7 C:\xampp\htdocs\web\system\CodeIgniter.php(419): CodeIgniter\CodeIgniter->runController(Object(App\Controllers\Salones\SalonesController))
#8 C:\xampp\htdocs\web\system\CodeIgniter.php(326): CodeIgniter\CodeIgniter->handleRequest(NULL, Object(Config\Cache), false)
#9 C:\xampp\htdocs\web\index.php(37): CodeIgniter\CodeIgniter->run()
#10 {main}
CRITICAL - 2022-04-22 08:13:50 --> pg_query(): Query failed: ERROR:  no existe la columna mesas.fk_usuario
LINE 10:         INNER JOIN usuario_sistema ON mesas.fk_usuario = usu...
                                               ^
#0 [internal function]: CodeIgniter\Debug\Exceptions->errorHandler(2, 'pg_query(): Que...', 'C:\\xampp\\htdocs...', 135)
#1 C:\xampp\htdocs\web\system\Database\Postgre\Connection.php(135): pg_query(Resource id #131, '\r\n        SELEC...')
#2 C:\xampp\htdocs\web\system\Database\BaseConnection.php(670): CodeIgniter\Database\Postgre\Connection->execute('\r\n        SELEC...')
#3 C:\xampp\htdocs\web\system\Database\BaseConnection.php(598): CodeIgniter\Database\BaseConnection->simpleQuery('\r\n        SELEC...')
#4 C:\xampp\htdocs\web\app\Models\mesasModel.php(56): CodeIgniter\Database\BaseConnection->query('\r\n        SELEC...')
#5 C:\xampp\htdocs\web\app\Controllers\Salones\SalonesController.php(52): App\Models\mesasModel->mesas_salon('1')
#6 C:\xampp\htdocs\web\system\CodeIgniter.php(832): App\Controllers\Salones\SalonesController->salon_mesas()
#7 C:\xampp\htdocs\web\system\CodeIgniter.php(419): CodeIgniter\CodeIgniter->runController(Object(App\Controllers\Salones\SalonesController))
#8 C:\xampp\htdocs\web\system\CodeIgniter.php(326): CodeIgniter\CodeIgniter->handleRequest(NULL, Object(Config\Cache), false)
#9 C:\xampp\htdocs\web\index.php(37): CodeIgniter\CodeIgniter->run()
#10 {main}
CRITICAL - 2022-04-22 08:13:50 --> Uncaught CodeIgniter\Format\Exceptions\FormatException: Failed to parse json string, error: "Type is not supported". in C:\xampp\htdocs\web\system\Format\JSONFormatter.php:41
Stack trace:
#0 C:\xampp\htdocs\web\system\Format\JSONFormatter.php(41): CodeIgniter\Format\Exceptions\FormatException::forInvalidJSON('Type is not sup...')
#1 C:\xampp\htdocs\web\system\API\ResponseTrait.php(341): CodeIgniter\Format\JSONFormatter->format(Array)
#2 C:\xampp\htdocs\web\system\API\ResponseTrait.php(99): CodeIgniter\Debug\Exceptions->format(Array)
#3 C:\xampp\htdocs\web\system\Debug\Exceptions.php(115): CodeIgniter\Debug\Exceptions->respond(Array, 500)
#4 [internal function]: CodeIgniter\Debug\Exceptions->exceptionHandler(Object(ErrorException))
#5 {main}
  thrown
#0 [internal function]: CodeIgniter\Debug\Exceptions->shutdownHandler()
#1 {main}
ERROR - 2022-04-22 08:13:51 --> ErrorException: pg_query(): Query failed: ERROR:  no existe la columna mesas.fk_usuario
LINE 10:         INNER JOIN usuario_sistema ON mesas.fk_usuario = usu...
                                               ^ in C:\xampp\htdocs\web\system\Database\Postgre\Connection.php:135
Stack trace:
#0 [internal function]: CodeIgniter\Debug\Exceptions->errorHandler(2, 'pg_query(): Que...', 'C:\\xampp\\htdocs...', 135)
#1 C:\xampp\htdocs\web\system\Database\Postgre\Connection.php(135): pg_query(Resource id #131, '\r\n        SELEC...')
#2 C:\xampp\htdocs\web\system\Database\BaseConnection.php(670): CodeIgniter\Database\Postgre\Connection->execute('\r\n        SELEC...')
#3 C:\xampp\htdocs\web\system\Database\BaseConnection.php(598): CodeIgniter\Database\BaseConnection->simpleQuery('\r\n        SELEC...')
#4 C:\xampp\htdocs\web\app\Models\mesasModel.php(56): CodeIgniter\Database\BaseConnection->query('\r\n        SELEC...')
#5 C:\xampp\htdocs\web\app\Controllers\Salones\SalonesController.php(52): App\Models\mesasModel->mesas_salon('1')
#6 C:\xampp\htdocs\web\system\CodeIgniter.php(832): App\Controllers\Salones\SalonesController->salon_mesas()
#7 C:\xampp\htdocs\web\system\CodeIgniter.php(419): CodeIgniter\CodeIgniter->runController(Object(App\Controllers\Salones\SalonesController))
#8 C:\xampp\htdocs\web\system\CodeIgniter.php(326): CodeIgniter\CodeIgniter->handleRequest(NULL, Object(Config\Cache), false)
#9 C:\xampp\htdocs\web\index.php(37): CodeIgniter\CodeIgniter->run()
#10 {main}
CRITICAL - 2022-04-22 08:13:51 --> pg_query(): Query failed: ERROR:  no existe la columna mesas.fk_usuario
LINE 10:         INNER JOIN usuario_sistema ON mesas.fk_usuario = usu...
                                               ^
#0 [internal function]: CodeIgniter\Debug\Exceptions->errorHandler(2, 'pg_query(): Que...', 'C:\\xampp\\htdocs...', 135)
#1 C:\xampp\htdocs\web\system\Database\Postgre\Connection.php(135): pg_query(Resource id #131, '\r\n        SELEC...')
#2 C:\xampp\htdocs\web\system\Database\BaseConnection.php(670): CodeIgniter\Database\Postgre\Connection->execute('\r\n        SELEC...')
#3 C:\xampp\htdocs\web\system\Database\BaseConnection.php(598): CodeIgniter\Database\BaseConnection->simpleQuery('\r\n        SELEC...')
#4 C:\xampp\htdocs\web\app\Models\mesasModel.php(56): CodeIgniter\Database\BaseConnection->query('\r\n        SELEC...')
#5 C:\xampp\htdocs\web\app\Controllers\Salones\SalonesController.php(52): App\Models\mesasModel->mesas_salon('1')
#6 C:\xampp\htdocs\web\system\CodeIgniter.php(832): App\Controllers\Salones\SalonesController->salon_mesas()
#7 C:\xampp\htdocs\web\system\CodeIgniter.php(419): CodeIgniter\CodeIgniter->runController(Object(App\Controllers\Salones\SalonesController))
#8 C:\xampp\htdocs\web\system\CodeIgniter.php(326): CodeIgniter\CodeIgniter->handleRequest(NULL, Object(Config\Cache), false)
#9 C:\xampp\htdocs\web\index.php(37): CodeIgniter\CodeIgniter->run()
#10 {main}
CRITICAL - 2022-04-22 08:13:51 --> Uncaught CodeIgniter\Format\Exceptions\FormatException: Failed to parse json string, error: "Type is not supported". in C:\xampp\htdocs\web\system\Format\JSONFormatter.php:41
Stack trace:
#0 C:\xampp\htdocs\web\system\Format\JSONFormatter.php(41): CodeIgniter\Format\Exceptions\FormatException::forInvalidJSON('Type is not sup...')
#1 C:\xampp\htdocs\web\system\API\ResponseTrait.php(341): CodeIgniter\Format\JSONFormatter->format(Array)
#2 C:\xampp\htdocs\web\system\API\ResponseTrait.php(99): CodeIgniter\Debug\Exceptions->format(Array)
#3 C:\xampp\htdocs\web\system\Debug\Exceptions.php(115): CodeIgniter\Debug\Exceptions->respond(Array, 500)
#4 [internal function]: CodeIgniter\Debug\Exceptions->exceptionHandler(Object(ErrorException))
#5 {main}
  thrown
#0 [internal function]: CodeIgniter\Debug\Exceptions->shutdownHandler()
#1 {main}
ERROR - 2022-04-22 08:14:02 --> ErrorException: pg_query(): Query failed: ERROR:  no existe la columna mesas.fk_usuario
LINE 10:         INNER JOIN usuario_sistema ON mesas.fk_usuario = usu...
                                               ^ in C:\xampp\htdocs\web\system\Database\Postgre\Connection.php:135
Stack trace:
#0 [internal function]: CodeIgniter\Debug\Exceptions->errorHandler(2, 'pg_query(): Que...', 'C:\\xampp\\htdocs...', 135)
#1 C:\xampp\htdocs\web\system\Database\Postgre\Connection.php(135): pg_query(Resource id #131, '\r\n        SELEC...')
#2 C:\xampp\htdocs\web\system\Database\BaseConnection.php(670): CodeIgniter\Database\Postgre\Connection->execute('\r\n        SELEC...')
#3 C:\xampp\htdocs\web\system\Database\BaseConnection.php(598): CodeIgniter\Database\BaseConnection->simpleQuery('\r\n        SELEC...')
#4 C:\xampp\htdocs\web\app\Models\mesasModel.php(56): CodeIgniter\Database\BaseConnection->query('\r\n        SELEC...')
#5 C:\xampp\htdocs\web\app\Controllers\Salones\SalonesController.php(52): App\Models\mesasModel->mesas_salon('1')
#6 C:\xampp\htdocs\web\system\CodeIgniter.php(832): App\Controllers\Salones\SalonesController->salon_mesas()
#7 C:\xampp\htdocs\web\system\CodeIgniter.php(419): CodeIgniter\CodeIgniter->runController(Object(App\Controllers\Salones\SalonesController))
#8 C:\xampp\htdocs\web\system\CodeIgniter.php(326): CodeIgniter\CodeIgniter->handleRequest(NULL, Object(Config\Cache), false)
#9 C:\xampp\htdocs\web\index.php(37): CodeIgniter\CodeIgniter->run()
#10 {main}
CRITICAL - 2022-04-22 08:14:02 --> pg_query(): Query failed: ERROR:  no existe la columna mesas.fk_usuario
LINE 10:         INNER JOIN usuario_sistema ON mesas.fk_usuario = usu...
                                               ^
#0 [internal function]: CodeIgniter\Debug\Exceptions->errorHandler(2, 'pg_query(): Que...', 'C:\\xampp\\htdocs...', 135)
#1 C:\xampp\htdocs\web\system\Database\Postgre\Connection.php(135): pg_query(Resource id #131, '\r\n        SELEC...')
#2 C:\xampp\htdocs\web\system\Database\BaseConnection.php(670): CodeIgniter\Database\Postgre\Connection->execute('\r\n        SELEC...')
#3 C:\xampp\htdocs\web\system\Database\BaseConnection.php(598): CodeIgniter\Database\BaseConnection->simpleQuery('\r\n        SELEC...')
#4 C:\xampp\htdocs\web\app\Models\mesasModel.php(56): CodeIgniter\Database\BaseConnection->query('\r\n        SELEC...')
#5 C:\xampp\htdocs\web\app\Controllers\Salones\SalonesController.php(52): App\Models\mesasModel->mesas_salon('1')
#6 C:\xampp\htdocs\web\system\CodeIgniter.php(832): App\Controllers\Salones\SalonesController->salon_mesas()
#7 C:\xampp\htdocs\web\system\CodeIgniter.php(419): CodeIgniter\CodeIgniter->runController(Object(App\Controllers\Salones\SalonesController))
#8 C:\xampp\htdocs\web\system\CodeIgniter.php(326): CodeIgniter\CodeIgniter->handleRequest(NULL, Object(Config\Cache), false)
#9 C:\xampp\htdocs\web\index.php(37): CodeIgniter\CodeIgniter->run()
#10 {main}
CRITICAL - 2022-04-22 08:14:02 --> Uncaught CodeIgniter\Format\Exceptions\FormatException: Failed to parse json string, error: "Type is not supported". in C:\xampp\htdocs\web\system\Format\JSONFormatter.php:41
Stack trace:
#0 C:\xampp\htdocs\web\system\Format\JSONFormatter.php(41): CodeIgniter\Format\Exceptions\FormatException::forInvalidJSON('Type is not sup...')
#1 C:\xampp\htdocs\web\system\API\ResponseTrait.php(341): CodeIgniter\Format\JSONFormatter->format(Array)
#2 C:\xampp\htdocs\web\system\API\ResponseTrait.php(99): CodeIgniter\Debug\Exceptions->format(Array)
#3 C:\xampp\htdocs\web\system\Debug\Exceptions.php(115): CodeIgniter\Debug\Exceptions->respond(Array, 500)
#4 [internal function]: CodeIgniter\Debug\Exceptions->exceptionHandler(Object(ErrorException))
#5 {main}
  thrown
#0 [internal function]: CodeIgniter\Debug\Exceptions->shutdownHandler()
#1 {main}
ERROR - 2022-04-22 08:14:02 --> ErrorException: pg_query(): Query failed: ERROR:  no existe la columna mesas.fk_usuario
LINE 10:         INNER JOIN usuario_sistema ON mesas.fk_usuario = usu...
                                               ^ in C:\xampp\htdocs\web\system\Database\Postgre\Connection.php:135
Stack trace:
#0 [internal function]: CodeIgniter\Debug\Exceptions->errorHandler(2, 'pg_query(): Que...', 'C:\\xampp\\htdocs...', 135)
#1 C:\xampp\htdocs\web\system\Database\Postgre\Connection.php(135): pg_query(Resource id #131, '\r\n        SELEC...')
#2 C:\xampp\htdocs\web\system\Database\BaseConnection.php(670): CodeIgniter\Database\Postgre\Connection->execute('\r\n        SELEC...')
#3 C:\xampp\htdocs\web\system\Database\BaseConnection.php(598): CodeIgniter\Database\BaseConnection->simpleQuery('\r\n        SELEC...')
#4 C:\xampp\htdocs\web\app\Models\mesasModel.php(56): CodeIgniter\Database\BaseConnection->query('\r\n        SELEC...')
#5 C:\xampp\htdocs\web\app\Controllers\Salones\SalonesController.php(52): App\Models\mesasModel->mesas_salon('1')
#6 C:\xampp\htdocs\web\system\CodeIgniter.php(832): App\Controllers\Salones\SalonesController->salon_mesas()
#7 C:\xampp\htdocs\web\system\CodeIgniter.php(419): CodeIgniter\CodeIgniter->runController(Object(App\Controllers\Salones\SalonesController))
#8 C:\xampp\htdocs\web\system\CodeIgniter.php(326): CodeIgniter\CodeIgniter->handleRequest(NULL, Object(Config\Cache), false)
#9 C:\xampp\htdocs\web\index.php(37): CodeIgniter\CodeIgniter->run()
#10 {main}
CRITICAL - 2022-04-22 08:14:02 --> pg_query(): Query failed: ERROR:  no existe la columna mesas.fk_usuario
LINE 10:         INNER JOIN usuario_sistema ON mesas.fk_usuario = usu...
                                               ^
#0 [internal function]: CodeIgniter\Debug\Exceptions->errorHandler(2, 'pg_query(): Que...', 'C:\\xampp\\htdocs...', 135)
#1 C:\xampp\htdocs\web\system\Database\Postgre\Connection.php(135): pg_query(Resource id #131, '\r\n        SELEC...')
#2 C:\xampp\htdocs\web\system\Database\BaseConnection.php(670): CodeIgniter\Database\Postgre\Connection->execute('\r\n        SELEC...')
#3 C:\xampp\htdocs\web\system\Database\BaseConnection.php(598): CodeIgniter\Database\BaseConnection->simpleQuery('\r\n        SELEC...')
#4 C:\xampp\htdocs\web\app\Models\mesasModel.php(56): CodeIgniter\Database\BaseConnection->query('\r\n        SELEC...')
#5 C:\xampp\htdocs\web\app\Controllers\Salones\SalonesController.php(52): App\Models\mesasModel->mesas_salon('1')
#6 C:\xampp\htdocs\web\system\CodeIgniter.php(832): App\Controllers\Salones\SalonesController->salon_mesas()
#7 C:\xampp\htdocs\web\system\CodeIgniter.php(419): CodeIgniter\CodeIgniter->runController(Object(App\Controllers\Salones\SalonesController))
#8 C:\xampp\htdocs\web\system\CodeIgniter.php(326): CodeIgniter\CodeIgniter->handleRequest(NULL, Object(Config\Cache), false)
#9 C:\xampp\htdocs\web\index.php(37): CodeIgniter\CodeIgniter->run()
#10 {main}
CRITICAL - 2022-04-22 08:14:02 --> Uncaught CodeIgniter\Format\Exceptions\FormatException: Failed to parse json string, error: "Type is not supported". in C:\xampp\htdocs\web\system\Format\JSONFormatter.php:41
Stack trace:
#0 C:\xampp\htdocs\web\system\Format\JSONFormatter.php(41): CodeIgniter\Format\Exceptions\FormatException::forInvalidJSON('Type is not sup...')
#1 C:\xampp\htdocs\web\system\API\ResponseTrait.php(341): CodeIgniter\Format\JSONFormatter->format(Array)
#2 C:\xampp\htdocs\web\system\API\ResponseTrait.php(99): CodeIgniter\Debug\Exceptions->format(Array)
#3 C:\xampp\htdocs\web\system\Debug\Exceptions.php(115): CodeIgniter\Debug\Exceptions->respond(Array, 500)
#4 [internal function]: CodeIgniter\Debug\Exceptions->exceptionHandler(Object(ErrorException))
#5 {main}
  thrown
#0 [internal function]: CodeIgniter\Debug\Exceptions->shutdownHandler()
#1 {main}
ERROR - 2022-04-22 08:14:03 --> ErrorException: pg_query(): Query failed: ERROR:  no existe la columna mesas.fk_usuario
LINE 10:         INNER JOIN usuario_sistema ON mesas.fk_usuario = usu...
                                               ^ in C:\xampp\htdocs\web\system\Database\Postgre\Connection.php:135
Stack trace:
#0 [internal function]: CodeIgniter\Debug\Exceptions->errorHandler(2, 'pg_query(): Que...', 'C:\\xampp\\htdocs...', 135)
#1 C:\xampp\htdocs\web\system\Database\Postgre\Connection.php(135): pg_query(Resource id #131, '\r\n        SELEC...')
#2 C:\xampp\htdocs\web\system\Database\BaseConnection.php(670): CodeIgniter\Database\Postgre\Connection->execute('\r\n        SELEC...')
#3 C:\xampp\htdocs\web\system\Database\BaseConnection.php(598): CodeIgniter\Database\BaseConnection->simpleQuery('\r\n        SELEC...')
#4 C:\xampp\htdocs\web\app\Models\mesasModel.php(56): CodeIgniter\Database\BaseConnection->query('\r\n        SELEC...')
#5 C:\xampp\htdocs\web\app\Controllers\Salones\SalonesController.php(52): App\Models\mesasModel->mesas_salon('1')
#6 C:\xampp\htdocs\web\system\CodeIgniter.php(832): App\Controllers\Salones\SalonesController->salon_mesas()
#7 C:\xampp\htdocs\web\system\CodeIgniter.php(419): CodeIgniter\CodeIgniter->runController(Object(App\Controllers\Salones\SalonesController))
#8 C:\xampp\htdocs\web\system\CodeIgniter.php(326): CodeIgniter\CodeIgniter->handleRequest(NULL, Object(Config\Cache), false)
#9 C:\xampp\htdocs\web\index.php(37): CodeIgniter\CodeIgniter->run()
#10 {main}
CRITICAL - 2022-04-22 08:14:03 --> pg_query(): Query failed: ERROR:  no existe la columna mesas.fk_usuario
LINE 10:         INNER JOIN usuario_sistema ON mesas.fk_usuario = usu...
                                               ^
#0 [internal function]: CodeIgniter\Debug\Exceptions->errorHandler(2, 'pg_query(): Que...', 'C:\\xampp\\htdocs...', 135)
#1 C:\xampp\htdocs\web\system\Database\Postgre\Connection.php(135): pg_query(Resource id #131, '\r\n        SELEC...')
#2 C:\xampp\htdocs\web\system\Database\BaseConnection.php(670): CodeIgniter\Database\Postgre\Connection->execute('\r\n        SELEC...')
#3 C:\xampp\htdocs\web\system\Database\BaseConnection.php(598): CodeIgniter\Database\BaseConnection->simpleQuery('\r\n        SELEC...')
#4 C:\xampp\htdocs\web\app\Models\mesasModel.php(56): CodeIgniter\Database\BaseConnection->query('\r\n        SELEC...')
#5 C:\xampp\htdocs\web\app\Controllers\Salones\SalonesController.php(52): App\Models\mesasModel->mesas_salon('1')
#6 C:\xampp\htdocs\web\system\CodeIgniter.php(832): App\Controllers\Salones\SalonesController->salon_mesas()
#7 C:\xampp\htdocs\web\system\CodeIgniter.php(419): CodeIgniter\CodeIgniter->runController(Object(App\Controllers\Salones\SalonesController))
#8 C:\xampp\htdocs\web\system\CodeIgniter.php(326): CodeIgniter\CodeIgniter->handleRequest(NULL, Object(Config\Cache), false)
#9 C:\xampp\htdocs\web\index.php(37): CodeIgniter\CodeIgniter->run()
#10 {main}
CRITICAL - 2022-04-22 08:14:03 --> Uncaught CodeIgniter\Format\Exceptions\FormatException: Failed to parse json string, error: "Type is not supported". in C:\xampp\htdocs\web\system\Format\JSONFormatter.php:41
Stack trace:
#0 C:\xampp\htdocs\web\system\Format\JSONFormatter.php(41): CodeIgniter\Format\Exceptions\FormatException::forInvalidJSON('Type is not sup...')
#1 C:\xampp\htdocs\web\system\API\ResponseTrait.php(341): CodeIgniter\Format\JSONFormatter->format(Array)
#2 C:\xampp\htdocs\web\system\API\ResponseTrait.php(99): CodeIgniter\Debug\Exceptions->format(Array)
#3 C:\xampp\htdocs\web\system\Debug\Exceptions.php(115): CodeIgniter\Debug\Exceptions->respond(Array, 500)
#4 [internal function]: CodeIgniter\Debug\Exceptions->exceptionHandler(Object(ErrorException))
#5 {main}
  thrown
#0 [internal function]: CodeIgniter\Debug\Exceptions->shutdownHandler()
#1 {main}
ERROR - 2022-04-22 08:14:06 --> ErrorException: pg_query(): Query failed: ERROR:  no existe la columna mesas.fk_usuario
LINE 10:         INNER JOIN usuario_sistema ON mesas.fk_usuario = usu...
                                               ^ in C:\xampp\htdocs\web\system\Database\Postgre\Connection.php:135
Stack trace:
#0 [internal function]: CodeIgniter\Debug\Exceptions->errorHandler(2, 'pg_query(): Que...', 'C:\\xampp\\htdocs...', 135)
#1 C:\xampp\htdocs\web\system\Database\Postgre\Connection.php(135): pg_query(Resource id #131, '\r\n        SELEC...')
#2 C:\xampp\htdocs\web\system\Database\BaseConnection.php(670): CodeIgniter\Database\Postgre\Connection->execute('\r\n        SELEC...')
#3 C:\xampp\htdocs\web\system\Database\BaseConnection.php(598): CodeIgniter\Database\BaseConnection->simpleQuery('\r\n        SELEC...')
#4 C:\xampp\htdocs\web\app\Models\mesasModel.php(56): CodeIgniter\Database\BaseConnection->query('\r\n        SELEC...')
#5 C:\xampp\htdocs\web\app\Controllers\Salones\SalonesController.php(52): App\Models\mesasModel->mesas_salon('1')
#6 C:\xampp\htdocs\web\system\CodeIgniter.php(832): App\Controllers\Salones\SalonesController->salon_mesas()
#7 C:\xampp\htdocs\web\system\CodeIgniter.php(419): CodeIgniter\CodeIgniter->runController(Object(App\Controllers\Salones\SalonesController))
#8 C:\xampp\htdocs\web\system\CodeIgniter.php(326): CodeIgniter\CodeIgniter->handleRequest(NULL, Object(Config\Cache), false)
#9 C:\xampp\htdocs\web\index.php(37): CodeIgniter\CodeIgniter->run()
#10 {main}
CRITICAL - 2022-04-22 08:14:06 --> pg_query(): Query failed: ERROR:  no existe la columna mesas.fk_usuario
LINE 10:         INNER JOIN usuario_sistema ON mesas.fk_usuario = usu...
                                               ^
#0 [internal function]: CodeIgniter\Debug\Exceptions->errorHandler(2, 'pg_query(): Que...', 'C:\\xampp\\htdocs...', 135)
#1 C:\xampp\htdocs\web\system\Database\Postgre\Connection.php(135): pg_query(Resource id #131, '\r\n        SELEC...')
#2 C:\xampp\htdocs\web\system\Database\BaseConnection.php(670): CodeIgniter\Database\Postgre\Connection->execute('\r\n        SELEC...')
#3 C:\xampp\htdocs\web\system\Database\BaseConnection.php(598): CodeIgniter\Database\BaseConnection->simpleQuery('\r\n        SELEC...')
#4 C:\xampp\htdocs\web\app\Models\mesasModel.php(56): CodeIgniter\Database\BaseConnection->query('\r\n        SELEC...')
#5 C:\xampp\htdocs\web\app\Controllers\Salones\SalonesController.php(52): App\Models\mesasModel->mesas_salon('1')
#6 C:\xampp\htdocs\web\system\CodeIgniter.php(832): App\Controllers\Salones\SalonesController->salon_mesas()
#7 C:\xampp\htdocs\web\system\CodeIgniter.php(419): CodeIgniter\CodeIgniter->runController(Object(App\Controllers\Salones\SalonesController))
#8 C:\xampp\htdocs\web\system\CodeIgniter.php(326): CodeIgniter\CodeIgniter->handleRequest(NULL, Object(Config\Cache), false)
#9 C:\xampp\htdocs\web\index.php(37): CodeIgniter\CodeIgniter->run()
#10 {main}
CRITICAL - 2022-04-22 08:14:06 --> Uncaught CodeIgniter\Format\Exceptions\FormatException: Failed to parse json string, error: "Type is not supported". in C:\xampp\htdocs\web\system\Format\JSONFormatter.php:41
Stack trace:
#0 C:\xampp\htdocs\web\system\Format\JSONFormatter.php(41): CodeIgniter\Format\Exceptions\FormatException::forInvalidJSON('Type is not sup...')
#1 C:\xampp\htdocs\web\system\API\ResponseTrait.php(341): CodeIgniter\Format\JSONFormatter->format(Array)
#2 C:\xampp\htdocs\web\system\API\ResponseTrait.php(99): CodeIgniter\Debug\Exceptions->format(Array)
#3 C:\xampp\htdocs\web\system\Debug\Exceptions.php(115): CodeIgniter\Debug\Exceptions->respond(Array, 500)
#4 [internal function]: CodeIgniter\Debug\Exceptions->exceptionHandler(Object(ErrorException))
#5 {main}
  thrown
#0 [internal function]: CodeIgniter\Debug\Exceptions->shutdownHandler()
#1 {main}
ERROR - 2022-04-22 08:14:07 --> ErrorException: pg_query(): Query failed: ERROR:  no existe la columna mesas.fk_usuario
LINE 10:         INNER JOIN usuario_sistema ON mesas.fk_usuario = usu...
                                               ^ in C:\xampp\htdocs\web\system\Database\Postgre\Connection.php:135
Stack trace:
#0 [internal function]: CodeIgniter\Debug\Exceptions->errorHandler(2, 'pg_query(): Que...', 'C:\\xampp\\htdocs...', 135)
#1 C:\xampp\htdocs\web\system\Database\Postgre\Connection.php(135): pg_query(Resource id #131, '\r\n        SELEC...')
#2 C:\xampp\htdocs\web\system\Database\BaseConnection.php(670): CodeIgniter\Database\Postgre\Connection->execute('\r\n        SELEC...')
#3 C:\xampp\htdocs\web\system\Database\BaseConnection.php(598): CodeIgniter\Database\BaseConnection->simpleQuery('\r\n        SELEC...')
#4 C:\xampp\htdocs\web\app\Models\mesasModel.php(56): CodeIgniter\Database\BaseConnection->query('\r\n        SELEC...')
#5 C:\xampp\htdocs\web\app\Controllers\Salones\SalonesController.php(52): App\Models\mesasModel->mesas_salon('2')
#6 C:\xampp\htdocs\web\system\CodeIgniter.php(832): App\Controllers\Salones\SalonesController->salon_mesas()
#7 C:\xampp\htdocs\web\system\CodeIgniter.php(419): CodeIgniter\CodeIgniter->runController(Object(App\Controllers\Salones\SalonesController))
#8 C:\xampp\htdocs\web\system\CodeIgniter.php(326): CodeIgniter\CodeIgniter->handleRequest(NULL, Object(Config\Cache), false)
#9 C:\xampp\htdocs\web\index.php(37): CodeIgniter\CodeIgniter->run()
#10 {main}
CRITICAL - 2022-04-22 08:14:07 --> pg_query(): Query failed: ERROR:  no existe la columna mesas.fk_usuario
LINE 10:         INNER JOIN usuario_sistema ON mesas.fk_usuario = usu...
                                               ^
#0 [internal function]: CodeIgniter\Debug\Exceptions->errorHandler(2, 'pg_query(): Que...', 'C:\\xampp\\htdocs...', 135)
#1 C:\xampp\htdocs\web\system\Database\Postgre\Connection.php(135): pg_query(Resource id #131, '\r\n        SELEC...')
#2 C:\xampp\htdocs\web\system\Database\BaseConnection.php(670): CodeIgniter\Database\Postgre\Connection->execute('\r\n        SELEC...')
#3 C:\xampp\htdocs\web\system\Database\BaseConnection.php(598): CodeIgniter\Database\BaseConnection->simpleQuery('\r\n        SELEC...')
#4 C:\xampp\htdocs\web\app\Models\mesasModel.php(56): CodeIgniter\Database\BaseConnection->query('\r\n        SELEC...')
#5 C:\xampp\htdocs\web\app\Controllers\Salones\SalonesController.php(52): App\Models\mesasModel->mesas_salon('2')
#6 C:\xampp\htdocs\web\system\CodeIgniter.php(832): App\Controllers\Salones\SalonesController->salon_mesas()
#7 C:\xampp\htdocs\web\system\CodeIgniter.php(419): CodeIgniter\CodeIgniter->runController(Object(App\Controllers\Salones\SalonesController))
#8 C:\xampp\htdocs\web\system\CodeIgniter.php(326): CodeIgniter\CodeIgniter->handleRequest(NULL, Object(Config\Cache), false)
#9 C:\xampp\htdocs\web\index.php(37): CodeIgniter\CodeIgniter->run()
#10 {main}
CRITICAL - 2022-04-22 08:14:07 --> Uncaught CodeIgniter\Format\Exceptions\FormatException: Failed to parse json string, error: "Type is not supported". in C:\xampp\htdocs\web\system\Format\JSONFormatter.php:41
Stack trace:
#0 C:\xampp\htdocs\web\system\Format\JSONFormatter.php(41): CodeIgniter\Format\Exceptions\FormatException::forInvalidJSON('Type is not sup...')
#1 C:\xampp\htdocs\web\system\API\ResponseTrait.php(341): CodeIgniter\Format\JSONFormatter->format(Array)
#2 C:\xampp\htdocs\web\system\API\ResponseTrait.php(99): CodeIgniter\Debug\Exceptions->format(Array)
#3 C:\xampp\htdocs\web\system\Debug\Exceptions.php(115): CodeIgniter\Debug\Exceptions->respond(Array, 500)
#4 [internal function]: CodeIgniter\Debug\Exceptions->exceptionHandler(Object(ErrorException))
#5 {main}
  thrown
#0 [internal function]: CodeIgniter\Debug\Exceptions->shutdownHandler()
#1 {main}
ERROR - 2022-04-22 08:14:07 --> ErrorException: pg_query(): Query failed: ERROR:  no existe la columna mesas.fk_usuario
LINE 10:         INNER JOIN usuario_sistema ON mesas.fk_usuario = usu...
                                               ^ in C:\xampp\htdocs\web\system\Database\Postgre\Connection.php:135
Stack trace:
#0 [internal function]: CodeIgniter\Debug\Exceptions->errorHandler(2, 'pg_query(): Que...', 'C:\\xampp\\htdocs...', 135)
#1 C:\xampp\htdocs\web\system\Database\Postgre\Connection.php(135): pg_query(Resource id #131, '\r\n        SELEC...')
#2 C:\xampp\htdocs\web\system\Database\BaseConnection.php(670): CodeIgniter\Database\Postgre\Connection->execute('\r\n        SELEC...')
#3 C:\xampp\htdocs\web\system\Database\BaseConnection.php(598): CodeIgniter\Database\BaseConnection->simpleQuery('\r\n        SELEC...')
#4 C:\xampp\htdocs\web\app\Models\mesasModel.php(56): CodeIgniter\Database\BaseConnection->query('\r\n        SELEC...')
#5 C:\xampp\htdocs\web\app\Controllers\Salones\SalonesController.php(52): App\Models\mesasModel->mesas_salon('3')
#6 C:\xampp\htdocs\web\system\CodeIgniter.php(832): App\Controllers\Salones\SalonesController->salon_mesas()
#7 C:\xampp\htdocs\web\system\CodeIgniter.php(419): CodeIgniter\CodeIgniter->runController(Object(App\Controllers\Salones\SalonesController))
#8 C:\xampp\htdocs\web\system\CodeIgniter.php(326): CodeIgniter\CodeIgniter->handleRequest(NULL, Object(Config\Cache), false)
#9 C:\xampp\htdocs\web\index.php(37): CodeIgniter\CodeIgniter->run()
#10 {main}
CRITICAL - 2022-04-22 08:14:07 --> pg_query(): Query failed: ERROR:  no existe la columna mesas.fk_usuario
LINE 10:         INNER JOIN usuario_sistema ON mesas.fk_usuario = usu...
                                               ^
#0 [internal function]: CodeIgniter\Debug\Exceptions->errorHandler(2, 'pg_query(): Que...', 'C:\\xampp\\htdocs...', 135)
#1 C:\xampp\htdocs\web\system\Database\Postgre\Connection.php(135): pg_query(Resource id #131, '\r\n        SELEC...')
#2 C:\xampp\htdocs\web\system\Database\BaseConnection.php(670): CodeIgniter\Database\Postgre\Connection->execute('\r\n        SELEC...')
#3 C:\xampp\htdocs\web\system\Database\BaseConnection.php(598): CodeIgniter\Database\BaseConnection->simpleQuery('\r\n        SELEC...')
#4 C:\xampp\htdocs\web\app\Models\mesasModel.php(56): CodeIgniter\Database\BaseConnection->query('\r\n        SELEC...')
#5 C:\xampp\htdocs\web\app\Controllers\Salones\SalonesController.php(52): App\Models\mesasModel->mesas_salon('3')
#6 C:\xampp\htdocs\web\system\CodeIgniter.php(832): App\Controllers\Salones\SalonesController->salon_mesas()
#7 C:\xampp\htdocs\web\system\CodeIgniter.php(419): CodeIgniter\CodeIgniter->runController(Object(App\Controllers\Salones\SalonesController))
#8 C:\xampp\htdocs\web\system\CodeIgniter.php(326): CodeIgniter\CodeIgniter->handleRequest(NULL, Object(Config\Cache), false)
#9 C:\xampp\htdocs\web\index.php(37): CodeIgniter\CodeIgniter->run()
#10 {main}
CRITICAL - 2022-04-22 08:14:07 --> Uncaught CodeIgniter\Format\Exceptions\FormatException: Failed to parse json string, error: "Type is not supported". in C:\xampp\htdocs\web\system\Format\JSONFormatter.php:41
Stack trace:
#0 C:\xampp\htdocs\web\system\Format\JSONFormatter.php(41): CodeIgniter\Format\Exceptions\FormatException::forInvalidJSON('Type is not sup...')
#1 C:\xampp\htdocs\web\system\API\ResponseTrait.php(341): CodeIgniter\Format\JSONFormatter->format(Array)
#2 C:\xampp\htdocs\web\system\API\ResponseTrait.php(99): CodeIgniter\Debug\Exceptions->format(Array)
#3 C:\xampp\htdocs\web\system\Debug\Exceptions.php(115): CodeIgniter\Debug\Exceptions->respond(Array, 500)
#4 [internal function]: CodeIgniter\Debug\Exceptions->exceptionHandler(Object(ErrorException))
#5 {main}
  thrown
#0 [internal function]: CodeIgniter\Debug\Exceptions->shutdownHandler()
#1 {main}
ERROR - 2022-04-22 08:14:23 --> ErrorException: pg_query(): Query failed: ERROR:  no existe la columna mesas.fk_usuario
LINE 10:         INNER JOIN usuario_sistema ON mesas.fk_usuario = usu...
                                               ^ in C:\xampp\htdocs\web\system\Database\Postgre\Connection.php:135
Stack trace:
#0 [internal function]: CodeIgniter\Debug\Exceptions->errorHandler(2, 'pg_query(): Que...', 'C:\\xampp\\htdocs...', 135)
#1 C:\xampp\htdocs\web\system\Database\Postgre\Connection.php(135): pg_query(Resource id #131, '\r\n        SELEC...')
#2 C:\xampp\htdocs\web\system\Database\BaseConnection.php(670): CodeIgniter\Database\Postgre\Connection->execute('\r\n        SELEC...')
#3 C:\xampp\htdocs\web\system\Database\BaseConnection.php(598): CodeIgniter\Database\BaseConnection->simpleQuery('\r\n        SELEC...')
#4 C:\xampp\htdocs\web\app\Models\mesasModel.php(56): CodeIgniter\Database\BaseConnection->query('\r\n        SELEC...')
#5 C:\xampp\htdocs\web\app\Controllers\Salones\SalonesController.php(52): App\Models\mesasModel->mesas_salon('1')
#6 C:\xampp\htdocs\web\system\CodeIgniter.php(832): App\Controllers\Salones\SalonesController->salon_mesas()
#7 C:\xampp\htdocs\web\system\CodeIgniter.php(419): CodeIgniter\CodeIgniter->runController(Object(App\Controllers\Salones\SalonesController))
#8 C:\xampp\htdocs\web\system\CodeIgniter.php(326): CodeIgniter\CodeIgniter->handleRequest(NULL, Object(Config\Cache), false)
#9 C:\xampp\htdocs\web\index.php(37): CodeIgniter\CodeIgniter->run()
#10 {main}
CRITICAL - 2022-04-22 08:14:23 --> pg_query(): Query failed: ERROR:  no existe la columna mesas.fk_usuario
LINE 10:         INNER JOIN usuario_sistema ON mesas.fk_usuario = usu...
                                               ^
#0 [internal function]: CodeIgniter\Debug\Exceptions->errorHandler(2, 'pg_query(): Que...', 'C:\\xampp\\htdocs...', 135)
#1 C:\xampp\htdocs\web\system\Database\Postgre\Connection.php(135): pg_query(Resource id #131, '\r\n        SELEC...')
#2 C:\xampp\htdocs\web\system\Database\BaseConnection.php(670): CodeIgniter\Database\Postgre\Connection->execute('\r\n        SELEC...')
#3 C:\xampp\htdocs\web\system\Database\BaseConnection.php(598): CodeIgniter\Database\BaseConnection->simpleQuery('\r\n        SELEC...')
#4 C:\xampp\htdocs\web\app\Models\mesasModel.php(56): CodeIgniter\Database\BaseConnection->query('\r\n        SELEC...')
#5 C:\xampp\htdocs\web\app\Controllers\Salones\SalonesController.php(52): App\Models\mesasModel->mesas_salon('1')
#6 C:\xampp\htdocs\web\system\CodeIgniter.php(832): App\Controllers\Salones\SalonesController->salon_mesas()
#7 C:\xampp\htdocs\web\system\CodeIgniter.php(419): CodeIgniter\CodeIgniter->runController(Object(App\Controllers\Salones\SalonesController))
#8 C:\xampp\htdocs\web\system\CodeIgniter.php(326): CodeIgniter\CodeIgniter->handleRequest(NULL, Object(Config\Cache), false)
#9 C:\xampp\htdocs\web\index.php(37): CodeIgniter\CodeIgniter->run()
#10 {main}
CRITICAL - 2022-04-22 08:14:23 --> Uncaught CodeIgniter\Format\Exceptions\FormatException: Failed to parse json string, error: "Type is not supported". in C:\xampp\htdocs\web\system\Format\JSONFormatter.php:41
Stack trace:
#0 C:\xampp\htdocs\web\system\Format\JSONFormatter.php(41): CodeIgniter\Format\Exceptions\FormatException::forInvalidJSON('Type is not sup...')
#1 C:\xampp\htdocs\web\system\API\ResponseTrait.php(341): CodeIgniter\Format\JSONFormatter->format(Array)
#2 C:\xampp\htdocs\web\system\API\ResponseTrait.php(99): CodeIgniter\Debug\Exceptions->format(Array)
#3 C:\xampp\htdocs\web\system\Debug\Exceptions.php(115): CodeIgniter\Debug\Exceptions->respond(Array, 500)
#4 [internal function]: CodeIgniter\Debug\Exceptions->exceptionHandler(Object(ErrorException))
#5 {main}
  thrown
#0 [internal function]: CodeIgniter\Debug\Exceptions->shutdownHandler()
#1 {main}
