CRITICAL - 2022-05-29 13:28:41 --> File 'logo.jpg' does not exist, or is not readable.
#0 C:\xampp\htdocs\web\app\Controllers\factura_pos\facturacionConImpuestosController.php(213): Mike42\Escpos\EscposImage::load('logo.jpg', false)
#1 C:\xampp\htdocs\web\system\CodeIgniter.php(832): App\Controllers\factura_pos\facturacionConImpuestosController->imprimir_factura()
#2 C:\xampp\htdocs\web\system\CodeIgniter.php(419): CodeIgniter\CodeIgniter->runController(Object(App\Controllers\factura_pos\facturacionConImpuestosController))
#3 C:\xampp\htdocs\web\system\CodeIgniter.php(326): CodeIgniter\CodeIgniter->handleRequest(NULL, Object(Config\Cache), false)
#4 C:\xampp\htdocs\web\index.php(37): CodeIgniter\CodeIgniter->run()
#5 {main}
CRITICAL - 2022-05-29 13:30:39 --> File 'logo.jpg' does not exist, or is not readable.
#0 C:\xampp\htdocs\web\app\Controllers\factura_pos\facturacionConImpuestosController.php(213): Mike42\Escpos\EscposImage::load('logo.jpg', true)
#1 C:\xampp\htdocs\web\system\CodeIgniter.php(832): App\Controllers\factura_pos\facturacionConImpuestosController->imprimir_factura()
#2 C:\xampp\htdocs\web\system\CodeIgniter.php(419): CodeIgniter\CodeIgniter->runController(Object(App\Controllers\factura_pos\facturacionConImpuestosController))
#3 C:\xampp\htdocs\web\system\CodeIgniter.php(326): CodeIgniter\CodeIgniter->handleRequest(NULL, Object(Config\Cache), false)
#4 C:\xampp\htdocs\web\index.php(37): CodeIgniter\CodeIgniter->run()
#5 {main}
CRITICAL - 2022-05-29 13:31:26 --> File 'cafe.png' does not exist, or is not readable.
#0 C:\xampp\htdocs\web\app\Controllers\factura_pos\facturacionConImpuestosController.php(213): Mike42\Escpos\EscposImage::load('cafe.png', true)
#1 C:\xampp\htdocs\web\system\CodeIgniter.php(832): App\Controllers\factura_pos\facturacionConImpuestosController->imprimir_factura()
#2 C:\xampp\htdocs\web\system\CodeIgniter.php(419): CodeIgniter\CodeIgniter->runController(Object(App\Controllers\factura_pos\facturacionConImpuestosController))
#3 C:\xampp\htdocs\web\system\CodeIgniter.php(326): CodeIgniter\CodeIgniter->handleRequest(NULL, Object(Config\Cache), false)
#4 C:\xampp\htdocs\web\index.php(37): CodeIgniter\CodeIgniter->run()
#5 {main}
CRITICAL - 2022-05-29 13:32:12 --> File 'cafe.png' does not exist, or is not readable.
#0 C:\xampp\htdocs\web\app\Controllers\factura_pos\facturacionConImpuestosController.php(213): Mike42\Escpos\EscposImage::load('cafe.png', true)
#1 C:\xampp\htdocs\web\system\CodeIgniter.php(832): App\Controllers\factura_pos\facturacionConImpuestosController->imprimir_factura()
#2 C:\xampp\htdocs\web\system\CodeIgniter.php(419): CodeIgniter\CodeIgniter->runController(Object(App\Controllers\factura_pos\facturacionConImpuestosController))
#3 C:\xampp\htdocs\web\system\CodeIgniter.php(326): CodeIgniter\CodeIgniter->handleRequest(NULL, Object(Config\Cache), false)
#4 C:\xampp\htdocs\web\index.php(37): CodeIgniter\CodeIgniter->run()
#5 {main}
CRITICAL - 2022-05-29 13:38:40 --> File 'cafe.png' does not exist, or is not readable.
#0 C:\xampp\htdocs\web\app\Controllers\factura_pos\facturacionConImpuestosController.php(213): Mike42\Escpos\EscposImage::load('cafe.png', true)
#1 C:\xampp\htdocs\web\system\CodeIgniter.php(832): App\Controllers\factura_pos\facturacionConImpuestosController->imprimir_factura()
#2 C:\xampp\htdocs\web\system\CodeIgniter.php(419): CodeIgniter\CodeIgniter->runController(Object(App\Controllers\factura_pos\facturacionConImpuestosController))
#3 C:\xampp\htdocs\web\system\CodeIgniter.php(326): CodeIgniter\CodeIgniter->handleRequest(NULL, Object(Config\Cache), false)
#4 C:\xampp\htdocs\web\index.php(37): CodeIgniter\CodeIgniter->run()
#5 {main}
CRITICAL - 2022-05-29 13:38:44 --> File 'cafe.png' does not exist, or is not readable.
#0 C:\xampp\htdocs\web\app\Controllers\factura_pos\facturacionConImpuestosController.php(213): Mike42\Escpos\EscposImage::load('cafe.png', true)
#1 C:\xampp\htdocs\web\system\CodeIgniter.php(832): App\Controllers\factura_pos\facturacionConImpuestosController->imprimir_factura()
#2 C:\xampp\htdocs\web\system\CodeIgniter.php(419): CodeIgniter\CodeIgniter->runController(Object(App\Controllers\factura_pos\facturacionConImpuestosController))
#3 C:\xampp\htdocs\web\system\CodeIgniter.php(326): CodeIgniter\CodeIgniter->handleRequest(NULL, Object(Config\Cache), false)
#4 C:\xampp\htdocs\web\index.php(37): CodeIgniter\CodeIgniter->run()
#5 {main}
CRITICAL - 2022-05-29 13:42:17 --> File 'cafe.png' does not exist, or is not readable.
#0 C:\xampp\htdocs\web\app\Controllers\factura_pos\facturacionConImpuestosController.php(213): Mike42\Escpos\EscposImage::load('cafe.png', true)
#1 C:\xampp\htdocs\web\system\CodeIgniter.php(832): App\Controllers\factura_pos\facturacionConImpuestosController->imprimir_factura()
#2 C:\xampp\htdocs\web\system\CodeIgniter.php(419): CodeIgniter\CodeIgniter->runController(Object(App\Controllers\factura_pos\facturacionConImpuestosController))
#3 C:\xampp\htdocs\web\system\CodeIgniter.php(326): CodeIgniter\CodeIgniter->handleRequest(NULL, Object(Config\Cache), false)
#4 C:\xampp\htdocs\web\index.php(37): CodeIgniter\CodeIgniter->run()
#5 {main}
CRITICAL - 2022-05-29 13:54:52 --> File 'cafe.png' does not exist, or is not readable.
#0 C:\xampp\htdocs\web\app\Controllers\factura_pos\facturacionConImpuestosController.php(213): Mike42\Escpos\EscposImage::load('cafe.png', true)
#1 C:\xampp\htdocs\web\system\CodeIgniter.php(832): App\Controllers\factura_pos\facturacionConImpuestosController->imprimir_factura()
#2 C:\xampp\htdocs\web\system\CodeIgniter.php(419): CodeIgniter\CodeIgniter->runController(Object(App\Controllers\factura_pos\facturacionConImpuestosController))
#3 C:\xampp\htdocs\web\system\CodeIgniter.php(326): CodeIgniter\CodeIgniter->handleRequest(NULL, Object(Config\Cache), false)
#4 C:\xampp\htdocs\web\index.php(37): CodeIgniter\CodeIgniter->run()
#5 {main}
CRITICAL - 2022-05-29 14:30:16 --> File 'cafe.png' does not exist, or is not readable.
#0 C:\xampp\htdocs\web\app\Controllers\factura_pos\facturacionConImpuestosController.php(213): Mike42\Escpos\EscposImage::load('cafe.png', true)
#1 C:\xampp\htdocs\web\system\CodeIgniter.php(832): App\Controllers\factura_pos\facturacionConImpuestosController->imprimir_factura()
#2 C:\xampp\htdocs\web\system\CodeIgniter.php(419): CodeIgniter\CodeIgniter->runController(Object(App\Controllers\factura_pos\facturacionConImpuestosController))
#3 C:\xampp\htdocs\web\system\CodeIgniter.php(326): CodeIgniter\CodeIgniter->handleRequest(NULL, Object(Config\Cache), false)
#4 C:\xampp\htdocs\web\index.php(37): CodeIgniter\CodeIgniter->run()
#5 {main}
CRITICAL - 2022-05-29 16:58:27 --> Trying to access array offset on value of type null
#0 C:\xampp\htdocs\web\app\Controllers\producto\productoController.php(427): CodeIgniter\Debug\Exceptions->errorHandler(2, 'Trying to acces...', 'C:\\xampp\\htdocs...', 427)
#1 C:\xampp\htdocs\web\system\CodeIgniter.php(832): App\Controllers\producto\productoController->cargar_producto_al_pedido()
#2 C:\xampp\htdocs\web\system\CodeIgniter.php(419): CodeIgniter\CodeIgniter->runController(Object(App\Controllers\producto\productoController))
#3 C:\xampp\htdocs\web\system\CodeIgniter.php(326): CodeIgniter\CodeIgniter->handleRequest(NULL, Object(Config\Cache), false)
#4 C:\xampp\htdocs\web\index.php(37): CodeIgniter\CodeIgniter->run()
#5 {main}
CRITICAL - 2022-05-29 16:58:27 --> Trying to access array offset on value of type null
#0 C:\xampp\htdocs\web\app\Controllers\producto\productoController.php(427): CodeIgniter\Debug\Exceptions->errorHandler(2, 'Trying to acces...', 'C:\\xampp\\htdocs...', 427)
#1 C:\xampp\htdocs\web\system\CodeIgniter.php(832): App\Controllers\producto\productoController->cargar_producto_al_pedido()
#2 C:\xampp\htdocs\web\system\CodeIgniter.php(419): CodeIgniter\CodeIgniter->runController(Object(App\Controllers\producto\productoController))
#3 C:\xampp\htdocs\web\system\CodeIgniter.php(326): CodeIgniter\CodeIgniter->handleRequest(NULL, Object(Config\Cache), false)
#4 C:\xampp\htdocs\web\index.php(37): CodeIgniter\CodeIgniter->run()
#5 {main}
CRITICAL - 2022-05-29 16:58:37 --> Trying to access array offset on value of type null
#0 C:\xampp\htdocs\web\app\Controllers\producto\productoController.php(427): CodeIgniter\Debug\Exceptions->errorHandler(2, 'Trying to acces...', 'C:\\xampp\\htdocs...', 427)
#1 C:\xampp\htdocs\web\system\CodeIgniter.php(832): App\Controllers\producto\productoController->cargar_producto_al_pedido()
#2 C:\xampp\htdocs\web\system\CodeIgniter.php(419): CodeIgniter\CodeIgniter->runController(Object(App\Controllers\producto\productoController))
#3 C:\xampp\htdocs\web\system\CodeIgniter.php(326): CodeIgniter\CodeIgniter->handleRequest(NULL, Object(Config\Cache), false)
#4 C:\xampp\htdocs\web\index.php(37): CodeIgniter\CodeIgniter->run()
#5 {main}
CRITICAL - 2022-05-29 16:58:43 --> Trying to access array offset on value of type null
#0 C:\xampp\htdocs\web\app\Controllers\producto\productoController.php(427): CodeIgniter\Debug\Exceptions->errorHandler(2, 'Trying to acces...', 'C:\\xampp\\htdocs...', 427)
#1 C:\xampp\htdocs\web\system\CodeIgniter.php(832): App\Controllers\producto\productoController->cargar_producto_al_pedido()
#2 C:\xampp\htdocs\web\system\CodeIgniter.php(419): CodeIgniter\CodeIgniter->runController(Object(App\Controllers\producto\productoController))
#3 C:\xampp\htdocs\web\system\CodeIgniter.php(326): CodeIgniter\CodeIgniter->handleRequest(NULL, Object(Config\Cache), false)
#4 C:\xampp\htdocs\web\index.php(37): CodeIgniter\CodeIgniter->run()
#5 {main}
CRITICAL - 2022-05-29 16:58:44 --> Trying to access array offset on value of type null
#0 C:\xampp\htdocs\web\app\Controllers\producto\productoController.php(427): CodeIgniter\Debug\Exceptions->errorHandler(2, 'Trying to acces...', 'C:\\xampp\\htdocs...', 427)
#1 C:\xampp\htdocs\web\system\CodeIgniter.php(832): App\Controllers\producto\productoController->cargar_producto_al_pedido()
#2 C:\xampp\htdocs\web\system\CodeIgniter.php(419): CodeIgniter\CodeIgniter->runController(Object(App\Controllers\producto\productoController))
#3 C:\xampp\htdocs\web\system\CodeIgniter.php(326): CodeIgniter\CodeIgniter->handleRequest(NULL, Object(Config\Cache), false)
#4 C:\xampp\htdocs\web\index.php(37): CodeIgniter\CodeIgniter->run()
#5 {main}
CRITICAL - 2022-05-29 16:58:50 --> Trying to access array offset on value of type null
#0 C:\xampp\htdocs\web\app\Controllers\producto\productoController.php(427): CodeIgniter\Debug\Exceptions->errorHandler(2, 'Trying to acces...', 'C:\\xampp\\htdocs...', 427)
#1 C:\xampp\htdocs\web\system\CodeIgniter.php(832): App\Controllers\producto\productoController->cargar_producto_al_pedido()
#2 C:\xampp\htdocs\web\system\CodeIgniter.php(419): CodeIgniter\CodeIgniter->runController(Object(App\Controllers\producto\productoController))
#3 C:\xampp\htdocs\web\system\CodeIgniter.php(326): CodeIgniter\CodeIgniter->handleRequest(NULL, Object(Config\Cache), false)
#4 C:\xampp\htdocs\web\index.php(37): CodeIgniter\CodeIgniter->run()
#5 {main}
CRITICAL - 2022-05-29 17:18:07 --> Undefined array key "cantidad"
#0 C:\xampp\htdocs\web\app\Controllers\factura_pos\facturaDirectaController.php(504): CodeIgniter\Debug\Exceptions->errorHandler(2, 'Undefined array...', 'C:\\xampp\\htdocs...', 504)
#1 C:\xampp\htdocs\web\app\Controllers\factura_pos\facturaDirectaController.php(55): App\Controllers\factura_pos\facturaDirectaController->facturacion_con_impuestos('4000000', '0', '3066000', '22222222', '6', '1', '40000000')
#2 C:\xampp\htdocs\web\system\CodeIgniter.php(832): App\Controllers\factura_pos\facturaDirectaController->facturacion()
#3 C:\xampp\htdocs\web\system\CodeIgniter.php(419): CodeIgniter\CodeIgniter->runController(Object(App\Controllers\factura_pos\facturaDirectaController))
#4 C:\xampp\htdocs\web\system\CodeIgniter.php(326): CodeIgniter\CodeIgniter->handleRequest(NULL, Object(Config\Cache), false)
#5 C:\xampp\htdocs\web\index.php(37): CodeIgniter\CodeIgniter->run()
#6 {main}
CRITICAL - 2022-05-29 17:18:22 --> Undefined array key "cantidad"
#0 C:\xampp\htdocs\web\app\Controllers\factura_pos\facturaDirectaController.php(504): CodeIgniter\Debug\Exceptions->errorHandler(2, 'Undefined array...', 'C:\\xampp\\htdocs...', 504)
#1 C:\xampp\htdocs\web\app\Controllers\factura_pos\facturaDirectaController.php(55): App\Controllers\factura_pos\facturaDirectaController->facturacion_con_impuestos('4000000', '0', '3066000', '22222222', '6', '1', '40000000')
#2 C:\xampp\htdocs\web\system\CodeIgniter.php(832): App\Controllers\factura_pos\facturaDirectaController->facturacion()
#3 C:\xampp\htdocs\web\system\CodeIgniter.php(419): CodeIgniter\CodeIgniter->runController(Object(App\Controllers\factura_pos\facturaDirectaController))
#4 C:\xampp\htdocs\web\system\CodeIgniter.php(326): CodeIgniter\CodeIgniter->handleRequest(NULL, Object(Config\Cache), false)
#5 C:\xampp\htdocs\web\index.php(37): CodeIgniter\CodeIgniter->run()
#6 {main}
