CRITICAL - 2022-10-28 11:54:31 --> Too few arguments to function App\Models\productoModel::listado_de_precios(), 0 passed in C:\xampp\htdocs\restaurantes\app\Controllers\caja\cajaController.php on line 540 and exactly 1 expected
#0 C:\xampp\htdocs\restaurantes\app\Controllers\caja\cajaController.php(540): App\Models\productoModel->listado_de_precios()
#1 C:\xampp\htdocs\restaurantes\system\CodeIgniter.php(832): App\Controllers\caja\cajaController->listado_precios()
#2 C:\xampp\htdocs\restaurantes\system\CodeIgniter.php(419): CodeIgniter\CodeIgniter->runController(Object(App\Controllers\caja\cajaController))
#3 C:\xampp\htdocs\restaurantes\system\CodeIgniter.php(326): CodeIgniter\CodeIgniter->handleRequest(NULL, Object(Config\Cache), false)
#4 C:\xampp\htdocs\restaurantes\index.php(37): CodeIgniter\CodeIgniter->run()
#5 {main}
CRITICAL - 2022-10-28 13:37:35 --> Undefined array key "precio_al_detal"
#0 C:\xampp\htdocs\restaurantes\app\Controllers\caja\cajaController.php(544): CodeIgniter\Debug\Exceptions->errorHandler(2, 'Undefined array...', 'C:\\xampp\\htdocs...', 544)
#1 C:\xampp\htdocs\restaurantes\system\CodeIgniter.php(832): App\Controllers\caja\cajaController->listado_precios()
#2 C:\xampp\htdocs\restaurantes\system\CodeIgniter.php(419): CodeIgniter\CodeIgniter->runController(Object(App\Controllers\caja\cajaController))
#3 C:\xampp\htdocs\restaurantes\system\CodeIgniter.php(326): CodeIgniter\CodeIgniter->handleRequest(NULL, Object(Config\Cache), false)
#4 C:\xampp\htdocs\restaurantes\index.php(37): CodeIgniter\CodeIgniter->run()
#5 {main}
CRITICAL - 2022-10-28 13:39:10 --> Undefined array key "precio_al_detal"
#0 C:\xampp\htdocs\restaurantes\app\Controllers\caja\cajaController.php(544): CodeIgniter\Debug\Exceptions->errorHandler(2, 'Undefined array...', 'C:\\xampp\\htdocs...', 544)
#1 C:\xampp\htdocs\restaurantes\system\CodeIgniter.php(832): App\Controllers\caja\cajaController->listado_precios()
#2 C:\xampp\htdocs\restaurantes\system\CodeIgniter.php(419): CodeIgniter\CodeIgniter->runController(Object(App\Controllers\caja\cajaController))
#3 C:\xampp\htdocs\restaurantes\system\CodeIgniter.php(326): CodeIgniter\CodeIgniter->handleRequest(NULL, Object(Config\Cache), false)
#4 C:\xampp\htdocs\restaurantes\index.php(37): CodeIgniter\CodeIgniter->run()
#5 {main}
