ERROR - 2023-09-29 08:35:58 --> ErrorException: pg_query(): Query failed: ERROR:  error de sintaxis al final de la entrada
LINE 12:         
                 ^ in C:\xampp\htdocs\dfpyme\system\Database\Postgre\Connection.php:135
Stack trace:
#0 [internal function]: CodeIgniter\Debug\Exceptions->errorHandler(2, 'pg_query(): Que...', 'C:\\xampp\\htdocs...', 135)
#1 C:\xampp\htdocs\dfpyme\system\Database\Postgre\Connection.php(135): pg_query(Resource id #157, '\r\n        SELEC...')
#2 C:\xampp\htdocs\dfpyme\system\Database\BaseConnection.php(670): CodeIgniter\Database\Postgre\Connection->execute('\r\n        SELEC...')
#3 C:\xampp\htdocs\dfpyme\system\Database\BaseConnection.php(598): CodeIgniter\Database\BaseConnection->simpleQuery('\r\n        SELEC...')
#4 C:\xampp\htdocs\dfpyme\app\Models\pedidoModel.php(85): CodeIgniter\Database\BaseConnection->query('\r\n        SELEC...')
#5 C:\xampp\htdocs\dfpyme\app\Controllers\pedidos\Mesas.php(87): App\Models\pedidoModel->pedido_mesa('')
#6 C:\xampp\htdocs\dfpyme\system\CodeIgniter.php(832): App\Controllers\pedidos\Mesas->agregar_producto()
#7 C:\xampp\htdocs\dfpyme\system\CodeIgniter.php(419): CodeIgniter\CodeIgniter->runController(Object(App\Controllers\pedidos\Mesas))
#8 C:\xampp\htdocs\dfpyme\system\CodeIgniter.php(326): CodeIgniter\CodeIgniter->handleRequest(NULL, Object(Config\Cache), false)
#9 C:\xampp\htdocs\dfpyme\index.php(37): CodeIgniter\CodeIgniter->run()
#10 {main}
CRITICAL - 2023-09-29 08:35:58 --> pg_query(): Query failed: ERROR:  error de sintaxis al final de la entrada
LINE 12:         
                 ^
#0 [internal function]: CodeIgniter\Debug\Exceptions->errorHandler(2, 'pg_query(): Que...', 'C:\\xampp\\htdocs...', 135)
#1 C:\xampp\htdocs\dfpyme\system\Database\Postgre\Connection.php(135): pg_query(Resource id #157, '\r\n        SELEC...')
#2 C:\xampp\htdocs\dfpyme\system\Database\BaseConnection.php(670): CodeIgniter\Database\Postgre\Connection->execute('\r\n        SELEC...')
#3 C:\xampp\htdocs\dfpyme\system\Database\BaseConnection.php(598): CodeIgniter\Database\BaseConnection->simpleQuery('\r\n        SELEC...')
#4 C:\xampp\htdocs\dfpyme\app\Models\pedidoModel.php(85): CodeIgniter\Database\BaseConnection->query('\r\n        SELEC...')
#5 C:\xampp\htdocs\dfpyme\app\Controllers\pedidos\Mesas.php(87): App\Models\pedidoModel->pedido_mesa('')
#6 C:\xampp\htdocs\dfpyme\system\CodeIgniter.php(832): App\Controllers\pedidos\Mesas->agregar_producto()
#7 C:\xampp\htdocs\dfpyme\system\CodeIgniter.php(419): CodeIgniter\CodeIgniter->runController(Object(App\Controllers\pedidos\Mesas))
#8 C:\xampp\htdocs\dfpyme\system\CodeIgniter.php(326): CodeIgniter\CodeIgniter->handleRequest(NULL, Object(Config\Cache), false)
#9 C:\xampp\htdocs\dfpyme\index.php(37): CodeIgniter\CodeIgniter->run()
#10 {main}
CRITICAL - 2023-09-29 08:35:58 --> Uncaught CodeIgniter\Format\Exceptions\FormatException: Failed to parse json string, error: "Type is not supported". in C:\xampp\htdocs\dfpyme\system\Format\JSONFormatter.php:41
Stack trace:
#0 C:\xampp\htdocs\dfpyme\system\Format\JSONFormatter.php(41): CodeIgniter\Format\Exceptions\FormatException::forInvalidJSON('Type is not sup...')
#1 C:\xampp\htdocs\dfpyme\system\API\ResponseTrait.php(341): CodeIgniter\Format\JSONFormatter->format(Array)
#2 C:\xampp\htdocs\dfpyme\system\API\ResponseTrait.php(99): CodeIgniter\Debug\Exceptions->format(Array)
#3 C:\xampp\htdocs\dfpyme\system\Debug\Exceptions.php(115): CodeIgniter\Debug\Exceptions->respond(Array, 500)
#4 [internal function]: CodeIgniter\Debug\Exceptions->exceptionHandler(Object(ErrorException))
#5 {main}
  thrown
#0 [internal function]: CodeIgniter\Debug\Exceptions->shutdownHandler()
#1 {main}
ERROR - 2023-09-29 08:36:00 --> ErrorException: pg_query(): Query failed: ERROR:  error de sintaxis al final de la entrada
LINE 12:         
                 ^ in C:\xampp\htdocs\dfpyme\system\Database\Postgre\Connection.php:135
Stack trace:
#0 [internal function]: CodeIgniter\Debug\Exceptions->errorHandler(2, 'pg_query(): Que...', 'C:\\xampp\\htdocs...', 135)
#1 C:\xampp\htdocs\dfpyme\system\Database\Postgre\Connection.php(135): pg_query(Resource id #157, '\r\n        SELEC...')
#2 C:\xampp\htdocs\dfpyme\system\Database\BaseConnection.php(670): CodeIgniter\Database\Postgre\Connection->execute('\r\n        SELEC...')
#3 C:\xampp\htdocs\dfpyme\system\Database\BaseConnection.php(598): CodeIgniter\Database\BaseConnection->simpleQuery('\r\n        SELEC...')
#4 C:\xampp\htdocs\dfpyme\app\Models\pedidoModel.php(85): CodeIgniter\Database\BaseConnection->query('\r\n        SELEC...')
#5 C:\xampp\htdocs\dfpyme\app\Controllers\pedidos\Mesas.php(87): App\Models\pedidoModel->pedido_mesa('')
#6 C:\xampp\htdocs\dfpyme\system\CodeIgniter.php(832): App\Controllers\pedidos\Mesas->agregar_producto()
#7 C:\xampp\htdocs\dfpyme\system\CodeIgniter.php(419): CodeIgniter\CodeIgniter->runController(Object(App\Controllers\pedidos\Mesas))
#8 C:\xampp\htdocs\dfpyme\system\CodeIgniter.php(326): CodeIgniter\CodeIgniter->handleRequest(NULL, Object(Config\Cache), false)
#9 C:\xampp\htdocs\dfpyme\index.php(37): CodeIgniter\CodeIgniter->run()
#10 {main}
CRITICAL - 2023-09-29 08:36:00 --> pg_query(): Query failed: ERROR:  error de sintaxis al final de la entrada
LINE 12:         
                 ^
#0 [internal function]: CodeIgniter\Debug\Exceptions->errorHandler(2, 'pg_query(): Que...', 'C:\\xampp\\htdocs...', 135)
#1 C:\xampp\htdocs\dfpyme\system\Database\Postgre\Connection.php(135): pg_query(Resource id #157, '\r\n        SELEC...')
#2 C:\xampp\htdocs\dfpyme\system\Database\BaseConnection.php(670): CodeIgniter\Database\Postgre\Connection->execute('\r\n        SELEC...')
#3 C:\xampp\htdocs\dfpyme\system\Database\BaseConnection.php(598): CodeIgniter\Database\BaseConnection->simpleQuery('\r\n        SELEC...')
#4 C:\xampp\htdocs\dfpyme\app\Models\pedidoModel.php(85): CodeIgniter\Database\BaseConnection->query('\r\n        SELEC...')
#5 C:\xampp\htdocs\dfpyme\app\Controllers\pedidos\Mesas.php(87): App\Models\pedidoModel->pedido_mesa('')
#6 C:\xampp\htdocs\dfpyme\system\CodeIgniter.php(832): App\Controllers\pedidos\Mesas->agregar_producto()
#7 C:\xampp\htdocs\dfpyme\system\CodeIgniter.php(419): CodeIgniter\CodeIgniter->runController(Object(App\Controllers\pedidos\Mesas))
#8 C:\xampp\htdocs\dfpyme\system\CodeIgniter.php(326): CodeIgniter\CodeIgniter->handleRequest(NULL, Object(Config\Cache), false)
#9 C:\xampp\htdocs\dfpyme\index.php(37): CodeIgniter\CodeIgniter->run()
#10 {main}
CRITICAL - 2023-09-29 08:36:00 --> Uncaught CodeIgniter\Format\Exceptions\FormatException: Failed to parse json string, error: "Type is not supported". in C:\xampp\htdocs\dfpyme\system\Format\JSONFormatter.php:41
Stack trace:
#0 C:\xampp\htdocs\dfpyme\system\Format\JSONFormatter.php(41): CodeIgniter\Format\Exceptions\FormatException::forInvalidJSON('Type is not sup...')
#1 C:\xampp\htdocs\dfpyme\system\API\ResponseTrait.php(341): CodeIgniter\Format\JSONFormatter->format(Array)
#2 C:\xampp\htdocs\dfpyme\system\API\ResponseTrait.php(99): CodeIgniter\Debug\Exceptions->format(Array)
#3 C:\xampp\htdocs\dfpyme\system\Debug\Exceptions.php(115): CodeIgniter\Debug\Exceptions->respond(Array, 500)
#4 [internal function]: CodeIgniter\Debug\Exceptions->exceptionHandler(Object(ErrorException))
#5 {main}
  thrown
#0 [internal function]: CodeIgniter\Debug\Exceptions->shutdownHandler()
#1 {main}
ERROR - 2023-09-29 08:36:02 --> ErrorException: pg_query(): Query failed: ERROR:  error de sintaxis al final de la entrada
LINE 12:         
                 ^ in C:\xampp\htdocs\dfpyme\system\Database\Postgre\Connection.php:135
Stack trace:
#0 [internal function]: CodeIgniter\Debug\Exceptions->errorHandler(2, 'pg_query(): Que...', 'C:\\xampp\\htdocs...', 135)
#1 C:\xampp\htdocs\dfpyme\system\Database\Postgre\Connection.php(135): pg_query(Resource id #157, '\r\n        SELEC...')
#2 C:\xampp\htdocs\dfpyme\system\Database\BaseConnection.php(670): CodeIgniter\Database\Postgre\Connection->execute('\r\n        SELEC...')
#3 C:\xampp\htdocs\dfpyme\system\Database\BaseConnection.php(598): CodeIgniter\Database\BaseConnection->simpleQuery('\r\n        SELEC...')
#4 C:\xampp\htdocs\dfpyme\app\Models\pedidoModel.php(85): CodeIgniter\Database\BaseConnection->query('\r\n        SELEC...')
#5 C:\xampp\htdocs\dfpyme\app\Controllers\pedidos\Mesas.php(87): App\Models\pedidoModel->pedido_mesa('')
#6 C:\xampp\htdocs\dfpyme\system\CodeIgniter.php(832): App\Controllers\pedidos\Mesas->agregar_producto()
#7 C:\xampp\htdocs\dfpyme\system\CodeIgniter.php(419): CodeIgniter\CodeIgniter->runController(Object(App\Controllers\pedidos\Mesas))
#8 C:\xampp\htdocs\dfpyme\system\CodeIgniter.php(326): CodeIgniter\CodeIgniter->handleRequest(NULL, Object(Config\Cache), false)
#9 C:\xampp\htdocs\dfpyme\index.php(37): CodeIgniter\CodeIgniter->run()
#10 {main}
CRITICAL - 2023-09-29 08:36:02 --> pg_query(): Query failed: ERROR:  error de sintaxis al final de la entrada
LINE 12:         
                 ^
#0 [internal function]: CodeIgniter\Debug\Exceptions->errorHandler(2, 'pg_query(): Que...', 'C:\\xampp\\htdocs...', 135)
#1 C:\xampp\htdocs\dfpyme\system\Database\Postgre\Connection.php(135): pg_query(Resource id #157, '\r\n        SELEC...')
#2 C:\xampp\htdocs\dfpyme\system\Database\BaseConnection.php(670): CodeIgniter\Database\Postgre\Connection->execute('\r\n        SELEC...')
#3 C:\xampp\htdocs\dfpyme\system\Database\BaseConnection.php(598): CodeIgniter\Database\BaseConnection->simpleQuery('\r\n        SELEC...')
#4 C:\xampp\htdocs\dfpyme\app\Models\pedidoModel.php(85): CodeIgniter\Database\BaseConnection->query('\r\n        SELEC...')
#5 C:\xampp\htdocs\dfpyme\app\Controllers\pedidos\Mesas.php(87): App\Models\pedidoModel->pedido_mesa('')
#6 C:\xampp\htdocs\dfpyme\system\CodeIgniter.php(832): App\Controllers\pedidos\Mesas->agregar_producto()
#7 C:\xampp\htdocs\dfpyme\system\CodeIgniter.php(419): CodeIgniter\CodeIgniter->runController(Object(App\Controllers\pedidos\Mesas))
#8 C:\xampp\htdocs\dfpyme\system\CodeIgniter.php(326): CodeIgniter\CodeIgniter->handleRequest(NULL, Object(Config\Cache), false)
#9 C:\xampp\htdocs\dfpyme\index.php(37): CodeIgniter\CodeIgniter->run()
#10 {main}
CRITICAL - 2023-09-29 08:36:02 --> Uncaught CodeIgniter\Format\Exceptions\FormatException: Failed to parse json string, error: "Type is not supported". in C:\xampp\htdocs\dfpyme\system\Format\JSONFormatter.php:41
Stack trace:
#0 C:\xampp\htdocs\dfpyme\system\Format\JSONFormatter.php(41): CodeIgniter\Format\Exceptions\FormatException::forInvalidJSON('Type is not sup...')
#1 C:\xampp\htdocs\dfpyme\system\API\ResponseTrait.php(341): CodeIgniter\Format\JSONFormatter->format(Array)
#2 C:\xampp\htdocs\dfpyme\system\API\ResponseTrait.php(99): CodeIgniter\Debug\Exceptions->format(Array)
#3 C:\xampp\htdocs\dfpyme\system\Debug\Exceptions.php(115): CodeIgniter\Debug\Exceptions->respond(Array, 500)
#4 [internal function]: CodeIgniter\Debug\Exceptions->exceptionHandler(Object(ErrorException))
#5 {main}
  thrown
#0 [internal function]: CodeIgniter\Debug\Exceptions->shutdownHandler()
#1 {main}
ERROR - 2023-09-29 08:36:02 --> ErrorException: pg_query(): Query failed: ERROR:  error de sintaxis al final de la entrada
LINE 12:         
                 ^ in C:\xampp\htdocs\dfpyme\system\Database\Postgre\Connection.php:135
Stack trace:
#0 [internal function]: CodeIgniter\Debug\Exceptions->errorHandler(2, 'pg_query(): Que...', 'C:\\xampp\\htdocs...', 135)
#1 C:\xampp\htdocs\dfpyme\system\Database\Postgre\Connection.php(135): pg_query(Resource id #157, '\r\n        SELEC...')
#2 C:\xampp\htdocs\dfpyme\system\Database\BaseConnection.php(670): CodeIgniter\Database\Postgre\Connection->execute('\r\n        SELEC...')
#3 C:\xampp\htdocs\dfpyme\system\Database\BaseConnection.php(598): CodeIgniter\Database\BaseConnection->simpleQuery('\r\n        SELEC...')
#4 C:\xampp\htdocs\dfpyme\app\Models\pedidoModel.php(85): CodeIgniter\Database\BaseConnection->query('\r\n        SELEC...')
#5 C:\xampp\htdocs\dfpyme\app\Controllers\pedidos\Mesas.php(87): App\Models\pedidoModel->pedido_mesa('')
#6 C:\xampp\htdocs\dfpyme\system\CodeIgniter.php(832): App\Controllers\pedidos\Mesas->agregar_producto()
#7 C:\xampp\htdocs\dfpyme\system\CodeIgniter.php(419): CodeIgniter\CodeIgniter->runController(Object(App\Controllers\pedidos\Mesas))
#8 C:\xampp\htdocs\dfpyme\system\CodeIgniter.php(326): CodeIgniter\CodeIgniter->handleRequest(NULL, Object(Config\Cache), false)
#9 C:\xampp\htdocs\dfpyme\index.php(37): CodeIgniter\CodeIgniter->run()
#10 {main}
CRITICAL - 2023-09-29 08:36:02 --> pg_query(): Query failed: ERROR:  error de sintaxis al final de la entrada
LINE 12:         
                 ^
#0 [internal function]: CodeIgniter\Debug\Exceptions->errorHandler(2, 'pg_query(): Que...', 'C:\\xampp\\htdocs...', 135)
#1 C:\xampp\htdocs\dfpyme\system\Database\Postgre\Connection.php(135): pg_query(Resource id #157, '\r\n        SELEC...')
#2 C:\xampp\htdocs\dfpyme\system\Database\BaseConnection.php(670): CodeIgniter\Database\Postgre\Connection->execute('\r\n        SELEC...')
#3 C:\xampp\htdocs\dfpyme\system\Database\BaseConnection.php(598): CodeIgniter\Database\BaseConnection->simpleQuery('\r\n        SELEC...')
#4 C:\xampp\htdocs\dfpyme\app\Models\pedidoModel.php(85): CodeIgniter\Database\BaseConnection->query('\r\n        SELEC...')
#5 C:\xampp\htdocs\dfpyme\app\Controllers\pedidos\Mesas.php(87): App\Models\pedidoModel->pedido_mesa('')
#6 C:\xampp\htdocs\dfpyme\system\CodeIgniter.php(832): App\Controllers\pedidos\Mesas->agregar_producto()
#7 C:\xampp\htdocs\dfpyme\system\CodeIgniter.php(419): CodeIgniter\CodeIgniter->runController(Object(App\Controllers\pedidos\Mesas))
#8 C:\xampp\htdocs\dfpyme\system\CodeIgniter.php(326): CodeIgniter\CodeIgniter->handleRequest(NULL, Object(Config\Cache), false)
#9 C:\xampp\htdocs\dfpyme\index.php(37): CodeIgniter\CodeIgniter->run()
#10 {main}
CRITICAL - 2023-09-29 08:36:02 --> Uncaught CodeIgniter\Format\Exceptions\FormatException: Failed to parse json string, error: "Type is not supported". in C:\xampp\htdocs\dfpyme\system\Format\JSONFormatter.php:41
Stack trace:
#0 C:\xampp\htdocs\dfpyme\system\Format\JSONFormatter.php(41): CodeIgniter\Format\Exceptions\FormatException::forInvalidJSON('Type is not sup...')
#1 C:\xampp\htdocs\dfpyme\system\API\ResponseTrait.php(341): CodeIgniter\Format\JSONFormatter->format(Array)
#2 C:\xampp\htdocs\dfpyme\system\API\ResponseTrait.php(99): CodeIgniter\Debug\Exceptions->format(Array)
#3 C:\xampp\htdocs\dfpyme\system\Debug\Exceptions.php(115): CodeIgniter\Debug\Exceptions->respond(Array, 500)
#4 [internal function]: CodeIgniter\Debug\Exceptions->exceptionHandler(Object(ErrorException))
#5 {main}
  thrown
#0 [internal function]: CodeIgniter\Debug\Exceptions->shutdownHandler()
#1 {main}
ERROR - 2023-09-29 08:36:02 --> ErrorException: pg_query(): Query failed: ERROR:  error de sintaxis al final de la entrada
LINE 12:         
                 ^ in C:\xampp\htdocs\dfpyme\system\Database\Postgre\Connection.php:135
Stack trace:
#0 [internal function]: CodeIgniter\Debug\Exceptions->errorHandler(2, 'pg_query(): Que...', 'C:\\xampp\\htdocs...', 135)
#1 C:\xampp\htdocs\dfpyme\system\Database\Postgre\Connection.php(135): pg_query(Resource id #157, '\r\n        SELEC...')
#2 C:\xampp\htdocs\dfpyme\system\Database\BaseConnection.php(670): CodeIgniter\Database\Postgre\Connection->execute('\r\n        SELEC...')
#3 C:\xampp\htdocs\dfpyme\system\Database\BaseConnection.php(598): CodeIgniter\Database\BaseConnection->simpleQuery('\r\n        SELEC...')
#4 C:\xampp\htdocs\dfpyme\app\Models\pedidoModel.php(85): CodeIgniter\Database\BaseConnection->query('\r\n        SELEC...')
#5 C:\xampp\htdocs\dfpyme\app\Controllers\pedidos\Mesas.php(87): App\Models\pedidoModel->pedido_mesa('')
#6 C:\xampp\htdocs\dfpyme\system\CodeIgniter.php(832): App\Controllers\pedidos\Mesas->agregar_producto()
#7 C:\xampp\htdocs\dfpyme\system\CodeIgniter.php(419): CodeIgniter\CodeIgniter->runController(Object(App\Controllers\pedidos\Mesas))
#8 C:\xampp\htdocs\dfpyme\system\CodeIgniter.php(326): CodeIgniter\CodeIgniter->handleRequest(NULL, Object(Config\Cache), false)
#9 C:\xampp\htdocs\dfpyme\index.php(37): CodeIgniter\CodeIgniter->run()
#10 {main}
CRITICAL - 2023-09-29 08:36:02 --> pg_query(): Query failed: ERROR:  error de sintaxis al final de la entrada
LINE 12:         
                 ^
#0 [internal function]: CodeIgniter\Debug\Exceptions->errorHandler(2, 'pg_query(): Que...', 'C:\\xampp\\htdocs...', 135)
#1 C:\xampp\htdocs\dfpyme\system\Database\Postgre\Connection.php(135): pg_query(Resource id #157, '\r\n        SELEC...')
#2 C:\xampp\htdocs\dfpyme\system\Database\BaseConnection.php(670): CodeIgniter\Database\Postgre\Connection->execute('\r\n        SELEC...')
#3 C:\xampp\htdocs\dfpyme\system\Database\BaseConnection.php(598): CodeIgniter\Database\BaseConnection->simpleQuery('\r\n        SELEC...')
#4 C:\xampp\htdocs\dfpyme\app\Models\pedidoModel.php(85): CodeIgniter\Database\BaseConnection->query('\r\n        SELEC...')
#5 C:\xampp\htdocs\dfpyme\app\Controllers\pedidos\Mesas.php(87): App\Models\pedidoModel->pedido_mesa('')
#6 C:\xampp\htdocs\dfpyme\system\CodeIgniter.php(832): App\Controllers\pedidos\Mesas->agregar_producto()
#7 C:\xampp\htdocs\dfpyme\system\CodeIgniter.php(419): CodeIgniter\CodeIgniter->runController(Object(App\Controllers\pedidos\Mesas))
#8 C:\xampp\htdocs\dfpyme\system\CodeIgniter.php(326): CodeIgniter\CodeIgniter->handleRequest(NULL, Object(Config\Cache), false)
#9 C:\xampp\htdocs\dfpyme\index.php(37): CodeIgniter\CodeIgniter->run()
#10 {main}
CRITICAL - 2023-09-29 08:36:02 --> Uncaught CodeIgniter\Format\Exceptions\FormatException: Failed to parse json string, error: "Type is not supported". in C:\xampp\htdocs\dfpyme\system\Format\JSONFormatter.php:41
Stack trace:
#0 C:\xampp\htdocs\dfpyme\system\Format\JSONFormatter.php(41): CodeIgniter\Format\Exceptions\FormatException::forInvalidJSON('Type is not sup...')
#1 C:\xampp\htdocs\dfpyme\system\API\ResponseTrait.php(341): CodeIgniter\Format\JSONFormatter->format(Array)
#2 C:\xampp\htdocs\dfpyme\system\API\ResponseTrait.php(99): CodeIgniter\Debug\Exceptions->format(Array)
#3 C:\xampp\htdocs\dfpyme\system\Debug\Exceptions.php(115): CodeIgniter\Debug\Exceptions->respond(Array, 500)
#4 [internal function]: CodeIgniter\Debug\Exceptions->exceptionHandler(Object(ErrorException))
#5 {main}
  thrown
#0 [internal function]: CodeIgniter\Debug\Exceptions->shutdownHandler()
#1 {main}
ERROR - 2023-09-29 08:39:41 --> ErrorException: pg_query(): Query failed: ERROR:  error de sintaxis al final de la entrada
LINE 12:         
                 ^ in C:\xampp\htdocs\dfpyme\system\Database\Postgre\Connection.php:135
Stack trace:
#0 [internal function]: CodeIgniter\Debug\Exceptions->errorHandler(2, 'pg_query(): Que...', 'C:\\xampp\\htdocs...', 135)
#1 C:\xampp\htdocs\dfpyme\system\Database\Postgre\Connection.php(135): pg_query(Resource id #157, '\r\n        SELEC...')
#2 C:\xampp\htdocs\dfpyme\system\Database\BaseConnection.php(670): CodeIgniter\Database\Postgre\Connection->execute('\r\n        SELEC...')
#3 C:\xampp\htdocs\dfpyme\system\Database\BaseConnection.php(598): CodeIgniter\Database\BaseConnection->simpleQuery('\r\n        SELEC...')
#4 C:\xampp\htdocs\dfpyme\app\Models\pedidoModel.php(85): CodeIgniter\Database\BaseConnection->query('\r\n        SELEC...')
#5 C:\xampp\htdocs\dfpyme\app\Controllers\pedidos\Mesas.php(87): App\Models\pedidoModel->pedido_mesa('')
#6 C:\xampp\htdocs\dfpyme\system\CodeIgniter.php(832): App\Controllers\pedidos\Mesas->agregar_producto()
#7 C:\xampp\htdocs\dfpyme\system\CodeIgniter.php(419): CodeIgniter\CodeIgniter->runController(Object(App\Controllers\pedidos\Mesas))
#8 C:\xampp\htdocs\dfpyme\system\CodeIgniter.php(326): CodeIgniter\CodeIgniter->handleRequest(NULL, Object(Config\Cache), false)
#9 C:\xampp\htdocs\dfpyme\index.php(37): CodeIgniter\CodeIgniter->run()
#10 {main}
CRITICAL - 2023-09-29 08:39:41 --> pg_query(): Query failed: ERROR:  error de sintaxis al final de la entrada
LINE 12:         
                 ^
#0 [internal function]: CodeIgniter\Debug\Exceptions->errorHandler(2, 'pg_query(): Que...', 'C:\\xampp\\htdocs...', 135)
#1 C:\xampp\htdocs\dfpyme\system\Database\Postgre\Connection.php(135): pg_query(Resource id #157, '\r\n        SELEC...')
#2 C:\xampp\htdocs\dfpyme\system\Database\BaseConnection.php(670): CodeIgniter\Database\Postgre\Connection->execute('\r\n        SELEC...')
#3 C:\xampp\htdocs\dfpyme\system\Database\BaseConnection.php(598): CodeIgniter\Database\BaseConnection->simpleQuery('\r\n        SELEC...')
#4 C:\xampp\htdocs\dfpyme\app\Models\pedidoModel.php(85): CodeIgniter\Database\BaseConnection->query('\r\n        SELEC...')
#5 C:\xampp\htdocs\dfpyme\app\Controllers\pedidos\Mesas.php(87): App\Models\pedidoModel->pedido_mesa('')
#6 C:\xampp\htdocs\dfpyme\system\CodeIgniter.php(832): App\Controllers\pedidos\Mesas->agregar_producto()
#7 C:\xampp\htdocs\dfpyme\system\CodeIgniter.php(419): CodeIgniter\CodeIgniter->runController(Object(App\Controllers\pedidos\Mesas))
#8 C:\xampp\htdocs\dfpyme\system\CodeIgniter.php(326): CodeIgniter\CodeIgniter->handleRequest(NULL, Object(Config\Cache), false)
#9 C:\xampp\htdocs\dfpyme\index.php(37): CodeIgniter\CodeIgniter->run()
#10 {main}
CRITICAL - 2023-09-29 08:39:41 --> Uncaught CodeIgniter\Format\Exceptions\FormatException: Failed to parse json string, error: "Type is not supported". in C:\xampp\htdocs\dfpyme\system\Format\JSONFormatter.php:41
Stack trace:
#0 C:\xampp\htdocs\dfpyme\system\Format\JSONFormatter.php(41): CodeIgniter\Format\Exceptions\FormatException::forInvalidJSON('Type is not sup...')
#1 C:\xampp\htdocs\dfpyme\system\API\ResponseTrait.php(341): CodeIgniter\Format\JSONFormatter->format(Array)
#2 C:\xampp\htdocs\dfpyme\system\API\ResponseTrait.php(99): CodeIgniter\Debug\Exceptions->format(Array)
#3 C:\xampp\htdocs\dfpyme\system\Debug\Exceptions.php(115): CodeIgniter\Debug\Exceptions->respond(Array, 500)
#4 [internal function]: CodeIgniter\Debug\Exceptions->exceptionHandler(Object(ErrorException))
#5 {main}
  thrown
#0 [internal function]: CodeIgniter\Debug\Exceptions->shutdownHandler()
#1 {main}
CRITICAL - 2023-09-29 11:02:31 --> Trying to access array offset on value of type null
#0 C:\xampp\htdocs\dfpyme\app\Views\pedidos\lista_mesas.php(43): CodeIgniter\Debug\Exceptions->errorHandler(2, 'Trying to acces...', 'C:\\xampp\\htdocs...', 43)
#1 C:\xampp\htdocs\dfpyme\system\View\View.php(210): include('C:\\xampp\\htdocs...')
#2 C:\xampp\htdocs\dfpyme\system\View\View.php(213): CodeIgniter\View\View->CodeIgniter\View\{closure}()
#3 C:\xampp\htdocs\dfpyme\system\Common.php(1089): CodeIgniter\View\View->render('pedidos/lista_m...', Array, true)
#4 C:\xampp\htdocs\dfpyme\app\Controllers\pedidos\Mesas.php(966): view('pedidos/lista_m...', Array)
#5 C:\xampp\htdocs\dfpyme\system\CodeIgniter.php(832): App\Controllers\pedidos\Mesas->todas_las_mesas()
#6 C:\xampp\htdocs\dfpyme\system\CodeIgniter.php(419): CodeIgniter\CodeIgniter->runController(Object(App\Controllers\pedidos\Mesas))
#7 C:\xampp\htdocs\dfpyme\system\CodeIgniter.php(326): CodeIgniter\CodeIgniter->handleRequest(NULL, Object(Config\Cache), false)
#8 C:\xampp\htdocs\dfpyme\index.php(37): CodeIgniter\CodeIgniter->run()
#9 {main}
CRITICAL - 2023-09-29 11:02:32 --> Trying to access array offset on value of type null
#0 C:\xampp\htdocs\dfpyme\app\Views\pedidos\lista_mesas.php(43): CodeIgniter\Debug\Exceptions->errorHandler(2, 'Trying to acces...', 'C:\\xampp\\htdocs...', 43)
#1 C:\xampp\htdocs\dfpyme\system\View\View.php(210): include('C:\\xampp\\htdocs...')
#2 C:\xampp\htdocs\dfpyme\system\View\View.php(213): CodeIgniter\View\View->CodeIgniter\View\{closure}()
#3 C:\xampp\htdocs\dfpyme\system\Common.php(1089): CodeIgniter\View\View->render('pedidos/lista_m...', Array, true)
#4 C:\xampp\htdocs\dfpyme\app\Controllers\pedidos\Mesas.php(966): view('pedidos/lista_m...', Array)
#5 C:\xampp\htdocs\dfpyme\system\CodeIgniter.php(832): App\Controllers\pedidos\Mesas->todas_las_mesas()
#6 C:\xampp\htdocs\dfpyme\system\CodeIgniter.php(419): CodeIgniter\CodeIgniter->runController(Object(App\Controllers\pedidos\Mesas))
#7 C:\xampp\htdocs\dfpyme\system\CodeIgniter.php(326): CodeIgniter\CodeIgniter->handleRequest(NULL, Object(Config\Cache), false)
#8 C:\xampp\htdocs\dfpyme\index.php(37): CodeIgniter\CodeIgniter->run()
#9 {main}
CRITICAL - 2023-09-29 11:02:34 --> Trying to access array offset on value of type null
#0 C:\xampp\htdocs\dfpyme\app\Views\pedidos\lista_mesas.php(43): CodeIgniter\Debug\Exceptions->errorHandler(2, 'Trying to acces...', 'C:\\xampp\\htdocs...', 43)
#1 C:\xampp\htdocs\dfpyme\system\View\View.php(210): include('C:\\xampp\\htdocs...')
#2 C:\xampp\htdocs\dfpyme\system\View\View.php(213): CodeIgniter\View\View->CodeIgniter\View\{closure}()
#3 C:\xampp\htdocs\dfpyme\system\Common.php(1089): CodeIgniter\View\View->render('pedidos/lista_m...', Array, true)
#4 C:\xampp\htdocs\dfpyme\app\Controllers\pedidos\Mesas.php(966): view('pedidos/lista_m...', Array)
#5 C:\xampp\htdocs\dfpyme\system\CodeIgniter.php(832): App\Controllers\pedidos\Mesas->todas_las_mesas()
#6 C:\xampp\htdocs\dfpyme\system\CodeIgniter.php(419): CodeIgniter\CodeIgniter->runController(Object(App\Controllers\pedidos\Mesas))
#7 C:\xampp\htdocs\dfpyme\system\CodeIgniter.php(326): CodeIgniter\CodeIgniter->handleRequest(NULL, Object(Config\Cache), false)
#8 C:\xampp\htdocs\dfpyme\index.php(37): CodeIgniter\CodeIgniter->run()
#9 {main}
CRITICAL - 2023-09-29 11:02:44 --> Trying to access array offset on value of type null
#0 C:\xampp\htdocs\dfpyme\app\Views\pedidos\lista_mesas.php(43): CodeIgniter\Debug\Exceptions->errorHandler(2, 'Trying to acces...', 'C:\\xampp\\htdocs...', 43)
#1 C:\xampp\htdocs\dfpyme\system\View\View.php(210): include('C:\\xampp\\htdocs...')
#2 C:\xampp\htdocs\dfpyme\system\View\View.php(213): CodeIgniter\View\View->CodeIgniter\View\{closure}()
#3 C:\xampp\htdocs\dfpyme\system\Common.php(1089): CodeIgniter\View\View->render('pedidos/lista_m...', Array, true)
#4 C:\xampp\htdocs\dfpyme\app\Controllers\pedidos\Mesas.php(966): view('pedidos/lista_m...', Array)
#5 C:\xampp\htdocs\dfpyme\system\CodeIgniter.php(832): App\Controllers\pedidos\Mesas->todas_las_mesas()
#6 C:\xampp\htdocs\dfpyme\system\CodeIgniter.php(419): CodeIgniter\CodeIgniter->runController(Object(App\Controllers\pedidos\Mesas))
#7 C:\xampp\htdocs\dfpyme\system\CodeIgniter.php(326): CodeIgniter\CodeIgniter->handleRequest(NULL, Object(Config\Cache), false)
#8 C:\xampp\htdocs\dfpyme\index.php(37): CodeIgniter\CodeIgniter->run()
#9 {main}
CRITICAL - 2023-09-29 11:02:45 --> Trying to access array offset on value of type null
#0 C:\xampp\htdocs\dfpyme\app\Views\pedidos\lista_mesas.php(43): CodeIgniter\Debug\Exceptions->errorHandler(2, 'Trying to acces...', 'C:\\xampp\\htdocs...', 43)
#1 C:\xampp\htdocs\dfpyme\system\View\View.php(210): include('C:\\xampp\\htdocs...')
#2 C:\xampp\htdocs\dfpyme\system\View\View.php(213): CodeIgniter\View\View->CodeIgniter\View\{closure}()
#3 C:\xampp\htdocs\dfpyme\system\Common.php(1089): CodeIgniter\View\View->render('pedidos/lista_m...', Array, true)
#4 C:\xampp\htdocs\dfpyme\app\Controllers\pedidos\Mesas.php(966): view('pedidos/lista_m...', Array)
#5 C:\xampp\htdocs\dfpyme\system\CodeIgniter.php(832): App\Controllers\pedidos\Mesas->todas_las_mesas()
#6 C:\xampp\htdocs\dfpyme\system\CodeIgniter.php(419): CodeIgniter\CodeIgniter->runController(Object(App\Controllers\pedidos\Mesas))
#7 C:\xampp\htdocs\dfpyme\system\CodeIgniter.php(326): CodeIgniter\CodeIgniter->handleRequest(NULL, Object(Config\Cache), false)
#8 C:\xampp\htdocs\dfpyme\index.php(37): CodeIgniter\CodeIgniter->run()
#9 {main}
CRITICAL - 2023-09-29 11:02:46 --> Trying to access array offset on value of type null
#0 C:\xampp\htdocs\dfpyme\app\Views\pedidos\lista_mesas.php(43): CodeIgniter\Debug\Exceptions->errorHandler(2, 'Trying to acces...', 'C:\\xampp\\htdocs...', 43)
#1 C:\xampp\htdocs\dfpyme\system\View\View.php(210): include('C:\\xampp\\htdocs...')
#2 C:\xampp\htdocs\dfpyme\system\View\View.php(213): CodeIgniter\View\View->CodeIgniter\View\{closure}()
#3 C:\xampp\htdocs\dfpyme\system\Common.php(1089): CodeIgniter\View\View->render('pedidos/lista_m...', Array, true)
#4 C:\xampp\htdocs\dfpyme\app\Controllers\pedidos\Mesas.php(966): view('pedidos/lista_m...', Array)
#5 C:\xampp\htdocs\dfpyme\system\CodeIgniter.php(832): App\Controllers\pedidos\Mesas->todas_las_mesas()
#6 C:\xampp\htdocs\dfpyme\system\CodeIgniter.php(419): CodeIgniter\CodeIgniter->runController(Object(App\Controllers\pedidos\Mesas))
#7 C:\xampp\htdocs\dfpyme\system\CodeIgniter.php(326): CodeIgniter\CodeIgniter->handleRequest(NULL, Object(Config\Cache), false)
#8 C:\xampp\htdocs\dfpyme\index.php(37): CodeIgniter\CodeIgniter->run()
#9 {main}
CRITICAL - 2023-09-29 11:03:56 --> Trying to access array offset on value of type null
#0 C:\xampp\htdocs\dfpyme\app\Views\pedidos\lista_mesas.php(43): CodeIgniter\Debug\Exceptions->errorHandler(2, 'Trying to acces...', 'C:\\xampp\\htdocs...', 43)
#1 C:\xampp\htdocs\dfpyme\system\View\View.php(210): include('C:\\xampp\\htdocs...')
#2 C:\xampp\htdocs\dfpyme\system\View\View.php(213): CodeIgniter\View\View->CodeIgniter\View\{closure}()
#3 C:\xampp\htdocs\dfpyme\system\Common.php(1089): CodeIgniter\View\View->render('pedidos/lista_m...', Array, true)
#4 C:\xampp\htdocs\dfpyme\app\Controllers\pedidos\Mesas.php(966): view('pedidos/lista_m...', Array)
#5 C:\xampp\htdocs\dfpyme\system\CodeIgniter.php(832): App\Controllers\pedidos\Mesas->todas_las_mesas()
#6 C:\xampp\htdocs\dfpyme\system\CodeIgniter.php(419): CodeIgniter\CodeIgniter->runController(Object(App\Controllers\pedidos\Mesas))
#7 C:\xampp\htdocs\dfpyme\system\CodeIgniter.php(326): CodeIgniter\CodeIgniter->handleRequest(NULL, Object(Config\Cache), false)
#8 C:\xampp\htdocs\dfpyme\index.php(37): CodeIgniter\CodeIgniter->run()
#9 {main}
CRITICAL - 2023-09-29 11:20:08 --> Undefined array key "id_producto"
#0 C:\xampp\htdocs\dfpyme\app\Controllers\producto\productoController.php(515): CodeIgniter\Debug\Exceptions->errorHandler(2, 'Undefined array...', 'C:\\xampp\\htdocs...', 515)
#1 C:\xampp\htdocs\dfpyme\system\CodeIgniter.php(832): App\Controllers\producto\productoController->agregar_productos_x_categoria()
#2 C:\xampp\htdocs\dfpyme\system\CodeIgniter.php(419): CodeIgniter\CodeIgniter->runController(Object(App\Controllers\producto\productoController))
#3 C:\xampp\htdocs\dfpyme\system\CodeIgniter.php(326): CodeIgniter\CodeIgniter->handleRequest(NULL, Object(Config\Cache), false)
#4 C:\xampp\htdocs\dfpyme\index.php(37): CodeIgniter\CodeIgniter->run()
#5 {main}
CRITICAL - 2023-09-29 12:57:41 --> Trying to access array offset on value of type null
#0 C:\xampp\htdocs\dfpyme\app\Controllers\pedidos\Mesas.php(324): CodeIgniter\Debug\Exceptions->errorHandler(2, 'Trying to acces...', 'C:\\xampp\\htdocs...', 324)
#1 C:\xampp\htdocs\dfpyme\system\CodeIgniter.php(832): App\Controllers\pedidos\Mesas->pedido()
#2 C:\xampp\htdocs\dfpyme\system\CodeIgniter.php(419): CodeIgniter\CodeIgniter->runController(Object(App\Controllers\pedidos\Mesas))
#3 C:\xampp\htdocs\dfpyme\system\CodeIgniter.php(326): CodeIgniter\CodeIgniter->handleRequest(NULL, Object(Config\Cache), false)
#4 C:\xampp\htdocs\dfpyme\index.php(37): CodeIgniter\CodeIgniter->run()
#5 {main}
CRITICAL - 2023-09-29 12:57:58 --> Trying to access array offset on value of type null
#0 C:\xampp\htdocs\dfpyme\app\Controllers\pedidos\Mesas.php(324): CodeIgniter\Debug\Exceptions->errorHandler(2, 'Trying to acces...', 'C:\\xampp\\htdocs...', 324)
#1 C:\xampp\htdocs\dfpyme\system\CodeIgniter.php(832): App\Controllers\pedidos\Mesas->pedido()
#2 C:\xampp\htdocs\dfpyme\system\CodeIgniter.php(419): CodeIgniter\CodeIgniter->runController(Object(App\Controllers\pedidos\Mesas))
#3 C:\xampp\htdocs\dfpyme\system\CodeIgniter.php(326): CodeIgniter\CodeIgniter->handleRequest(NULL, Object(Config\Cache), false)
#4 C:\xampp\htdocs\dfpyme\index.php(37): CodeIgniter\CodeIgniter->run()
#5 {main}
ERROR - 2023-09-29 13:06:37 --> ErrorException: pg_query(): Query failed: ERROR:  error de sintaxis al final de la entrada
LINE 12:         
                 ^ in C:\xampp\htdocs\dfpyme\system\Database\Postgre\Connection.php:135
Stack trace:
#0 [internal function]: CodeIgniter\Debug\Exceptions->errorHandler(2, 'pg_query(): Que...', 'C:\\xampp\\htdocs...', 135)
#1 C:\xampp\htdocs\dfpyme\system\Database\Postgre\Connection.php(135): pg_query(Resource id #157, '\r\n        SELEC...')
#2 C:\xampp\htdocs\dfpyme\system\Database\BaseConnection.php(670): CodeIgniter\Database\Postgre\Connection->execute('\r\n        SELEC...')
#3 C:\xampp\htdocs\dfpyme\system\Database\BaseConnection.php(598): CodeIgniter\Database\BaseConnection->simpleQuery('\r\n        SELEC...')
#4 C:\xampp\htdocs\dfpyme\app\Models\pedidoModel.php(85): CodeIgniter\Database\BaseConnection->query('\r\n        SELEC...')
#5 C:\xampp\htdocs\dfpyme\app\Controllers\pedidos\Mesas.php(82): App\Models\pedidoModel->pedido_mesa('')
#6 C:\xampp\htdocs\dfpyme\system\CodeIgniter.php(832): App\Controllers\pedidos\Mesas->agregar_producto()
#7 C:\xampp\htdocs\dfpyme\system\CodeIgniter.php(419): CodeIgniter\CodeIgniter->runController(Object(App\Controllers\pedidos\Mesas))
#8 C:\xampp\htdocs\dfpyme\system\CodeIgniter.php(326): CodeIgniter\CodeIgniter->handleRequest(NULL, Object(Config\Cache), false)
#9 C:\xampp\htdocs\dfpyme\index.php(37): CodeIgniter\CodeIgniter->run()
#10 {main}
CRITICAL - 2023-09-29 13:06:37 --> pg_query(): Query failed: ERROR:  error de sintaxis al final de la entrada
LINE 12:         
                 ^
#0 [internal function]: CodeIgniter\Debug\Exceptions->errorHandler(2, 'pg_query(): Que...', 'C:\\xampp\\htdocs...', 135)
#1 C:\xampp\htdocs\dfpyme\system\Database\Postgre\Connection.php(135): pg_query(Resource id #157, '\r\n        SELEC...')
#2 C:\xampp\htdocs\dfpyme\system\Database\BaseConnection.php(670): CodeIgniter\Database\Postgre\Connection->execute('\r\n        SELEC...')
#3 C:\xampp\htdocs\dfpyme\system\Database\BaseConnection.php(598): CodeIgniter\Database\BaseConnection->simpleQuery('\r\n        SELEC...')
#4 C:\xampp\htdocs\dfpyme\app\Models\pedidoModel.php(85): CodeIgniter\Database\BaseConnection->query('\r\n        SELEC...')
#5 C:\xampp\htdocs\dfpyme\app\Controllers\pedidos\Mesas.php(82): App\Models\pedidoModel->pedido_mesa('')
#6 C:\xampp\htdocs\dfpyme\system\CodeIgniter.php(832): App\Controllers\pedidos\Mesas->agregar_producto()
#7 C:\xampp\htdocs\dfpyme\system\CodeIgniter.php(419): CodeIgniter\CodeIgniter->runController(Object(App\Controllers\pedidos\Mesas))
#8 C:\xampp\htdocs\dfpyme\system\CodeIgniter.php(326): CodeIgniter\CodeIgniter->handleRequest(NULL, Object(Config\Cache), false)
#9 C:\xampp\htdocs\dfpyme\index.php(37): CodeIgniter\CodeIgniter->run()
#10 {main}
CRITICAL - 2023-09-29 13:06:37 --> Uncaught CodeIgniter\Format\Exceptions\FormatException: Failed to parse json string, error: "Type is not supported". in C:\xampp\htdocs\dfpyme\system\Format\JSONFormatter.php:41
Stack trace:
#0 C:\xampp\htdocs\dfpyme\system\Format\JSONFormatter.php(41): CodeIgniter\Format\Exceptions\FormatException::forInvalidJSON('Type is not sup...')
#1 C:\xampp\htdocs\dfpyme\system\API\ResponseTrait.php(341): CodeIgniter\Format\JSONFormatter->format(Array)
#2 C:\xampp\htdocs\dfpyme\system\API\ResponseTrait.php(99): CodeIgniter\Debug\Exceptions->format(Array)
#3 C:\xampp\htdocs\dfpyme\system\Debug\Exceptions.php(115): CodeIgniter\Debug\Exceptions->respond(Array, 500)
#4 [internal function]: CodeIgniter\Debug\Exceptions->exceptionHandler(Object(ErrorException))
#5 {main}
  thrown
#0 [internal function]: CodeIgniter\Debug\Exceptions->shutdownHandler()
#1 {main}
ERROR - 2023-09-29 13:06:38 --> ErrorException: pg_query(): Query failed: ERROR:  error de sintaxis al final de la entrada
LINE 12:         
                 ^ in C:\xampp\htdocs\dfpyme\system\Database\Postgre\Connection.php:135
Stack trace:
#0 [internal function]: CodeIgniter\Debug\Exceptions->errorHandler(2, 'pg_query(): Que...', 'C:\\xampp\\htdocs...', 135)
#1 C:\xampp\htdocs\dfpyme\system\Database\Postgre\Connection.php(135): pg_query(Resource id #157, '\r\n        SELEC...')
#2 C:\xampp\htdocs\dfpyme\system\Database\BaseConnection.php(670): CodeIgniter\Database\Postgre\Connection->execute('\r\n        SELEC...')
#3 C:\xampp\htdocs\dfpyme\system\Database\BaseConnection.php(598): CodeIgniter\Database\BaseConnection->simpleQuery('\r\n        SELEC...')
#4 C:\xampp\htdocs\dfpyme\app\Models\pedidoModel.php(85): CodeIgniter\Database\BaseConnection->query('\r\n        SELEC...')
#5 C:\xampp\htdocs\dfpyme\app\Controllers\pedidos\Mesas.php(82): App\Models\pedidoModel->pedido_mesa('')
#6 C:\xampp\htdocs\dfpyme\system\CodeIgniter.php(832): App\Controllers\pedidos\Mesas->agregar_producto()
#7 C:\xampp\htdocs\dfpyme\system\CodeIgniter.php(419): CodeIgniter\CodeIgniter->runController(Object(App\Controllers\pedidos\Mesas))
#8 C:\xampp\htdocs\dfpyme\system\CodeIgniter.php(326): CodeIgniter\CodeIgniter->handleRequest(NULL, Object(Config\Cache), false)
#9 C:\xampp\htdocs\dfpyme\index.php(37): CodeIgniter\CodeIgniter->run()
#10 {main}
CRITICAL - 2023-09-29 13:06:38 --> pg_query(): Query failed: ERROR:  error de sintaxis al final de la entrada
LINE 12:         
                 ^
#0 [internal function]: CodeIgniter\Debug\Exceptions->errorHandler(2, 'pg_query(): Que...', 'C:\\xampp\\htdocs...', 135)
#1 C:\xampp\htdocs\dfpyme\system\Database\Postgre\Connection.php(135): pg_query(Resource id #157, '\r\n        SELEC...')
#2 C:\xampp\htdocs\dfpyme\system\Database\BaseConnection.php(670): CodeIgniter\Database\Postgre\Connection->execute('\r\n        SELEC...')
#3 C:\xampp\htdocs\dfpyme\system\Database\BaseConnection.php(598): CodeIgniter\Database\BaseConnection->simpleQuery('\r\n        SELEC...')
#4 C:\xampp\htdocs\dfpyme\app\Models\pedidoModel.php(85): CodeIgniter\Database\BaseConnection->query('\r\n        SELEC...')
#5 C:\xampp\htdocs\dfpyme\app\Controllers\pedidos\Mesas.php(82): App\Models\pedidoModel->pedido_mesa('')
#6 C:\xampp\htdocs\dfpyme\system\CodeIgniter.php(832): App\Controllers\pedidos\Mesas->agregar_producto()
#7 C:\xampp\htdocs\dfpyme\system\CodeIgniter.php(419): CodeIgniter\CodeIgniter->runController(Object(App\Controllers\pedidos\Mesas))
#8 C:\xampp\htdocs\dfpyme\system\CodeIgniter.php(326): CodeIgniter\CodeIgniter->handleRequest(NULL, Object(Config\Cache), false)
#9 C:\xampp\htdocs\dfpyme\index.php(37): CodeIgniter\CodeIgniter->run()
#10 {main}
CRITICAL - 2023-09-29 13:06:38 --> Uncaught CodeIgniter\Format\Exceptions\FormatException: Failed to parse json string, error: "Type is not supported". in C:\xampp\htdocs\dfpyme\system\Format\JSONFormatter.php:41
Stack trace:
#0 C:\xampp\htdocs\dfpyme\system\Format\JSONFormatter.php(41): CodeIgniter\Format\Exceptions\FormatException::forInvalidJSON('Type is not sup...')
#1 C:\xampp\htdocs\dfpyme\system\API\ResponseTrait.php(341): CodeIgniter\Format\JSONFormatter->format(Array)
#2 C:\xampp\htdocs\dfpyme\system\API\ResponseTrait.php(99): CodeIgniter\Debug\Exceptions->format(Array)
#3 C:\xampp\htdocs\dfpyme\system\Debug\Exceptions.php(115): CodeIgniter\Debug\Exceptions->respond(Array, 500)
#4 [internal function]: CodeIgniter\Debug\Exceptions->exceptionHandler(Object(ErrorException))
#5 {main}
  thrown
#0 [internal function]: CodeIgniter\Debug\Exceptions->shutdownHandler()
#1 {main}
ERROR - 2023-09-29 13:44:30 --> ErrorException: pg_query(): Query failed: ERROR:  error de sintaxis al final de la entrada
LINE 12:         
                 ^ in C:\xampp\htdocs\dfpyme\system\Database\Postgre\Connection.php:135
Stack trace:
#0 [internal function]: CodeIgniter\Debug\Exceptions->errorHandler(2, 'pg_query(): Que...', 'C:\\xampp\\htdocs...', 135)
#1 C:\xampp\htdocs\dfpyme\system\Database\Postgre\Connection.php(135): pg_query(Resource id #157, '\r\n        SELEC...')
#2 C:\xampp\htdocs\dfpyme\system\Database\BaseConnection.php(670): CodeIgniter\Database\Postgre\Connection->execute('\r\n        SELEC...')
#3 C:\xampp\htdocs\dfpyme\system\Database\BaseConnection.php(598): CodeIgniter\Database\BaseConnection->simpleQuery('\r\n        SELEC...')
#4 C:\xampp\htdocs\dfpyme\app\Models\pedidoModel.php(85): CodeIgniter\Database\BaseConnection->query('\r\n        SELEC...')
#5 C:\xampp\htdocs\dfpyme\app\Controllers\pedidos\Mesas.php(82): App\Models\pedidoModel->pedido_mesa('')
#6 C:\xampp\htdocs\dfpyme\system\CodeIgniter.php(832): App\Controllers\pedidos\Mesas->agregar_producto()
#7 C:\xampp\htdocs\dfpyme\system\CodeIgniter.php(419): CodeIgniter\CodeIgniter->runController(Object(App\Controllers\pedidos\Mesas))
#8 C:\xampp\htdocs\dfpyme\system\CodeIgniter.php(326): CodeIgniter\CodeIgniter->handleRequest(NULL, Object(Config\Cache), false)
#9 C:\xampp\htdocs\dfpyme\index.php(37): CodeIgniter\CodeIgniter->run()
#10 {main}
CRITICAL - 2023-09-29 13:44:30 --> pg_query(): Query failed: ERROR:  error de sintaxis al final de la entrada
LINE 12:         
                 ^
#0 [internal function]: CodeIgniter\Debug\Exceptions->errorHandler(2, 'pg_query(): Que...', 'C:\\xampp\\htdocs...', 135)
#1 C:\xampp\htdocs\dfpyme\system\Database\Postgre\Connection.php(135): pg_query(Resource id #157, '\r\n        SELEC...')
#2 C:\xampp\htdocs\dfpyme\system\Database\BaseConnection.php(670): CodeIgniter\Database\Postgre\Connection->execute('\r\n        SELEC...')
#3 C:\xampp\htdocs\dfpyme\system\Database\BaseConnection.php(598): CodeIgniter\Database\BaseConnection->simpleQuery('\r\n        SELEC...')
#4 C:\xampp\htdocs\dfpyme\app\Models\pedidoModel.php(85): CodeIgniter\Database\BaseConnection->query('\r\n        SELEC...')
#5 C:\xampp\htdocs\dfpyme\app\Controllers\pedidos\Mesas.php(82): App\Models\pedidoModel->pedido_mesa('')
#6 C:\xampp\htdocs\dfpyme\system\CodeIgniter.php(832): App\Controllers\pedidos\Mesas->agregar_producto()
#7 C:\xampp\htdocs\dfpyme\system\CodeIgniter.php(419): CodeIgniter\CodeIgniter->runController(Object(App\Controllers\pedidos\Mesas))
#8 C:\xampp\htdocs\dfpyme\system\CodeIgniter.php(326): CodeIgniter\CodeIgniter->handleRequest(NULL, Object(Config\Cache), false)
#9 C:\xampp\htdocs\dfpyme\index.php(37): CodeIgniter\CodeIgniter->run()
#10 {main}
CRITICAL - 2023-09-29 13:44:30 --> Uncaught CodeIgniter\Format\Exceptions\FormatException: Failed to parse json string, error: "Type is not supported". in C:\xampp\htdocs\dfpyme\system\Format\JSONFormatter.php:41
Stack trace:
#0 C:\xampp\htdocs\dfpyme\system\Format\JSONFormatter.php(41): CodeIgniter\Format\Exceptions\FormatException::forInvalidJSON('Type is not sup...')
#1 C:\xampp\htdocs\dfpyme\system\API\ResponseTrait.php(341): CodeIgniter\Format\JSONFormatter->format(Array)
#2 C:\xampp\htdocs\dfpyme\system\API\ResponseTrait.php(99): CodeIgniter\Debug\Exceptions->format(Array)
#3 C:\xampp\htdocs\dfpyme\system\Debug\Exceptions.php(115): CodeIgniter\Debug\Exceptions->respond(Array, 500)
#4 [internal function]: CodeIgniter\Debug\Exceptions->exceptionHandler(Object(ErrorException))
#5 {main}
  thrown
#0 [internal function]: CodeIgniter\Debug\Exceptions->shutdownHandler()
#1 {main}
ERROR - 2023-09-29 13:44:31 --> ErrorException: pg_query(): Query failed: ERROR:  error de sintaxis al final de la entrada
LINE 12:         
                 ^ in C:\xampp\htdocs\dfpyme\system\Database\Postgre\Connection.php:135
Stack trace:
#0 [internal function]: CodeIgniter\Debug\Exceptions->errorHandler(2, 'pg_query(): Que...', 'C:\\xampp\\htdocs...', 135)
#1 C:\xampp\htdocs\dfpyme\system\Database\Postgre\Connection.php(135): pg_query(Resource id #157, '\r\n        SELEC...')
#2 C:\xampp\htdocs\dfpyme\system\Database\BaseConnection.php(670): CodeIgniter\Database\Postgre\Connection->execute('\r\n        SELEC...')
#3 C:\xampp\htdocs\dfpyme\system\Database\BaseConnection.php(598): CodeIgniter\Database\BaseConnection->simpleQuery('\r\n        SELEC...')
#4 C:\xampp\htdocs\dfpyme\app\Models\pedidoModel.php(85): CodeIgniter\Database\BaseConnection->query('\r\n        SELEC...')
#5 C:\xampp\htdocs\dfpyme\app\Controllers\pedidos\Mesas.php(82): App\Models\pedidoModel->pedido_mesa('')
#6 C:\xampp\htdocs\dfpyme\system\CodeIgniter.php(832): App\Controllers\pedidos\Mesas->agregar_producto()
#7 C:\xampp\htdocs\dfpyme\system\CodeIgniter.php(419): CodeIgniter\CodeIgniter->runController(Object(App\Controllers\pedidos\Mesas))
#8 C:\xampp\htdocs\dfpyme\system\CodeIgniter.php(326): CodeIgniter\CodeIgniter->handleRequest(NULL, Object(Config\Cache), false)
#9 C:\xampp\htdocs\dfpyme\index.php(37): CodeIgniter\CodeIgniter->run()
#10 {main}
CRITICAL - 2023-09-29 13:44:31 --> pg_query(): Query failed: ERROR:  error de sintaxis al final de la entrada
LINE 12:         
                 ^
#0 [internal function]: CodeIgniter\Debug\Exceptions->errorHandler(2, 'pg_query(): Que...', 'C:\\xampp\\htdocs...', 135)
#1 C:\xampp\htdocs\dfpyme\system\Database\Postgre\Connection.php(135): pg_query(Resource id #157, '\r\n        SELEC...')
#2 C:\xampp\htdocs\dfpyme\system\Database\BaseConnection.php(670): CodeIgniter\Database\Postgre\Connection->execute('\r\n        SELEC...')
#3 C:\xampp\htdocs\dfpyme\system\Database\BaseConnection.php(598): CodeIgniter\Database\BaseConnection->simpleQuery('\r\n        SELEC...')
#4 C:\xampp\htdocs\dfpyme\app\Models\pedidoModel.php(85): CodeIgniter\Database\BaseConnection->query('\r\n        SELEC...')
#5 C:\xampp\htdocs\dfpyme\app\Controllers\pedidos\Mesas.php(82): App\Models\pedidoModel->pedido_mesa('')
#6 C:\xampp\htdocs\dfpyme\system\CodeIgniter.php(832): App\Controllers\pedidos\Mesas->agregar_producto()
#7 C:\xampp\htdocs\dfpyme\system\CodeIgniter.php(419): CodeIgniter\CodeIgniter->runController(Object(App\Controllers\pedidos\Mesas))
#8 C:\xampp\htdocs\dfpyme\system\CodeIgniter.php(326): CodeIgniter\CodeIgniter->handleRequest(NULL, Object(Config\Cache), false)
#9 C:\xampp\htdocs\dfpyme\index.php(37): CodeIgniter\CodeIgniter->run()
#10 {main}
CRITICAL - 2023-09-29 13:44:31 --> Uncaught CodeIgniter\Format\Exceptions\FormatException: Failed to parse json string, error: "Type is not supported". in C:\xampp\htdocs\dfpyme\system\Format\JSONFormatter.php:41
Stack trace:
#0 C:\xampp\htdocs\dfpyme\system\Format\JSONFormatter.php(41): CodeIgniter\Format\Exceptions\FormatException::forInvalidJSON('Type is not sup...')
#1 C:\xampp\htdocs\dfpyme\system\API\ResponseTrait.php(341): CodeIgniter\Format\JSONFormatter->format(Array)
#2 C:\xampp\htdocs\dfpyme\system\API\ResponseTrait.php(99): CodeIgniter\Debug\Exceptions->format(Array)
#3 C:\xampp\htdocs\dfpyme\system\Debug\Exceptions.php(115): CodeIgniter\Debug\Exceptions->respond(Array, 500)
#4 [internal function]: CodeIgniter\Debug\Exceptions->exceptionHandler(Object(ErrorException))
#5 {main}
  thrown
#0 [internal function]: CodeIgniter\Debug\Exceptions->shutdownHandler()
#1 {main}
ERROR - 2023-09-29 13:44:37 --> ErrorException: pg_query(): Query failed: ERROR:  error de sintaxis al final de la entrada
LINE 12:         
                 ^ in C:\xampp\htdocs\dfpyme\system\Database\Postgre\Connection.php:135
Stack trace:
#0 [internal function]: CodeIgniter\Debug\Exceptions->errorHandler(2, 'pg_query(): Que...', 'C:\\xampp\\htdocs...', 135)
#1 C:\xampp\htdocs\dfpyme\system\Database\Postgre\Connection.php(135): pg_query(Resource id #157, '\r\n        SELEC...')
#2 C:\xampp\htdocs\dfpyme\system\Database\BaseConnection.php(670): CodeIgniter\Database\Postgre\Connection->execute('\r\n        SELEC...')
#3 C:\xampp\htdocs\dfpyme\system\Database\BaseConnection.php(598): CodeIgniter\Database\BaseConnection->simpleQuery('\r\n        SELEC...')
#4 C:\xampp\htdocs\dfpyme\app\Models\pedidoModel.php(85): CodeIgniter\Database\BaseConnection->query('\r\n        SELEC...')
#5 C:\xampp\htdocs\dfpyme\app\Controllers\pedidos\Mesas.php(82): App\Models\pedidoModel->pedido_mesa('')
#6 C:\xampp\htdocs\dfpyme\system\CodeIgniter.php(832): App\Controllers\pedidos\Mesas->agregar_producto()
#7 C:\xampp\htdocs\dfpyme\system\CodeIgniter.php(419): CodeIgniter\CodeIgniter->runController(Object(App\Controllers\pedidos\Mesas))
#8 C:\xampp\htdocs\dfpyme\system\CodeIgniter.php(326): CodeIgniter\CodeIgniter->handleRequest(NULL, Object(Config\Cache), false)
#9 C:\xampp\htdocs\dfpyme\index.php(37): CodeIgniter\CodeIgniter->run()
#10 {main}
CRITICAL - 2023-09-29 13:44:37 --> pg_query(): Query failed: ERROR:  error de sintaxis al final de la entrada
LINE 12:         
                 ^
#0 [internal function]: CodeIgniter\Debug\Exceptions->errorHandler(2, 'pg_query(): Que...', 'C:\\xampp\\htdocs...', 135)
#1 C:\xampp\htdocs\dfpyme\system\Database\Postgre\Connection.php(135): pg_query(Resource id #157, '\r\n        SELEC...')
#2 C:\xampp\htdocs\dfpyme\system\Database\BaseConnection.php(670): CodeIgniter\Database\Postgre\Connection->execute('\r\n        SELEC...')
#3 C:\xampp\htdocs\dfpyme\system\Database\BaseConnection.php(598): CodeIgniter\Database\BaseConnection->simpleQuery('\r\n        SELEC...')
#4 C:\xampp\htdocs\dfpyme\app\Models\pedidoModel.php(85): CodeIgniter\Database\BaseConnection->query('\r\n        SELEC...')
#5 C:\xampp\htdocs\dfpyme\app\Controllers\pedidos\Mesas.php(82): App\Models\pedidoModel->pedido_mesa('')
#6 C:\xampp\htdocs\dfpyme\system\CodeIgniter.php(832): App\Controllers\pedidos\Mesas->agregar_producto()
#7 C:\xampp\htdocs\dfpyme\system\CodeIgniter.php(419): CodeIgniter\CodeIgniter->runController(Object(App\Controllers\pedidos\Mesas))
#8 C:\xampp\htdocs\dfpyme\system\CodeIgniter.php(326): CodeIgniter\CodeIgniter->handleRequest(NULL, Object(Config\Cache), false)
#9 C:\xampp\htdocs\dfpyme\index.php(37): CodeIgniter\CodeIgniter->run()
#10 {main}
CRITICAL - 2023-09-29 13:44:37 --> Uncaught CodeIgniter\Format\Exceptions\FormatException: Failed to parse json string, error: "Type is not supported". in C:\xampp\htdocs\dfpyme\system\Format\JSONFormatter.php:41
Stack trace:
#0 C:\xampp\htdocs\dfpyme\system\Format\JSONFormatter.php(41): CodeIgniter\Format\Exceptions\FormatException::forInvalidJSON('Type is not sup...')
#1 C:\xampp\htdocs\dfpyme\system\API\ResponseTrait.php(341): CodeIgniter\Format\JSONFormatter->format(Array)
#2 C:\xampp\htdocs\dfpyme\system\API\ResponseTrait.php(99): CodeIgniter\Debug\Exceptions->format(Array)
#3 C:\xampp\htdocs\dfpyme\system\Debug\Exceptions.php(115): CodeIgniter\Debug\Exceptions->respond(Array, 500)
#4 [internal function]: CodeIgniter\Debug\Exceptions->exceptionHandler(Object(ErrorException))
#5 {main}
  thrown
#0 [internal function]: CodeIgniter\Debug\Exceptions->shutdownHandler()
#1 {main}
ERROR - 2023-09-29 13:44:38 --> ErrorException: pg_query(): Query failed: ERROR:  error de sintaxis al final de la entrada
LINE 12:         
                 ^ in C:\xampp\htdocs\dfpyme\system\Database\Postgre\Connection.php:135
Stack trace:
#0 [internal function]: CodeIgniter\Debug\Exceptions->errorHandler(2, 'pg_query(): Que...', 'C:\\xampp\\htdocs...', 135)
#1 C:\xampp\htdocs\dfpyme\system\Database\Postgre\Connection.php(135): pg_query(Resource id #157, '\r\n        SELEC...')
#2 C:\xampp\htdocs\dfpyme\system\Database\BaseConnection.php(670): CodeIgniter\Database\Postgre\Connection->execute('\r\n        SELEC...')
#3 C:\xampp\htdocs\dfpyme\system\Database\BaseConnection.php(598): CodeIgniter\Database\BaseConnection->simpleQuery('\r\n        SELEC...')
#4 C:\xampp\htdocs\dfpyme\app\Models\pedidoModel.php(85): CodeIgniter\Database\BaseConnection->query('\r\n        SELEC...')
#5 C:\xampp\htdocs\dfpyme\app\Controllers\pedidos\Mesas.php(82): App\Models\pedidoModel->pedido_mesa('')
#6 C:\xampp\htdocs\dfpyme\system\CodeIgniter.php(832): App\Controllers\pedidos\Mesas->agregar_producto()
#7 C:\xampp\htdocs\dfpyme\system\CodeIgniter.php(419): CodeIgniter\CodeIgniter->runController(Object(App\Controllers\pedidos\Mesas))
#8 C:\xampp\htdocs\dfpyme\system\CodeIgniter.php(326): CodeIgniter\CodeIgniter->handleRequest(NULL, Object(Config\Cache), false)
#9 C:\xampp\htdocs\dfpyme\index.php(37): CodeIgniter\CodeIgniter->run()
#10 {main}
CRITICAL - 2023-09-29 13:44:38 --> pg_query(): Query failed: ERROR:  error de sintaxis al final de la entrada
LINE 12:         
                 ^
#0 [internal function]: CodeIgniter\Debug\Exceptions->errorHandler(2, 'pg_query(): Que...', 'C:\\xampp\\htdocs...', 135)
#1 C:\xampp\htdocs\dfpyme\system\Database\Postgre\Connection.php(135): pg_query(Resource id #157, '\r\n        SELEC...')
#2 C:\xampp\htdocs\dfpyme\system\Database\BaseConnection.php(670): CodeIgniter\Database\Postgre\Connection->execute('\r\n        SELEC...')
#3 C:\xampp\htdocs\dfpyme\system\Database\BaseConnection.php(598): CodeIgniter\Database\BaseConnection->simpleQuery('\r\n        SELEC...')
#4 C:\xampp\htdocs\dfpyme\app\Models\pedidoModel.php(85): CodeIgniter\Database\BaseConnection->query('\r\n        SELEC...')
#5 C:\xampp\htdocs\dfpyme\app\Controllers\pedidos\Mesas.php(82): App\Models\pedidoModel->pedido_mesa('')
#6 C:\xampp\htdocs\dfpyme\system\CodeIgniter.php(832): App\Controllers\pedidos\Mesas->agregar_producto()
#7 C:\xampp\htdocs\dfpyme\system\CodeIgniter.php(419): CodeIgniter\CodeIgniter->runController(Object(App\Controllers\pedidos\Mesas))
#8 C:\xampp\htdocs\dfpyme\system\CodeIgniter.php(326): CodeIgniter\CodeIgniter->handleRequest(NULL, Object(Config\Cache), false)
#9 C:\xampp\htdocs\dfpyme\index.php(37): CodeIgniter\CodeIgniter->run()
#10 {main}
CRITICAL - 2023-09-29 13:44:38 --> Uncaught CodeIgniter\Format\Exceptions\FormatException: Failed to parse json string, error: "Type is not supported". in C:\xampp\htdocs\dfpyme\system\Format\JSONFormatter.php:41
Stack trace:
#0 C:\xampp\htdocs\dfpyme\system\Format\JSONFormatter.php(41): CodeIgniter\Format\Exceptions\FormatException::forInvalidJSON('Type is not sup...')
#1 C:\xampp\htdocs\dfpyme\system\API\ResponseTrait.php(341): CodeIgniter\Format\JSONFormatter->format(Array)
#2 C:\xampp\htdocs\dfpyme\system\API\ResponseTrait.php(99): CodeIgniter\Debug\Exceptions->format(Array)
#3 C:\xampp\htdocs\dfpyme\system\Debug\Exceptions.php(115): CodeIgniter\Debug\Exceptions->respond(Array, 500)
#4 [internal function]: CodeIgniter\Debug\Exceptions->exceptionHandler(Object(ErrorException))
#5 {main}
  thrown
#0 [internal function]: CodeIgniter\Debug\Exceptions->shutdownHandler()
#1 {main}
ERROR - 2023-09-29 13:44:38 --> ErrorException: pg_query(): Query failed: ERROR:  error de sintaxis al final de la entrada
LINE 12:         
                 ^ in C:\xampp\htdocs\dfpyme\system\Database\Postgre\Connection.php:135
Stack trace:
#0 [internal function]: CodeIgniter\Debug\Exceptions->errorHandler(2, 'pg_query(): Que...', 'C:\\xampp\\htdocs...', 135)
#1 C:\xampp\htdocs\dfpyme\system\Database\Postgre\Connection.php(135): pg_query(Resource id #157, '\r\n        SELEC...')
#2 C:\xampp\htdocs\dfpyme\system\Database\BaseConnection.php(670): CodeIgniter\Database\Postgre\Connection->execute('\r\n        SELEC...')
#3 C:\xampp\htdocs\dfpyme\system\Database\BaseConnection.php(598): CodeIgniter\Database\BaseConnection->simpleQuery('\r\n        SELEC...')
#4 C:\xampp\htdocs\dfpyme\app\Models\pedidoModel.php(85): CodeIgniter\Database\BaseConnection->query('\r\n        SELEC...')
#5 C:\xampp\htdocs\dfpyme\app\Controllers\pedidos\Mesas.php(82): App\Models\pedidoModel->pedido_mesa('')
#6 C:\xampp\htdocs\dfpyme\system\CodeIgniter.php(832): App\Controllers\pedidos\Mesas->agregar_producto()
#7 C:\xampp\htdocs\dfpyme\system\CodeIgniter.php(419): CodeIgniter\CodeIgniter->runController(Object(App\Controllers\pedidos\Mesas))
#8 C:\xampp\htdocs\dfpyme\system\CodeIgniter.php(326): CodeIgniter\CodeIgniter->handleRequest(NULL, Object(Config\Cache), false)
#9 C:\xampp\htdocs\dfpyme\index.php(37): CodeIgniter\CodeIgniter->run()
#10 {main}
CRITICAL - 2023-09-29 13:44:38 --> pg_query(): Query failed: ERROR:  error de sintaxis al final de la entrada
LINE 12:         
                 ^
#0 [internal function]: CodeIgniter\Debug\Exceptions->errorHandler(2, 'pg_query(): Que...', 'C:\\xampp\\htdocs...', 135)
#1 C:\xampp\htdocs\dfpyme\system\Database\Postgre\Connection.php(135): pg_query(Resource id #157, '\r\n        SELEC...')
#2 C:\xampp\htdocs\dfpyme\system\Database\BaseConnection.php(670): CodeIgniter\Database\Postgre\Connection->execute('\r\n        SELEC...')
#3 C:\xampp\htdocs\dfpyme\system\Database\BaseConnection.php(598): CodeIgniter\Database\BaseConnection->simpleQuery('\r\n        SELEC...')
#4 C:\xampp\htdocs\dfpyme\app\Models\pedidoModel.php(85): CodeIgniter\Database\BaseConnection->query('\r\n        SELEC...')
#5 C:\xampp\htdocs\dfpyme\app\Controllers\pedidos\Mesas.php(82): App\Models\pedidoModel->pedido_mesa('')
#6 C:\xampp\htdocs\dfpyme\system\CodeIgniter.php(832): App\Controllers\pedidos\Mesas->agregar_producto()
#7 C:\xampp\htdocs\dfpyme\system\CodeIgniter.php(419): CodeIgniter\CodeIgniter->runController(Object(App\Controllers\pedidos\Mesas))
#8 C:\xampp\htdocs\dfpyme\system\CodeIgniter.php(326): CodeIgniter\CodeIgniter->handleRequest(NULL, Object(Config\Cache), false)
#9 C:\xampp\htdocs\dfpyme\index.php(37): CodeIgniter\CodeIgniter->run()
#10 {main}
CRITICAL - 2023-09-29 13:44:38 --> Uncaught CodeIgniter\Format\Exceptions\FormatException: Failed to parse json string, error: "Type is not supported". in C:\xampp\htdocs\dfpyme\system\Format\JSONFormatter.php:41
Stack trace:
#0 C:\xampp\htdocs\dfpyme\system\Format\JSONFormatter.php(41): CodeIgniter\Format\Exceptions\FormatException::forInvalidJSON('Type is not sup...')
#1 C:\xampp\htdocs\dfpyme\system\API\ResponseTrait.php(341): CodeIgniter\Format\JSONFormatter->format(Array)
#2 C:\xampp\htdocs\dfpyme\system\API\ResponseTrait.php(99): CodeIgniter\Debug\Exceptions->format(Array)
#3 C:\xampp\htdocs\dfpyme\system\Debug\Exceptions.php(115): CodeIgniter\Debug\Exceptions->respond(Array, 500)
#4 [internal function]: CodeIgniter\Debug\Exceptions->exceptionHandler(Object(ErrorException))
#5 {main}
  thrown
#0 [internal function]: CodeIgniter\Debug\Exceptions->shutdownHandler()
#1 {main}
ERROR - 2023-09-29 13:48:35 --> ErrorException: pg_query(): Query failed: ERROR:  error de sintaxis al final de la entrada
LINE 12:         
                 ^ in C:\xampp\htdocs\dfpyme\system\Database\Postgre\Connection.php:135
Stack trace:
#0 [internal function]: CodeIgniter\Debug\Exceptions->errorHandler(2, 'pg_query(): Que...', 'C:\\xampp\\htdocs...', 135)
#1 C:\xampp\htdocs\dfpyme\system\Database\Postgre\Connection.php(135): pg_query(Resource id #157, '\r\n        SELEC...')
#2 C:\xampp\htdocs\dfpyme\system\Database\BaseConnection.php(670): CodeIgniter\Database\Postgre\Connection->execute('\r\n        SELEC...')
#3 C:\xampp\htdocs\dfpyme\system\Database\BaseConnection.php(598): CodeIgniter\Database\BaseConnection->simpleQuery('\r\n        SELEC...')
#4 C:\xampp\htdocs\dfpyme\app\Models\pedidoModel.php(85): CodeIgniter\Database\BaseConnection->query('\r\n        SELEC...')
#5 C:\xampp\htdocs\dfpyme\app\Controllers\pedidos\Mesas.php(82): App\Models\pedidoModel->pedido_mesa('')
#6 C:\xampp\htdocs\dfpyme\system\CodeIgniter.php(832): App\Controllers\pedidos\Mesas->agregar_producto()
#7 C:\xampp\htdocs\dfpyme\system\CodeIgniter.php(419): CodeIgniter\CodeIgniter->runController(Object(App\Controllers\pedidos\Mesas))
#8 C:\xampp\htdocs\dfpyme\system\CodeIgniter.php(326): CodeIgniter\CodeIgniter->handleRequest(NULL, Object(Config\Cache), false)
#9 C:\xampp\htdocs\dfpyme\index.php(37): CodeIgniter\CodeIgniter->run()
#10 {main}
CRITICAL - 2023-09-29 13:48:35 --> pg_query(): Query failed: ERROR:  error de sintaxis al final de la entrada
LINE 12:         
                 ^
#0 [internal function]: CodeIgniter\Debug\Exceptions->errorHandler(2, 'pg_query(): Que...', 'C:\\xampp\\htdocs...', 135)
#1 C:\xampp\htdocs\dfpyme\system\Database\Postgre\Connection.php(135): pg_query(Resource id #157, '\r\n        SELEC...')
#2 C:\xampp\htdocs\dfpyme\system\Database\BaseConnection.php(670): CodeIgniter\Database\Postgre\Connection->execute('\r\n        SELEC...')
#3 C:\xampp\htdocs\dfpyme\system\Database\BaseConnection.php(598): CodeIgniter\Database\BaseConnection->simpleQuery('\r\n        SELEC...')
#4 C:\xampp\htdocs\dfpyme\app\Models\pedidoModel.php(85): CodeIgniter\Database\BaseConnection->query('\r\n        SELEC...')
#5 C:\xampp\htdocs\dfpyme\app\Controllers\pedidos\Mesas.php(82): App\Models\pedidoModel->pedido_mesa('')
#6 C:\xampp\htdocs\dfpyme\system\CodeIgniter.php(832): App\Controllers\pedidos\Mesas->agregar_producto()
#7 C:\xampp\htdocs\dfpyme\system\CodeIgniter.php(419): CodeIgniter\CodeIgniter->runController(Object(App\Controllers\pedidos\Mesas))
#8 C:\xampp\htdocs\dfpyme\system\CodeIgniter.php(326): CodeIgniter\CodeIgniter->handleRequest(NULL, Object(Config\Cache), false)
#9 C:\xampp\htdocs\dfpyme\index.php(37): CodeIgniter\CodeIgniter->run()
#10 {main}
CRITICAL - 2023-09-29 13:48:35 --> Uncaught CodeIgniter\Format\Exceptions\FormatException: Failed to parse json string, error: "Type is not supported". in C:\xampp\htdocs\dfpyme\system\Format\JSONFormatter.php:41
Stack trace:
#0 C:\xampp\htdocs\dfpyme\system\Format\JSONFormatter.php(41): CodeIgniter\Format\Exceptions\FormatException::forInvalidJSON('Type is not sup...')
#1 C:\xampp\htdocs\dfpyme\system\API\ResponseTrait.php(341): CodeIgniter\Format\JSONFormatter->format(Array)
#2 C:\xampp\htdocs\dfpyme\system\API\ResponseTrait.php(99): CodeIgniter\Debug\Exceptions->format(Array)
#3 C:\xampp\htdocs\dfpyme\system\Debug\Exceptions.php(115): CodeIgniter\Debug\Exceptions->respond(Array, 500)
#4 [internal function]: CodeIgniter\Debug\Exceptions->exceptionHandler(Object(ErrorException))
#5 {main}
  thrown
#0 [internal function]: CodeIgniter\Debug\Exceptions->shutdownHandler()
#1 {main}
CRITICAL - 2023-09-29 14:04:26 --> Trying to access array offset on value of type null
#0 C:\xampp\htdocs\dfpyme\app\Controllers\pedidos\Mesas.php(324): CodeIgniter\Debug\Exceptions->errorHandler(2, 'Trying to acces...', 'C:\\xampp\\htdocs...', 324)
#1 C:\xampp\htdocs\dfpyme\system\CodeIgniter.php(832): App\Controllers\pedidos\Mesas->pedido()
#2 C:\xampp\htdocs\dfpyme\system\CodeIgniter.php(419): CodeIgniter\CodeIgniter->runController(Object(App\Controllers\pedidos\Mesas))
#3 C:\xampp\htdocs\dfpyme\system\CodeIgniter.php(326): CodeIgniter\CodeIgniter->handleRequest(NULL, Object(Config\Cache), false)
#4 C:\xampp\htdocs\dfpyme\index.php(37): CodeIgniter\CodeIgniter->run()
#5 {main}
CRITICAL - 2023-09-29 14:06:46 --> Trying to access array offset on value of type null
#0 C:\xampp\htdocs\dfpyme\app\Controllers\pedidos\Mesas.php(324): CodeIgniter\Debug\Exceptions->errorHandler(2, 'Trying to acces...', 'C:\\xampp\\htdocs...', 324)
#1 C:\xampp\htdocs\dfpyme\system\CodeIgniter.php(832): App\Controllers\pedidos\Mesas->pedido()
#2 C:\xampp\htdocs\dfpyme\system\CodeIgniter.php(419): CodeIgniter\CodeIgniter->runController(Object(App\Controllers\pedidos\Mesas))
#3 C:\xampp\htdocs\dfpyme\system\CodeIgniter.php(326): CodeIgniter\CodeIgniter->handleRequest(NULL, Object(Config\Cache), false)
#4 C:\xampp\htdocs\dfpyme\index.php(37): CodeIgniter\CodeIgniter->run()
#5 {main}
CRITICAL - 2023-09-29 14:46:51 --> Trying to access array offset on value of type null
#0 C:\xampp\htdocs\dfpyme\app\Controllers\pedidos\PartirFactura.php(84): CodeIgniter\Debug\Exceptions->errorHandler(2, 'Trying to acces...', 'C:\\xampp\\htdocs...', 84)
#1 C:\xampp\htdocs\dfpyme\system\CodeIgniter.php(832): App\Controllers\pedidos\PartirFactura->valor()
#2 C:\xampp\htdocs\dfpyme\system\CodeIgniter.php(419): CodeIgniter\CodeIgniter->runController(Object(App\Controllers\pedidos\PartirFactura))
#3 C:\xampp\htdocs\dfpyme\system\CodeIgniter.php(326): CodeIgniter\CodeIgniter->handleRequest(NULL, Object(Config\Cache), false)
#4 C:\xampp\htdocs\dfpyme\index.php(37): CodeIgniter\CodeIgniter->run()
#5 {main}
CRITICAL - 2023-09-29 15:19:27 --> Trying to access array offset on value of type null
#0 C:\xampp\htdocs\dfpyme\app\Controllers\pedidos\Mesas.php(715): CodeIgniter\Debug\Exceptions->errorHandler(2, 'Trying to acces...', 'C:\\xampp\\htdocs...', 715)
#1 C:\xampp\htdocs\dfpyme\system\CodeIgniter.php(832): App\Controllers\pedidos\Mesas->restar_producto()
#2 C:\xampp\htdocs\dfpyme\system\CodeIgniter.php(419): CodeIgniter\CodeIgniter->runController(Object(App\Controllers\pedidos\Mesas))
#3 C:\xampp\htdocs\dfpyme\system\CodeIgniter.php(326): CodeIgniter\CodeIgniter->handleRequest(NULL, Object(Config\Cache), false)
#4 C:\xampp\htdocs\dfpyme\index.php(37): CodeIgniter\CodeIgniter->run()
#5 {main}
CRITICAL - 2023-09-29 15:19:29 --> Trying to access array offset on value of type null
#0 C:\xampp\htdocs\dfpyme\app\Controllers\pedidos\Mesas.php(715): CodeIgniter\Debug\Exceptions->errorHandler(2, 'Trying to acces...', 'C:\\xampp\\htdocs...', 715)
#1 C:\xampp\htdocs\dfpyme\system\CodeIgniter.php(832): App\Controllers\pedidos\Mesas->restar_producto()
#2 C:\xampp\htdocs\dfpyme\system\CodeIgniter.php(419): CodeIgniter\CodeIgniter->runController(Object(App\Controllers\pedidos\Mesas))
#3 C:\xampp\htdocs\dfpyme\system\CodeIgniter.php(326): CodeIgniter\CodeIgniter->handleRequest(NULL, Object(Config\Cache), false)
#4 C:\xampp\htdocs\dfpyme\index.php(37): CodeIgniter\CodeIgniter->run()
#5 {main}
CRITICAL - 2023-09-29 15:19:31 --> Trying to access array offset on value of type null
#0 C:\xampp\htdocs\dfpyme\app\Controllers\pedidos\Mesas.php(715): CodeIgniter\Debug\Exceptions->errorHandler(2, 'Trying to acces...', 'C:\\xampp\\htdocs...', 715)
#1 C:\xampp\htdocs\dfpyme\system\CodeIgniter.php(832): App\Controllers\pedidos\Mesas->restar_producto()
#2 C:\xampp\htdocs\dfpyme\system\CodeIgniter.php(419): CodeIgniter\CodeIgniter->runController(Object(App\Controllers\pedidos\Mesas))
#3 C:\xampp\htdocs\dfpyme\system\CodeIgniter.php(326): CodeIgniter\CodeIgniter->handleRequest(NULL, Object(Config\Cache), false)
#4 C:\xampp\htdocs\dfpyme\index.php(37): CodeIgniter\CodeIgniter->run()
#5 {main}
CRITICAL - 2023-09-29 15:33:45 --> Trying to access array offset on value of type null
#0 C:\xampp\htdocs\dfpyme\app\Controllers\pedidos\Mesas.php(715): CodeIgniter\Debug\Exceptions->errorHandler(2, 'Trying to acces...', 'C:\\xampp\\htdocs...', 715)
#1 C:\xampp\htdocs\dfpyme\system\CodeIgniter.php(832): App\Controllers\pedidos\Mesas->restar_producto()
#2 C:\xampp\htdocs\dfpyme\system\CodeIgniter.php(419): CodeIgniter\CodeIgniter->runController(Object(App\Controllers\pedidos\Mesas))
#3 C:\xampp\htdocs\dfpyme\system\CodeIgniter.php(326): CodeIgniter\CodeIgniter->handleRequest(NULL, Object(Config\Cache), false)
#4 C:\xampp\htdocs\dfpyme\index.php(37): CodeIgniter\CodeIgniter->run()
#5 {main}
CRITICAL - 2023-09-29 15:33:47 --> Trying to access array offset on value of type null
#0 C:\xampp\htdocs\dfpyme\app\Controllers\pedidos\Mesas.php(715): CodeIgniter\Debug\Exceptions->errorHandler(2, 'Trying to acces...', 'C:\\xampp\\htdocs...', 715)
#1 C:\xampp\htdocs\dfpyme\system\CodeIgniter.php(832): App\Controllers\pedidos\Mesas->restar_producto()
#2 C:\xampp\htdocs\dfpyme\system\CodeIgniter.php(419): CodeIgniter\CodeIgniter->runController(Object(App\Controllers\pedidos\Mesas))
#3 C:\xampp\htdocs\dfpyme\system\CodeIgniter.php(326): CodeIgniter\CodeIgniter->handleRequest(NULL, Object(Config\Cache), false)
#4 C:\xampp\htdocs\dfpyme\index.php(37): CodeIgniter\CodeIgniter->run()
#5 {main}
CRITICAL - 2023-09-29 17:34:42 --> Trying to access array offset on value of type null
#0 C:\xampp\htdocs\dfpyme\app\Controllers\pedidos\Mesas.php(324): CodeIgniter\Debug\Exceptions->errorHandler(2, 'Trying to acces...', 'C:\\xampp\\htdocs...', 324)
#1 C:\xampp\htdocs\dfpyme\system\CodeIgniter.php(832): App\Controllers\pedidos\Mesas->pedido()
#2 C:\xampp\htdocs\dfpyme\system\CodeIgniter.php(419): CodeIgniter\CodeIgniter->runController(Object(App\Controllers\pedidos\Mesas))
#3 C:\xampp\htdocs\dfpyme\system\CodeIgniter.php(326): CodeIgniter\CodeIgniter->handleRequest(NULL, Object(Config\Cache), false)
#4 C:\xampp\htdocs\dfpyme\index.php(37): CodeIgniter\CodeIgniter->run()
#5 {main}
CRITICAL - 2023-09-29 17:35:08 --> copy(\\Danvichi\COCINA): Failed to open stream: No such file or directory
#0 [internal function]: CodeIgniter\Debug\Exceptions->errorHandler(2, 'copy(\\\\Danvichi...', 'C:\\xampp\\htdocs...', 372)
#1 C:\xampp\htdocs\dfpyme\app\Controllers\mike42\src\Mike42\Escpos\PrintConnectors\WindowsPrintConnector.php(372): copy('C:\\Users\\Admin\\...', '\\\\Danvichi\\COCI...')
#2 C:\xampp\htdocs\dfpyme\app\Controllers\mike42\src\Mike42\Escpos\PrintConnectors\WindowsPrintConnector.php(290): Mike42\Escpos\PrintConnectors\WindowsPrintConnector->runCopy('C:\\Users\\Admin\\...', '\\\\Danvichi\\COCI...')
#3 C:\xampp\htdocs\dfpyme\app\Controllers\mike42\src\Mike42\Escpos\PrintConnectors\WindowsPrintConnector.php(173): Mike42\Escpos\PrintConnectors\WindowsPrintConnector->finalizeWin('\e@\ea\x01\x1D!\x00** FACT...')
#4 C:\xampp\htdocs\dfpyme\app\Controllers\mike42\src\Mike42\Escpos\Printer.php(503): Mike42\Escpos\PrintConnectors\WindowsPrintConnector->finalize()
#5 C:\xampp\htdocs\dfpyme\app\Controllers\pedidos\Imprimir.php(212): Mike42\Escpos\Printer->close()
#6 C:\xampp\htdocs\dfpyme\app\Controllers\pedidos\Imprimir.php(52): App\Controllers\pedidos\Imprimir->generar_comanda(Array, '489', 'MESA 1')
#7 C:\xampp\htdocs\dfpyme\system\CodeIgniter.php(832): App\Controllers\pedidos\Imprimir->imprimirComanda()
#8 C:\xampp\htdocs\dfpyme\system\CodeIgniter.php(419): CodeIgniter\CodeIgniter->runController(Object(App\Controllers\pedidos\Imprimir))
#9 C:\xampp\htdocs\dfpyme\system\CodeIgniter.php(326): CodeIgniter\CodeIgniter->handleRequest(NULL, Object(Config\Cache), false)
#10 C:\xampp\htdocs\dfpyme\index.php(37): CodeIgniter\CodeIgniter->run()
#11 {main}
CRITICAL - 2023-09-29 18:36:52 --> Trying to access array offset on value of type null
#0 C:\xampp\htdocs\dfpyme\app\Controllers\pedidos\Mesas.php(324): CodeIgniter\Debug\Exceptions->errorHandler(2, 'Trying to acces...', 'C:\\xampp\\htdocs...', 324)
#1 C:\xampp\htdocs\dfpyme\system\CodeIgniter.php(832): App\Controllers\pedidos\Mesas->pedido()
#2 C:\xampp\htdocs\dfpyme\system\CodeIgniter.php(419): CodeIgniter\CodeIgniter->runController(Object(App\Controllers\pedidos\Mesas))
#3 C:\xampp\htdocs\dfpyme\system\CodeIgniter.php(326): CodeIgniter\CodeIgniter->handleRequest(NULL, Object(Config\Cache), false)
#4 C:\xampp\htdocs\dfpyme\index.php(37): CodeIgniter\CodeIgniter->run()
#5 {main}
CRITICAL - 2023-09-29 18:37:05 --> Trying to access array offset on value of type null
#0 C:\xampp\htdocs\dfpyme\app\Controllers\pedidos\Mesas.php(324): CodeIgniter\Debug\Exceptions->errorHandler(2, 'Trying to acces...', 'C:\\xampp\\htdocs...', 324)
#1 C:\xampp\htdocs\dfpyme\system\CodeIgniter.php(832): App\Controllers\pedidos\Mesas->pedido()
#2 C:\xampp\htdocs\dfpyme\system\CodeIgniter.php(419): CodeIgniter\CodeIgniter->runController(Object(App\Controllers\pedidos\Mesas))
#3 C:\xampp\htdocs\dfpyme\system\CodeIgniter.php(326): CodeIgniter\CodeIgniter->handleRequest(NULL, Object(Config\Cache), false)
#4 C:\xampp\htdocs\dfpyme\index.php(37): CodeIgniter\CodeIgniter->run()
#5 {main}
CRITICAL - 2023-09-29 18:37:58 --> Trying to access array offset on value of type null
#0 C:\xampp\htdocs\dfpyme\app\Controllers\pedidos\Mesas.php(324): CodeIgniter\Debug\Exceptions->errorHandler(2, 'Trying to acces...', 'C:\\xampp\\htdocs...', 324)
#1 C:\xampp\htdocs\dfpyme\system\CodeIgniter.php(832): App\Controllers\pedidos\Mesas->pedido()
#2 C:\xampp\htdocs\dfpyme\system\CodeIgniter.php(419): CodeIgniter\CodeIgniter->runController(Object(App\Controllers\pedidos\Mesas))
#3 C:\xampp\htdocs\dfpyme\system\CodeIgniter.php(326): CodeIgniter\CodeIgniter->handleRequest(NULL, Object(Config\Cache), false)
#4 C:\xampp\htdocs\dfpyme\index.php(37): CodeIgniter\CodeIgniter->run()
#5 {main}
CRITICAL - 2023-09-29 18:38:18 --> Trying to access array offset on value of type null
#0 C:\xampp\htdocs\dfpyme\app\Controllers\pedidos\Mesas.php(324): CodeIgniter\Debug\Exceptions->errorHandler(2, 'Trying to acces...', 'C:\\xampp\\htdocs...', 324)
#1 C:\xampp\htdocs\dfpyme\system\CodeIgniter.php(832): App\Controllers\pedidos\Mesas->pedido()
#2 C:\xampp\htdocs\dfpyme\system\CodeIgniter.php(419): CodeIgniter\CodeIgniter->runController(Object(App\Controllers\pedidos\Mesas))
#3 C:\xampp\htdocs\dfpyme\system\CodeIgniter.php(326): CodeIgniter\CodeIgniter->handleRequest(NULL, Object(Config\Cache), false)
#4 C:\xampp\htdocs\dfpyme\index.php(37): CodeIgniter\CodeIgniter->run()
#5 {main}
CRITICAL - 2023-09-29 18:41:55 --> Trying to access array offset on value of type null
#0 C:\xampp\htdocs\dfpyme\app\Controllers\pedidos\Mesas.php(326): CodeIgniter\Debug\Exceptions->errorHandler(2, 'Trying to acces...', 'C:\\xampp\\htdocs...', 326)
#1 C:\xampp\htdocs\dfpyme\system\CodeIgniter.php(832): App\Controllers\pedidos\Mesas->pedido()
#2 C:\xampp\htdocs\dfpyme\system\CodeIgniter.php(419): CodeIgniter\CodeIgniter->runController(Object(App\Controllers\pedidos\Mesas))
#3 C:\xampp\htdocs\dfpyme\system\CodeIgniter.php(326): CodeIgniter\CodeIgniter->handleRequest(NULL, Object(Config\Cache), false)
#4 C:\xampp\htdocs\dfpyme\index.php(37): CodeIgniter\CodeIgniter->run()
#5 {main}
CRITICAL - 2023-09-29 18:43:03 --> Trying to access array offset on value of type null
#0 C:\xampp\htdocs\dfpyme\app\Controllers\pedidos\Mesas.php(329): CodeIgniter\Debug\Exceptions->errorHandler(2, 'Trying to acces...', 'C:\\xampp\\htdocs...', 329)
#1 C:\xampp\htdocs\dfpyme\system\CodeIgniter.php(832): App\Controllers\pedidos\Mesas->pedido()
#2 C:\xampp\htdocs\dfpyme\system\CodeIgniter.php(419): CodeIgniter\CodeIgniter->runController(Object(App\Controllers\pedidos\Mesas))
#3 C:\xampp\htdocs\dfpyme\system\CodeIgniter.php(326): CodeIgniter\CodeIgniter->handleRequest(NULL, Object(Config\Cache), false)
#4 C:\xampp\htdocs\dfpyme\index.php(37): CodeIgniter\CodeIgniter->run()
#5 {main}
CRITICAL - 2023-09-29 18:43:30 --> Trying to access array offset on value of type null
#0 C:\xampp\htdocs\dfpyme\app\Controllers\pedidos\Mesas.php(315): CodeIgniter\Debug\Exceptions->errorHandler(2, 'Trying to acces...', 'C:\\xampp\\htdocs...', 315)
#1 C:\xampp\htdocs\dfpyme\system\CodeIgniter.php(832): App\Controllers\pedidos\Mesas->pedido()
#2 C:\xampp\htdocs\dfpyme\system\CodeIgniter.php(419): CodeIgniter\CodeIgniter->runController(Object(App\Controllers\pedidos\Mesas))
#3 C:\xampp\htdocs\dfpyme\system\CodeIgniter.php(326): CodeIgniter\CodeIgniter->handleRequest(NULL, Object(Config\Cache), false)
#4 C:\xampp\htdocs\dfpyme\index.php(37): CodeIgniter\CodeIgniter->run()
#5 {main}
CRITICAL - 2023-09-29 18:44:18 --> Trying to access array offset on value of type null
#0 C:\xampp\htdocs\dfpyme\app\Controllers\pedidos\Mesas.php(316): CodeIgniter\Debug\Exceptions->errorHandler(2, 'Trying to acces...', 'C:\\xampp\\htdocs...', 316)
#1 C:\xampp\htdocs\dfpyme\system\CodeIgniter.php(832): App\Controllers\pedidos\Mesas->pedido()
#2 C:\xampp\htdocs\dfpyme\system\CodeIgniter.php(419): CodeIgniter\CodeIgniter->runController(Object(App\Controllers\pedidos\Mesas))
#3 C:\xampp\htdocs\dfpyme\system\CodeIgniter.php(326): CodeIgniter\CodeIgniter->handleRequest(NULL, Object(Config\Cache), false)
#4 C:\xampp\htdocs\dfpyme\index.php(37): CodeIgniter\CodeIgniter->run()
#5 {main}
ERROR - 2023-09-29 18:46:59 --> ErrorException: pg_query(): Query failed: ERROR:  no existe la columna fk_usuario
LINE 1: SELECT &quot;fk_usuario&quot;
               ^ in C:\xampp\htdocs\dfpyme\system\Database\Postgre\Connection.php:135
Stack trace:
#0 [internal function]: CodeIgniter\Debug\Exceptions->errorHandler(2, 'pg_query(): Que...', 'C:\\xampp\\htdocs...', 135)
#1 C:\xampp\htdocs\dfpyme\system\Database\Postgre\Connection.php(135): pg_query(Resource id #157, 'SELECT "fk_usua...')
#2 C:\xampp\htdocs\dfpyme\system\Database\BaseConnection.php(670): CodeIgniter\Database\Postgre\Connection->execute('SELECT "fk_usua...')
#3 C:\xampp\htdocs\dfpyme\system\Database\BaseConnection.php(598): CodeIgniter\Database\BaseConnection->simpleQuery('SELECT "fk_usua...')
#4 C:\xampp\htdocs\dfpyme\system\Database\BaseBuilder.php(1455): CodeIgniter\Database\BaseConnection->query('SELECT "fk_usua...', Array, false)
#5 C:\xampp\htdocs\dfpyme\system\Model.php(210): CodeIgniter\Database\BaseBuilder->get()
#6 C:\xampp\htdocs\dfpyme\system\BaseModel.php(622): CodeIgniter\Model->doFirst()
#7 C:\xampp\htdocs\dfpyme\app\Controllers\pedidos\Mesas.php(312): CodeIgniter\BaseModel->first()
#8 C:\xampp\htdocs\dfpyme\system\CodeIgniter.php(832): App\Controllers\pedidos\Mesas->pedido()
#9 C:\xampp\htdocs\dfpyme\system\CodeIgniter.php(419): CodeIgniter\CodeIgniter->runController(Object(App\Controllers\pedidos\Mesas))
#10 C:\xampp\htdocs\dfpyme\system\CodeIgniter.php(326): CodeIgniter\CodeIgniter->handleRequest(NULL, Object(Config\Cache), false)
#11 C:\xampp\htdocs\dfpyme\index.php(37): CodeIgniter\CodeIgniter->run()
#12 {main}
CRITICAL - 2023-09-29 18:46:59 --> pg_query(): Query failed: ERROR:  no existe la columna fk_usuario
LINE 1: SELECT &quot;fk_usuario&quot;
               ^
#0 [internal function]: CodeIgniter\Debug\Exceptions->errorHandler(2, 'pg_query(): Que...', 'C:\\xampp\\htdocs...', 135)
#1 C:\xampp\htdocs\dfpyme\system\Database\Postgre\Connection.php(135): pg_query(Resource id #157, 'SELECT "fk_usua...')
#2 C:\xampp\htdocs\dfpyme\system\Database\BaseConnection.php(670): CodeIgniter\Database\Postgre\Connection->execute('SELECT "fk_usua...')
#3 C:\xampp\htdocs\dfpyme\system\Database\BaseConnection.php(598): CodeIgniter\Database\BaseConnection->simpleQuery('SELECT "fk_usua...')
#4 C:\xampp\htdocs\dfpyme\system\Database\BaseBuilder.php(1455): CodeIgniter\Database\BaseConnection->query('SELECT "fk_usua...', Array, false)
#5 C:\xampp\htdocs\dfpyme\system\Model.php(210): CodeIgniter\Database\BaseBuilder->get()
#6 C:\xampp\htdocs\dfpyme\system\BaseModel.php(622): CodeIgniter\Model->doFirst()
#7 C:\xampp\htdocs\dfpyme\app\Controllers\pedidos\Mesas.php(312): CodeIgniter\BaseModel->first()
#8 C:\xampp\htdocs\dfpyme\system\CodeIgniter.php(832): App\Controllers\pedidos\Mesas->pedido()
#9 C:\xampp\htdocs\dfpyme\system\CodeIgniter.php(419): CodeIgniter\CodeIgniter->runController(Object(App\Controllers\pedidos\Mesas))
#10 C:\xampp\htdocs\dfpyme\system\CodeIgniter.php(326): CodeIgniter\CodeIgniter->handleRequest(NULL, Object(Config\Cache), false)
#11 C:\xampp\htdocs\dfpyme\index.php(37): CodeIgniter\CodeIgniter->run()
#12 {main}
ERROR - 2023-09-29 18:47:42 --> ErrorException: pg_query(): Query failed: ERROR:  no existe la columna fk_usuario
LINE 1: SELECT &quot;fk_usuario&quot;
               ^ in C:\xampp\htdocs\dfpyme\system\Database\Postgre\Connection.php:135
Stack trace:
#0 [internal function]: CodeIgniter\Debug\Exceptions->errorHandler(2, 'pg_query(): Que...', 'C:\\xampp\\htdocs...', 135)
#1 C:\xampp\htdocs\dfpyme\system\Database\Postgre\Connection.php(135): pg_query(Resource id #157, 'SELECT "fk_usua...')
#2 C:\xampp\htdocs\dfpyme\system\Database\BaseConnection.php(670): CodeIgniter\Database\Postgre\Connection->execute('SELECT "fk_usua...')
#3 C:\xampp\htdocs\dfpyme\system\Database\BaseConnection.php(598): CodeIgniter\Database\BaseConnection->simpleQuery('SELECT "fk_usua...')
#4 C:\xampp\htdocs\dfpyme\system\Database\BaseBuilder.php(1455): CodeIgniter\Database\BaseConnection->query('SELECT "fk_usua...', Array, false)
#5 C:\xampp\htdocs\dfpyme\system\Model.php(210): CodeIgniter\Database\BaseBuilder->get()
#6 C:\xampp\htdocs\dfpyme\system\BaseModel.php(622): CodeIgniter\Model->doFirst()
#7 C:\xampp\htdocs\dfpyme\app\Controllers\pedidos\Mesas.php(312): CodeIgniter\BaseModel->first()
#8 C:\xampp\htdocs\dfpyme\system\CodeIgniter.php(832): App\Controllers\pedidos\Mesas->pedido()
#9 C:\xampp\htdocs\dfpyme\system\CodeIgniter.php(419): CodeIgniter\CodeIgniter->runController(Object(App\Controllers\pedidos\Mesas))
#10 C:\xampp\htdocs\dfpyme\system\CodeIgniter.php(326): CodeIgniter\CodeIgniter->handleRequest(NULL, Object(Config\Cache), false)
#11 C:\xampp\htdocs\dfpyme\index.php(37): CodeIgniter\CodeIgniter->run()
#12 {main}
CRITICAL - 2023-09-29 18:47:42 --> pg_query(): Query failed: ERROR:  no existe la columna fk_usuario
LINE 1: SELECT &quot;fk_usuario&quot;
               ^
#0 [internal function]: CodeIgniter\Debug\Exceptions->errorHandler(2, 'pg_query(): Que...', 'C:\\xampp\\htdocs...', 135)
#1 C:\xampp\htdocs\dfpyme\system\Database\Postgre\Connection.php(135): pg_query(Resource id #157, 'SELECT "fk_usua...')
#2 C:\xampp\htdocs\dfpyme\system\Database\BaseConnection.php(670): CodeIgniter\Database\Postgre\Connection->execute('SELECT "fk_usua...')
#3 C:\xampp\htdocs\dfpyme\system\Database\BaseConnection.php(598): CodeIgniter\Database\BaseConnection->simpleQuery('SELECT "fk_usua...')
#4 C:\xampp\htdocs\dfpyme\system\Database\BaseBuilder.php(1455): CodeIgniter\Database\BaseConnection->query('SELECT "fk_usua...', Array, false)
#5 C:\xampp\htdocs\dfpyme\system\Model.php(210): CodeIgniter\Database\BaseBuilder->get()
#6 C:\xampp\htdocs\dfpyme\system\BaseModel.php(622): CodeIgniter\Model->doFirst()
#7 C:\xampp\htdocs\dfpyme\app\Controllers\pedidos\Mesas.php(312): CodeIgniter\BaseModel->first()
#8 C:\xampp\htdocs\dfpyme\system\CodeIgniter.php(832): App\Controllers\pedidos\Mesas->pedido()
#9 C:\xampp\htdocs\dfpyme\system\CodeIgniter.php(419): CodeIgniter\CodeIgniter->runController(Object(App\Controllers\pedidos\Mesas))
#10 C:\xampp\htdocs\dfpyme\system\CodeIgniter.php(326): CodeIgniter\CodeIgniter->handleRequest(NULL, Object(Config\Cache), false)
#11 C:\xampp\htdocs\dfpyme\index.php(37): CodeIgniter\CodeIgniter->run()
#12 {main}
