ERROR - 2024-03-18 15:06:45 --> ErrorException: pg_query(): Query failed: ERROR:  llave duplicada viola restricción de unicidad «pk_impresora»
DETAIL:  Ya existe la llave (id)=(3). in C:\xampp\htdocs\dfpyme\system\Database\Postgre\Connection.php:135
Stack trace:
#0 [internal function]: CodeIgniter\Debug\Exceptions->errorHandler(2, 'pg_query(): Que...', 'C:\\xampp\\htdocs...', 135)
#1 C:\xampp\htdocs\dfpyme\system\Database\Postgre\Connection.php(135): pg_query(Resource id #160, 'INSERT INTO "im...')
#2 C:\xampp\htdocs\dfpyme\system\Database\BaseConnection.php(670): CodeIgniter\Database\Postgre\Connection->execute('INSERT INTO "im...')
#3 C:\xampp\htdocs\dfpyme\system\Database\BaseConnection.php(598): CodeIgniter\Database\BaseConnection->simpleQuery('INSERT INTO "im...')
#4 C:\xampp\htdocs\dfpyme\system\Database\BaseBuilder.php(1771): CodeIgniter\Database\BaseConnection->query('INSERT INTO "im...', Array, false)
#5 C:\xampp\htdocs\dfpyme\system\Model.php(239): CodeIgniter\Database\BaseBuilder->insert()
#6 C:\xampp\htdocs\dfpyme\system\BaseModel.php(738): CodeIgniter\Model->doInsert(Array)
#7 C:\xampp\htdocs\dfpyme\system\Model.php(625): CodeIgniter\BaseModel->insert(Array, true)
#8 C:\xampp\htdocs\dfpyme\app\Controllers\impresora\impresoraController.php(39): CodeIgniter\Model->insert(Array)
#9 C:\xampp\htdocs\dfpyme\system\CodeIgniter.php(832): App\Controllers\impresora\impresoraController->salvar()
#10 C:\xampp\htdocs\dfpyme\system\CodeIgniter.php(419): CodeIgniter\CodeIgniter->runController(Object(App\Controllers\impresora\impresoraController))
#11 C:\xampp\htdocs\dfpyme\system\CodeIgniter.php(326): CodeIgniter\CodeIgniter->handleRequest(NULL, Object(Config\Cache), false)
#12 C:\xampp\htdocs\dfpyme\index.php(37): CodeIgniter\CodeIgniter->run()
#13 {main}
CRITICAL - 2024-03-18 15:06:45 --> pg_query(): Query failed: ERROR:  llave duplicada viola restricción de unicidad «pk_impresora»
DETAIL:  Ya existe la llave (id)=(3).
#0 [internal function]: CodeIgniter\Debug\Exceptions->errorHandler(2, 'pg_query(): Que...', 'C:\\xampp\\htdocs...', 135)
#1 C:\xampp\htdocs\dfpyme\system\Database\Postgre\Connection.php(135): pg_query(Resource id #160, 'INSERT INTO "im...')
#2 C:\xampp\htdocs\dfpyme\system\Database\BaseConnection.php(670): CodeIgniter\Database\Postgre\Connection->execute('INSERT INTO "im...')
#3 C:\xampp\htdocs\dfpyme\system\Database\BaseConnection.php(598): CodeIgniter\Database\BaseConnection->simpleQuery('INSERT INTO "im...')
#4 C:\xampp\htdocs\dfpyme\system\Database\BaseBuilder.php(1771): CodeIgniter\Database\BaseConnection->query('INSERT INTO "im...', Array, false)
#5 C:\xampp\htdocs\dfpyme\system\Model.php(239): CodeIgniter\Database\BaseBuilder->insert()
#6 C:\xampp\htdocs\dfpyme\system\BaseModel.php(738): CodeIgniter\Model->doInsert(Array)
#7 C:\xampp\htdocs\dfpyme\system\Model.php(625): CodeIgniter\BaseModel->insert(Array, true)
#8 C:\xampp\htdocs\dfpyme\app\Controllers\impresora\impresoraController.php(39): CodeIgniter\Model->insert(Array)
#9 C:\xampp\htdocs\dfpyme\system\CodeIgniter.php(832): App\Controllers\impresora\impresoraController->salvar()
#10 C:\xampp\htdocs\dfpyme\system\CodeIgniter.php(419): CodeIgniter\CodeIgniter->runController(Object(App\Controllers\impresora\impresoraController))
#11 C:\xampp\htdocs\dfpyme\system\CodeIgniter.php(326): CodeIgniter\CodeIgniter->handleRequest(NULL, Object(Config\Cache), false)
#12 C:\xampp\htdocs\dfpyme\index.php(37): CodeIgniter\CodeIgniter->run()
#13 {main}
CRITICAL - 2024-03-18 15:21:41 --> Trying to access array offset on value of type null
#0 C:\xampp\htdocs\dfpyme\app\Views\pedidos\productos_subcategoria.php(28): CodeIgniter\Debug\Exceptions->errorHandler(2, 'Trying to acces...', 'C:\\xampp\\htdocs...', 28)
#1 C:\xampp\htdocs\dfpyme\system\View\View.php(210): include('C:\\xampp\\htdocs...')
#2 C:\xampp\htdocs\dfpyme\system\View\View.php(213): CodeIgniter\View\View->CodeIgniter\View\{closure}()
#3 C:\xampp\htdocs\dfpyme\system\Common.php(1089): CodeIgniter\View\View->render('pedidos/product...', Array, true)
#4 C:\xampp\htdocs\dfpyme\app\Controllers\pedidos\Mesas.php(85): view('pedidos/product...', Array)
#5 C:\xampp\htdocs\dfpyme\system\CodeIgniter.php(832): App\Controllers\pedidos\Mesas->productos_categoria()
#6 C:\xampp\htdocs\dfpyme\system\CodeIgniter.php(419): CodeIgniter\CodeIgniter->runController(Object(App\Controllers\pedidos\Mesas))
#7 C:\xampp\htdocs\dfpyme\system\CodeIgniter.php(326): CodeIgniter\CodeIgniter->handleRequest(NULL, Object(Config\Cache), false)
#8 C:\xampp\htdocs\dfpyme\index.php(37): CodeIgniter\CodeIgniter->run()
#9 {main}
CRITICAL - 2024-03-18 15:21:42 --> Trying to access array offset on value of type null
#0 C:\xampp\htdocs\dfpyme\app\Views\pedidos\productos_subcategoria.php(28): CodeIgniter\Debug\Exceptions->errorHandler(2, 'Trying to acces...', 'C:\\xampp\\htdocs...', 28)
#1 C:\xampp\htdocs\dfpyme\system\View\View.php(210): include('C:\\xampp\\htdocs...')
#2 C:\xampp\htdocs\dfpyme\system\View\View.php(213): CodeIgniter\View\View->CodeIgniter\View\{closure}()
#3 C:\xampp\htdocs\dfpyme\system\Common.php(1089): CodeIgniter\View\View->render('pedidos/product...', Array, true)
#4 C:\xampp\htdocs\dfpyme\app\Controllers\pedidos\Mesas.php(85): view('pedidos/product...', Array)
#5 C:\xampp\htdocs\dfpyme\system\CodeIgniter.php(832): App\Controllers\pedidos\Mesas->productos_categoria()
#6 C:\xampp\htdocs\dfpyme\system\CodeIgniter.php(419): CodeIgniter\CodeIgniter->runController(Object(App\Controllers\pedidos\Mesas))
#7 C:\xampp\htdocs\dfpyme\system\CodeIgniter.php(326): CodeIgniter\CodeIgniter->handleRequest(NULL, Object(Config\Cache), false)
#8 C:\xampp\htdocs\dfpyme\index.php(37): CodeIgniter\CodeIgniter->run()
#9 {main}
CRITICAL - 2024-03-18 15:21:43 --> Trying to access array offset on value of type null
#0 C:\xampp\htdocs\dfpyme\app\Views\pedidos\productos_subcategoria.php(28): CodeIgniter\Debug\Exceptions->errorHandler(2, 'Trying to acces...', 'C:\\xampp\\htdocs...', 28)
#1 C:\xampp\htdocs\dfpyme\system\View\View.php(210): include('C:\\xampp\\htdocs...')
#2 C:\xampp\htdocs\dfpyme\system\View\View.php(213): CodeIgniter\View\View->CodeIgniter\View\{closure}()
#3 C:\xampp\htdocs\dfpyme\system\Common.php(1089): CodeIgniter\View\View->render('pedidos/product...', Array, true)
#4 C:\xampp\htdocs\dfpyme\app\Controllers\pedidos\Mesas.php(85): view('pedidos/product...', Array)
#5 C:\xampp\htdocs\dfpyme\system\CodeIgniter.php(832): App\Controllers\pedidos\Mesas->productos_categoria()
#6 C:\xampp\htdocs\dfpyme\system\CodeIgniter.php(419): CodeIgniter\CodeIgniter->runController(Object(App\Controllers\pedidos\Mesas))
#7 C:\xampp\htdocs\dfpyme\system\CodeIgniter.php(326): CodeIgniter\CodeIgniter->handleRequest(NULL, Object(Config\Cache), false)
#8 C:\xampp\htdocs\dfpyme\index.php(37): CodeIgniter\CodeIgniter->run()
#9 {main}
ERROR - 2024-03-18 15:51:06 --> ErrorException: pg_query(): Query failed: ERROR:  llave duplicada viola restricción de unicidad «idmarca»
DETAIL:  Ya existe la llave (idmarca)=(1). in C:\xampp\htdocs\dfpyme\system\Database\Postgre\Connection.php:135
Stack trace:
#0 [internal function]: CodeIgniter\Debug\Exceptions->errorHandler(2, 'pg_query(): Que...', 'C:\\xampp\\htdocs...', 135)
#1 C:\xampp\htdocs\dfpyme\system\Database\Postgre\Connection.php(135): pg_query(Resource id #157, 'INSERT INTO "ma...')
#2 C:\xampp\htdocs\dfpyme\system\Database\BaseConnection.php(670): CodeIgniter\Database\Postgre\Connection->execute('INSERT INTO "ma...')
#3 C:\xampp\htdocs\dfpyme\system\Database\BaseConnection.php(598): CodeIgniter\Database\BaseConnection->simpleQuery('INSERT INTO "ma...')
#4 C:\xampp\htdocs\dfpyme\system\Database\BaseBuilder.php(1771): CodeIgniter\Database\BaseConnection->query('INSERT INTO "ma...', Array, false)
#5 C:\xampp\htdocs\dfpyme\system\Model.php(239): CodeIgniter\Database\BaseBuilder->insert()
#6 C:\xampp\htdocs\dfpyme\system\BaseModel.php(738): CodeIgniter\Model->doInsert(Array)
#7 C:\xampp\htdocs\dfpyme\system\Model.php(625): CodeIgniter\BaseModel->insert(Array, true)
#8 C:\xampp\htdocs\dfpyme\app\Controllers\categoria\categoriaController.php(222): CodeIgniter\Model->insert(Array)
#9 C:\xampp\htdocs\dfpyme\system\CodeIgniter.php(832): App\Controllers\categoria\categoriaController->crear_marcas()
#10 C:\xampp\htdocs\dfpyme\system\CodeIgniter.php(419): CodeIgniter\CodeIgniter->runController(Object(App\Controllers\categoria\categoriaController))
#11 C:\xampp\htdocs\dfpyme\system\CodeIgniter.php(326): CodeIgniter\CodeIgniter->handleRequest(NULL, Object(Config\Cache), false)
#12 C:\xampp\htdocs\dfpyme\index.php(37): CodeIgniter\CodeIgniter->run()
#13 {main}
CRITICAL - 2024-03-18 15:51:06 --> pg_query(): Query failed: ERROR:  llave duplicada viola restricción de unicidad «idmarca»
DETAIL:  Ya existe la llave (idmarca)=(1).
#0 [internal function]: CodeIgniter\Debug\Exceptions->errorHandler(2, 'pg_query(): Que...', 'C:\\xampp\\htdocs...', 135)
#1 C:\xampp\htdocs\dfpyme\system\Database\Postgre\Connection.php(135): pg_query(Resource id #157, 'INSERT INTO "ma...')
#2 C:\xampp\htdocs\dfpyme\system\Database\BaseConnection.php(670): CodeIgniter\Database\Postgre\Connection->execute('INSERT INTO "ma...')
#3 C:\xampp\htdocs\dfpyme\system\Database\BaseConnection.php(598): CodeIgniter\Database\BaseConnection->simpleQuery('INSERT INTO "ma...')
#4 C:\xampp\htdocs\dfpyme\system\Database\BaseBuilder.php(1771): CodeIgniter\Database\BaseConnection->query('INSERT INTO "ma...', Array, false)
#5 C:\xampp\htdocs\dfpyme\system\Model.php(239): CodeIgniter\Database\BaseBuilder->insert()
#6 C:\xampp\htdocs\dfpyme\system\BaseModel.php(738): CodeIgniter\Model->doInsert(Array)
#7 C:\xampp\htdocs\dfpyme\system\Model.php(625): CodeIgniter\BaseModel->insert(Array, true)
#8 C:\xampp\htdocs\dfpyme\app\Controllers\categoria\categoriaController.php(222): CodeIgniter\Model->insert(Array)
#9 C:\xampp\htdocs\dfpyme\system\CodeIgniter.php(832): App\Controllers\categoria\categoriaController->crear_marcas()
#10 C:\xampp\htdocs\dfpyme\system\CodeIgniter.php(419): CodeIgniter\CodeIgniter->runController(Object(App\Controllers\categoria\categoriaController))
#11 C:\xampp\htdocs\dfpyme\system\CodeIgniter.php(326): CodeIgniter\CodeIgniter->handleRequest(NULL, Object(Config\Cache), false)
#12 C:\xampp\htdocs\dfpyme\index.php(37): CodeIgniter\CodeIgniter->run()
#13 {main}
CRITICAL - 2024-03-18 15:51:06 --> Uncaught CodeIgniter\Format\Exceptions\FormatException: Failed to parse json string, error: "Type is not supported". in C:\xampp\htdocs\dfpyme\system\Format\JSONFormatter.php:41
Stack trace:
#0 C:\xampp\htdocs\dfpyme\system\Format\JSONFormatter.php(41): CodeIgniter\Format\Exceptions\FormatException::forInvalidJSON('Type is not sup...')
#1 C:\xampp\htdocs\dfpyme\system\API\ResponseTrait.php(341): CodeIgniter\Format\JSONFormatter->format(Array)
#2 C:\xampp\htdocs\dfpyme\system\API\ResponseTrait.php(99): CodeIgniter\Debug\Exceptions->format(Array)
#3 C:\xampp\htdocs\dfpyme\system\Debug\Exceptions.php(115): CodeIgniter\Debug\Exceptions->respond(Array, 500)
#4 [internal function]: CodeIgniter\Debug\Exceptions->exceptionHandler(Object(ErrorException))
#5 {main}
  thrown
#0 [internal function]: CodeIgniter\Debug\Exceptions->shutdownHandler()
#1 {main}
CRITICAL - 2024-03-18 15:51:10 --> Undefined array key "id_producto"
#0 C:\xampp\htdocs\dfpyme\app\Controllers\producto\productoController.php(560): CodeIgniter\Debug\Exceptions->errorHandler(2, 'Undefined array...', 'C:\\xampp\\htdocs...', 560)
#1 C:\xampp\htdocs\dfpyme\system\CodeIgniter.php(832): App\Controllers\producto\productoController->agregar_productos_x_categoria()
#2 C:\xampp\htdocs\dfpyme\system\CodeIgniter.php(419): CodeIgniter\CodeIgniter->runController(Object(App\Controllers\producto\productoController))
#3 C:\xampp\htdocs\dfpyme\system\CodeIgniter.php(326): CodeIgniter\CodeIgniter->handleRequest(NULL, Object(Config\Cache), false)
#4 C:\xampp\htdocs\dfpyme\index.php(37): CodeIgniter\CodeIgniter->run()
#5 {main}
CRITICAL - 2024-03-18 15:51:43 --> Undefined array key "id_producto"
#0 C:\xampp\htdocs\dfpyme\app\Controllers\producto\productoController.php(560): CodeIgniter\Debug\Exceptions->errorHandler(2, 'Undefined array...', 'C:\\xampp\\htdocs...', 560)
#1 C:\xampp\htdocs\dfpyme\system\CodeIgniter.php(832): App\Controllers\producto\productoController->agregar_productos_x_categoria()
#2 C:\xampp\htdocs\dfpyme\system\CodeIgniter.php(419): CodeIgniter\CodeIgniter->runController(Object(App\Controllers\producto\productoController))
#3 C:\xampp\htdocs\dfpyme\system\CodeIgniter.php(326): CodeIgniter\CodeIgniter->handleRequest(NULL, Object(Config\Cache), false)
#4 C:\xampp\htdocs\dfpyme\index.php(37): CodeIgniter\CodeIgniter->run()
#5 {main}
ERROR - 2024-03-18 15:54:41 --> ErrorException: pg_query(): Query failed: ERROR:  el valor null para la columna «id_ico_producto» viola la restricción not null
DETAIL:  La fila que falla contiene (2, , , CLUB COLOMBIA , , 6, 1, 1, 2000, f, 1, 1, 0, 0, t, f, f, f, 1000, 100, 0, 1, 0, 0, , , , , , , 0, 0, t, 1, null, t, f, f, 2, 999, null, 0, 17). in C:\xampp\htdocs\dfpyme\system\Database\Postgre\Connection.php:135
Stack trace:
#0 [internal function]: CodeIgniter\Debug\Exceptions->errorHandler(2, 'pg_query(): Que...', 'C:\\xampp\\htdocs...', 135)
#1 C:\xampp\htdocs\dfpyme\system\Database\Postgre\Connection.php(135): pg_query(Resource id #156, 'INSERT INTO "pr...')
#2 C:\xampp\htdocs\dfpyme\system\Database\BaseConnection.php(670): CodeIgniter\Database\Postgre\Connection->execute('INSERT INTO "pr...')
#3 C:\xampp\htdocs\dfpyme\system\Database\BaseConnection.php(598): CodeIgniter\Database\BaseConnection->simpleQuery('INSERT INTO "pr...')
#4 C:\xampp\htdocs\dfpyme\system\Database\BaseBuilder.php(1771): CodeIgniter\Database\BaseConnection->query('INSERT INTO "pr...', Array, false)
#5 C:\xampp\htdocs\dfpyme\system\Model.php(239): CodeIgniter\Database\BaseBuilder->insert()
#6 C:\xampp\htdocs\dfpyme\system\BaseModel.php(738): CodeIgniter\Model->doInsert(Array)
#7 C:\xampp\htdocs\dfpyme\system\Model.php(625): CodeIgniter\BaseModel->insert(Array, true)
#8 C:\xampp\htdocs\dfpyme\app\Controllers\producto\operacionesProductoController.php(422): CodeIgniter\Model->insert(Array)
#9 C:\xampp\htdocs\dfpyme\system\CodeIgniter.php(832): App\Controllers\producto\operacionesProductoController->creacion_producto()
#10 C:\xampp\htdocs\dfpyme\system\CodeIgniter.php(419): CodeIgniter\CodeIgniter->runController(Object(App\Controllers\producto\operacionesProductoController))
#11 C:\xampp\htdocs\dfpyme\system\CodeIgniter.php(326): CodeIgniter\CodeIgniter->handleRequest(NULL, Object(Config\Cache), false)
#12 C:\xampp\htdocs\dfpyme\index.php(37): CodeIgniter\CodeIgniter->run()
#13 {main}
CRITICAL - 2024-03-18 15:54:41 --> pg_query(): Query failed: ERROR:  el valor null para la columna «id_ico_producto» viola la restricción not null
DETAIL:  La fila que falla contiene (2, , , CLUB COLOMBIA , , 6, 1, 1, 2000, f, 1, 1, 0, 0, t, f, f, f, 1000, 100, 0, 1, 0, 0, , , , , , , 0, 0, t, 1, null, t, f, f, 2, 999, null, 0, 17).
#0 [internal function]: CodeIgniter\Debug\Exceptions->errorHandler(2, 'pg_query(): Que...', 'C:\\xampp\\htdocs...', 135)
#1 C:\xampp\htdocs\dfpyme\system\Database\Postgre\Connection.php(135): pg_query(Resource id #156, 'INSERT INTO "pr...')
#2 C:\xampp\htdocs\dfpyme\system\Database\BaseConnection.php(670): CodeIgniter\Database\Postgre\Connection->execute('INSERT INTO "pr...')
#3 C:\xampp\htdocs\dfpyme\system\Database\BaseConnection.php(598): CodeIgniter\Database\BaseConnection->simpleQuery('INSERT INTO "pr...')
#4 C:\xampp\htdocs\dfpyme\system\Database\BaseBuilder.php(1771): CodeIgniter\Database\BaseConnection->query('INSERT INTO "pr...', Array, false)
#5 C:\xampp\htdocs\dfpyme\system\Model.php(239): CodeIgniter\Database\BaseBuilder->insert()
#6 C:\xampp\htdocs\dfpyme\system\BaseModel.php(738): CodeIgniter\Model->doInsert(Array)
#7 C:\xampp\htdocs\dfpyme\system\Model.php(625): CodeIgniter\BaseModel->insert(Array, true)
#8 C:\xampp\htdocs\dfpyme\app\Controllers\producto\operacionesProductoController.php(422): CodeIgniter\Model->insert(Array)
#9 C:\xampp\htdocs\dfpyme\system\CodeIgniter.php(832): App\Controllers\producto\operacionesProductoController->creacion_producto()
#10 C:\xampp\htdocs\dfpyme\system\CodeIgniter.php(419): CodeIgniter\CodeIgniter->runController(Object(App\Controllers\producto\operacionesProductoController))
#11 C:\xampp\htdocs\dfpyme\system\CodeIgniter.php(326): CodeIgniter\CodeIgniter->handleRequest(NULL, Object(Config\Cache), false)
#12 C:\xampp\htdocs\dfpyme\index.php(37): CodeIgniter\CodeIgniter->run()
#13 {main}
CRITICAL - 2024-03-18 15:54:41 --> Uncaught CodeIgniter\Format\Exceptions\FormatException: Failed to parse json string, error: "Type is not supported". in C:\xampp\htdocs\dfpyme\system\Format\JSONFormatter.php:41
Stack trace:
#0 C:\xampp\htdocs\dfpyme\system\Format\JSONFormatter.php(41): CodeIgniter\Format\Exceptions\FormatException::forInvalidJSON('Type is not sup...')
#1 C:\xampp\htdocs\dfpyme\system\API\ResponseTrait.php(341): CodeIgniter\Format\JSONFormatter->format(Array)
#2 C:\xampp\htdocs\dfpyme\system\API\ResponseTrait.php(99): CodeIgniter\Debug\Exceptions->format(Array)
#3 C:\xampp\htdocs\dfpyme\system\Debug\Exceptions.php(115): CodeIgniter\Debug\Exceptions->respond(Array, 500)
#4 [internal function]: CodeIgniter\Debug\Exceptions->exceptionHandler(Object(ErrorException))
#5 {main}
  thrown
#0 [internal function]: CodeIgniter\Debug\Exceptions->shutdownHandler()
#1 {main}
ERROR - 2024-03-18 15:54:43 --> ErrorException: pg_query(): Query failed: ERROR:  el valor null para la columna «id_ico_producto» viola la restricción not null
DETAIL:  La fila que falla contiene (2, , , CLUB COLOMBIA , , 6, 1, 1, 2000, f, 1, 1, 0, 0, t, f, f, f, 1000, 100, 0, 1, 0, 0, , , , , , , 0, 0, t, 1, null, t, f, f, 3, 999, null, 0, 17). in C:\xampp\htdocs\dfpyme\system\Database\Postgre\Connection.php:135
Stack trace:
#0 [internal function]: CodeIgniter\Debug\Exceptions->errorHandler(2, 'pg_query(): Que...', 'C:\\xampp\\htdocs...', 135)
#1 C:\xampp\htdocs\dfpyme\system\Database\Postgre\Connection.php(135): pg_query(Resource id #156, 'INSERT INTO "pr...')
#2 C:\xampp\htdocs\dfpyme\system\Database\BaseConnection.php(670): CodeIgniter\Database\Postgre\Connection->execute('INSERT INTO "pr...')
#3 C:\xampp\htdocs\dfpyme\system\Database\BaseConnection.php(598): CodeIgniter\Database\BaseConnection->simpleQuery('INSERT INTO "pr...')
#4 C:\xampp\htdocs\dfpyme\system\Database\BaseBuilder.php(1771): CodeIgniter\Database\BaseConnection->query('INSERT INTO "pr...', Array, false)
#5 C:\xampp\htdocs\dfpyme\system\Model.php(239): CodeIgniter\Database\BaseBuilder->insert()
#6 C:\xampp\htdocs\dfpyme\system\BaseModel.php(738): CodeIgniter\Model->doInsert(Array)
#7 C:\xampp\htdocs\dfpyme\system\Model.php(625): CodeIgniter\BaseModel->insert(Array, true)
#8 C:\xampp\htdocs\dfpyme\app\Controllers\producto\operacionesProductoController.php(422): CodeIgniter\Model->insert(Array)
#9 C:\xampp\htdocs\dfpyme\system\CodeIgniter.php(832): App\Controllers\producto\operacionesProductoController->creacion_producto()
#10 C:\xampp\htdocs\dfpyme\system\CodeIgniter.php(419): CodeIgniter\CodeIgniter->runController(Object(App\Controllers\producto\operacionesProductoController))
#11 C:\xampp\htdocs\dfpyme\system\CodeIgniter.php(326): CodeIgniter\CodeIgniter->handleRequest(NULL, Object(Config\Cache), false)
#12 C:\xampp\htdocs\dfpyme\index.php(37): CodeIgniter\CodeIgniter->run()
#13 {main}
CRITICAL - 2024-03-18 15:54:43 --> pg_query(): Query failed: ERROR:  el valor null para la columna «id_ico_producto» viola la restricción not null
DETAIL:  La fila que falla contiene (2, , , CLUB COLOMBIA , , 6, 1, 1, 2000, f, 1, 1, 0, 0, t, f, f, f, 1000, 100, 0, 1, 0, 0, , , , , , , 0, 0, t, 1, null, t, f, f, 3, 999, null, 0, 17).
#0 [internal function]: CodeIgniter\Debug\Exceptions->errorHandler(2, 'pg_query(): Que...', 'C:\\xampp\\htdocs...', 135)
#1 C:\xampp\htdocs\dfpyme\system\Database\Postgre\Connection.php(135): pg_query(Resource id #156, 'INSERT INTO "pr...')
#2 C:\xampp\htdocs\dfpyme\system\Database\BaseConnection.php(670): CodeIgniter\Database\Postgre\Connection->execute('INSERT INTO "pr...')
#3 C:\xampp\htdocs\dfpyme\system\Database\BaseConnection.php(598): CodeIgniter\Database\BaseConnection->simpleQuery('INSERT INTO "pr...')
#4 C:\xampp\htdocs\dfpyme\system\Database\BaseBuilder.php(1771): CodeIgniter\Database\BaseConnection->query('INSERT INTO "pr...', Array, false)
#5 C:\xampp\htdocs\dfpyme\system\Model.php(239): CodeIgniter\Database\BaseBuilder->insert()
#6 C:\xampp\htdocs\dfpyme\system\BaseModel.php(738): CodeIgniter\Model->doInsert(Array)
#7 C:\xampp\htdocs\dfpyme\system\Model.php(625): CodeIgniter\BaseModel->insert(Array, true)
#8 C:\xampp\htdocs\dfpyme\app\Controllers\producto\operacionesProductoController.php(422): CodeIgniter\Model->insert(Array)
#9 C:\xampp\htdocs\dfpyme\system\CodeIgniter.php(832): App\Controllers\producto\operacionesProductoController->creacion_producto()
#10 C:\xampp\htdocs\dfpyme\system\CodeIgniter.php(419): CodeIgniter\CodeIgniter->runController(Object(App\Controllers\producto\operacionesProductoController))
#11 C:\xampp\htdocs\dfpyme\system\CodeIgniter.php(326): CodeIgniter\CodeIgniter->handleRequest(NULL, Object(Config\Cache), false)
#12 C:\xampp\htdocs\dfpyme\index.php(37): CodeIgniter\CodeIgniter->run()
#13 {main}
CRITICAL - 2024-03-18 15:54:43 --> Uncaught CodeIgniter\Format\Exceptions\FormatException: Failed to parse json string, error: "Type is not supported". in C:\xampp\htdocs\dfpyme\system\Format\JSONFormatter.php:41
Stack trace:
#0 C:\xampp\htdocs\dfpyme\system\Format\JSONFormatter.php(41): CodeIgniter\Format\Exceptions\FormatException::forInvalidJSON('Type is not sup...')
#1 C:\xampp\htdocs\dfpyme\system\API\ResponseTrait.php(341): CodeIgniter\Format\JSONFormatter->format(Array)
#2 C:\xampp\htdocs\dfpyme\system\API\ResponseTrait.php(99): CodeIgniter\Debug\Exceptions->format(Array)
#3 C:\xampp\htdocs\dfpyme\system\Debug\Exceptions.php(115): CodeIgniter\Debug\Exceptions->respond(Array, 500)
#4 [internal function]: CodeIgniter\Debug\Exceptions->exceptionHandler(Object(ErrorException))
#5 {main}
  thrown
#0 [internal function]: CodeIgniter\Debug\Exceptions->shutdownHandler()
#1 {main}
ERROR - 2024-03-18 15:54:45 --> ErrorException: pg_query(): Query failed: ERROR:  el valor null para la columna «id_ico_producto» viola la restricción not null
DETAIL:  La fila que falla contiene (2, , , CLUB COLOMBIA , , 6, 1, 1, 2000, f, 1, 1, 0, 0, t, f, f, f, 1000, 100, 0, 1, 0, 0, , , , , , , 0, 0, t, 1, null, t, f, f, 4, 999, null, 0, 17). in C:\xampp\htdocs\dfpyme\system\Database\Postgre\Connection.php:135
Stack trace:
#0 [internal function]: CodeIgniter\Debug\Exceptions->errorHandler(2, 'pg_query(): Que...', 'C:\\xampp\\htdocs...', 135)
#1 C:\xampp\htdocs\dfpyme\system\Database\Postgre\Connection.php(135): pg_query(Resource id #156, 'INSERT INTO "pr...')
#2 C:\xampp\htdocs\dfpyme\system\Database\BaseConnection.php(670): CodeIgniter\Database\Postgre\Connection->execute('INSERT INTO "pr...')
#3 C:\xampp\htdocs\dfpyme\system\Database\BaseConnection.php(598): CodeIgniter\Database\BaseConnection->simpleQuery('INSERT INTO "pr...')
#4 C:\xampp\htdocs\dfpyme\system\Database\BaseBuilder.php(1771): CodeIgniter\Database\BaseConnection->query('INSERT INTO "pr...', Array, false)
#5 C:\xampp\htdocs\dfpyme\system\Model.php(239): CodeIgniter\Database\BaseBuilder->insert()
#6 C:\xampp\htdocs\dfpyme\system\BaseModel.php(738): CodeIgniter\Model->doInsert(Array)
#7 C:\xampp\htdocs\dfpyme\system\Model.php(625): CodeIgniter\BaseModel->insert(Array, true)
#8 C:\xampp\htdocs\dfpyme\app\Controllers\producto\operacionesProductoController.php(422): CodeIgniter\Model->insert(Array)
#9 C:\xampp\htdocs\dfpyme\system\CodeIgniter.php(832): App\Controllers\producto\operacionesProductoController->creacion_producto()
#10 C:\xampp\htdocs\dfpyme\system\CodeIgniter.php(419): CodeIgniter\CodeIgniter->runController(Object(App\Controllers\producto\operacionesProductoController))
#11 C:\xampp\htdocs\dfpyme\system\CodeIgniter.php(326): CodeIgniter\CodeIgniter->handleRequest(NULL, Object(Config\Cache), false)
#12 C:\xampp\htdocs\dfpyme\index.php(37): CodeIgniter\CodeIgniter->run()
#13 {main}
CRITICAL - 2024-03-18 15:54:45 --> pg_query(): Query failed: ERROR:  el valor null para la columna «id_ico_producto» viola la restricción not null
DETAIL:  La fila que falla contiene (2, , , CLUB COLOMBIA , , 6, 1, 1, 2000, f, 1, 1, 0, 0, t, f, f, f, 1000, 100, 0, 1, 0, 0, , , , , , , 0, 0, t, 1, null, t, f, f, 4, 999, null, 0, 17).
#0 [internal function]: CodeIgniter\Debug\Exceptions->errorHandler(2, 'pg_query(): Que...', 'C:\\xampp\\htdocs...', 135)
#1 C:\xampp\htdocs\dfpyme\system\Database\Postgre\Connection.php(135): pg_query(Resource id #156, 'INSERT INTO "pr...')
#2 C:\xampp\htdocs\dfpyme\system\Database\BaseConnection.php(670): CodeIgniter\Database\Postgre\Connection->execute('INSERT INTO "pr...')
#3 C:\xampp\htdocs\dfpyme\system\Database\BaseConnection.php(598): CodeIgniter\Database\BaseConnection->simpleQuery('INSERT INTO "pr...')
#4 C:\xampp\htdocs\dfpyme\system\Database\BaseBuilder.php(1771): CodeIgniter\Database\BaseConnection->query('INSERT INTO "pr...', Array, false)
#5 C:\xampp\htdocs\dfpyme\system\Model.php(239): CodeIgniter\Database\BaseBuilder->insert()
#6 C:\xampp\htdocs\dfpyme\system\BaseModel.php(738): CodeIgniter\Model->doInsert(Array)
#7 C:\xampp\htdocs\dfpyme\system\Model.php(625): CodeIgniter\BaseModel->insert(Array, true)
#8 C:\xampp\htdocs\dfpyme\app\Controllers\producto\operacionesProductoController.php(422): CodeIgniter\Model->insert(Array)
#9 C:\xampp\htdocs\dfpyme\system\CodeIgniter.php(832): App\Controllers\producto\operacionesProductoController->creacion_producto()
#10 C:\xampp\htdocs\dfpyme\system\CodeIgniter.php(419): CodeIgniter\CodeIgniter->runController(Object(App\Controllers\producto\operacionesProductoController))
#11 C:\xampp\htdocs\dfpyme\system\CodeIgniter.php(326): CodeIgniter\CodeIgniter->handleRequest(NULL, Object(Config\Cache), false)
#12 C:\xampp\htdocs\dfpyme\index.php(37): CodeIgniter\CodeIgniter->run()
#13 {main}
CRITICAL - 2024-03-18 15:54:45 --> Uncaught CodeIgniter\Format\Exceptions\FormatException: Failed to parse json string, error: "Type is not supported". in C:\xampp\htdocs\dfpyme\system\Format\JSONFormatter.php:41
Stack trace:
#0 C:\xampp\htdocs\dfpyme\system\Format\JSONFormatter.php(41): CodeIgniter\Format\Exceptions\FormatException::forInvalidJSON('Type is not sup...')
#1 C:\xampp\htdocs\dfpyme\system\API\ResponseTrait.php(341): CodeIgniter\Format\JSONFormatter->format(Array)
#2 C:\xampp\htdocs\dfpyme\system\API\ResponseTrait.php(99): CodeIgniter\Debug\Exceptions->format(Array)
#3 C:\xampp\htdocs\dfpyme\system\Debug\Exceptions.php(115): CodeIgniter\Debug\Exceptions->respond(Array, 500)
#4 [internal function]: CodeIgniter\Debug\Exceptions->exceptionHandler(Object(ErrorException))
#5 {main}
  thrown
#0 [internal function]: CodeIgniter\Debug\Exceptions->shutdownHandler()
#1 {main}
ERROR - 2024-03-18 15:54:51 --> ErrorException: pg_query(): Query failed: ERROR:  el valor null para la columna «id_ico_producto» viola la restricción not null
DETAIL:  La fila que falla contiene (2, , , CLUB COLOMBIA , , 6, 1, 1, 2000, f, 1, 1, 0, 0, t, f, f, f, 1000, 100, 0, 1, 0, 0, , , , , , , 0, 0, t, 1, null, t, f, f, 5, 999, null, 0, 17). in C:\xampp\htdocs\dfpyme\system\Database\Postgre\Connection.php:135
Stack trace:
#0 [internal function]: CodeIgniter\Debug\Exceptions->errorHandler(2, 'pg_query(): Que...', 'C:\\xampp\\htdocs...', 135)
#1 C:\xampp\htdocs\dfpyme\system\Database\Postgre\Connection.php(135): pg_query(Resource id #156, 'INSERT INTO "pr...')
#2 C:\xampp\htdocs\dfpyme\system\Database\BaseConnection.php(670): CodeIgniter\Database\Postgre\Connection->execute('INSERT INTO "pr...')
#3 C:\xampp\htdocs\dfpyme\system\Database\BaseConnection.php(598): CodeIgniter\Database\BaseConnection->simpleQuery('INSERT INTO "pr...')
#4 C:\xampp\htdocs\dfpyme\system\Database\BaseBuilder.php(1771): CodeIgniter\Database\BaseConnection->query('INSERT INTO "pr...', Array, false)
#5 C:\xampp\htdocs\dfpyme\system\Model.php(239): CodeIgniter\Database\BaseBuilder->insert()
#6 C:\xampp\htdocs\dfpyme\system\BaseModel.php(738): CodeIgniter\Model->doInsert(Array)
#7 C:\xampp\htdocs\dfpyme\system\Model.php(625): CodeIgniter\BaseModel->insert(Array, true)
#8 C:\xampp\htdocs\dfpyme\app\Controllers\producto\operacionesProductoController.php(422): CodeIgniter\Model->insert(Array)
#9 C:\xampp\htdocs\dfpyme\system\CodeIgniter.php(832): App\Controllers\producto\operacionesProductoController->creacion_producto()
#10 C:\xampp\htdocs\dfpyme\system\CodeIgniter.php(419): CodeIgniter\CodeIgniter->runController(Object(App\Controllers\producto\operacionesProductoController))
#11 C:\xampp\htdocs\dfpyme\system\CodeIgniter.php(326): CodeIgniter\CodeIgniter->handleRequest(NULL, Object(Config\Cache), false)
#12 C:\xampp\htdocs\dfpyme\index.php(37): CodeIgniter\CodeIgniter->run()
#13 {main}
CRITICAL - 2024-03-18 15:54:51 --> pg_query(): Query failed: ERROR:  el valor null para la columna «id_ico_producto» viola la restricción not null
DETAIL:  La fila que falla contiene (2, , , CLUB COLOMBIA , , 6, 1, 1, 2000, f, 1, 1, 0, 0, t, f, f, f, 1000, 100, 0, 1, 0, 0, , , , , , , 0, 0, t, 1, null, t, f, f, 5, 999, null, 0, 17).
#0 [internal function]: CodeIgniter\Debug\Exceptions->errorHandler(2, 'pg_query(): Que...', 'C:\\xampp\\htdocs...', 135)
#1 C:\xampp\htdocs\dfpyme\system\Database\Postgre\Connection.php(135): pg_query(Resource id #156, 'INSERT INTO "pr...')
#2 C:\xampp\htdocs\dfpyme\system\Database\BaseConnection.php(670): CodeIgniter\Database\Postgre\Connection->execute('INSERT INTO "pr...')
#3 C:\xampp\htdocs\dfpyme\system\Database\BaseConnection.php(598): CodeIgniter\Database\BaseConnection->simpleQuery('INSERT INTO "pr...')
#4 C:\xampp\htdocs\dfpyme\system\Database\BaseBuilder.php(1771): CodeIgniter\Database\BaseConnection->query('INSERT INTO "pr...', Array, false)
#5 C:\xampp\htdocs\dfpyme\system\Model.php(239): CodeIgniter\Database\BaseBuilder->insert()
#6 C:\xampp\htdocs\dfpyme\system\BaseModel.php(738): CodeIgniter\Model->doInsert(Array)
#7 C:\xampp\htdocs\dfpyme\system\Model.php(625): CodeIgniter\BaseModel->insert(Array, true)
#8 C:\xampp\htdocs\dfpyme\app\Controllers\producto\operacionesProductoController.php(422): CodeIgniter\Model->insert(Array)
#9 C:\xampp\htdocs\dfpyme\system\CodeIgniter.php(832): App\Controllers\producto\operacionesProductoController->creacion_producto()
#10 C:\xampp\htdocs\dfpyme\system\CodeIgniter.php(419): CodeIgniter\CodeIgniter->runController(Object(App\Controllers\producto\operacionesProductoController))
#11 C:\xampp\htdocs\dfpyme\system\CodeIgniter.php(326): CodeIgniter\CodeIgniter->handleRequest(NULL, Object(Config\Cache), false)
#12 C:\xampp\htdocs\dfpyme\index.php(37): CodeIgniter\CodeIgniter->run()
#13 {main}
CRITICAL - 2024-03-18 15:54:51 --> Uncaught CodeIgniter\Format\Exceptions\FormatException: Failed to parse json string, error: "Type is not supported". in C:\xampp\htdocs\dfpyme\system\Format\JSONFormatter.php:41
Stack trace:
#0 C:\xampp\htdocs\dfpyme\system\Format\JSONFormatter.php(41): CodeIgniter\Format\Exceptions\FormatException::forInvalidJSON('Type is not sup...')
#1 C:\xampp\htdocs\dfpyme\system\API\ResponseTrait.php(341): CodeIgniter\Format\JSONFormatter->format(Array)
#2 C:\xampp\htdocs\dfpyme\system\API\ResponseTrait.php(99): CodeIgniter\Debug\Exceptions->format(Array)
#3 C:\xampp\htdocs\dfpyme\system\Debug\Exceptions.php(115): CodeIgniter\Debug\Exceptions->respond(Array, 500)
#4 [internal function]: CodeIgniter\Debug\Exceptions->exceptionHandler(Object(ErrorException))
#5 {main}
  thrown
#0 [internal function]: CodeIgniter\Debug\Exceptions->shutdownHandler()
#1 {main}
ERROR - 2024-03-18 15:55:12 --> ErrorException: pg_query(): Query failed: ERROR:  llave duplicada viola restricción de unicidad «pk_producto_categoria»
DETAIL:  Ya existe la llave (id)=(1). in C:\xampp\htdocs\dfpyme\system\Database\Postgre\Connection.php:135
Stack trace:
#0 [internal function]: CodeIgniter\Debug\Exceptions->errorHandler(2, 'pg_query(): Que...', 'C:\\xampp\\htdocs...', 135)
#1 C:\xampp\htdocs\dfpyme\system\Database\Postgre\Connection.php(135): pg_query(Resource id #156, 'INSERT INTO "pr...')
#2 C:\xampp\htdocs\dfpyme\system\Database\BaseConnection.php(670): CodeIgniter\Database\Postgre\Connection->execute('INSERT INTO "pr...')
#3 C:\xampp\htdocs\dfpyme\system\Database\BaseConnection.php(598): CodeIgniter\Database\BaseConnection->simpleQuery('INSERT INTO "pr...')
#4 C:\xampp\htdocs\dfpyme\system\Database\BaseBuilder.php(1771): CodeIgniter\Database\BaseConnection->query('INSERT INTO "pr...', Array, false)
#5 C:\xampp\htdocs\dfpyme\system\Model.php(239): CodeIgniter\Database\BaseBuilder->insert()
#6 C:\xampp\htdocs\dfpyme\system\BaseModel.php(738): CodeIgniter\Model->doInsert(Array)
#7 C:\xampp\htdocs\dfpyme\system\Model.php(625): CodeIgniter\BaseModel->insert(Array, true)
#8 C:\xampp\htdocs\dfpyme\app\Controllers\producto\operacionesProductoController.php(553): CodeIgniter\Model->insert(Array)
#9 C:\xampp\htdocs\dfpyme\system\CodeIgniter.php(832): App\Controllers\producto\operacionesProductoController->creacion_producto()
#10 C:\xampp\htdocs\dfpyme\system\CodeIgniter.php(419): CodeIgniter\CodeIgniter->runController(Object(App\Controllers\producto\operacionesProductoController))
#11 C:\xampp\htdocs\dfpyme\system\CodeIgniter.php(326): CodeIgniter\CodeIgniter->handleRequest(NULL, Object(Config\Cache), false)
#12 C:\xampp\htdocs\dfpyme\index.php(37): CodeIgniter\CodeIgniter->run()
#13 {main}
CRITICAL - 2024-03-18 15:55:12 --> pg_query(): Query failed: ERROR:  llave duplicada viola restricción de unicidad «pk_producto_categoria»
DETAIL:  Ya existe la llave (id)=(1).
#0 [internal function]: CodeIgniter\Debug\Exceptions->errorHandler(2, 'pg_query(): Que...', 'C:\\xampp\\htdocs...', 135)
#1 C:\xampp\htdocs\dfpyme\system\Database\Postgre\Connection.php(135): pg_query(Resource id #156, 'INSERT INTO "pr...')
#2 C:\xampp\htdocs\dfpyme\system\Database\BaseConnection.php(670): CodeIgniter\Database\Postgre\Connection->execute('INSERT INTO "pr...')
#3 C:\xampp\htdocs\dfpyme\system\Database\BaseConnection.php(598): CodeIgniter\Database\BaseConnection->simpleQuery('INSERT INTO "pr...')
#4 C:\xampp\htdocs\dfpyme\system\Database\BaseBuilder.php(1771): CodeIgniter\Database\BaseConnection->query('INSERT INTO "pr...', Array, false)
#5 C:\xampp\htdocs\dfpyme\system\Model.php(239): CodeIgniter\Database\BaseBuilder->insert()
#6 C:\xampp\htdocs\dfpyme\system\BaseModel.php(738): CodeIgniter\Model->doInsert(Array)
#7 C:\xampp\htdocs\dfpyme\system\Model.php(625): CodeIgniter\BaseModel->insert(Array, true)
#8 C:\xampp\htdocs\dfpyme\app\Controllers\producto\operacionesProductoController.php(553): CodeIgniter\Model->insert(Array)
#9 C:\xampp\htdocs\dfpyme\system\CodeIgniter.php(832): App\Controllers\producto\operacionesProductoController->creacion_producto()
#10 C:\xampp\htdocs\dfpyme\system\CodeIgniter.php(419): CodeIgniter\CodeIgniter->runController(Object(App\Controllers\producto\operacionesProductoController))
#11 C:\xampp\htdocs\dfpyme\system\CodeIgniter.php(326): CodeIgniter\CodeIgniter->handleRequest(NULL, Object(Config\Cache), false)
#12 C:\xampp\htdocs\dfpyme\index.php(37): CodeIgniter\CodeIgniter->run()
#13 {main}
CRITICAL - 2024-03-18 15:55:12 --> Uncaught CodeIgniter\Format\Exceptions\FormatException: Failed to parse json string, error: "Type is not supported". in C:\xampp\htdocs\dfpyme\system\Format\JSONFormatter.php:41
Stack trace:
#0 C:\xampp\htdocs\dfpyme\system\Format\JSONFormatter.php(41): CodeIgniter\Format\Exceptions\FormatException::forInvalidJSON('Type is not sup...')
#1 C:\xampp\htdocs\dfpyme\system\API\ResponseTrait.php(341): CodeIgniter\Format\JSONFormatter->format(Array)
#2 C:\xampp\htdocs\dfpyme\system\API\ResponseTrait.php(99): CodeIgniter\Debug\Exceptions->format(Array)
#3 C:\xampp\htdocs\dfpyme\system\Debug\Exceptions.php(115): CodeIgniter\Debug\Exceptions->respond(Array, 500)
#4 [internal function]: CodeIgniter\Debug\Exceptions->exceptionHandler(Object(ErrorException))
#5 {main}
  thrown
#0 [internal function]: CodeIgniter\Debug\Exceptions->shutdownHandler()
#1 {main}
CRITICAL - 2024-03-18 16:21:26 --> Undefined array key "id_producto"
#0 C:\xampp\htdocs\dfpyme\app\Controllers\producto\productoController.php(560): CodeIgniter\Debug\Exceptions->errorHandler(2, 'Undefined array...', 'C:\\xampp\\htdocs...', 560)
#1 C:\xampp\htdocs\dfpyme\system\CodeIgniter.php(832): App\Controllers\producto\productoController->agregar_productos_x_categoria()
#2 C:\xampp\htdocs\dfpyme\system\CodeIgniter.php(419): CodeIgniter\CodeIgniter->runController(Object(App\Controllers\producto\productoController))
#3 C:\xampp\htdocs\dfpyme\system\CodeIgniter.php(326): CodeIgniter\CodeIgniter->handleRequest(NULL, Object(Config\Cache), false)
#4 C:\xampp\htdocs\dfpyme\index.php(37): CodeIgniter\CodeIgniter->run()
#5 {main}
CRITICAL - 2024-03-18 16:38:42 --> Undefined variable $sub_categorias
#0 C:\xampp\htdocs\dfpyme\app\Views\producto\editar_producto.php(76): CodeIgniter\Debug\Exceptions->errorHandler(2, 'Undefined varia...', 'C:\\xampp\\htdocs...', 76)
#1 C:\xampp\htdocs\dfpyme\system\View\View.php(210): include('C:\\xampp\\htdocs...')
#2 C:\xampp\htdocs\dfpyme\system\View\View.php(213): CodeIgniter\View\View->CodeIgniter\View\{closure}()
#3 C:\xampp\htdocs\dfpyme\system\Common.php(1089): CodeIgniter\View\View->render('producto/editar...', Array, true)
#4 C:\xampp\htdocs\dfpyme\app\Controllers\producto\operacionesProductoController.php(606): view('producto/editar...', Array)
#5 C:\xampp\htdocs\dfpyme\system\CodeIgniter.php(832): App\Controllers\producto\operacionesProductoController->editar_precios()
#6 C:\xampp\htdocs\dfpyme\system\CodeIgniter.php(419): CodeIgniter\CodeIgniter->runController(Object(App\Controllers\producto\operacionesProductoController))
#7 C:\xampp\htdocs\dfpyme\system\CodeIgniter.php(326): CodeIgniter\CodeIgniter->handleRequest(NULL, Object(Config\Cache), false)
#8 C:\xampp\htdocs\dfpyme\index.php(37): CodeIgniter\CodeIgniter->run()
#9 {main}
CRITICAL - 2024-03-18 17:02:07 --> Undefined array key "nombre"
#0 C:\xampp\htdocs\dfpyme\app\Views\producto\editar_producto.php(85): CodeIgniter\Debug\Exceptions->errorHandler(2, 'Undefined array...', 'C:\\xampp\\htdocs...', 85)
#1 C:\xampp\htdocs\dfpyme\system\View\View.php(210): include('C:\\xampp\\htdocs...')
#2 C:\xampp\htdocs\dfpyme\system\View\View.php(213): CodeIgniter\View\View->CodeIgniter\View\{closure}()
#3 C:\xampp\htdocs\dfpyme\system\Common.php(1089): CodeIgniter\View\View->render('producto/editar...', Array, true)
#4 C:\xampp\htdocs\dfpyme\app\Controllers\producto\operacionesProductoController.php(610): view('producto/editar...', Array)
#5 C:\xampp\htdocs\dfpyme\system\CodeIgniter.php(832): App\Controllers\producto\operacionesProductoController->editar_precios()
#6 C:\xampp\htdocs\dfpyme\system\CodeIgniter.php(419): CodeIgniter\CodeIgniter->runController(Object(App\Controllers\producto\operacionesProductoController))
#7 C:\xampp\htdocs\dfpyme\system\CodeIgniter.php(326): CodeIgniter\CodeIgniter->handleRequest(NULL, Object(Config\Cache), false)
#8 C:\xampp\htdocs\dfpyme\index.php(37): CodeIgniter\CodeIgniter->run()
#9 {main}
