ERROR - 2024-12-30 16:51:10 --> ErrorException: pg_query(): Query failed: ERROR:  la sintaxis de entrada no es válida para tipo double precision: «»
LINE 1: ...TE &quot;inventario_fisico&quot; SET &quot;cantidad_inventario_fisico&quot; = ''
                                                                     ^ in C:\xampp\htdocs\dfpyme\system\Database\Postgre\Connection.php:135
Stack trace:
#0 [internal function]: CodeIgniter\Debug\Exceptions->errorHandler(2, 'pg_query(): Que...', 'C:\\xampp\\htdocs...', 135)
#1 C:\xampp\htdocs\dfpyme\system\Database\Postgre\Connection.php(135): pg_query(Resource id #158, 'UPDATE "inventa...')
#2 C:\xampp\htdocs\dfpyme\system\Database\BaseConnection.php(670): CodeIgniter\Database\Postgre\Connection->execute('UPDATE "inventa...')
#3 C:\xampp\htdocs\dfpyme\system\Database\BaseConnection.php(598): CodeIgniter\Database\BaseConnection->simpleQuery('UPDATE "inventa...')
#4 C:\xampp\htdocs\dfpyme\system\Database\BaseBuilder.php(1913): CodeIgniter\Database\BaseConnection->query('UPDATE "inventa...', Array, false)
#5 C:\xampp\htdocs\dfpyme\system\Model.php(298): CodeIgniter\Database\BaseBuilder->update()
#6 C:\xampp\htdocs\dfpyme\system\BaseModel.php(865): CodeIgniter\Model->doUpdate(NULL, Array)
#7 C:\xampp\htdocs\dfpyme\system\Model.php(651): CodeIgniter\BaseModel->update(NULL, Array)
#8 C:\xampp\htdocs\dfpyme\app\Controllers\pre_factura\prefacturaController.php(801): CodeIgniter\Model->update()
#9 C:\xampp\htdocs\dfpyme\system\CodeIgniter.php(832): App\Controllers\pre_factura\prefacturaController->ingresarInv()
#10 C:\xampp\htdocs\dfpyme\system\CodeIgniter.php(419): CodeIgniter\CodeIgniter->runController(Object(App\Controllers\pre_factura\prefacturaController))
#11 C:\xampp\htdocs\dfpyme\system\CodeIgniter.php(326): CodeIgniter\CodeIgniter->handleRequest(NULL, Object(Config\Cache), false)
#12 C:\xampp\htdocs\dfpyme\index.php(37): CodeIgniter\CodeIgniter->run()
#13 {main}
CRITICAL - 2024-12-30 16:51:10 --> pg_query(): Query failed: ERROR:  la sintaxis de entrada no es válida para tipo double precision: «»
LINE 1: ...TE &quot;inventario_fisico&quot; SET &quot;cantidad_inventario_fisico&quot; = ''
                                                                     ^
#0 [internal function]: CodeIgniter\Debug\Exceptions->errorHandler(2, 'pg_query(): Que...', 'C:\\xampp\\htdocs...', 135)
#1 C:\xampp\htdocs\dfpyme\system\Database\Postgre\Connection.php(135): pg_query(Resource id #158, 'UPDATE "inventa...')
#2 C:\xampp\htdocs\dfpyme\system\Database\BaseConnection.php(670): CodeIgniter\Database\Postgre\Connection->execute('UPDATE "inventa...')
#3 C:\xampp\htdocs\dfpyme\system\Database\BaseConnection.php(598): CodeIgniter\Database\BaseConnection->simpleQuery('UPDATE "inventa...')
#4 C:\xampp\htdocs\dfpyme\system\Database\BaseBuilder.php(1913): CodeIgniter\Database\BaseConnection->query('UPDATE "inventa...', Array, false)
#5 C:\xampp\htdocs\dfpyme\system\Model.php(298): CodeIgniter\Database\BaseBuilder->update()
#6 C:\xampp\htdocs\dfpyme\system\BaseModel.php(865): CodeIgniter\Model->doUpdate(NULL, Array)
#7 C:\xampp\htdocs\dfpyme\system\Model.php(651): CodeIgniter\BaseModel->update(NULL, Array)
#8 C:\xampp\htdocs\dfpyme\app\Controllers\pre_factura\prefacturaController.php(801): CodeIgniter\Model->update()
#9 C:\xampp\htdocs\dfpyme\system\CodeIgniter.php(832): App\Controllers\pre_factura\prefacturaController->ingresarInv()
#10 C:\xampp\htdocs\dfpyme\system\CodeIgniter.php(419): CodeIgniter\CodeIgniter->runController(Object(App\Controllers\pre_factura\prefacturaController))
#11 C:\xampp\htdocs\dfpyme\system\CodeIgniter.php(326): CodeIgniter\CodeIgniter->handleRequest(NULL, Object(Config\Cache), false)
#12 C:\xampp\htdocs\dfpyme\index.php(37): CodeIgniter\CodeIgniter->run()
#13 {main}
CRITICAL - 2024-12-30 16:51:10 --> Uncaught CodeIgniter\Format\Exceptions\FormatException: Failed to parse json string, error: "Type is not supported". in C:\xampp\htdocs\dfpyme\system\Format\JSONFormatter.php:41
Stack trace:
#0 C:\xampp\htdocs\dfpyme\system\Format\JSONFormatter.php(41): CodeIgniter\Format\Exceptions\FormatException::forInvalidJSON('Type is not sup...')
#1 C:\xampp\htdocs\dfpyme\system\API\ResponseTrait.php(341): CodeIgniter\Format\JSONFormatter->format(Array)
#2 C:\xampp\htdocs\dfpyme\system\API\ResponseTrait.php(99): CodeIgniter\Debug\Exceptions->format(Array)
#3 C:\xampp\htdocs\dfpyme\system\Debug\Exceptions.php(115): CodeIgniter\Debug\Exceptions->respond(Array, 500)
#4 [internal function]: CodeIgniter\Debug\Exceptions->exceptionHandler(Object(ErrorException))
#5 {main}
  thrown
#0 [internal function]: CodeIgniter\Debug\Exceptions->shutdownHandler()
#1 {main}
ERROR - 2024-12-30 16:51:10 --> ErrorException: pg_query(): Query failed: ERROR:  la sintaxis de entrada no es válida para tipo double precision: «»
LINE 1: ...TE &quot;inventario_fisico&quot; SET &quot;cantidad_inventario_fisico&quot; = ''
                                                                     ^ in C:\xampp\htdocs\dfpyme\system\Database\Postgre\Connection.php:135
Stack trace:
#0 [internal function]: CodeIgniter\Debug\Exceptions->errorHandler(2, 'pg_query(): Que...', 'C:\\xampp\\htdocs...', 135)
#1 C:\xampp\htdocs\dfpyme\system\Database\Postgre\Connection.php(135): pg_query(Resource id #158, 'UPDATE "inventa...')
#2 C:\xampp\htdocs\dfpyme\system\Database\BaseConnection.php(670): CodeIgniter\Database\Postgre\Connection->execute('UPDATE "inventa...')
#3 C:\xampp\htdocs\dfpyme\system\Database\BaseConnection.php(598): CodeIgniter\Database\BaseConnection->simpleQuery('UPDATE "inventa...')
#4 C:\xampp\htdocs\dfpyme\system\Database\BaseBuilder.php(1913): CodeIgniter\Database\BaseConnection->query('UPDATE "inventa...', Array, false)
#5 C:\xampp\htdocs\dfpyme\system\Model.php(298): CodeIgniter\Database\BaseBuilder->update()
#6 C:\xampp\htdocs\dfpyme\system\BaseModel.php(865): CodeIgniter\Model->doUpdate(NULL, Array)
#7 C:\xampp\htdocs\dfpyme\system\Model.php(651): CodeIgniter\BaseModel->update(NULL, Array)
#8 C:\xampp\htdocs\dfpyme\app\Controllers\pre_factura\prefacturaController.php(801): CodeIgniter\Model->update()
#9 C:\xampp\htdocs\dfpyme\system\CodeIgniter.php(832): App\Controllers\pre_factura\prefacturaController->ingresarInv()
#10 C:\xampp\htdocs\dfpyme\system\CodeIgniter.php(419): CodeIgniter\CodeIgniter->runController(Object(App\Controllers\pre_factura\prefacturaController))
#11 C:\xampp\htdocs\dfpyme\system\CodeIgniter.php(326): CodeIgniter\CodeIgniter->handleRequest(NULL, Object(Config\Cache), false)
#12 C:\xampp\htdocs\dfpyme\index.php(37): CodeIgniter\CodeIgniter->run()
#13 {main}
CRITICAL - 2024-12-30 16:51:10 --> pg_query(): Query failed: ERROR:  la sintaxis de entrada no es válida para tipo double precision: «»
LINE 1: ...TE &quot;inventario_fisico&quot; SET &quot;cantidad_inventario_fisico&quot; = ''
                                                                     ^
#0 [internal function]: CodeIgniter\Debug\Exceptions->errorHandler(2, 'pg_query(): Que...', 'C:\\xampp\\htdocs...', 135)
#1 C:\xampp\htdocs\dfpyme\system\Database\Postgre\Connection.php(135): pg_query(Resource id #158, 'UPDATE "inventa...')
#2 C:\xampp\htdocs\dfpyme\system\Database\BaseConnection.php(670): CodeIgniter\Database\Postgre\Connection->execute('UPDATE "inventa...')
#3 C:\xampp\htdocs\dfpyme\system\Database\BaseConnection.php(598): CodeIgniter\Database\BaseConnection->simpleQuery('UPDATE "inventa...')
#4 C:\xampp\htdocs\dfpyme\system\Database\BaseBuilder.php(1913): CodeIgniter\Database\BaseConnection->query('UPDATE "inventa...', Array, false)
#5 C:\xampp\htdocs\dfpyme\system\Model.php(298): CodeIgniter\Database\BaseBuilder->update()
#6 C:\xampp\htdocs\dfpyme\system\BaseModel.php(865): CodeIgniter\Model->doUpdate(NULL, Array)
#7 C:\xampp\htdocs\dfpyme\system\Model.php(651): CodeIgniter\BaseModel->update(NULL, Array)
#8 C:\xampp\htdocs\dfpyme\app\Controllers\pre_factura\prefacturaController.php(801): CodeIgniter\Model->update()
#9 C:\xampp\htdocs\dfpyme\system\CodeIgniter.php(832): App\Controllers\pre_factura\prefacturaController->ingresarInv()
#10 C:\xampp\htdocs\dfpyme\system\CodeIgniter.php(419): CodeIgniter\CodeIgniter->runController(Object(App\Controllers\pre_factura\prefacturaController))
#11 C:\xampp\htdocs\dfpyme\system\CodeIgniter.php(326): CodeIgniter\CodeIgniter->handleRequest(NULL, Object(Config\Cache), false)
#12 C:\xampp\htdocs\dfpyme\index.php(37): CodeIgniter\CodeIgniter->run()
#13 {main}
CRITICAL - 2024-12-30 16:51:10 --> Uncaught CodeIgniter\Format\Exceptions\FormatException: Failed to parse json string, error: "Type is not supported". in C:\xampp\htdocs\dfpyme\system\Format\JSONFormatter.php:41
Stack trace:
#0 C:\xampp\htdocs\dfpyme\system\Format\JSONFormatter.php(41): CodeIgniter\Format\Exceptions\FormatException::forInvalidJSON('Type is not sup...')
#1 C:\xampp\htdocs\dfpyme\system\API\ResponseTrait.php(341): CodeIgniter\Format\JSONFormatter->format(Array)
#2 C:\xampp\htdocs\dfpyme\system\API\ResponseTrait.php(99): CodeIgniter\Debug\Exceptions->format(Array)
#3 C:\xampp\htdocs\dfpyme\system\Debug\Exceptions.php(115): CodeIgniter\Debug\Exceptions->respond(Array, 500)
#4 [internal function]: CodeIgniter\Debug\Exceptions->exceptionHandler(Object(ErrorException))
#5 {main}
  thrown
#0 [internal function]: CodeIgniter\Debug\Exceptions->shutdownHandler()
#1 {main}
CRITICAL - 2024-12-30 20:10:40 --> Attempt to read property "valor" on null
#0 C:\xampp\htdocs\dfpyme\app\Controllers\pre_factura\prefacturaController.php(834): CodeIgniter\Debug\Exceptions->errorHandler(2, 'Attempt to read...', 'C:\\xampp\\htdocs...', 834)
#1 C:\xampp\htdocs\dfpyme\system\CodeIgniter.php(832): App\Controllers\pre_factura\prefacturaController->buscarProducto()
#2 C:\xampp\htdocs\dfpyme\system\CodeIgniter.php(419): CodeIgniter\CodeIgniter->runController(Object(App\Controllers\pre_factura\prefacturaController))
#3 C:\xampp\htdocs\dfpyme\system\CodeIgniter.php(326): CodeIgniter\CodeIgniter->handleRequest(NULL, Object(Config\Cache), false)
#4 C:\xampp\htdocs\dfpyme\index.php(37): CodeIgniter\CodeIgniter->run()
#5 {main}
CRITICAL - 2024-12-30 20:23:29 --> Attempt to read property "valor" on null
#0 C:\xampp\htdocs\dfpyme\app\Controllers\pre_factura\prefacturaController.php(834): CodeIgniter\Debug\Exceptions->errorHandler(2, 'Attempt to read...', 'C:\\xampp\\htdocs...', 834)
#1 C:\xampp\htdocs\dfpyme\system\CodeIgniter.php(832): App\Controllers\pre_factura\prefacturaController->buscarProducto()
#2 C:\xampp\htdocs\dfpyme\system\CodeIgniter.php(419): CodeIgniter\CodeIgniter->runController(Object(App\Controllers\pre_factura\prefacturaController))
#3 C:\xampp\htdocs\dfpyme\system\CodeIgniter.php(326): CodeIgniter\CodeIgniter->handleRequest(NULL, Object(Config\Cache), false)
#4 C:\xampp\htdocs\dfpyme\index.php(37): CodeIgniter\CodeIgniter->run()
#5 {main}
CRITICAL - 2024-12-30 21:17:34 --> Undefined variable $productos
#0 C:\xampp\htdocs\dfpyme\app\Views\ventas\productos.php(1): CodeIgniter\Debug\Exceptions->errorHandler(2, 'Undefined varia...', 'C:\\xampp\\htdocs...', 1)
#1 C:\xampp\htdocs\dfpyme\system\View\View.php(210): include('C:\\xampp\\htdocs...')
#2 C:\xampp\htdocs\dfpyme\system\View\View.php(213): CodeIgniter\View\View->CodeIgniter\View\{closure}()
#3 C:\xampp\htdocs\dfpyme\system\Common.php(1089): CodeIgniter\View\View->render('ventas/producto...', Array, true)
#4 C:\xampp\htdocs\dfpyme\app\Controllers\pre_factura\prefacturaController.php(842): view('ventas/producto...')
#5 C:\xampp\htdocs\dfpyme\system\CodeIgniter.php(832): App\Controllers\pre_factura\prefacturaController->buscarProducto()
#6 C:\xampp\htdocs\dfpyme\system\CodeIgniter.php(419): CodeIgniter\CodeIgniter->runController(Object(App\Controllers\pre_factura\prefacturaController))
#7 C:\xampp\htdocs\dfpyme\system\CodeIgniter.php(326): CodeIgniter\CodeIgniter->handleRequest(NULL, Object(Config\Cache), false)
#8 C:\xampp\htdocs\dfpyme\index.php(37): CodeIgniter\CodeIgniter->run()
#9 {main}
CRITICAL - 2024-12-30 21:18:15 --> Undefined variable $productos
#0 C:\xampp\htdocs\dfpyme\app\Views\ventas\productos.php(1): CodeIgniter\Debug\Exceptions->errorHandler(2, 'Undefined varia...', 'C:\\xampp\\htdocs...', 1)
#1 C:\xampp\htdocs\dfpyme\system\View\View.php(210): include('C:\\xampp\\htdocs...')
#2 C:\xampp\htdocs\dfpyme\system\View\View.php(213): CodeIgniter\View\View->CodeIgniter\View\{closure}()
#3 C:\xampp\htdocs\dfpyme\system\Common.php(1089): CodeIgniter\View\View->render('ventas/producto...', Array, true)
#4 C:\xampp\htdocs\dfpyme\app\Controllers\pre_factura\prefacturaController.php(842): view('ventas/producto...')
#5 C:\xampp\htdocs\dfpyme\system\CodeIgniter.php(832): App\Controllers\pre_factura\prefacturaController->buscarProducto()
#6 C:\xampp\htdocs\dfpyme\system\CodeIgniter.php(419): CodeIgniter\CodeIgniter->runController(Object(App\Controllers\pre_factura\prefacturaController))
#7 C:\xampp\htdocs\dfpyme\system\CodeIgniter.php(326): CodeIgniter\CodeIgniter->handleRequest(NULL, Object(Config\Cache), false)
#8 C:\xampp\htdocs\dfpyme\index.php(37): CodeIgniter\CodeIgniter->run()
#9 {main}
CRITICAL - 2024-12-30 21:18:22 --> Undefined variable $productos
#0 C:\xampp\htdocs\dfpyme\app\Views\ventas\productos.php(1): CodeIgniter\Debug\Exceptions->errorHandler(2, 'Undefined varia...', 'C:\\xampp\\htdocs...', 1)
#1 C:\xampp\htdocs\dfpyme\system\View\View.php(210): include('C:\\xampp\\htdocs...')
#2 C:\xampp\htdocs\dfpyme\system\View\View.php(213): CodeIgniter\View\View->CodeIgniter\View\{closure}()
#3 C:\xampp\htdocs\dfpyme\system\Common.php(1089): CodeIgniter\View\View->render('ventas/producto...', Array, true)
#4 C:\xampp\htdocs\dfpyme\app\Controllers\pre_factura\prefacturaController.php(842): view('ventas/producto...')
#5 C:\xampp\htdocs\dfpyme\system\CodeIgniter.php(832): App\Controllers\pre_factura\prefacturaController->buscarProducto()
#6 C:\xampp\htdocs\dfpyme\system\CodeIgniter.php(419): CodeIgniter\CodeIgniter->runController(Object(App\Controllers\pre_factura\prefacturaController))
#7 C:\xampp\htdocs\dfpyme\system\CodeIgniter.php(326): CodeIgniter\CodeIgniter->handleRequest(NULL, Object(Config\Cache), false)
#8 C:\xampp\htdocs\dfpyme\index.php(37): CodeIgniter\CodeIgniter->run()
#9 {main}
CRITICAL - 2024-12-30 21:18:32 --> Undefined variable $productos
#0 C:\xampp\htdocs\dfpyme\app\Views\ventas\productos.php(1): CodeIgniter\Debug\Exceptions->errorHandler(2, 'Undefined varia...', 'C:\\xampp\\htdocs...', 1)
#1 C:\xampp\htdocs\dfpyme\system\View\View.php(210): include('C:\\xampp\\htdocs...')
#2 C:\xampp\htdocs\dfpyme\system\View\View.php(213): CodeIgniter\View\View->CodeIgniter\View\{closure}()
#3 C:\xampp\htdocs\dfpyme\system\Common.php(1089): CodeIgniter\View\View->render('ventas/producto...', Array, true)
#4 C:\xampp\htdocs\dfpyme\app\Controllers\pre_factura\prefacturaController.php(842): view('ventas/producto...')
#5 C:\xampp\htdocs\dfpyme\system\CodeIgniter.php(832): App\Controllers\pre_factura\prefacturaController->buscarProducto()
#6 C:\xampp\htdocs\dfpyme\system\CodeIgniter.php(419): CodeIgniter\CodeIgniter->runController(Object(App\Controllers\pre_factura\prefacturaController))
#7 C:\xampp\htdocs\dfpyme\system\CodeIgniter.php(326): CodeIgniter\CodeIgniter->handleRequest(NULL, Object(Config\Cache), false)
#8 C:\xampp\htdocs\dfpyme\index.php(37): CodeIgniter\CodeIgniter->run()
#9 {main}
