CRITICAL - 2022-09-15 13:15:16 --> Invalid file: caja/apertura.php
#0 C:\xampp\htdocs\restaurantes\system\View\View.php(198): CodeIgniter\Exceptions\FrameworkException::forInvalidFile('caja/apertura.p...')
#1 C:\xampp\htdocs\restaurantes\system\Common.php(1089): CodeIgniter\View\View->render('caja/apertura', Array, true)
#2 C:\xampp\htdocs\restaurantes\app\Controllers\caja\cajaController.php(10): view('caja/apertura')
#3 C:\xampp\htdocs\restaurantes\system\CodeIgniter.php(832): App\Controllers\caja\cajaController->apertura()
#4 C:\xampp\htdocs\restaurantes\system\CodeIgniter.php(419): CodeIgniter\CodeIgniter->runController(Object(App\Controllers\caja\cajaController))
#5 C:\xampp\htdocs\restaurantes\system\CodeIgniter.php(326): CodeIgniter\CodeIgniter->handleRequest(NULL, Object(Config\Cache), false)
#6 C:\xampp\htdocs\restaurantes\index.php(37): CodeIgniter\CodeIgniter->run()
#7 {main}
CRITICAL - 2022-09-15 13:15:33 --> Undefined variable $salones
#0 C:\xampp\htdocs\restaurantes\app\Views\caja\apertura.php(15): CodeIgniter\Debug\Exceptions->errorHandler(2, 'Undefined varia...', 'C:\\xampp\\htdocs...', 15)
#1 C:\xampp\htdocs\restaurantes\system\View\View.php(210): include('C:\\xampp\\htdocs...')
#2 C:\xampp\htdocs\restaurantes\system\View\View.php(213): CodeIgniter\View\View->CodeIgniter\View\{closure}()
#3 C:\xampp\htdocs\restaurantes\system\Common.php(1089): CodeIgniter\View\View->render('caja/apertura', Array, true)
#4 C:\xampp\htdocs\restaurantes\app\Controllers\caja\cajaController.php(10): view('caja/apertura')
#5 C:\xampp\htdocs\restaurantes\system\CodeIgniter.php(832): App\Controllers\caja\cajaController->apertura()
#6 C:\xampp\htdocs\restaurantes\system\CodeIgniter.php(419): CodeIgniter\CodeIgniter->runController(Object(App\Controllers\caja\cajaController))
#7 C:\xampp\htdocs\restaurantes\system\CodeIgniter.php(326): CodeIgniter\CodeIgniter->handleRequest(NULL, Object(Config\Cache), false)
#8 C:\xampp\htdocs\restaurantes\index.php(37): CodeIgniter\CodeIgniter->run()
#9 {main}
CRITICAL - 2022-09-15 13:38:23 --> Invalid file: template/caja.php
#0 C:\xampp\htdocs\restaurantes\system\View\View.php(198): CodeIgniter\Exceptions\FrameworkException::forInvalidFile('template/caja.p...')
#1 C:\xampp\htdocs\restaurantes\system\View\View.php(226): CodeIgniter\View\View->render('template/caja', Array, true)
#2 C:\xampp\htdocs\restaurantes\system\Common.php(1089): CodeIgniter\View\View->render('caja/apertura', Array, true)
#3 C:\xampp\htdocs\restaurantes\app\Controllers\caja\cajaController.php(10): view('caja/apertura')
#4 C:\xampp\htdocs\restaurantes\system\CodeIgniter.php(832): App\Controllers\caja\cajaController->apertura()
#5 C:\xampp\htdocs\restaurantes\system\CodeIgniter.php(419): CodeIgniter\CodeIgniter->runController(Object(App\Controllers\caja\cajaController))
#6 C:\xampp\htdocs\restaurantes\system\CodeIgniter.php(326): CodeIgniter\CodeIgniter->handleRequest(NULL, Object(Config\Cache), false)
#7 C:\xampp\htdocs\restaurantes\index.php(37): CodeIgniter\CodeIgniter->run()
#8 {main}
CRITICAL - 2022-09-15 13:38:25 --> Invalid file: template/caja.php
#0 C:\xampp\htdocs\restaurantes\system\View\View.php(198): CodeIgniter\Exceptions\FrameworkException::forInvalidFile('template/caja.p...')
#1 C:\xampp\htdocs\restaurantes\system\View\View.php(226): CodeIgniter\View\View->render('template/caja', Array, true)
#2 C:\xampp\htdocs\restaurantes\system\Common.php(1089): CodeIgniter\View\View->render('caja/apertura', Array, true)
#3 C:\xampp\htdocs\restaurantes\app\Controllers\caja\cajaController.php(10): view('caja/apertura')
#4 C:\xampp\htdocs\restaurantes\system\CodeIgniter.php(832): App\Controllers\caja\cajaController->apertura()
#5 C:\xampp\htdocs\restaurantes\system\CodeIgniter.php(419): CodeIgniter\CodeIgniter->runController(Object(App\Controllers\caja\cajaController))
#6 C:\xampp\htdocs\restaurantes\system\CodeIgniter.php(326): CodeIgniter\CodeIgniter->handleRequest(NULL, Object(Config\Cache), false)
#7 C:\xampp\htdocs\restaurantes\index.php(37): CodeIgniter\CodeIgniter->run()
#8 {main}
