CRITICAL - 2022-12-18 17:58:20 --> Call to undefined method App\Models\marcasModel::iva
#0 C:\xampp\htdocs\dfpyme\app\Controllers\producto\operacionesProductoController.php(109): CodeIgniter\Model->__call('iva', Array)
#1 C:\xampp\htdocs\dfpyme\system\CodeIgniter.php(832): App\Controllers\producto\operacionesProductoController->iva()
#2 C:\xampp\htdocs\dfpyme\system\CodeIgniter.php(419): CodeIgniter\CodeIgniter->runController(Object(App\Controllers\producto\operacionesProductoController))
#3 C:\xampp\htdocs\dfpyme\system\CodeIgniter.php(326): CodeIgniter\CodeIgniter->handleRequest(NULL, Object(Config\Cache), false)
#4 C:\xampp\htdocs\dfpyme\index.php(37): CodeIgniter\CodeIgniter->run()
#5 {main}
CRITICAL - 2022-12-18 17:59:08 --> Call to undefined method App\Models\marcasModel::iva
#0 C:\xampp\htdocs\dfpyme\app\Controllers\producto\operacionesProductoController.php(109): CodeIgniter\Model->__call('iva', Array)
#1 C:\xampp\htdocs\dfpyme\system\CodeIgniter.php(832): App\Controllers\producto\operacionesProductoController->iva()
#2 C:\xampp\htdocs\dfpyme\system\CodeIgniter.php(419): CodeIgniter\CodeIgniter->runController(Object(App\Controllers\producto\operacionesProductoController))
#3 C:\xampp\htdocs\dfpyme\system\CodeIgniter.php(326): CodeIgniter\CodeIgniter->handleRequest(NULL, Object(Config\Cache), false)
#4 C:\xampp\htdocs\dfpyme\index.php(37): CodeIgniter\CodeIgniter->run()
#5 {main}
CRITICAL - 2022-12-18 18:03:51 --> Call to undefined method App\Models\marcasModel::iva
#0 C:\xampp\htdocs\dfpyme\app\Controllers\producto\operacionesProductoController.php(109): CodeIgniter\Model->__call('iva', Array)
#1 C:\xampp\htdocs\dfpyme\system\CodeIgniter.php(832): App\Controllers\producto\operacionesProductoController->iva()
#2 C:\xampp\htdocs\dfpyme\system\CodeIgniter.php(419): CodeIgniter\CodeIgniter->runController(Object(App\Controllers\producto\operacionesProductoController))
#3 C:\xampp\htdocs\dfpyme\system\CodeIgniter.php(326): CodeIgniter\CodeIgniter->handleRequest(NULL, Object(Config\Cache), false)
#4 C:\xampp\htdocs\dfpyme\index.php(37): CodeIgniter\CodeIgniter->run()
#5 {main}
