CRITICAL - 2023-04-09 13:41:19 --> number_format(): Argument #1 ($num) must be of type float, string given
#0 C:\xampp\htdocs\dfpyme\app\Controllers\cliente\clienteController.php(109): number_format('4351542-0', 0, ',', '.')
#1 C:\xampp\htdocs\dfpyme\system\CodeIgniter.php(832): App\Controllers\cliente\ClienteController->clientes_autocompletado()
#2 C:\xampp\htdocs\dfpyme\system\CodeIgniter.php(419): CodeIgniter\CodeIgniter->runController(Object(App\Controllers\cliente\ClienteController))
#3 C:\xampp\htdocs\dfpyme\system\CodeIgniter.php(326): CodeIgniter\CodeIgniter->handleRequest(NULL, Object(Config\Cache), false)
#4 C:\xampp\htdocs\dfpyme\index.php(37): CodeIgniter\CodeIgniter->run()
#5 {main}
CRITICAL - 2023-04-09 13:41:19 --> Uncaught CodeIgniter\Format\Exceptions\FormatException: Failed to parse json string, error: "Type is not supported". in C:\xampp\htdocs\dfpyme\system\Format\JSONFormatter.php:41
Stack trace:
#0 C:\xampp\htdocs\dfpyme\system\Format\JSONFormatter.php(41): CodeIgniter\Format\Exceptions\FormatException::forInvalidJSON('Type is not sup...')
#1 C:\xampp\htdocs\dfpyme\system\API\ResponseTrait.php(341): CodeIgniter\Format\JSONFormatter->format(Array)
#2 C:\xampp\htdocs\dfpyme\system\API\ResponseTrait.php(99): CodeIgniter\Debug\Exceptions->format(Array)
#3 C:\xampp\htdocs\dfpyme\system\Debug\Exceptions.php(115): CodeIgniter\Debug\Exceptions->respond(Array, 500)
#4 [internal function]: CodeIgniter\Debug\Exceptions->exceptionHandler(Object(TypeError))
#5 {main}
  thrown
#0 [internal function]: CodeIgniter\Debug\Exceptions->shutdownHandler()
#1 {main}
ERROR - 2023-04-09 19:05:28 --> ErrorException: pg_query(): Query failed: server closed the connection unexpectedly
	This probably means the server terminated abnormally
	before or while processing the request. in C:\xampp\htdocs\dfpyme\system\Database\Postgre\Connection.php:135
Stack trace:
#0 [internal function]: CodeIgniter\Debug\Exceptions->errorHandler(2, 'pg_query(): Que...', 'C:\\xampp\\htdocs...', 135)
#1 C:\xampp\htdocs\dfpyme\system\Database\Postgre\Connection.php(135): pg_query(Resource id #158, 'UPDATE "inventa...')
#2 C:\xampp\htdocs\dfpyme\system\Database\BaseConnection.php(670): CodeIgniter\Database\Postgre\Connection->execute('UPDATE "inventa...')
#3 C:\xampp\htdocs\dfpyme\system\Database\BaseConnection.php(598): CodeIgniter\Database\BaseConnection->simpleQuery('UPDATE "inventa...')
#4 C:\xampp\htdocs\dfpyme\system\Database\BaseBuilder.php(1913): CodeIgniter\Database\BaseConnection->query('UPDATE "inventa...', Array, false)
#5 C:\xampp\htdocs\dfpyme\system\Model.php(298): CodeIgniter\Database\BaseBuilder->update()
#6 C:\xampp\htdocs\dfpyme\system\BaseModel.php(865): CodeIgniter\Model->doUpdate(NULL, Array)
#7 C:\xampp\htdocs\dfpyme\system\Model.php(651): CodeIgniter\BaseModel->update(NULL, Array)
#8 C:\xampp\htdocs\dfpyme\app\Controllers\pedido\pedidoController.php(1643): CodeIgniter\Model->update()
#9 C:\xampp\htdocs\dfpyme\app\Controllers\pedido\pedidoController.php(1483): App\Controllers\pedido\pedidoController->facturacion_sin_impuestos_credito('2023-04-09 19:0...', '7600', 0, 0, 0, '254654541', '8', '2', 0)
#10 C:\xampp\htdocs\dfpyme\system\CodeIgniter.php(832): App\Controllers\pedido\pedidoController->facturar_credito()
#11 C:\xampp\htdocs\dfpyme\system\CodeIgniter.php(419): CodeIgniter\CodeIgniter->runController(Object(App\Controllers\pedido\pedidoController))
#12 C:\xampp\htdocs\dfpyme\system\CodeIgniter.php(326): CodeIgniter\CodeIgniter->handleRequest(NULL, Object(Config\Cache), false)
#13 C:\xampp\htdocs\dfpyme\index.php(37): CodeIgniter\CodeIgniter->run()
#14 {main}
CRITICAL - 2023-04-09 19:05:28 --> pg_query(): Query failed: server closed the connection unexpectedly
	This probably means the server terminated abnormally
	before or while processing the request.
#0 [internal function]: CodeIgniter\Debug\Exceptions->errorHandler(2, 'pg_query(): Que...', 'C:\\xampp\\htdocs...', 135)
#1 C:\xampp\htdocs\dfpyme\system\Database\Postgre\Connection.php(135): pg_query(Resource id #158, 'UPDATE "inventa...')
#2 C:\xampp\htdocs\dfpyme\system\Database\BaseConnection.php(670): CodeIgniter\Database\Postgre\Connection->execute('UPDATE "inventa...')
#3 C:\xampp\htdocs\dfpyme\system\Database\BaseConnection.php(598): CodeIgniter\Database\BaseConnection->simpleQuery('UPDATE "inventa...')
#4 C:\xampp\htdocs\dfpyme\system\Database\BaseBuilder.php(1913): CodeIgniter\Database\BaseConnection->query('UPDATE "inventa...', Array, false)
#5 C:\xampp\htdocs\dfpyme\system\Model.php(298): CodeIgniter\Database\BaseBuilder->update()
#6 C:\xampp\htdocs\dfpyme\system\BaseModel.php(865): CodeIgniter\Model->doUpdate(NULL, Array)
#7 C:\xampp\htdocs\dfpyme\system\Model.php(651): CodeIgniter\BaseModel->update(NULL, Array)
#8 C:\xampp\htdocs\dfpyme\app\Controllers\pedido\pedidoController.php(1643): CodeIgniter\Model->update()
#9 C:\xampp\htdocs\dfpyme\app\Controllers\pedido\pedidoController.php(1483): App\Controllers\pedido\pedidoController->facturacion_sin_impuestos_credito('2023-04-09 19:0...', '7600', 0, 0, 0, '254654541', '8', '2', 0)
#10 C:\xampp\htdocs\dfpyme\system\CodeIgniter.php(832): App\Controllers\pedido\pedidoController->facturar_credito()
#11 C:\xampp\htdocs\dfpyme\system\CodeIgniter.php(419): CodeIgniter\CodeIgniter->runController(Object(App\Controllers\pedido\pedidoController))
#12 C:\xampp\htdocs\dfpyme\system\CodeIgniter.php(326): CodeIgniter\CodeIgniter->handleRequest(NULL, Object(Config\Cache), false)
#13 C:\xampp\htdocs\dfpyme\index.php(37): CodeIgniter\CodeIgniter->run()
#14 {main}
CRITICAL - 2023-04-09 19:05:28 --> Uncaught CodeIgniter\Format\Exceptions\FormatException: Failed to parse json string, error: "Type is not supported". in C:\xampp\htdocs\dfpyme\system\Format\JSONFormatter.php:41
Stack trace:
#0 C:\xampp\htdocs\dfpyme\system\Format\JSONFormatter.php(41): CodeIgniter\Format\Exceptions\FormatException::forInvalidJSON('Type is not sup...')
#1 C:\xampp\htdocs\dfpyme\system\API\ResponseTrait.php(341): CodeIgniter\Format\JSONFormatter->format(Array)
#2 C:\xampp\htdocs\dfpyme\system\API\ResponseTrait.php(99): CodeIgniter\Debug\Exceptions->format(Array)
#3 C:\xampp\htdocs\dfpyme\system\Debug\Exceptions.php(115): CodeIgniter\Debug\Exceptions->respond(Array, 500)
#4 [internal function]: CodeIgniter\Debug\Exceptions->exceptionHandler(Object(ErrorException))
#5 {main}
  thrown
#0 [internal function]: CodeIgniter\Debug\Exceptions->shutdownHandler()
#1 {main}
