ERROR - 2022-06-16 09:38:04 --> ErrorException: pg_query(): Query failed: ERROR:  la sintaxis de entrada no es válida para integer: «16299&lt;/br&gt;»
LINE 3: WHERE &quot;id&quot; = '16299&lt;/br&gt;'
                     ^ in C:\xampp\htdocs\web\system\Database\Postgre\Connection.php:135
Stack trace:
#0 [internal function]: CodeIgniter\Debug\Exceptions->errorHandler(2, 'pg_query(): Que...', 'C:\\xampp\\htdocs...', 135)
#1 C:\xampp\htdocs\web\system\Database\Postgre\Connection.php(135): pg_query(Resource id #134, 'SELECT "numerof...')
#2 C:\xampp\htdocs\web\system\Database\BaseConnection.php(670): CodeIgniter\Database\Postgre\Connection->execute('SELECT "numerof...')
#3 C:\xampp\htdocs\web\system\Database\BaseConnection.php(598): CodeIgniter\Database\BaseConnection->simpleQuery('SELECT "numerof...')
#4 C:\xampp\htdocs\web\system\Database\BaseBuilder.php(1455): CodeIgniter\Database\BaseConnection->query('SELECT "numerof...', Array, false)
#5 C:\xampp\htdocs\web\system\Model.php(210): CodeIgniter\Database\BaseBuilder->get()
#6 C:\xampp\htdocs\web\system\BaseModel.php(622): CodeIgniter\Model->doFirst()
#7 C:\xampp\htdocs\web\app\Controllers\factura_pos\facturacionConImpuestosController.php(196): CodeIgniter\BaseModel->first()
#8 C:\xampp\htdocs\web\system\CodeIgniter.php(832): App\Controllers\factura_pos\facturacionConImpuestosController->imprimir_factura()
#9 C:\xampp\htdocs\web\system\CodeIgniter.php(419): CodeIgniter\CodeIgniter->runController(Object(App\Controllers\factura_pos\facturacionConImpuestosController))
#10 C:\xampp\htdocs\web\system\CodeIgniter.php(326): CodeIgniter\CodeIgniter->handleRequest(NULL, Object(Config\Cache), false)
#11 C:\xampp\htdocs\web\index.php(37): CodeIgniter\CodeIgniter->run()
#12 {main}
CRITICAL - 2022-06-16 09:38:04 --> pg_query(): Query failed: ERROR:  la sintaxis de entrada no es válida para integer: «16299&lt;/br&gt;»
LINE 3: WHERE &quot;id&quot; = '16299&lt;/br&gt;'
                     ^
#0 [internal function]: CodeIgniter\Debug\Exceptions->errorHandler(2, 'pg_query(): Que...', 'C:\\xampp\\htdocs...', 135)
#1 C:\xampp\htdocs\web\system\Database\Postgre\Connection.php(135): pg_query(Resource id #134, 'SELECT "numerof...')
#2 C:\xampp\htdocs\web\system\Database\BaseConnection.php(670): CodeIgniter\Database\Postgre\Connection->execute('SELECT "numerof...')
#3 C:\xampp\htdocs\web\system\Database\BaseConnection.php(598): CodeIgniter\Database\BaseConnection->simpleQuery('SELECT "numerof...')
#4 C:\xampp\htdocs\web\system\Database\BaseBuilder.php(1455): CodeIgniter\Database\BaseConnection->query('SELECT "numerof...', Array, false)
#5 C:\xampp\htdocs\web\system\Model.php(210): CodeIgniter\Database\BaseBuilder->get()
#6 C:\xampp\htdocs\web\system\BaseModel.php(622): CodeIgniter\Model->doFirst()
#7 C:\xampp\htdocs\web\app\Controllers\factura_pos\facturacionConImpuestosController.php(196): CodeIgniter\BaseModel->first()
#8 C:\xampp\htdocs\web\system\CodeIgniter.php(832): App\Controllers\factura_pos\facturacionConImpuestosController->imprimir_factura()
#9 C:\xampp\htdocs\web\system\CodeIgniter.php(419): CodeIgniter\CodeIgniter->runController(Object(App\Controllers\factura_pos\facturacionConImpuestosController))
#10 C:\xampp\htdocs\web\system\CodeIgniter.php(326): CodeIgniter\CodeIgniter->handleRequest(NULL, Object(Config\Cache), false)
#11 C:\xampp\htdocs\web\index.php(37): CodeIgniter\CodeIgniter->run()
#12 {main}
CRITICAL - 2022-06-16 10:45:24 --> Trying to access array offset on value of type null
#0 C:\xampp\htdocs\web\app\Controllers\factura_pos\facturacionConImpuestosController.php(24): CodeIgniter\Debug\Exceptions->errorHandler(2, 'Trying to acces...', 'C:\\xampp\\htdocs...', 24)
#1 C:\xampp\htdocs\web\system\CodeIgniter.php(832): App\Controllers\factura_pos\facturacionConImpuestosController->factura_pos()
#2 C:\xampp\htdocs\web\system\CodeIgniter.php(419): CodeIgniter\CodeIgniter->runController(Object(App\Controllers\factura_pos\facturacionConImpuestosController))
#3 C:\xampp\htdocs\web\system\CodeIgniter.php(326): CodeIgniter\CodeIgniter->handleRequest(NULL, Object(Config\Cache), false)
#4 C:\xampp\htdocs\web\index.php(37): CodeIgniter\CodeIgniter->run()
#5 {main}
CRITICAL - 2022-06-16 10:48:14 --> Trying to access array offset on value of type null
#0 C:\xampp\htdocs\web\app\Controllers\factura_pos\facturacionConImpuestosController.php(24): CodeIgniter\Debug\Exceptions->errorHandler(2, 'Trying to acces...', 'C:\\xampp\\htdocs...', 24)
#1 C:\xampp\htdocs\web\system\CodeIgniter.php(832): App\Controllers\factura_pos\facturacionConImpuestosController->factura_pos()
#2 C:\xampp\htdocs\web\system\CodeIgniter.php(419): CodeIgniter\CodeIgniter->runController(Object(App\Controllers\factura_pos\facturacionConImpuestosController))
#3 C:\xampp\htdocs\web\system\CodeIgniter.php(326): CodeIgniter\CodeIgniter->handleRequest(NULL, Object(Config\Cache), false)
#4 C:\xampp\htdocs\web\index.php(37): CodeIgniter\CodeIgniter->run()
#5 {main}
CRITICAL - 2022-06-16 10:48:29 --> Undefined array key "id_producto"
#0 C:\xampp\htdocs\web\app\Controllers\producto\productoController.php(258): CodeIgniter\Debug\Exceptions->errorHandler(2, 'Undefined array...', 'C:\\xampp\\htdocs...', 258)
#1 C:\xampp\htdocs\web\system\CodeIgniter.php(832): App\Controllers\producto\productoController->agregar_productos_x_categoria()
#2 C:\xampp\htdocs\web\system\CodeIgniter.php(419): CodeIgniter\CodeIgniter->runController(Object(App\Controllers\producto\productoController))
#3 C:\xampp\htdocs\web\system\CodeIgniter.php(326): CodeIgniter\CodeIgniter->handleRequest(NULL, Object(Config\Cache), false)
#4 C:\xampp\htdocs\web\index.php(37): CodeIgniter\CodeIgniter->run()
#5 {main}
CRITICAL - 2022-06-16 10:48:33 --> Undefined array key "id_producto"
#0 C:\xampp\htdocs\web\app\Controllers\producto\productoController.php(258): CodeIgniter\Debug\Exceptions->errorHandler(2, 'Undefined array...', 'C:\\xampp\\htdocs...', 258)
#1 C:\xampp\htdocs\web\system\CodeIgniter.php(832): App\Controllers\producto\productoController->agregar_productos_x_categoria()
#2 C:\xampp\htdocs\web\system\CodeIgniter.php(419): CodeIgniter\CodeIgniter->runController(Object(App\Controllers\producto\productoController))
#3 C:\xampp\htdocs\web\system\CodeIgniter.php(326): CodeIgniter\CodeIgniter->handleRequest(NULL, Object(Config\Cache), false)
#4 C:\xampp\htdocs\web\index.php(37): CodeIgniter\CodeIgniter->run()
#5 {main}
CRITICAL - 2022-06-16 10:48:37 --> Undefined array key "id_producto"
#0 C:\xampp\htdocs\web\app\Controllers\producto\productoController.php(258): CodeIgniter\Debug\Exceptions->errorHandler(2, 'Undefined array...', 'C:\\xampp\\htdocs...', 258)
#1 C:\xampp\htdocs\web\system\CodeIgniter.php(832): App\Controllers\producto\productoController->agregar_productos_x_categoria()
#2 C:\xampp\htdocs\web\system\CodeIgniter.php(419): CodeIgniter\CodeIgniter->runController(Object(App\Controllers\producto\productoController))
#3 C:\xampp\htdocs\web\system\CodeIgniter.php(326): CodeIgniter\CodeIgniter->handleRequest(NULL, Object(Config\Cache), false)
#4 C:\xampp\htdocs\web\index.php(37): CodeIgniter\CodeIgniter->run()
#5 {main}
CRITICAL - 2022-06-16 10:48:40 --> Undefined array key "id_producto"
#0 C:\xampp\htdocs\web\app\Controllers\producto\productoController.php(258): CodeIgniter\Debug\Exceptions->errorHandler(2, 'Undefined array...', 'C:\\xampp\\htdocs...', 258)
#1 C:\xampp\htdocs\web\system\CodeIgniter.php(832): App\Controllers\producto\productoController->agregar_productos_x_categoria()
#2 C:\xampp\htdocs\web\system\CodeIgniter.php(419): CodeIgniter\CodeIgniter->runController(Object(App\Controllers\producto\productoController))
#3 C:\xampp\htdocs\web\system\CodeIgniter.php(326): CodeIgniter\CodeIgniter->handleRequest(NULL, Object(Config\Cache), false)
#4 C:\xampp\htdocs\web\index.php(37): CodeIgniter\CodeIgniter->run()
#5 {main}
CRITICAL - 2022-06-16 10:48:45 --> Undefined array key "id_producto"
#0 C:\xampp\htdocs\web\app\Controllers\producto\productoController.php(258): CodeIgniter\Debug\Exceptions->errorHandler(2, 'Undefined array...', 'C:\\xampp\\htdocs...', 258)
#1 C:\xampp\htdocs\web\system\CodeIgniter.php(832): App\Controllers\producto\productoController->agregar_productos_x_categoria()
#2 C:\xampp\htdocs\web\system\CodeIgniter.php(419): CodeIgniter\CodeIgniter->runController(Object(App\Controllers\producto\productoController))
#3 C:\xampp\htdocs\web\system\CodeIgniter.php(326): CodeIgniter\CodeIgniter->handleRequest(NULL, Object(Config\Cache), false)
#4 C:\xampp\htdocs\web\index.php(37): CodeIgniter\CodeIgniter->run()
#5 {main}
CRITICAL - 2022-06-16 10:48:49 --> Undefined array key "id_producto"
#0 C:\xampp\htdocs\web\app\Controllers\producto\productoController.php(258): CodeIgniter\Debug\Exceptions->errorHandler(2, 'Undefined array...', 'C:\\xampp\\htdocs...', 258)
#1 C:\xampp\htdocs\web\system\CodeIgniter.php(832): App\Controllers\producto\productoController->agregar_productos_x_categoria()
#2 C:\xampp\htdocs\web\system\CodeIgniter.php(419): CodeIgniter\CodeIgniter->runController(Object(App\Controllers\producto\productoController))
#3 C:\xampp\htdocs\web\system\CodeIgniter.php(326): CodeIgniter\CodeIgniter->handleRequest(NULL, Object(Config\Cache), false)
#4 C:\xampp\htdocs\web\index.php(37): CodeIgniter\CodeIgniter->run()
#5 {main}
CRITICAL - 2022-06-16 10:48:54 --> Undefined array key "id_producto"
#0 C:\xampp\htdocs\web\app\Controllers\producto\productoController.php(258): CodeIgniter\Debug\Exceptions->errorHandler(2, 'Undefined array...', 'C:\\xampp\\htdocs...', 258)
#1 C:\xampp\htdocs\web\system\CodeIgniter.php(832): App\Controllers\producto\productoController->agregar_productos_x_categoria()
#2 C:\xampp\htdocs\web\system\CodeIgniter.php(419): CodeIgniter\CodeIgniter->runController(Object(App\Controllers\producto\productoController))
#3 C:\xampp\htdocs\web\system\CodeIgniter.php(326): CodeIgniter\CodeIgniter->handleRequest(NULL, Object(Config\Cache), false)
#4 C:\xampp\htdocs\web\index.php(37): CodeIgniter\CodeIgniter->run()
#5 {main}
ERROR - 2022-06-16 10:49:55 --> ErrorException: pg_query(): Query failed: ERROR:  inserción o actualización en la tabla «factura_venta» viola la llave foránea «clientefacturaventa»
DETAIL:  La llave (nitcliente)=(22222222) no está presente en la tabla «cliente». in C:\xampp\htdocs\web\system\Database\Postgre\Connection.php:135
Stack trace:
#0 [internal function]: CodeIgniter\Debug\Exceptions->errorHandler(2, 'pg_query(): Que...', 'C:\\xampp\\htdocs...', 135)
#1 C:\xampp\htdocs\web\system\Database\Postgre\Connection.php(135): pg_query(Resource id #134, 'INSERT INTO "fa...')
#2 C:\xampp\htdocs\web\system\Database\BaseConnection.php(670): CodeIgniter\Database\Postgre\Connection->execute('INSERT INTO "fa...')
#3 C:\xampp\htdocs\web\system\Database\BaseConnection.php(598): CodeIgniter\Database\BaseConnection->simpleQuery('INSERT INTO "fa...')
#4 C:\xampp\htdocs\web\system\Database\BaseBuilder.php(1771): CodeIgniter\Database\BaseConnection->query('INSERT INTO "fa...', Array, false)
#5 C:\xampp\htdocs\web\system\Model.php(239): CodeIgniter\Database\BaseBuilder->insert()
#6 C:\xampp\htdocs\web\system\BaseModel.php(738): CodeIgniter\Model->doInsert(Array)
#7 C:\xampp\htdocs\web\system\Model.php(625): CodeIgniter\BaseModel->insert(Array, true)
#8 C:\xampp\htdocs\web\app\Controllers\factura_pos\facturaDirectaController.php(404): CodeIgniter\Model->insert(Array)
#9 C:\xampp\htdocs\web\app\Controllers\factura_pos\facturaDirectaController.php(55): App\Controllers\factura_pos\facturaDirectaController->facturacion_con_impuestos('4000', '0', '3200', '22222222', '6', '1', '40000')
#10 C:\xampp\htdocs\web\system\CodeIgniter.php(832): App\Controllers\factura_pos\facturaDirectaController->facturacion()
#11 C:\xampp\htdocs\web\system\CodeIgniter.php(419): CodeIgniter\CodeIgniter->runController(Object(App\Controllers\factura_pos\facturaDirectaController))
#12 C:\xampp\htdocs\web\system\CodeIgniter.php(326): CodeIgniter\CodeIgniter->handleRequest(NULL, Object(Config\Cache), false)
#13 C:\xampp\htdocs\web\index.php(37): CodeIgniter\CodeIgniter->run()
#14 {main}
CRITICAL - 2022-06-16 10:49:55 --> pg_query(): Query failed: ERROR:  inserción o actualización en la tabla «factura_venta» viola la llave foránea «clientefacturaventa»
DETAIL:  La llave (nitcliente)=(22222222) no está presente en la tabla «cliente».
#0 [internal function]: CodeIgniter\Debug\Exceptions->errorHandler(2, 'pg_query(): Que...', 'C:\\xampp\\htdocs...', 135)
#1 C:\xampp\htdocs\web\system\Database\Postgre\Connection.php(135): pg_query(Resource id #134, 'INSERT INTO "fa...')
#2 C:\xampp\htdocs\web\system\Database\BaseConnection.php(670): CodeIgniter\Database\Postgre\Connection->execute('INSERT INTO "fa...')
#3 C:\xampp\htdocs\web\system\Database\BaseConnection.php(598): CodeIgniter\Database\BaseConnection->simpleQuery('INSERT INTO "fa...')
#4 C:\xampp\htdocs\web\system\Database\BaseBuilder.php(1771): CodeIgniter\Database\BaseConnection->query('INSERT INTO "fa...', Array, false)
#5 C:\xampp\htdocs\web\system\Model.php(239): CodeIgniter\Database\BaseBuilder->insert()
#6 C:\xampp\htdocs\web\system\BaseModel.php(738): CodeIgniter\Model->doInsert(Array)
#7 C:\xampp\htdocs\web\system\Model.php(625): CodeIgniter\BaseModel->insert(Array, true)
#8 C:\xampp\htdocs\web\app\Controllers\factura_pos\facturaDirectaController.php(404): CodeIgniter\Model->insert(Array)
#9 C:\xampp\htdocs\web\app\Controllers\factura_pos\facturaDirectaController.php(55): App\Controllers\factura_pos\facturaDirectaController->facturacion_con_impuestos('4000', '0', '3200', '22222222', '6', '1', '40000')
#10 C:\xampp\htdocs\web\system\CodeIgniter.php(832): App\Controllers\factura_pos\facturaDirectaController->facturacion()
#11 C:\xampp\htdocs\web\system\CodeIgniter.php(419): CodeIgniter\CodeIgniter->runController(Object(App\Controllers\factura_pos\facturaDirectaController))
#12 C:\xampp\htdocs\web\system\CodeIgniter.php(326): CodeIgniter\CodeIgniter->handleRequest(NULL, Object(Config\Cache), false)
#13 C:\xampp\htdocs\web\index.php(37): CodeIgniter\CodeIgniter->run()
#14 {main}
CRITICAL - 2022-06-16 10:49:55 --> Uncaught CodeIgniter\Format\Exceptions\FormatException: Failed to parse json string, error: "Type is not supported". in C:\xampp\htdocs\web\system\Format\JSONFormatter.php:41
Stack trace:
#0 C:\xampp\htdocs\web\system\Format\JSONFormatter.php(41): CodeIgniter\Format\Exceptions\FormatException::forInvalidJSON('Type is not sup...')
#1 C:\xampp\htdocs\web\system\API\ResponseTrait.php(341): CodeIgniter\Format\JSONFormatter->format(Array)
#2 C:\xampp\htdocs\web\system\API\ResponseTrait.php(99): CodeIgniter\Debug\Exceptions->format(Array)
#3 C:\xampp\htdocs\web\system\Debug\Exceptions.php(115): CodeIgniter\Debug\Exceptions->respond(Array, 500)
#4 [internal function]: CodeIgniter\Debug\Exceptions->exceptionHandler(Object(ErrorException))
#5 {main}
  thrown
#0 [internal function]: CodeIgniter\Debug\Exceptions->shutdownHandler()
#1 {main}
ERROR - 2022-06-16 10:51:32 --> ErrorException: pg_query(): Query failed: ERROR:  inserción o actualización en la tabla «factura_venta» viola la llave foránea «clientefacturaventa»
DETAIL:  La llave (nitcliente)=(22222222) no está presente en la tabla «cliente». in C:\xampp\htdocs\web\system\Database\Postgre\Connection.php:135
Stack trace:
#0 [internal function]: CodeIgniter\Debug\Exceptions->errorHandler(2, 'pg_query(): Que...', 'C:\\xampp\\htdocs...', 135)
#1 C:\xampp\htdocs\web\system\Database\Postgre\Connection.php(135): pg_query(Resource id #134, 'INSERT INTO "fa...')
#2 C:\xampp\htdocs\web\system\Database\BaseConnection.php(670): CodeIgniter\Database\Postgre\Connection->execute('INSERT INTO "fa...')
#3 C:\xampp\htdocs\web\system\Database\BaseConnection.php(598): CodeIgniter\Database\BaseConnection->simpleQuery('INSERT INTO "fa...')
#4 C:\xampp\htdocs\web\system\Database\BaseBuilder.php(1771): CodeIgniter\Database\BaseConnection->query('INSERT INTO "fa...', Array, false)
#5 C:\xampp\htdocs\web\system\Model.php(239): CodeIgniter\Database\BaseBuilder->insert()
#6 C:\xampp\htdocs\web\system\BaseModel.php(738): CodeIgniter\Model->doInsert(Array)
#7 C:\xampp\htdocs\web\system\Model.php(625): CodeIgniter\BaseModel->insert(Array, true)
#8 C:\xampp\htdocs\web\app\Controllers\factura_pos\facturaDirectaController.php(404): CodeIgniter\Model->insert(Array)
#9 C:\xampp\htdocs\web\app\Controllers\factura_pos\facturaDirectaController.php(55): App\Controllers\factura_pos\facturaDirectaController->facturacion_con_impuestos('4000', '0', '3200', '22222222', '6', '1', '40000')
#10 C:\xampp\htdocs\web\system\CodeIgniter.php(832): App\Controllers\factura_pos\facturaDirectaController->facturacion()
#11 C:\xampp\htdocs\web\system\CodeIgniter.php(419): CodeIgniter\CodeIgniter->runController(Object(App\Controllers\factura_pos\facturaDirectaController))
#12 C:\xampp\htdocs\web\system\CodeIgniter.php(326): CodeIgniter\CodeIgniter->handleRequest(NULL, Object(Config\Cache), false)
#13 C:\xampp\htdocs\web\index.php(37): CodeIgniter\CodeIgniter->run()
#14 {main}
CRITICAL - 2022-06-16 10:51:32 --> pg_query(): Query failed: ERROR:  inserción o actualización en la tabla «factura_venta» viola la llave foránea «clientefacturaventa»
DETAIL:  La llave (nitcliente)=(22222222) no está presente en la tabla «cliente».
#0 [internal function]: CodeIgniter\Debug\Exceptions->errorHandler(2, 'pg_query(): Que...', 'C:\\xampp\\htdocs...', 135)
#1 C:\xampp\htdocs\web\system\Database\Postgre\Connection.php(135): pg_query(Resource id #134, 'INSERT INTO "fa...')
#2 C:\xampp\htdocs\web\system\Database\BaseConnection.php(670): CodeIgniter\Database\Postgre\Connection->execute('INSERT INTO "fa...')
#3 C:\xampp\htdocs\web\system\Database\BaseConnection.php(598): CodeIgniter\Database\BaseConnection->simpleQuery('INSERT INTO "fa...')
#4 C:\xampp\htdocs\web\system\Database\BaseBuilder.php(1771): CodeIgniter\Database\BaseConnection->query('INSERT INTO "fa...', Array, false)
#5 C:\xampp\htdocs\web\system\Model.php(239): CodeIgniter\Database\BaseBuilder->insert()
#6 C:\xampp\htdocs\web\system\BaseModel.php(738): CodeIgniter\Model->doInsert(Array)
#7 C:\xampp\htdocs\web\system\Model.php(625): CodeIgniter\BaseModel->insert(Array, true)
#8 C:\xampp\htdocs\web\app\Controllers\factura_pos\facturaDirectaController.php(404): CodeIgniter\Model->insert(Array)
#9 C:\xampp\htdocs\web\app\Controllers\factura_pos\facturaDirectaController.php(55): App\Controllers\factura_pos\facturaDirectaController->facturacion_con_impuestos('4000', '0', '3200', '22222222', '6', '1', '40000')
#10 C:\xampp\htdocs\web\system\CodeIgniter.php(832): App\Controllers\factura_pos\facturaDirectaController->facturacion()
#11 C:\xampp\htdocs\web\system\CodeIgniter.php(419): CodeIgniter\CodeIgniter->runController(Object(App\Controllers\factura_pos\facturaDirectaController))
#12 C:\xampp\htdocs\web\system\CodeIgniter.php(326): CodeIgniter\CodeIgniter->handleRequest(NULL, Object(Config\Cache), false)
#13 C:\xampp\htdocs\web\index.php(37): CodeIgniter\CodeIgniter->run()
#14 {main}
CRITICAL - 2022-06-16 10:51:32 --> Uncaught CodeIgniter\Format\Exceptions\FormatException: Failed to parse json string, error: "Type is not supported". in C:\xampp\htdocs\web\system\Format\JSONFormatter.php:41
Stack trace:
#0 C:\xampp\htdocs\web\system\Format\JSONFormatter.php(41): CodeIgniter\Format\Exceptions\FormatException::forInvalidJSON('Type is not sup...')
#1 C:\xampp\htdocs\web\system\API\ResponseTrait.php(341): CodeIgniter\Format\JSONFormatter->format(Array)
#2 C:\xampp\htdocs\web\system\API\ResponseTrait.php(99): CodeIgniter\Debug\Exceptions->format(Array)
#3 C:\xampp\htdocs\web\system\Debug\Exceptions.php(115): CodeIgniter\Debug\Exceptions->respond(Array, 500)
#4 [internal function]: CodeIgniter\Debug\Exceptions->exceptionHandler(Object(ErrorException))
#5 {main}
  thrown
#0 [internal function]: CodeIgniter\Debug\Exceptions->shutdownHandler()
#1 {main}
ERROR - 2022-06-16 10:55:00 --> ErrorException: pg_query(): Query failed: ERROR:  inserción o actualización en la tabla «factura_venta» viola la llave foránea «clientefacturaventa»
DETAIL:  La llave (nitcliente)=(22222222) no está presente en la tabla «cliente». in C:\xampp\htdocs\web\system\Database\Postgre\Connection.php:135
Stack trace:
#0 [internal function]: CodeIgniter\Debug\Exceptions->errorHandler(2, 'pg_query(): Que...', 'C:\\xampp\\htdocs...', 135)
#1 C:\xampp\htdocs\web\system\Database\Postgre\Connection.php(135): pg_query(Resource id #134, 'INSERT INTO "fa...')
#2 C:\xampp\htdocs\web\system\Database\BaseConnection.php(670): CodeIgniter\Database\Postgre\Connection->execute('INSERT INTO "fa...')
#3 C:\xampp\htdocs\web\system\Database\BaseConnection.php(598): CodeIgniter\Database\BaseConnection->simpleQuery('INSERT INTO "fa...')
#4 C:\xampp\htdocs\web\system\Database\BaseBuilder.php(1771): CodeIgniter\Database\BaseConnection->query('INSERT INTO "fa...', Array, false)
#5 C:\xampp\htdocs\web\system\Model.php(239): CodeIgniter\Database\BaseBuilder->insert()
#6 C:\xampp\htdocs\web\system\BaseModel.php(738): CodeIgniter\Model->doInsert(Array)
#7 C:\xampp\htdocs\web\system\Model.php(625): CodeIgniter\BaseModel->insert(Array, true)
#8 C:\xampp\htdocs\web\app\Controllers\factura_pos\facturaDirectaController.php(404): CodeIgniter\Model->insert(Array)
#9 C:\xampp\htdocs\web\app\Controllers\factura_pos\facturaDirectaController.php(55): App\Controllers\factura_pos\facturaDirectaController->facturacion_con_impuestos('4000', '0', '3200', '22222222', '6', '1', '40000')
#10 C:\xampp\htdocs\web\system\CodeIgniter.php(832): App\Controllers\factura_pos\facturaDirectaController->facturacion()
#11 C:\xampp\htdocs\web\system\CodeIgniter.php(419): CodeIgniter\CodeIgniter->runController(Object(App\Controllers\factura_pos\facturaDirectaController))
#12 C:\xampp\htdocs\web\system\CodeIgniter.php(326): CodeIgniter\CodeIgniter->handleRequest(NULL, Object(Config\Cache), false)
#13 C:\xampp\htdocs\web\index.php(37): CodeIgniter\CodeIgniter->run()
#14 {main}
CRITICAL - 2022-06-16 10:55:00 --> pg_query(): Query failed: ERROR:  inserción o actualización en la tabla «factura_venta» viola la llave foránea «clientefacturaventa»
DETAIL:  La llave (nitcliente)=(22222222) no está presente en la tabla «cliente».
#0 [internal function]: CodeIgniter\Debug\Exceptions->errorHandler(2, 'pg_query(): Que...', 'C:\\xampp\\htdocs...', 135)
#1 C:\xampp\htdocs\web\system\Database\Postgre\Connection.php(135): pg_query(Resource id #134, 'INSERT INTO "fa...')
#2 C:\xampp\htdocs\web\system\Database\BaseConnection.php(670): CodeIgniter\Database\Postgre\Connection->execute('INSERT INTO "fa...')
#3 C:\xampp\htdocs\web\system\Database\BaseConnection.php(598): CodeIgniter\Database\BaseConnection->simpleQuery('INSERT INTO "fa...')
#4 C:\xampp\htdocs\web\system\Database\BaseBuilder.php(1771): CodeIgniter\Database\BaseConnection->query('INSERT INTO "fa...', Array, false)
#5 C:\xampp\htdocs\web\system\Model.php(239): CodeIgniter\Database\BaseBuilder->insert()
#6 C:\xampp\htdocs\web\system\BaseModel.php(738): CodeIgniter\Model->doInsert(Array)
#7 C:\xampp\htdocs\web\system\Model.php(625): CodeIgniter\BaseModel->insert(Array, true)
#8 C:\xampp\htdocs\web\app\Controllers\factura_pos\facturaDirectaController.php(404): CodeIgniter\Model->insert(Array)
#9 C:\xampp\htdocs\web\app\Controllers\factura_pos\facturaDirectaController.php(55): App\Controllers\factura_pos\facturaDirectaController->facturacion_con_impuestos('4000', '0', '3200', '22222222', '6', '1', '40000')
#10 C:\xampp\htdocs\web\system\CodeIgniter.php(832): App\Controllers\factura_pos\facturaDirectaController->facturacion()
#11 C:\xampp\htdocs\web\system\CodeIgniter.php(419): CodeIgniter\CodeIgniter->runController(Object(App\Controllers\factura_pos\facturaDirectaController))
#12 C:\xampp\htdocs\web\system\CodeIgniter.php(326): CodeIgniter\CodeIgniter->handleRequest(NULL, Object(Config\Cache), false)
#13 C:\xampp\htdocs\web\index.php(37): CodeIgniter\CodeIgniter->run()
#14 {main}
CRITICAL - 2022-06-16 10:55:00 --> Uncaught CodeIgniter\Format\Exceptions\FormatException: Failed to parse json string, error: "Type is not supported". in C:\xampp\htdocs\web\system\Format\JSONFormatter.php:41
Stack trace:
#0 C:\xampp\htdocs\web\system\Format\JSONFormatter.php(41): CodeIgniter\Format\Exceptions\FormatException::forInvalidJSON('Type is not sup...')
#1 C:\xampp\htdocs\web\system\API\ResponseTrait.php(341): CodeIgniter\Format\JSONFormatter->format(Array)
#2 C:\xampp\htdocs\web\system\API\ResponseTrait.php(99): CodeIgniter\Debug\Exceptions->format(Array)
#3 C:\xampp\htdocs\web\system\Debug\Exceptions.php(115): CodeIgniter\Debug\Exceptions->respond(Array, 500)
#4 [internal function]: CodeIgniter\Debug\Exceptions->exceptionHandler(Object(ErrorException))
#5 {main}
  thrown
#0 [internal function]: CodeIgniter\Debug\Exceptions->shutdownHandler()
#1 {main}
ERROR - 2022-06-16 10:55:15 --> ErrorException: pg_query(): Query failed: ERROR:  inserción o actualización en la tabla «factura_venta» viola la llave foránea «clientefacturaventa»
DETAIL:  La llave (nitcliente)=(22222222) no está presente en la tabla «cliente». in C:\xampp\htdocs\web\system\Database\Postgre\Connection.php:135
Stack trace:
#0 [internal function]: CodeIgniter\Debug\Exceptions->errorHandler(2, 'pg_query(): Que...', 'C:\\xampp\\htdocs...', 135)
#1 C:\xampp\htdocs\web\system\Database\Postgre\Connection.php(135): pg_query(Resource id #134, 'INSERT INTO "fa...')
#2 C:\xampp\htdocs\web\system\Database\BaseConnection.php(670): CodeIgniter\Database\Postgre\Connection->execute('INSERT INTO "fa...')
#3 C:\xampp\htdocs\web\system\Database\BaseConnection.php(598): CodeIgniter\Database\BaseConnection->simpleQuery('INSERT INTO "fa...')
#4 C:\xampp\htdocs\web\system\Database\BaseBuilder.php(1771): CodeIgniter\Database\BaseConnection->query('INSERT INTO "fa...', Array, false)
#5 C:\xampp\htdocs\web\system\Model.php(239): CodeIgniter\Database\BaseBuilder->insert()
#6 C:\xampp\htdocs\web\system\BaseModel.php(738): CodeIgniter\Model->doInsert(Array)
#7 C:\xampp\htdocs\web\system\Model.php(625): CodeIgniter\BaseModel->insert(Array, true)
#8 C:\xampp\htdocs\web\app\Controllers\factura_pos\facturaDirectaController.php(404): CodeIgniter\Model->insert(Array)
#9 C:\xampp\htdocs\web\app\Controllers\factura_pos\facturaDirectaController.php(55): App\Controllers\factura_pos\facturaDirectaController->facturacion_con_impuestos('4000', '0', '3200', '22222222', '6', '1', '40000')
#10 C:\xampp\htdocs\web\system\CodeIgniter.php(832): App\Controllers\factura_pos\facturaDirectaController->facturacion()
#11 C:\xampp\htdocs\web\system\CodeIgniter.php(419): CodeIgniter\CodeIgniter->runController(Object(App\Controllers\factura_pos\facturaDirectaController))
#12 C:\xampp\htdocs\web\system\CodeIgniter.php(326): CodeIgniter\CodeIgniter->handleRequest(NULL, Object(Config\Cache), false)
#13 C:\xampp\htdocs\web\index.php(37): CodeIgniter\CodeIgniter->run()
#14 {main}
CRITICAL - 2022-06-16 10:55:15 --> pg_query(): Query failed: ERROR:  inserción o actualización en la tabla «factura_venta» viola la llave foránea «clientefacturaventa»
DETAIL:  La llave (nitcliente)=(22222222) no está presente en la tabla «cliente».
#0 [internal function]: CodeIgniter\Debug\Exceptions->errorHandler(2, 'pg_query(): Que...', 'C:\\xampp\\htdocs...', 135)
#1 C:\xampp\htdocs\web\system\Database\Postgre\Connection.php(135): pg_query(Resource id #134, 'INSERT INTO "fa...')
#2 C:\xampp\htdocs\web\system\Database\BaseConnection.php(670): CodeIgniter\Database\Postgre\Connection->execute('INSERT INTO "fa...')
#3 C:\xampp\htdocs\web\system\Database\BaseConnection.php(598): CodeIgniter\Database\BaseConnection->simpleQuery('INSERT INTO "fa...')
#4 C:\xampp\htdocs\web\system\Database\BaseBuilder.php(1771): CodeIgniter\Database\BaseConnection->query('INSERT INTO "fa...', Array, false)
#5 C:\xampp\htdocs\web\system\Model.php(239): CodeIgniter\Database\BaseBuilder->insert()
#6 C:\xampp\htdocs\web\system\BaseModel.php(738): CodeIgniter\Model->doInsert(Array)
#7 C:\xampp\htdocs\web\system\Model.php(625): CodeIgniter\BaseModel->insert(Array, true)
#8 C:\xampp\htdocs\web\app\Controllers\factura_pos\facturaDirectaController.php(404): CodeIgniter\Model->insert(Array)
#9 C:\xampp\htdocs\web\app\Controllers\factura_pos\facturaDirectaController.php(55): App\Controllers\factura_pos\facturaDirectaController->facturacion_con_impuestos('4000', '0', '3200', '22222222', '6', '1', '40000')
#10 C:\xampp\htdocs\web\system\CodeIgniter.php(832): App\Controllers\factura_pos\facturaDirectaController->facturacion()
#11 C:\xampp\htdocs\web\system\CodeIgniter.php(419): CodeIgniter\CodeIgniter->runController(Object(App\Controllers\factura_pos\facturaDirectaController))
#12 C:\xampp\htdocs\web\system\CodeIgniter.php(326): CodeIgniter\CodeIgniter->handleRequest(NULL, Object(Config\Cache), false)
#13 C:\xampp\htdocs\web\index.php(37): CodeIgniter\CodeIgniter->run()
#14 {main}
CRITICAL - 2022-06-16 10:55:15 --> Uncaught CodeIgniter\Format\Exceptions\FormatException: Failed to parse json string, error: "Type is not supported". in C:\xampp\htdocs\web\system\Format\JSONFormatter.php:41
Stack trace:
#0 C:\xampp\htdocs\web\system\Format\JSONFormatter.php(41): CodeIgniter\Format\Exceptions\FormatException::forInvalidJSON('Type is not sup...')
#1 C:\xampp\htdocs\web\system\API\ResponseTrait.php(341): CodeIgniter\Format\JSONFormatter->format(Array)
#2 C:\xampp\htdocs\web\system\API\ResponseTrait.php(99): CodeIgniter\Debug\Exceptions->format(Array)
#3 C:\xampp\htdocs\web\system\Debug\Exceptions.php(115): CodeIgniter\Debug\Exceptions->respond(Array, 500)
#4 [internal function]: CodeIgniter\Debug\Exceptions->exceptionHandler(Object(ErrorException))
#5 {main}
  thrown
#0 [internal function]: CodeIgniter\Debug\Exceptions->shutdownHandler()
#1 {main}
CRITICAL - 2022-06-16 20:54:38 --> Trying to access array offset on value of type int
#0 C:\xampp\htdocs\web\app\Views\consultas_y_reportes\informe_fiscal_ventas_diarias_datos.php(154): CodeIgniter\Debug\Exceptions->errorHandler(2, 'Trying to acces...', 'C:\\xampp\\htdocs...', 154)
#1 C:\xampp\htdocs\web\system\View\View.php(210): include('C:\\xampp\\htdocs...')
#2 C:\xampp\htdocs\web\system\View\View.php(213): CodeIgniter\View\View->CodeIgniter\View\{closure}()
#3 C:\xampp\htdocs\web\system\Common.php(1089): CodeIgniter\View\View->render('consultas_y_rep...', Array, true)
#4 C:\xampp\htdocs\web\app\Controllers\consultas_y_reportes\informeFiscalVentasController.php(186): view('consultas_y_rep...', Array)
#5 C:\xampp\htdocs\web\system\CodeIgniter.php(832): App\Controllers\consultas_y_reportes\informeFiscalVentasController->informe_fiscal_ventas_datos()
#6 C:\xampp\htdocs\web\system\CodeIgniter.php(419): CodeIgniter\CodeIgniter->runController(Object(App\Controllers\consultas_y_reportes\informeFiscalVentasController))
#7 C:\xampp\htdocs\web\system\CodeIgniter.php(326): CodeIgniter\CodeIgniter->handleRequest(NULL, Object(Config\Cache), false)
#8 C:\xampp\htdocs\web\index.php(37): CodeIgniter\CodeIgniter->run()
#9 {main}
CRITICAL - 2022-06-16 20:54:39 --> Trying to access array offset on value of type int
#0 C:\xampp\htdocs\web\app\Views\consultas_y_reportes\informe_fiscal_ventas_diarias_datos.php(154): CodeIgniter\Debug\Exceptions->errorHandler(2, 'Trying to acces...', 'C:\\xampp\\htdocs...', 154)
#1 C:\xampp\htdocs\web\system\View\View.php(210): include('C:\\xampp\\htdocs...')
#2 C:\xampp\htdocs\web\system\View\View.php(213): CodeIgniter\View\View->CodeIgniter\View\{closure}()
#3 C:\xampp\htdocs\web\system\Common.php(1089): CodeIgniter\View\View->render('consultas_y_rep...', Array, true)
#4 C:\xampp\htdocs\web\app\Controllers\consultas_y_reportes\informeFiscalVentasController.php(186): view('consultas_y_rep...', Array)
#5 C:\xampp\htdocs\web\system\CodeIgniter.php(832): App\Controllers\consultas_y_reportes\informeFiscalVentasController->informe_fiscal_ventas_datos()
#6 C:\xampp\htdocs\web\system\CodeIgniter.php(419): CodeIgniter\CodeIgniter->runController(Object(App\Controllers\consultas_y_reportes\informeFiscalVentasController))
#7 C:\xampp\htdocs\web\system\CodeIgniter.php(326): CodeIgniter\CodeIgniter->handleRequest(NULL, Object(Config\Cache), false)
#8 C:\xampp\htdocs\web\index.php(37): CodeIgniter\CodeIgniter->run()
#9 {main}
CRITICAL - 2022-06-16 20:54:40 --> Trying to access array offset on value of type int
#0 C:\xampp\htdocs\web\app\Views\consultas_y_reportes\informe_fiscal_ventas_diarias_datos.php(154): CodeIgniter\Debug\Exceptions->errorHandler(2, 'Trying to acces...', 'C:\\xampp\\htdocs...', 154)
#1 C:\xampp\htdocs\web\system\View\View.php(210): include('C:\\xampp\\htdocs...')
#2 C:\xampp\htdocs\web\system\View\View.php(213): CodeIgniter\View\View->CodeIgniter\View\{closure}()
#3 C:\xampp\htdocs\web\system\Common.php(1089): CodeIgniter\View\View->render('consultas_y_rep...', Array, true)
#4 C:\xampp\htdocs\web\app\Controllers\consultas_y_reportes\informeFiscalVentasController.php(186): view('consultas_y_rep...', Array)
#5 C:\xampp\htdocs\web\system\CodeIgniter.php(832): App\Controllers\consultas_y_reportes\informeFiscalVentasController->informe_fiscal_ventas_datos()
#6 C:\xampp\htdocs\web\system\CodeIgniter.php(419): CodeIgniter\CodeIgniter->runController(Object(App\Controllers\consultas_y_reportes\informeFiscalVentasController))
#7 C:\xampp\htdocs\web\system\CodeIgniter.php(326): CodeIgniter\CodeIgniter->handleRequest(NULL, Object(Config\Cache), false)
#8 C:\xampp\htdocs\web\index.php(37): CodeIgniter\CodeIgniter->run()
#9 {main}
CRITICAL - 2022-06-16 20:54:40 --> Trying to access array offset on value of type int
#0 C:\xampp\htdocs\web\app\Views\consultas_y_reportes\informe_fiscal_ventas_diarias_datos.php(154): CodeIgniter\Debug\Exceptions->errorHandler(2, 'Trying to acces...', 'C:\\xampp\\htdocs...', 154)
#1 C:\xampp\htdocs\web\system\View\View.php(210): include('C:\\xampp\\htdocs...')
#2 C:\xampp\htdocs\web\system\View\View.php(213): CodeIgniter\View\View->CodeIgniter\View\{closure}()
#3 C:\xampp\htdocs\web\system\Common.php(1089): CodeIgniter\View\View->render('consultas_y_rep...', Array, true)
#4 C:\xampp\htdocs\web\app\Controllers\consultas_y_reportes\informeFiscalVentasController.php(186): view('consultas_y_rep...', Array)
#5 C:\xampp\htdocs\web\system\CodeIgniter.php(832): App\Controllers\consultas_y_reportes\informeFiscalVentasController->informe_fiscal_ventas_datos()
#6 C:\xampp\htdocs\web\system\CodeIgniter.php(419): CodeIgniter\CodeIgniter->runController(Object(App\Controllers\consultas_y_reportes\informeFiscalVentasController))
#7 C:\xampp\htdocs\web\system\CodeIgniter.php(326): CodeIgniter\CodeIgniter->handleRequest(NULL, Object(Config\Cache), false)
#8 C:\xampp\htdocs\web\index.php(37): CodeIgniter\CodeIgniter->run()
#9 {main}
CRITICAL - 2022-06-16 20:54:41 --> Trying to access array offset on value of type int
#0 C:\xampp\htdocs\web\app\Views\consultas_y_reportes\informe_fiscal_ventas_diarias_datos.php(154): CodeIgniter\Debug\Exceptions->errorHandler(2, 'Trying to acces...', 'C:\\xampp\\htdocs...', 154)
#1 C:\xampp\htdocs\web\system\View\View.php(210): include('C:\\xampp\\htdocs...')
#2 C:\xampp\htdocs\web\system\View\View.php(213): CodeIgniter\View\View->CodeIgniter\View\{closure}()
#3 C:\xampp\htdocs\web\system\Common.php(1089): CodeIgniter\View\View->render('consultas_y_rep...', Array, true)
#4 C:\xampp\htdocs\web\app\Controllers\consultas_y_reportes\informeFiscalVentasController.php(186): view('consultas_y_rep...', Array)
#5 C:\xampp\htdocs\web\system\CodeIgniter.php(832): App\Controllers\consultas_y_reportes\informeFiscalVentasController->informe_fiscal_ventas_datos()
#6 C:\xampp\htdocs\web\system\CodeIgniter.php(419): CodeIgniter\CodeIgniter->runController(Object(App\Controllers\consultas_y_reportes\informeFiscalVentasController))
#7 C:\xampp\htdocs\web\system\CodeIgniter.php(326): CodeIgniter\CodeIgniter->handleRequest(NULL, Object(Config\Cache), false)
#8 C:\xampp\htdocs\web\index.php(37): CodeIgniter\CodeIgniter->run()
#9 {main}
CRITICAL - 2022-06-16 20:54:41 --> Trying to access array offset on value of type int
#0 C:\xampp\htdocs\web\app\Views\consultas_y_reportes\informe_fiscal_ventas_diarias_datos.php(154): CodeIgniter\Debug\Exceptions->errorHandler(2, 'Trying to acces...', 'C:\\xampp\\htdocs...', 154)
#1 C:\xampp\htdocs\web\system\View\View.php(210): include('C:\\xampp\\htdocs...')
#2 C:\xampp\htdocs\web\system\View\View.php(213): CodeIgniter\View\View->CodeIgniter\View\{closure}()
#3 C:\xampp\htdocs\web\system\Common.php(1089): CodeIgniter\View\View->render('consultas_y_rep...', Array, true)
#4 C:\xampp\htdocs\web\app\Controllers\consultas_y_reportes\informeFiscalVentasController.php(186): view('consultas_y_rep...', Array)
#5 C:\xampp\htdocs\web\system\CodeIgniter.php(832): App\Controllers\consultas_y_reportes\informeFiscalVentasController->informe_fiscal_ventas_datos()
#6 C:\xampp\htdocs\web\system\CodeIgniter.php(419): CodeIgniter\CodeIgniter->runController(Object(App\Controllers\consultas_y_reportes\informeFiscalVentasController))
#7 C:\xampp\htdocs\web\system\CodeIgniter.php(326): CodeIgniter\CodeIgniter->handleRequest(NULL, Object(Config\Cache), false)
#8 C:\xampp\htdocs\web\index.php(37): CodeIgniter\CodeIgniter->run()
#9 {main}
CRITICAL - 2022-06-16 20:54:41 --> Trying to access array offset on value of type int
#0 C:\xampp\htdocs\web\app\Views\consultas_y_reportes\informe_fiscal_ventas_diarias_datos.php(154): CodeIgniter\Debug\Exceptions->errorHandler(2, 'Trying to acces...', 'C:\\xampp\\htdocs...', 154)
#1 C:\xampp\htdocs\web\system\View\View.php(210): include('C:\\xampp\\htdocs...')
#2 C:\xampp\htdocs\web\system\View\View.php(213): CodeIgniter\View\View->CodeIgniter\View\{closure}()
#3 C:\xampp\htdocs\web\system\Common.php(1089): CodeIgniter\View\View->render('consultas_y_rep...', Array, true)
#4 C:\xampp\htdocs\web\app\Controllers\consultas_y_reportes\informeFiscalVentasController.php(186): view('consultas_y_rep...', Array)
#5 C:\xampp\htdocs\web\system\CodeIgniter.php(832): App\Controllers\consultas_y_reportes\informeFiscalVentasController->informe_fiscal_ventas_datos()
#6 C:\xampp\htdocs\web\system\CodeIgniter.php(419): CodeIgniter\CodeIgniter->runController(Object(App\Controllers\consultas_y_reportes\informeFiscalVentasController))
#7 C:\xampp\htdocs\web\system\CodeIgniter.php(326): CodeIgniter\CodeIgniter->handleRequest(NULL, Object(Config\Cache), false)
#8 C:\xampp\htdocs\web\index.php(37): CodeIgniter\CodeIgniter->run()
#9 {main}
CRITICAL - 2022-06-16 20:54:41 --> Trying to access array offset on value of type int
#0 C:\xampp\htdocs\web\app\Views\consultas_y_reportes\informe_fiscal_ventas_diarias_datos.php(154): CodeIgniter\Debug\Exceptions->errorHandler(2, 'Trying to acces...', 'C:\\xampp\\htdocs...', 154)
#1 C:\xampp\htdocs\web\system\View\View.php(210): include('C:\\xampp\\htdocs...')
#2 C:\xampp\htdocs\web\system\View\View.php(213): CodeIgniter\View\View->CodeIgniter\View\{closure}()
#3 C:\xampp\htdocs\web\system\Common.php(1089): CodeIgniter\View\View->render('consultas_y_rep...', Array, true)
#4 C:\xampp\htdocs\web\app\Controllers\consultas_y_reportes\informeFiscalVentasController.php(186): view('consultas_y_rep...', Array)
#5 C:\xampp\htdocs\web\system\CodeIgniter.php(832): App\Controllers\consultas_y_reportes\informeFiscalVentasController->informe_fiscal_ventas_datos()
#6 C:\xampp\htdocs\web\system\CodeIgniter.php(419): CodeIgniter\CodeIgniter->runController(Object(App\Controllers\consultas_y_reportes\informeFiscalVentasController))
#7 C:\xampp\htdocs\web\system\CodeIgniter.php(326): CodeIgniter\CodeIgniter->handleRequest(NULL, Object(Config\Cache), false)
#8 C:\xampp\htdocs\web\index.php(37): CodeIgniter\CodeIgniter->run()
#9 {main}
CRITICAL - 2022-06-16 20:54:42 --> Trying to access array offset on value of type int
#0 C:\xampp\htdocs\web\app\Views\consultas_y_reportes\informe_fiscal_ventas_diarias_datos.php(154): CodeIgniter\Debug\Exceptions->errorHandler(2, 'Trying to acces...', 'C:\\xampp\\htdocs...', 154)
#1 C:\xampp\htdocs\web\system\View\View.php(210): include('C:\\xampp\\htdocs...')
#2 C:\xampp\htdocs\web\system\View\View.php(213): CodeIgniter\View\View->CodeIgniter\View\{closure}()
#3 C:\xampp\htdocs\web\system\Common.php(1089): CodeIgniter\View\View->render('consultas_y_rep...', Array, true)
#4 C:\xampp\htdocs\web\app\Controllers\consultas_y_reportes\informeFiscalVentasController.php(186): view('consultas_y_rep...', Array)
#5 C:\xampp\htdocs\web\system\CodeIgniter.php(832): App\Controllers\consultas_y_reportes\informeFiscalVentasController->informe_fiscal_ventas_datos()
#6 C:\xampp\htdocs\web\system\CodeIgniter.php(419): CodeIgniter\CodeIgniter->runController(Object(App\Controllers\consultas_y_reportes\informeFiscalVentasController))
#7 C:\xampp\htdocs\web\system\CodeIgniter.php(326): CodeIgniter\CodeIgniter->handleRequest(NULL, Object(Config\Cache), false)
#8 C:\xampp\htdocs\web\index.php(37): CodeIgniter\CodeIgniter->run()
#9 {main}
CRITICAL - 2022-06-16 20:54:42 --> Trying to access array offset on value of type int
#0 C:\xampp\htdocs\web\app\Views\consultas_y_reportes\informe_fiscal_ventas_diarias_datos.php(154): CodeIgniter\Debug\Exceptions->errorHandler(2, 'Trying to acces...', 'C:\\xampp\\htdocs...', 154)
#1 C:\xampp\htdocs\web\system\View\View.php(210): include('C:\\xampp\\htdocs...')
#2 C:\xampp\htdocs\web\system\View\View.php(213): CodeIgniter\View\View->CodeIgniter\View\{closure}()
#3 C:\xampp\htdocs\web\system\Common.php(1089): CodeIgniter\View\View->render('consultas_y_rep...', Array, true)
#4 C:\xampp\htdocs\web\app\Controllers\consultas_y_reportes\informeFiscalVentasController.php(186): view('consultas_y_rep...', Array)
#5 C:\xampp\htdocs\web\system\CodeIgniter.php(832): App\Controllers\consultas_y_reportes\informeFiscalVentasController->informe_fiscal_ventas_datos()
#6 C:\xampp\htdocs\web\system\CodeIgniter.php(419): CodeIgniter\CodeIgniter->runController(Object(App\Controllers\consultas_y_reportes\informeFiscalVentasController))
#7 C:\xampp\htdocs\web\system\CodeIgniter.php(326): CodeIgniter\CodeIgniter->handleRequest(NULL, Object(Config\Cache), false)
#8 C:\xampp\htdocs\web\index.php(37): CodeIgniter\CodeIgniter->run()
#9 {main}
CRITICAL - 2022-06-16 20:54:42 --> Trying to access array offset on value of type int
#0 C:\xampp\htdocs\web\app\Views\consultas_y_reportes\informe_fiscal_ventas_diarias_datos.php(154): CodeIgniter\Debug\Exceptions->errorHandler(2, 'Trying to acces...', 'C:\\xampp\\htdocs...', 154)
#1 C:\xampp\htdocs\web\system\View\View.php(210): include('C:\\xampp\\htdocs...')
#2 C:\xampp\htdocs\web\system\View\View.php(213): CodeIgniter\View\View->CodeIgniter\View\{closure}()
#3 C:\xampp\htdocs\web\system\Common.php(1089): CodeIgniter\View\View->render('consultas_y_rep...', Array, true)
#4 C:\xampp\htdocs\web\app\Controllers\consultas_y_reportes\informeFiscalVentasController.php(186): view('consultas_y_rep...', Array)
#5 C:\xampp\htdocs\web\system\CodeIgniter.php(832): App\Controllers\consultas_y_reportes\informeFiscalVentasController->informe_fiscal_ventas_datos()
#6 C:\xampp\htdocs\web\system\CodeIgniter.php(419): CodeIgniter\CodeIgniter->runController(Object(App\Controllers\consultas_y_reportes\informeFiscalVentasController))
#7 C:\xampp\htdocs\web\system\CodeIgniter.php(326): CodeIgniter\CodeIgniter->handleRequest(NULL, Object(Config\Cache), false)
#8 C:\xampp\htdocs\web\index.php(37): CodeIgniter\CodeIgniter->run()
#9 {main}
CRITICAL - 2022-06-16 20:54:42 --> Trying to access array offset on value of type int
#0 C:\xampp\htdocs\web\app\Views\consultas_y_reportes\informe_fiscal_ventas_diarias_datos.php(154): CodeIgniter\Debug\Exceptions->errorHandler(2, 'Trying to acces...', 'C:\\xampp\\htdocs...', 154)
#1 C:\xampp\htdocs\web\system\View\View.php(210): include('C:\\xampp\\htdocs...')
#2 C:\xampp\htdocs\web\system\View\View.php(213): CodeIgniter\View\View->CodeIgniter\View\{closure}()
#3 C:\xampp\htdocs\web\system\Common.php(1089): CodeIgniter\View\View->render('consultas_y_rep...', Array, true)
#4 C:\xampp\htdocs\web\app\Controllers\consultas_y_reportes\informeFiscalVentasController.php(186): view('consultas_y_rep...', Array)
#5 C:\xampp\htdocs\web\system\CodeIgniter.php(832): App\Controllers\consultas_y_reportes\informeFiscalVentasController->informe_fiscal_ventas_datos()
#6 C:\xampp\htdocs\web\system\CodeIgniter.php(419): CodeIgniter\CodeIgniter->runController(Object(App\Controllers\consultas_y_reportes\informeFiscalVentasController))
#7 C:\xampp\htdocs\web\system\CodeIgniter.php(326): CodeIgniter\CodeIgniter->handleRequest(NULL, Object(Config\Cache), false)
#8 C:\xampp\htdocs\web\index.php(37): CodeIgniter\CodeIgniter->run()
#9 {main}
CRITICAL - 2022-06-16 20:54:51 --> Trying to access array offset on value of type int
#0 C:\xampp\htdocs\web\app\Views\consultas_y_reportes\informe_fiscal_ventas_diarias_datos.php(154): CodeIgniter\Debug\Exceptions->errorHandler(2, 'Trying to acces...', 'C:\\xampp\\htdocs...', 154)
#1 C:\xampp\htdocs\web\system\View\View.php(210): include('C:\\xampp\\htdocs...')
#2 C:\xampp\htdocs\web\system\View\View.php(213): CodeIgniter\View\View->CodeIgniter\View\{closure}()
#3 C:\xampp\htdocs\web\system\Common.php(1089): CodeIgniter\View\View->render('consultas_y_rep...', Array, true)
#4 C:\xampp\htdocs\web\app\Controllers\consultas_y_reportes\informeFiscalVentasController.php(186): view('consultas_y_rep...', Array)
#5 C:\xampp\htdocs\web\system\CodeIgniter.php(832): App\Controllers\consultas_y_reportes\informeFiscalVentasController->informe_fiscal_ventas_datos()
#6 C:\xampp\htdocs\web\system\CodeIgniter.php(419): CodeIgniter\CodeIgniter->runController(Object(App\Controllers\consultas_y_reportes\informeFiscalVentasController))
#7 C:\xampp\htdocs\web\system\CodeIgniter.php(326): CodeIgniter\CodeIgniter->handleRequest(NULL, Object(Config\Cache), false)
#8 C:\xampp\htdocs\web\index.php(37): CodeIgniter\CodeIgniter->run()
#9 {main}
CRITICAL - 2022-06-16 20:55:59 --> Trying to access array offset on value of type int
#0 C:\xampp\htdocs\web\app\Views\consultas_y_reportes\informe_fiscal_ventas_diarias_datos.php(154): CodeIgniter\Debug\Exceptions->errorHandler(2, 'Trying to acces...', 'C:\\xampp\\htdocs...', 154)
#1 C:\xampp\htdocs\web\system\View\View.php(210): include('C:\\xampp\\htdocs...')
#2 C:\xampp\htdocs\web\system\View\View.php(213): CodeIgniter\View\View->CodeIgniter\View\{closure}()
#3 C:\xampp\htdocs\web\system\Common.php(1089): CodeIgniter\View\View->render('consultas_y_rep...', Array, true)
#4 C:\xampp\htdocs\web\app\Controllers\consultas_y_reportes\informeFiscalVentasController.php(186): view('consultas_y_rep...', Array)
#5 C:\xampp\htdocs\web\system\CodeIgniter.php(832): App\Controllers\consultas_y_reportes\informeFiscalVentasController->informe_fiscal_ventas_datos()
#6 C:\xampp\htdocs\web\system\CodeIgniter.php(419): CodeIgniter\CodeIgniter->runController(Object(App\Controllers\consultas_y_reportes\informeFiscalVentasController))
#7 C:\xampp\htdocs\web\system\CodeIgniter.php(326): CodeIgniter\CodeIgniter->handleRequest(NULL, Object(Config\Cache), false)
#8 C:\xampp\htdocs\web\index.php(37): CodeIgniter\CodeIgniter->run()
#9 {main}
CRITICAL - 2022-06-16 20:58:27 --> Trying to access array offset on value of type int
#0 C:\xampp\htdocs\web\app\Views\consultas_y_reportes\informe_fiscal_ventas_diarias_datos.php(154): CodeIgniter\Debug\Exceptions->errorHandler(2, 'Trying to acces...', 'C:\\xampp\\htdocs...', 154)
#1 C:\xampp\htdocs\web\system\View\View.php(210): include('C:\\xampp\\htdocs...')
#2 C:\xampp\htdocs\web\system\View\View.php(213): CodeIgniter\View\View->CodeIgniter\View\{closure}()
#3 C:\xampp\htdocs\web\system\Common.php(1089): CodeIgniter\View\View->render('consultas_y_rep...', Array, true)
#4 C:\xampp\htdocs\web\app\Controllers\consultas_y_reportes\informeFiscalVentasController.php(186): view('consultas_y_rep...', Array)
#5 C:\xampp\htdocs\web\system\CodeIgniter.php(832): App\Controllers\consultas_y_reportes\informeFiscalVentasController->informe_fiscal_ventas_datos()
#6 C:\xampp\htdocs\web\system\CodeIgniter.php(419): CodeIgniter\CodeIgniter->runController(Object(App\Controllers\consultas_y_reportes\informeFiscalVentasController))
#7 C:\xampp\htdocs\web\system\CodeIgniter.php(326): CodeIgniter\CodeIgniter->handleRequest(NULL, Object(Config\Cache), false)
#8 C:\xampp\htdocs\web\index.php(37): CodeIgniter\CodeIgniter->run()
#9 {main}
CRITICAL - 2022-06-16 21:10:29 --> Trying to access array offset on value of type int
#0 C:\xampp\htdocs\web\app\Views\consultas_y_reportes\informe_fiscal_ventas_diarias_datos.php(154): CodeIgniter\Debug\Exceptions->errorHandler(2, 'Trying to acces...', 'C:\\xampp\\htdocs...', 154)
#1 C:\xampp\htdocs\web\system\View\View.php(210): include('C:\\xampp\\htdocs...')
#2 C:\xampp\htdocs\web\system\View\View.php(213): CodeIgniter\View\View->CodeIgniter\View\{closure}()
#3 C:\xampp\htdocs\web\system\Common.php(1089): CodeIgniter\View\View->render('consultas_y_rep...', Array, true)
#4 C:\xampp\htdocs\web\app\Controllers\consultas_y_reportes\informeFiscalVentasController.php(186): view('consultas_y_rep...', Array)
#5 C:\xampp\htdocs\web\system\CodeIgniter.php(832): App\Controllers\consultas_y_reportes\informeFiscalVentasController->informe_fiscal_ventas_datos()
#6 C:\xampp\htdocs\web\system\CodeIgniter.php(419): CodeIgniter\CodeIgniter->runController(Object(App\Controllers\consultas_y_reportes\informeFiscalVentasController))
#7 C:\xampp\htdocs\web\system\CodeIgniter.php(326): CodeIgniter\CodeIgniter->handleRequest(NULL, Object(Config\Cache), false)
#8 C:\xampp\htdocs\web\index.php(37): CodeIgniter\CodeIgniter->run()
#9 {main}
CRITICAL - 2022-06-16 21:10:32 --> Trying to access array offset on value of type int
#0 C:\xampp\htdocs\web\app\Views\consultas_y_reportes\informe_fiscal_ventas_diarias_datos.php(154): CodeIgniter\Debug\Exceptions->errorHandler(2, 'Trying to acces...', 'C:\\xampp\\htdocs...', 154)
#1 C:\xampp\htdocs\web\system\View\View.php(210): include('C:\\xampp\\htdocs...')
#2 C:\xampp\htdocs\web\system\View\View.php(213): CodeIgniter\View\View->CodeIgniter\View\{closure}()
#3 C:\xampp\htdocs\web\system\Common.php(1089): CodeIgniter\View\View->render('consultas_y_rep...', Array, true)
#4 C:\xampp\htdocs\web\app\Controllers\consultas_y_reportes\informeFiscalVentasController.php(186): view('consultas_y_rep...', Array)
#5 C:\xampp\htdocs\web\system\CodeIgniter.php(832): App\Controllers\consultas_y_reportes\informeFiscalVentasController->informe_fiscal_ventas_datos()
#6 C:\xampp\htdocs\web\system\CodeIgniter.php(419): CodeIgniter\CodeIgniter->runController(Object(App\Controllers\consultas_y_reportes\informeFiscalVentasController))
#7 C:\xampp\htdocs\web\system\CodeIgniter.php(326): CodeIgniter\CodeIgniter->handleRequest(NULL, Object(Config\Cache), false)
#8 C:\xampp\htdocs\web\index.php(37): CodeIgniter\CodeIgniter->run()
#9 {main}
CRITICAL - 2022-06-16 21:10:46 --> Trying to access array offset on value of type int
#0 C:\xampp\htdocs\web\app\Views\consultas_y_reportes\informe_fiscal_ventas_diarias_datos.php(154): CodeIgniter\Debug\Exceptions->errorHandler(2, 'Trying to acces...', 'C:\\xampp\\htdocs...', 154)
#1 C:\xampp\htdocs\web\system\View\View.php(210): include('C:\\xampp\\htdocs...')
#2 C:\xampp\htdocs\web\system\View\View.php(213): CodeIgniter\View\View->CodeIgniter\View\{closure}()
#3 C:\xampp\htdocs\web\system\Common.php(1089): CodeIgniter\View\View->render('consultas_y_rep...', Array, true)
#4 C:\xampp\htdocs\web\app\Controllers\consultas_y_reportes\informeFiscalVentasController.php(186): view('consultas_y_rep...', Array)
#5 C:\xampp\htdocs\web\system\CodeIgniter.php(832): App\Controllers\consultas_y_reportes\informeFiscalVentasController->informe_fiscal_ventas_datos()
#6 C:\xampp\htdocs\web\system\CodeIgniter.php(419): CodeIgniter\CodeIgniter->runController(Object(App\Controllers\consultas_y_reportes\informeFiscalVentasController))
#7 C:\xampp\htdocs\web\system\CodeIgniter.php(326): CodeIgniter\CodeIgniter->handleRequest(NULL, Object(Config\Cache), false)
#8 C:\xampp\htdocs\web\index.php(37): CodeIgniter\CodeIgniter->run()
#9 {main}
CRITICAL - 2022-06-16 21:13:49 --> Undefined array key "id"
#0 C:\xampp\htdocs\web\app\Controllers\consultas_y_reportes\informeFiscalVentasController.php(39): CodeIgniter\Debug\Exceptions->errorHandler(2, 'Undefined array...', 'C:\\xampp\\htdocs...', 39)
#1 C:\xampp\htdocs\web\system\CodeIgniter.php(832): App\Controllers\consultas_y_reportes\informeFiscalVentasController->informe_fiscal_ventas_datos()
#2 C:\xampp\htdocs\web\system\CodeIgniter.php(419): CodeIgniter\CodeIgniter->runController(Object(App\Controllers\consultas_y_reportes\informeFiscalVentasController))
#3 C:\xampp\htdocs\web\system\CodeIgniter.php(326): CodeIgniter\CodeIgniter->handleRequest(NULL, Object(Config\Cache), false)
#4 C:\xampp\htdocs\web\index.php(37): CodeIgniter\CodeIgniter->run()
#5 {main}
CRITICAL - 2022-06-16 21:14:15 --> Undefined array key "id"
#0 C:\xampp\htdocs\web\app\Controllers\consultas_y_reportes\informeFiscalVentasController.php(40): CodeIgniter\Debug\Exceptions->errorHandler(2, 'Undefined array...', 'C:\\xampp\\htdocs...', 40)
#1 C:\xampp\htdocs\web\system\CodeIgniter.php(832): App\Controllers\consultas_y_reportes\informeFiscalVentasController->informe_fiscal_ventas_datos()
#2 C:\xampp\htdocs\web\system\CodeIgniter.php(419): CodeIgniter\CodeIgniter->runController(Object(App\Controllers\consultas_y_reportes\informeFiscalVentasController))
#3 C:\xampp\htdocs\web\system\CodeIgniter.php(326): CodeIgniter\CodeIgniter->handleRequest(NULL, Object(Config\Cache), false)
#4 C:\xampp\htdocs\web\index.php(37): CodeIgniter\CodeIgniter->run()
#5 {main}
CRITICAL - 2022-06-16 21:18:42 --> Trying to access array offset on value of type int
#0 C:\xampp\htdocs\web\app\Views\consultas_y_reportes\informe_fiscal_ventas_diarias_datos.php(154): CodeIgniter\Debug\Exceptions->errorHandler(2, 'Trying to acces...', 'C:\\xampp\\htdocs...', 154)
#1 C:\xampp\htdocs\web\system\View\View.php(210): include('C:\\xampp\\htdocs...')
#2 C:\xampp\htdocs\web\system\View\View.php(213): CodeIgniter\View\View->CodeIgniter\View\{closure}()
#3 C:\xampp\htdocs\web\system\Common.php(1089): CodeIgniter\View\View->render('consultas_y_rep...', Array, true)
#4 C:\xampp\htdocs\web\app\Controllers\consultas_y_reportes\informeFiscalVentasController.php(188): view('consultas_y_rep...', Array)
#5 C:\xampp\htdocs\web\system\CodeIgniter.php(832): App\Controllers\consultas_y_reportes\informeFiscalVentasController->informe_fiscal_ventas_datos()
#6 C:\xampp\htdocs\web\system\CodeIgniter.php(419): CodeIgniter\CodeIgniter->runController(Object(App\Controllers\consultas_y_reportes\informeFiscalVentasController))
#7 C:\xampp\htdocs\web\system\CodeIgniter.php(326): CodeIgniter\CodeIgniter->handleRequest(NULL, Object(Config\Cache), false)
#8 C:\xampp\htdocs\web\index.php(37): CodeIgniter\CodeIgniter->run()
#9 {main}
CRITICAL - 2022-06-16 21:18:58 --> Trying to access array offset on value of type int
#0 C:\xampp\htdocs\web\app\Views\consultas_y_reportes\informe_fiscal_ventas_diarias_datos.php(154): CodeIgniter\Debug\Exceptions->errorHandler(2, 'Trying to acces...', 'C:\\xampp\\htdocs...', 154)
#1 C:\xampp\htdocs\web\system\View\View.php(210): include('C:\\xampp\\htdocs...')
#2 C:\xampp\htdocs\web\system\View\View.php(213): CodeIgniter\View\View->CodeIgniter\View\{closure}()
#3 C:\xampp\htdocs\web\system\Common.php(1089): CodeIgniter\View\View->render('consultas_y_rep...', Array, true)
#4 C:\xampp\htdocs\web\app\Controllers\consultas_y_reportes\informeFiscalVentasController.php(188): view('consultas_y_rep...', Array)
#5 C:\xampp\htdocs\web\system\CodeIgniter.php(832): App\Controllers\consultas_y_reportes\informeFiscalVentasController->informe_fiscal_ventas_datos()
#6 C:\xampp\htdocs\web\system\CodeIgniter.php(419): CodeIgniter\CodeIgniter->runController(Object(App\Controllers\consultas_y_reportes\informeFiscalVentasController))
#7 C:\xampp\htdocs\web\system\CodeIgniter.php(326): CodeIgniter\CodeIgniter->handleRequest(NULL, Object(Config\Cache), false)
#8 C:\xampp\htdocs\web\index.php(37): CodeIgniter\CodeIgniter->run()
#9 {main}
CRITICAL - 2022-06-16 21:19:52 --> Trying to access array offset on value of type int
#0 C:\xampp\htdocs\web\app\Views\consultas_y_reportes\informe_fiscal_ventas_diarias_datos.php(154): CodeIgniter\Debug\Exceptions->errorHandler(2, 'Trying to acces...', 'C:\\xampp\\htdocs...', 154)
#1 C:\xampp\htdocs\web\system\View\View.php(210): include('C:\\xampp\\htdocs...')
#2 C:\xampp\htdocs\web\system\View\View.php(213): CodeIgniter\View\View->CodeIgniter\View\{closure}()
#3 C:\xampp\htdocs\web\system\Common.php(1089): CodeIgniter\View\View->render('consultas_y_rep...', Array, true)
#4 C:\xampp\htdocs\web\app\Controllers\consultas_y_reportes\informeFiscalVentasController.php(188): view('consultas_y_rep...', Array)
#5 C:\xampp\htdocs\web\system\CodeIgniter.php(832): App\Controllers\consultas_y_reportes\informeFiscalVentasController->informe_fiscal_ventas_datos()
#6 C:\xampp\htdocs\web\system\CodeIgniter.php(419): CodeIgniter\CodeIgniter->runController(Object(App\Controllers\consultas_y_reportes\informeFiscalVentasController))
#7 C:\xampp\htdocs\web\system\CodeIgniter.php(326): CodeIgniter\CodeIgniter->handleRequest(NULL, Object(Config\Cache), false)
#8 C:\xampp\htdocs\web\index.php(37): CodeIgniter\CodeIgniter->run()
#9 {main}
CRITICAL - 2022-06-16 21:20:26 --> Trying to access array offset on value of type int
#0 C:\xampp\htdocs\web\app\Views\consultas_y_reportes\informe_fiscal_ventas_diarias_datos.php(154): CodeIgniter\Debug\Exceptions->errorHandler(2, 'Trying to acces...', 'C:\\xampp\\htdocs...', 154)
#1 C:\xampp\htdocs\web\system\View\View.php(210): include('C:\\xampp\\htdocs...')
#2 C:\xampp\htdocs\web\system\View\View.php(213): CodeIgniter\View\View->CodeIgniter\View\{closure}()
#3 C:\xampp\htdocs\web\system\Common.php(1089): CodeIgniter\View\View->render('consultas_y_rep...', Array, true)
#4 C:\xampp\htdocs\web\app\Controllers\consultas_y_reportes\informeFiscalVentasController.php(188): view('consultas_y_rep...', Array)
#5 C:\xampp\htdocs\web\system\CodeIgniter.php(832): App\Controllers\consultas_y_reportes\informeFiscalVentasController->informe_fiscal_ventas_datos()
#6 C:\xampp\htdocs\web\system\CodeIgniter.php(419): CodeIgniter\CodeIgniter->runController(Object(App\Controllers\consultas_y_reportes\informeFiscalVentasController))
#7 C:\xampp\htdocs\web\system\CodeIgniter.php(326): CodeIgniter\CodeIgniter->handleRequest(NULL, Object(Config\Cache), false)
#8 C:\xampp\htdocs\web\index.php(37): CodeIgniter\CodeIgniter->run()
#9 {main}
CRITICAL - 2022-06-16 21:20:28 --> Trying to access array offset on value of type int
#0 C:\xampp\htdocs\web\app\Views\consultas_y_reportes\informe_fiscal_ventas_diarias_datos.php(154): CodeIgniter\Debug\Exceptions->errorHandler(2, 'Trying to acces...', 'C:\\xampp\\htdocs...', 154)
#1 C:\xampp\htdocs\web\system\View\View.php(210): include('C:\\xampp\\htdocs...')
#2 C:\xampp\htdocs\web\system\View\View.php(213): CodeIgniter\View\View->CodeIgniter\View\{closure}()
#3 C:\xampp\htdocs\web\system\Common.php(1089): CodeIgniter\View\View->render('consultas_y_rep...', Array, true)
#4 C:\xampp\htdocs\web\app\Controllers\consultas_y_reportes\informeFiscalVentasController.php(188): view('consultas_y_rep...', Array)
#5 C:\xampp\htdocs\web\system\CodeIgniter.php(832): App\Controllers\consultas_y_reportes\informeFiscalVentasController->informe_fiscal_ventas_datos()
#6 C:\xampp\htdocs\web\system\CodeIgniter.php(419): CodeIgniter\CodeIgniter->runController(Object(App\Controllers\consultas_y_reportes\informeFiscalVentasController))
#7 C:\xampp\htdocs\web\system\CodeIgniter.php(326): CodeIgniter\CodeIgniter->handleRequest(NULL, Object(Config\Cache), false)
#8 C:\xampp\htdocs\web\index.php(37): CodeIgniter\CodeIgniter->run()
#9 {main}
CRITICAL - 2022-06-16 21:36:19 --> syntax error, unexpected token ")"
#0 C:\xampp\htdocs\web\system\View\View.php(213): CodeIgniter\View\View->CodeIgniter\View\{closure}()
#1 C:\xampp\htdocs\web\system\Common.php(1089): CodeIgniter\View\View->render('consultas_y_rep...', Array, true)
#2 C:\xampp\htdocs\web\app\Controllers\consultas_y_reportes\informeFiscalVentasController.php(188): view('consultas_y_rep...', Array)
#3 C:\xampp\htdocs\web\system\CodeIgniter.php(832): App\Controllers\consultas_y_reportes\informeFiscalVentasController->informe_fiscal_ventas_datos()
#4 C:\xampp\htdocs\web\system\CodeIgniter.php(419): CodeIgniter\CodeIgniter->runController(Object(App\Controllers\consultas_y_reportes\informeFiscalVentasController))
#5 C:\xampp\htdocs\web\system\CodeIgniter.php(326): CodeIgniter\CodeIgniter->handleRequest(NULL, Object(Config\Cache), false)
#6 C:\xampp\htdocs\web\index.php(37): CodeIgniter\CodeIgniter->run()
#7 {main}
CRITICAL - 2022-06-16 21:37:59 --> Trying to access array offset on value of type int
#0 C:\xampp\htdocs\web\app\Views\consultas_y_reportes\informe_fiscal_ventas_diarias_datos.php(155): CodeIgniter\Debug\Exceptions->errorHandler(2, 'Trying to acces...', 'C:\\xampp\\htdocs...', 155)
#1 C:\xampp\htdocs\web\system\View\View.php(210): include('C:\\xampp\\htdocs...')
#2 C:\xampp\htdocs\web\system\View\View.php(213): CodeIgniter\View\View->CodeIgniter\View\{closure}()
#3 C:\xampp\htdocs\web\system\Common.php(1089): CodeIgniter\View\View->render('consultas_y_rep...', Array, true)
#4 C:\xampp\htdocs\web\app\Controllers\consultas_y_reportes\informeFiscalVentasController.php(188): view('consultas_y_rep...', Array)
#5 C:\xampp\htdocs\web\system\CodeIgniter.php(832): App\Controllers\consultas_y_reportes\informeFiscalVentasController->informe_fiscal_ventas_datos()
#6 C:\xampp\htdocs\web\system\CodeIgniter.php(419): CodeIgniter\CodeIgniter->runController(Object(App\Controllers\consultas_y_reportes\informeFiscalVentasController))
#7 C:\xampp\htdocs\web\system\CodeIgniter.php(326): CodeIgniter\CodeIgniter->handleRequest(NULL, Object(Config\Cache), false)
#8 C:\xampp\htdocs\web\index.php(37): CodeIgniter\CodeIgniter->run()
#9 {main}
CRITICAL - 2022-06-16 21:42:06 --> Trying to access array offset on value of type int
#0 C:\xampp\htdocs\web\app\Views\consultas_y_reportes\informe_fiscal_ventas_diarias_datos.php(156): CodeIgniter\Debug\Exceptions->errorHandler(2, 'Trying to acces...', 'C:\\xampp\\htdocs...', 156)
#1 C:\xampp\htdocs\web\system\View\View.php(210): include('C:\\xampp\\htdocs...')
#2 C:\xampp\htdocs\web\system\View\View.php(213): CodeIgniter\View\View->CodeIgniter\View\{closure}()
#3 C:\xampp\htdocs\web\system\Common.php(1089): CodeIgniter\View\View->render('consultas_y_rep...', Array, true)
#4 C:\xampp\htdocs\web\app\Controllers\consultas_y_reportes\informeFiscalVentasController.php(188): view('consultas_y_rep...', Array)
#5 C:\xampp\htdocs\web\system\CodeIgniter.php(832): App\Controllers\consultas_y_reportes\informeFiscalVentasController->informe_fiscal_ventas_datos()
#6 C:\xampp\htdocs\web\system\CodeIgniter.php(419): CodeIgniter\CodeIgniter->runController(Object(App\Controllers\consultas_y_reportes\informeFiscalVentasController))
#7 C:\xampp\htdocs\web\system\CodeIgniter.php(326): CodeIgniter\CodeIgniter->handleRequest(NULL, Object(Config\Cache), false)
#8 C:\xampp\htdocs\web\index.php(37): CodeIgniter\CodeIgniter->run()
#9 {main}
CRITICAL - 2022-06-16 21:56:42 --> Trying to access array offset on value of type int
#0 C:\xampp\htdocs\web\app\Views\consultas_y_reportes\informe_fiscal_ventas_diarias_datos.php(156): CodeIgniter\Debug\Exceptions->errorHandler(2, 'Trying to acces...', 'C:\\xampp\\htdocs...', 156)
#1 C:\xampp\htdocs\web\system\View\View.php(210): include('C:\\xampp\\htdocs...')
#2 C:\xampp\htdocs\web\system\View\View.php(213): CodeIgniter\View\View->CodeIgniter\View\{closure}()
#3 C:\xampp\htdocs\web\system\Common.php(1089): CodeIgniter\View\View->render('consultas_y_rep...', Array, true)
#4 C:\xampp\htdocs\web\app\Controllers\consultas_y_reportes\informeFiscalVentasController.php(188): view('consultas_y_rep...', Array)
#5 C:\xampp\htdocs\web\system\CodeIgniter.php(832): App\Controllers\consultas_y_reportes\informeFiscalVentasController->informe_fiscal_ventas_datos()
#6 C:\xampp\htdocs\web\system\CodeIgniter.php(419): CodeIgniter\CodeIgniter->runController(Object(App\Controllers\consultas_y_reportes\informeFiscalVentasController))
#7 C:\xampp\htdocs\web\system\CodeIgniter.php(326): CodeIgniter\CodeIgniter->handleRequest(NULL, Object(Config\Cache), false)
#8 C:\xampp\htdocs\web\index.php(37): CodeIgniter\CodeIgniter->run()
#9 {main}
CRITICAL - 2022-06-16 21:57:24 --> Trying to access array offset on value of type int
#0 C:\xampp\htdocs\web\app\Views\consultas_y_reportes\informe_fiscal_ventas_diarias_datos.php(156): CodeIgniter\Debug\Exceptions->errorHandler(2, 'Trying to acces...', 'C:\\xampp\\htdocs...', 156)
#1 C:\xampp\htdocs\web\system\View\View.php(210): include('C:\\xampp\\htdocs...')
#2 C:\xampp\htdocs\web\system\View\View.php(213): CodeIgniter\View\View->CodeIgniter\View\{closure}()
#3 C:\xampp\htdocs\web\system\Common.php(1089): CodeIgniter\View\View->render('consultas_y_rep...', Array, true)
#4 C:\xampp\htdocs\web\app\Controllers\consultas_y_reportes\informeFiscalVentasController.php(188): view('consultas_y_rep...', Array)
#5 C:\xampp\htdocs\web\system\CodeIgniter.php(832): App\Controllers\consultas_y_reportes\informeFiscalVentasController->informe_fiscal_ventas_datos()
#6 C:\xampp\htdocs\web\system\CodeIgniter.php(419): CodeIgniter\CodeIgniter->runController(Object(App\Controllers\consultas_y_reportes\informeFiscalVentasController))
#7 C:\xampp\htdocs\web\system\CodeIgniter.php(326): CodeIgniter\CodeIgniter->handleRequest(NULL, Object(Config\Cache), false)
#8 C:\xampp\htdocs\web\index.php(37): CodeIgniter\CodeIgniter->run()
#9 {main}
CRITICAL - 2022-06-16 21:57:33 --> Trying to access array offset on value of type int
#0 C:\xampp\htdocs\web\app\Views\consultas_y_reportes\informe_fiscal_ventas_diarias_datos.php(158): CodeIgniter\Debug\Exceptions->errorHandler(2, 'Trying to acces...', 'C:\\xampp\\htdocs...', 158)
#1 C:\xampp\htdocs\web\system\View\View.php(210): include('C:\\xampp\\htdocs...')
#2 C:\xampp\htdocs\web\system\View\View.php(213): CodeIgniter\View\View->CodeIgniter\View\{closure}()
#3 C:\xampp\htdocs\web\system\Common.php(1089): CodeIgniter\View\View->render('consultas_y_rep...', Array, true)
#4 C:\xampp\htdocs\web\app\Controllers\consultas_y_reportes\informeFiscalVentasController.php(188): view('consultas_y_rep...', Array)
#5 C:\xampp\htdocs\web\system\CodeIgniter.php(832): App\Controllers\consultas_y_reportes\informeFiscalVentasController->informe_fiscal_ventas_datos()
#6 C:\xampp\htdocs\web\system\CodeIgniter.php(419): CodeIgniter\CodeIgniter->runController(Object(App\Controllers\consultas_y_reportes\informeFiscalVentasController))
#7 C:\xampp\htdocs\web\system\CodeIgniter.php(326): CodeIgniter\CodeIgniter->handleRequest(NULL, Object(Config\Cache), false)
#8 C:\xampp\htdocs\web\index.php(37): CodeIgniter\CodeIgniter->run()
#9 {main}
CRITICAL - 2022-06-16 21:58:09 --> Trying to access array offset on value of type int
#0 C:\xampp\htdocs\web\app\Views\consultas_y_reportes\informe_fiscal_ventas_diarias_datos.php(156): CodeIgniter\Debug\Exceptions->errorHandler(2, 'Trying to acces...', 'C:\\xampp\\htdocs...', 156)
#1 C:\xampp\htdocs\web\system\View\View.php(210): include('C:\\xampp\\htdocs...')
#2 C:\xampp\htdocs\web\system\View\View.php(213): CodeIgniter\View\View->CodeIgniter\View\{closure}()
#3 C:\xampp\htdocs\web\system\Common.php(1089): CodeIgniter\View\View->render('consultas_y_rep...', Array, true)
#4 C:\xampp\htdocs\web\app\Controllers\consultas_y_reportes\informeFiscalVentasController.php(188): view('consultas_y_rep...', Array)
#5 C:\xampp\htdocs\web\system\CodeIgniter.php(832): App\Controllers\consultas_y_reportes\informeFiscalVentasController->informe_fiscal_ventas_datos()
#6 C:\xampp\htdocs\web\system\CodeIgniter.php(419): CodeIgniter\CodeIgniter->runController(Object(App\Controllers\consultas_y_reportes\informeFiscalVentasController))
#7 C:\xampp\htdocs\web\system\CodeIgniter.php(326): CodeIgniter\CodeIgniter->handleRequest(NULL, Object(Config\Cache), false)
#8 C:\xampp\htdocs\web\index.php(37): CodeIgniter\CodeIgniter->run()
#9 {main}
CRITICAL - 2022-06-16 21:58:20 --> Trying to access array offset on value of type int
#0 C:\xampp\htdocs\web\app\Views\consultas_y_reportes\informe_fiscal_ventas_diarias_datos.php(156): CodeIgniter\Debug\Exceptions->errorHandler(2, 'Trying to acces...', 'C:\\xampp\\htdocs...', 156)
#1 C:\xampp\htdocs\web\system\View\View.php(210): include('C:\\xampp\\htdocs...')
#2 C:\xampp\htdocs\web\system\View\View.php(213): CodeIgniter\View\View->CodeIgniter\View\{closure}()
#3 C:\xampp\htdocs\web\system\Common.php(1089): CodeIgniter\View\View->render('consultas_y_rep...', Array, true)
#4 C:\xampp\htdocs\web\app\Controllers\consultas_y_reportes\informeFiscalVentasController.php(188): view('consultas_y_rep...', Array)
#5 C:\xampp\htdocs\web\system\CodeIgniter.php(832): App\Controllers\consultas_y_reportes\informeFiscalVentasController->informe_fiscal_ventas_datos()
#6 C:\xampp\htdocs\web\system\CodeIgniter.php(419): CodeIgniter\CodeIgniter->runController(Object(App\Controllers\consultas_y_reportes\informeFiscalVentasController))
#7 C:\xampp\htdocs\web\system\CodeIgniter.php(326): CodeIgniter\CodeIgniter->handleRequest(NULL, Object(Config\Cache), false)
#8 C:\xampp\htdocs\web\index.php(37): CodeIgniter\CodeIgniter->run()
#9 {main}
CRITICAL - 2022-06-16 21:58:34 --> Trying to access array offset on value of type int
#0 C:\xampp\htdocs\web\app\Views\consultas_y_reportes\informe_fiscal_ventas_diarias_datos.php(159): CodeIgniter\Debug\Exceptions->errorHandler(2, 'Trying to acces...', 'C:\\xampp\\htdocs...', 159)
#1 C:\xampp\htdocs\web\system\View\View.php(210): include('C:\\xampp\\htdocs...')
#2 C:\xampp\htdocs\web\system\View\View.php(213): CodeIgniter\View\View->CodeIgniter\View\{closure}()
#3 C:\xampp\htdocs\web\system\Common.php(1089): CodeIgniter\View\View->render('consultas_y_rep...', Array, true)
#4 C:\xampp\htdocs\web\app\Controllers\consultas_y_reportes\informeFiscalVentasController.php(188): view('consultas_y_rep...', Array)
#5 C:\xampp\htdocs\web\system\CodeIgniter.php(832): App\Controllers\consultas_y_reportes\informeFiscalVentasController->informe_fiscal_ventas_datos()
#6 C:\xampp\htdocs\web\system\CodeIgniter.php(419): CodeIgniter\CodeIgniter->runController(Object(App\Controllers\consultas_y_reportes\informeFiscalVentasController))
#7 C:\xampp\htdocs\web\system\CodeIgniter.php(326): CodeIgniter\CodeIgniter->handleRequest(NULL, Object(Config\Cache), false)
#8 C:\xampp\htdocs\web\index.php(37): CodeIgniter\CodeIgniter->run()
#9 {main}
CRITICAL - 2022-06-16 21:58:52 --> Trying to access array offset on value of type int
#0 C:\xampp\htdocs\web\app\Views\consultas_y_reportes\informe_fiscal_ventas_diarias_datos.php(156): CodeIgniter\Debug\Exceptions->errorHandler(2, 'Trying to acces...', 'C:\\xampp\\htdocs...', 156)
#1 C:\xampp\htdocs\web\system\View\View.php(210): include('C:\\xampp\\htdocs...')
#2 C:\xampp\htdocs\web\system\View\View.php(213): CodeIgniter\View\View->CodeIgniter\View\{closure}()
#3 C:\xampp\htdocs\web\system\Common.php(1089): CodeIgniter\View\View->render('consultas_y_rep...', Array, true)
#4 C:\xampp\htdocs\web\app\Controllers\consultas_y_reportes\informeFiscalVentasController.php(188): view('consultas_y_rep...', Array)
#5 C:\xampp\htdocs\web\system\CodeIgniter.php(832): App\Controllers\consultas_y_reportes\informeFiscalVentasController->informe_fiscal_ventas_datos()
#6 C:\xampp\htdocs\web\system\CodeIgniter.php(419): CodeIgniter\CodeIgniter->runController(Object(App\Controllers\consultas_y_reportes\informeFiscalVentasController))
#7 C:\xampp\htdocs\web\system\CodeIgniter.php(326): CodeIgniter\CodeIgniter->handleRequest(NULL, Object(Config\Cache), false)
#8 C:\xampp\htdocs\web\index.php(37): CodeIgniter\CodeIgniter->run()
#9 {main}
CRITICAL - 2022-06-16 22:03:52 --> Trying to access array offset on value of type int
#0 C:\xampp\htdocs\web\app\Views\consultas_y_reportes\informe_fiscal_ventas_diarias_datos.php(155): CodeIgniter\Debug\Exceptions->errorHandler(2, 'Trying to acces...', 'C:\\xampp\\htdocs...', 155)
#1 C:\xampp\htdocs\web\system\View\View.php(210): include('C:\\xampp\\htdocs...')
#2 C:\xampp\htdocs\web\system\View\View.php(213): CodeIgniter\View\View->CodeIgniter\View\{closure}()
#3 C:\xampp\htdocs\web\system\Common.php(1089): CodeIgniter\View\View->render('consultas_y_rep...', Array, true)
#4 C:\xampp\htdocs\web\app\Controllers\consultas_y_reportes\informeFiscalVentasController.php(188): view('consultas_y_rep...', Array)
#5 C:\xampp\htdocs\web\system\CodeIgniter.php(832): App\Controllers\consultas_y_reportes\informeFiscalVentasController->informe_fiscal_ventas_datos()
#6 C:\xampp\htdocs\web\system\CodeIgniter.php(419): CodeIgniter\CodeIgniter->runController(Object(App\Controllers\consultas_y_reportes\informeFiscalVentasController))
#7 C:\xampp\htdocs\web\system\CodeIgniter.php(326): CodeIgniter\CodeIgniter->handleRequest(NULL, Object(Config\Cache), false)
#8 C:\xampp\htdocs\web\index.php(37): CodeIgniter\CodeIgniter->run()
#9 {main}
CRITICAL - 2022-06-16 22:09:39 --> Trying to access array offset on value of type int
#0 C:\xampp\htdocs\web\app\Views\consultas_y_reportes\informe_fiscal_ventas_diarias_datos.php(181): CodeIgniter\Debug\Exceptions->errorHandler(2, 'Trying to acces...', 'C:\\xampp\\htdocs...', 181)
#1 C:\xampp\htdocs\web\system\View\View.php(210): include('C:\\xampp\\htdocs...')
#2 C:\xampp\htdocs\web\system\View\View.php(213): CodeIgniter\View\View->CodeIgniter\View\{closure}()
#3 C:\xampp\htdocs\web\system\Common.php(1089): CodeIgniter\View\View->render('consultas_y_rep...', Array, true)
#4 C:\xampp\htdocs\web\app\Controllers\consultas_y_reportes\informeFiscalVentasController.php(188): view('consultas_y_rep...', Array)
#5 C:\xampp\htdocs\web\system\CodeIgniter.php(832): App\Controllers\consultas_y_reportes\informeFiscalVentasController->informe_fiscal_ventas_datos()
#6 C:\xampp\htdocs\web\system\CodeIgniter.php(419): CodeIgniter\CodeIgniter->runController(Object(App\Controllers\consultas_y_reportes\informeFiscalVentasController))
#7 C:\xampp\htdocs\web\system\CodeIgniter.php(326): CodeIgniter\CodeIgniter->handleRequest(NULL, Object(Config\Cache), false)
#8 C:\xampp\htdocs\web\index.php(37): CodeIgniter\CodeIgniter->run()
#9 {main}
CRITICAL - 2022-06-16 22:12:58 --> Trying to access array offset on value of type int
#0 C:\xampp\htdocs\web\app\Controllers\consultas_y_reportes\informeFiscalVentasController.php(486): CodeIgniter\Debug\Exceptions->errorHandler(2, 'Trying to acces...', 'C:\\xampp\\htdocs...', 486)
#1 C:\xampp\htdocs\web\app\Controllers\consultas_y_reportes\informeFiscalVentasController.php(207): App\Controllers\consultas_y_reportes\informeFiscalVentasController->generar_informe_fiscal_ventas_pdf('2022-06-16')
#2 C:\xampp\htdocs\web\system\CodeIgniter.php(832): App\Controllers\consultas_y_reportes\informeFiscalVentasController->informe_fiscal_ventas_pdf()
#3 C:\xampp\htdocs\web\system\CodeIgniter.php(419): CodeIgniter\CodeIgniter->runController(Object(App\Controllers\consultas_y_reportes\informeFiscalVentasController))
#4 C:\xampp\htdocs\web\system\CodeIgniter.php(326): CodeIgniter\CodeIgniter->handleRequest(NULL, Object(Config\Cache), false)
#5 C:\xampp\htdocs\web\index.php(37): CodeIgniter\CodeIgniter->run()
#6 {main}
CRITICAL - 2022-06-16 22:16:10 --> Trying to access array offset on value of type int
#0 C:\xampp\htdocs\web\app\Controllers\consultas_y_reportes\informeFiscalVentasController.php(515): CodeIgniter\Debug\Exceptions->errorHandler(2, 'Trying to acces...', 'C:\\xampp\\htdocs...', 515)
#1 C:\xampp\htdocs\web\app\Controllers\consultas_y_reportes\informeFiscalVentasController.php(207): App\Controllers\consultas_y_reportes\informeFiscalVentasController->generar_informe_fiscal_ventas_pdf('2022-06-16')
#2 C:\xampp\htdocs\web\system\CodeIgniter.php(832): App\Controllers\consultas_y_reportes\informeFiscalVentasController->informe_fiscal_ventas_pdf()
#3 C:\xampp\htdocs\web\system\CodeIgniter.php(419): CodeIgniter\CodeIgniter->runController(Object(App\Controllers\consultas_y_reportes\informeFiscalVentasController))
#4 C:\xampp\htdocs\web\system\CodeIgniter.php(326): CodeIgniter\CodeIgniter->handleRequest(NULL, Object(Config\Cache), false)
#5 C:\xampp\htdocs\web\index.php(37): CodeIgniter\CodeIgniter->run()
#6 {main}
CRITICAL - 2022-06-16 22:54:37 --> Undefined array key 0
#0 C:\xampp\htdocs\web\app\Views\consultas_y_reportes\informe_fiscal_ventas_diarias_datos.php(88): CodeIgniter\Debug\Exceptions->errorHandler(2, 'Undefined array...', 'C:\\xampp\\htdocs...', 88)
#1 C:\xampp\htdocs\web\system\View\View.php(210): include('C:\\xampp\\htdocs...')
#2 C:\xampp\htdocs\web\system\View\View.php(213): CodeIgniter\View\View->CodeIgniter\View\{closure}()
#3 C:\xampp\htdocs\web\system\Common.php(1089): CodeIgniter\View\View->render('consultas_y_rep...', Array, true)
#4 C:\xampp\htdocs\web\app\Controllers\consultas_y_reportes\informeFiscalVentasController.php(188): view('consultas_y_rep...', Array)
#5 C:\xampp\htdocs\web\system\CodeIgniter.php(832): App\Controllers\consultas_y_reportes\informeFiscalVentasController->informe_fiscal_ventas_datos()
#6 C:\xampp\htdocs\web\system\CodeIgniter.php(419): CodeIgniter\CodeIgniter->runController(Object(App\Controllers\consultas_y_reportes\informeFiscalVentasController))
#7 C:\xampp\htdocs\web\system\CodeIgniter.php(326): CodeIgniter\CodeIgniter->handleRequest(NULL, Object(Config\Cache), false)
#8 C:\xampp\htdocs\web\index.php(37): CodeIgniter\CodeIgniter->run()
#9 {main}
CRITICAL - 2022-06-16 22:54:38 --> Undefined array key 0
#0 C:\xampp\htdocs\web\app\Views\consultas_y_reportes\informe_fiscal_ventas_diarias_datos.php(88): CodeIgniter\Debug\Exceptions->errorHandler(2, 'Undefined array...', 'C:\\xampp\\htdocs...', 88)
#1 C:\xampp\htdocs\web\system\View\View.php(210): include('C:\\xampp\\htdocs...')
#2 C:\xampp\htdocs\web\system\View\View.php(213): CodeIgniter\View\View->CodeIgniter\View\{closure}()
#3 C:\xampp\htdocs\web\system\Common.php(1089): CodeIgniter\View\View->render('consultas_y_rep...', Array, true)
#4 C:\xampp\htdocs\web\app\Controllers\consultas_y_reportes\informeFiscalVentasController.php(188): view('consultas_y_rep...', Array)
#5 C:\xampp\htdocs\web\system\CodeIgniter.php(832): App\Controllers\consultas_y_reportes\informeFiscalVentasController->informe_fiscal_ventas_datos()
#6 C:\xampp\htdocs\web\system\CodeIgniter.php(419): CodeIgniter\CodeIgniter->runController(Object(App\Controllers\consultas_y_reportes\informeFiscalVentasController))
#7 C:\xampp\htdocs\web\system\CodeIgniter.php(326): CodeIgniter\CodeIgniter->handleRequest(NULL, Object(Config\Cache), false)
#8 C:\xampp\htdocs\web\index.php(37): CodeIgniter\CodeIgniter->run()
#9 {main}
CRITICAL - 2022-06-16 22:54:39 --> Undefined array key 0
#0 C:\xampp\htdocs\web\app\Views\consultas_y_reportes\informe_fiscal_ventas_diarias_datos.php(88): CodeIgniter\Debug\Exceptions->errorHandler(2, 'Undefined array...', 'C:\\xampp\\htdocs...', 88)
#1 C:\xampp\htdocs\web\system\View\View.php(210): include('C:\\xampp\\htdocs...')
#2 C:\xampp\htdocs\web\system\View\View.php(213): CodeIgniter\View\View->CodeIgniter\View\{closure}()
#3 C:\xampp\htdocs\web\system\Common.php(1089): CodeIgniter\View\View->render('consultas_y_rep...', Array, true)
#4 C:\xampp\htdocs\web\app\Controllers\consultas_y_reportes\informeFiscalVentasController.php(188): view('consultas_y_rep...', Array)
#5 C:\xampp\htdocs\web\system\CodeIgniter.php(832): App\Controllers\consultas_y_reportes\informeFiscalVentasController->informe_fiscal_ventas_datos()
#6 C:\xampp\htdocs\web\system\CodeIgniter.php(419): CodeIgniter\CodeIgniter->runController(Object(App\Controllers\consultas_y_reportes\informeFiscalVentasController))
#7 C:\xampp\htdocs\web\system\CodeIgniter.php(326): CodeIgniter\CodeIgniter->handleRequest(NULL, Object(Config\Cache), false)
#8 C:\xampp\htdocs\web\index.php(37): CodeIgniter\CodeIgniter->run()
#9 {main}
CRITICAL - 2022-06-16 22:54:39 --> Undefined array key 0
#0 C:\xampp\htdocs\web\app\Views\consultas_y_reportes\informe_fiscal_ventas_diarias_datos.php(88): CodeIgniter\Debug\Exceptions->errorHandler(2, 'Undefined array...', 'C:\\xampp\\htdocs...', 88)
#1 C:\xampp\htdocs\web\system\View\View.php(210): include('C:\\xampp\\htdocs...')
#2 C:\xampp\htdocs\web\system\View\View.php(213): CodeIgniter\View\View->CodeIgniter\View\{closure}()
#3 C:\xampp\htdocs\web\system\Common.php(1089): CodeIgniter\View\View->render('consultas_y_rep...', Array, true)
#4 C:\xampp\htdocs\web\app\Controllers\consultas_y_reportes\informeFiscalVentasController.php(188): view('consultas_y_rep...', Array)
#5 C:\xampp\htdocs\web\system\CodeIgniter.php(832): App\Controllers\consultas_y_reportes\informeFiscalVentasController->informe_fiscal_ventas_datos()
#6 C:\xampp\htdocs\web\system\CodeIgniter.php(419): CodeIgniter\CodeIgniter->runController(Object(App\Controllers\consultas_y_reportes\informeFiscalVentasController))
#7 C:\xampp\htdocs\web\system\CodeIgniter.php(326): CodeIgniter\CodeIgniter->handleRequest(NULL, Object(Config\Cache), false)
#8 C:\xampp\htdocs\web\index.php(37): CodeIgniter\CodeIgniter->run()
#9 {main}
CRITICAL - 2022-06-16 22:54:39 --> Undefined array key 0
#0 C:\xampp\htdocs\web\app\Views\consultas_y_reportes\informe_fiscal_ventas_diarias_datos.php(88): CodeIgniter\Debug\Exceptions->errorHandler(2, 'Undefined array...', 'C:\\xampp\\htdocs...', 88)
#1 C:\xampp\htdocs\web\system\View\View.php(210): include('C:\\xampp\\htdocs...')
#2 C:\xampp\htdocs\web\system\View\View.php(213): CodeIgniter\View\View->CodeIgniter\View\{closure}()
#3 C:\xampp\htdocs\web\system\Common.php(1089): CodeIgniter\View\View->render('consultas_y_rep...', Array, true)
#4 C:\xampp\htdocs\web\app\Controllers\consultas_y_reportes\informeFiscalVentasController.php(188): view('consultas_y_rep...', Array)
#5 C:\xampp\htdocs\web\system\CodeIgniter.php(832): App\Controllers\consultas_y_reportes\informeFiscalVentasController->informe_fiscal_ventas_datos()
#6 C:\xampp\htdocs\web\system\CodeIgniter.php(419): CodeIgniter\CodeIgniter->runController(Object(App\Controllers\consultas_y_reportes\informeFiscalVentasController))
#7 C:\xampp\htdocs\web\system\CodeIgniter.php(326): CodeIgniter\CodeIgniter->handleRequest(NULL, Object(Config\Cache), false)
#8 C:\xampp\htdocs\web\index.php(37): CodeIgniter\CodeIgniter->run()
#9 {main}
CRITICAL - 2022-06-16 22:54:39 --> Undefined array key 0
#0 C:\xampp\htdocs\web\app\Views\consultas_y_reportes\informe_fiscal_ventas_diarias_datos.php(88): CodeIgniter\Debug\Exceptions->errorHandler(2, 'Undefined array...', 'C:\\xampp\\htdocs...', 88)
#1 C:\xampp\htdocs\web\system\View\View.php(210): include('C:\\xampp\\htdocs...')
#2 C:\xampp\htdocs\web\system\View\View.php(213): CodeIgniter\View\View->CodeIgniter\View\{closure}()
#3 C:\xampp\htdocs\web\system\Common.php(1089): CodeIgniter\View\View->render('consultas_y_rep...', Array, true)
#4 C:\xampp\htdocs\web\app\Controllers\consultas_y_reportes\informeFiscalVentasController.php(188): view('consultas_y_rep...', Array)
#5 C:\xampp\htdocs\web\system\CodeIgniter.php(832): App\Controllers\consultas_y_reportes\informeFiscalVentasController->informe_fiscal_ventas_datos()
#6 C:\xampp\htdocs\web\system\CodeIgniter.php(419): CodeIgniter\CodeIgniter->runController(Object(App\Controllers\consultas_y_reportes\informeFiscalVentasController))
#7 C:\xampp\htdocs\web\system\CodeIgniter.php(326): CodeIgniter\CodeIgniter->handleRequest(NULL, Object(Config\Cache), false)
#8 C:\xampp\htdocs\web\index.php(37): CodeIgniter\CodeIgniter->run()
#9 {main}
CRITICAL - 2022-06-16 22:54:40 --> Undefined array key 0
#0 C:\xampp\htdocs\web\app\Views\consultas_y_reportes\informe_fiscal_ventas_diarias_datos.php(88): CodeIgniter\Debug\Exceptions->errorHandler(2, 'Undefined array...', 'C:\\xampp\\htdocs...', 88)
#1 C:\xampp\htdocs\web\system\View\View.php(210): include('C:\\xampp\\htdocs...')
#2 C:\xampp\htdocs\web\system\View\View.php(213): CodeIgniter\View\View->CodeIgniter\View\{closure}()
#3 C:\xampp\htdocs\web\system\Common.php(1089): CodeIgniter\View\View->render('consultas_y_rep...', Array, true)
#4 C:\xampp\htdocs\web\app\Controllers\consultas_y_reportes\informeFiscalVentasController.php(188): view('consultas_y_rep...', Array)
#5 C:\xampp\htdocs\web\system\CodeIgniter.php(832): App\Controllers\consultas_y_reportes\informeFiscalVentasController->informe_fiscal_ventas_datos()
#6 C:\xampp\htdocs\web\system\CodeIgniter.php(419): CodeIgniter\CodeIgniter->runController(Object(App\Controllers\consultas_y_reportes\informeFiscalVentasController))
#7 C:\xampp\htdocs\web\system\CodeIgniter.php(326): CodeIgniter\CodeIgniter->handleRequest(NULL, Object(Config\Cache), false)
#8 C:\xampp\htdocs\web\index.php(37): CodeIgniter\CodeIgniter->run()
#9 {main}
CRITICAL - 2022-06-16 22:54:40 --> Undefined array key 0
#0 C:\xampp\htdocs\web\app\Views\consultas_y_reportes\informe_fiscal_ventas_diarias_datos.php(88): CodeIgniter\Debug\Exceptions->errorHandler(2, 'Undefined array...', 'C:\\xampp\\htdocs...', 88)
#1 C:\xampp\htdocs\web\system\View\View.php(210): include('C:\\xampp\\htdocs...')
#2 C:\xampp\htdocs\web\system\View\View.php(213): CodeIgniter\View\View->CodeIgniter\View\{closure}()
#3 C:\xampp\htdocs\web\system\Common.php(1089): CodeIgniter\View\View->render('consultas_y_rep...', Array, true)
#4 C:\xampp\htdocs\web\app\Controllers\consultas_y_reportes\informeFiscalVentasController.php(188): view('consultas_y_rep...', Array)
#5 C:\xampp\htdocs\web\system\CodeIgniter.php(832): App\Controllers\consultas_y_reportes\informeFiscalVentasController->informe_fiscal_ventas_datos()
#6 C:\xampp\htdocs\web\system\CodeIgniter.php(419): CodeIgniter\CodeIgniter->runController(Object(App\Controllers\consultas_y_reportes\informeFiscalVentasController))
#7 C:\xampp\htdocs\web\system\CodeIgniter.php(326): CodeIgniter\CodeIgniter->handleRequest(NULL, Object(Config\Cache), false)
#8 C:\xampp\htdocs\web\index.php(37): CodeIgniter\CodeIgniter->run()
#9 {main}
CRITICAL - 2022-06-16 22:54:44 --> Undefined array key 0
#0 C:\xampp\htdocs\web\app\Views\consultas_y_reportes\informe_fiscal_ventas_diarias_datos.php(88): CodeIgniter\Debug\Exceptions->errorHandler(2, 'Undefined array...', 'C:\\xampp\\htdocs...', 88)
#1 C:\xampp\htdocs\web\system\View\View.php(210): include('C:\\xampp\\htdocs...')
#2 C:\xampp\htdocs\web\system\View\View.php(213): CodeIgniter\View\View->CodeIgniter\View\{closure}()
#3 C:\xampp\htdocs\web\system\Common.php(1089): CodeIgniter\View\View->render('consultas_y_rep...', Array, true)
#4 C:\xampp\htdocs\web\app\Controllers\consultas_y_reportes\informeFiscalVentasController.php(188): view('consultas_y_rep...', Array)
#5 C:\xampp\htdocs\web\system\CodeIgniter.php(832): App\Controllers\consultas_y_reportes\informeFiscalVentasController->informe_fiscal_ventas_datos()
#6 C:\xampp\htdocs\web\system\CodeIgniter.php(419): CodeIgniter\CodeIgniter->runController(Object(App\Controllers\consultas_y_reportes\informeFiscalVentasController))
#7 C:\xampp\htdocs\web\system\CodeIgniter.php(326): CodeIgniter\CodeIgniter->handleRequest(NULL, Object(Config\Cache), false)
#8 C:\xampp\htdocs\web\index.php(37): CodeIgniter\CodeIgniter->run()
#9 {main}
CRITICAL - 2022-06-16 22:55:47 --> Undefined array key 0
#0 C:\xampp\htdocs\web\app\Views\consultas_y_reportes\informe_fiscal_ventas_diarias_datos.php(88): CodeIgniter\Debug\Exceptions->errorHandler(2, 'Undefined array...', 'C:\\xampp\\htdocs...', 88)
#1 C:\xampp\htdocs\web\system\View\View.php(210): include('C:\\xampp\\htdocs...')
#2 C:\xampp\htdocs\web\system\View\View.php(213): CodeIgniter\View\View->CodeIgniter\View\{closure}()
#3 C:\xampp\htdocs\web\system\Common.php(1089): CodeIgniter\View\View->render('consultas_y_rep...', Array, true)
#4 C:\xampp\htdocs\web\app\Controllers\consultas_y_reportes\informeFiscalVentasController.php(188): view('consultas_y_rep...', Array)
#5 C:\xampp\htdocs\web\system\CodeIgniter.php(832): App\Controllers\consultas_y_reportes\informeFiscalVentasController->informe_fiscal_ventas_datos()
#6 C:\xampp\htdocs\web\system\CodeIgniter.php(419): CodeIgniter\CodeIgniter->runController(Object(App\Controllers\consultas_y_reportes\informeFiscalVentasController))
#7 C:\xampp\htdocs\web\system\CodeIgniter.php(326): CodeIgniter\CodeIgniter->handleRequest(NULL, Object(Config\Cache), false)
#8 C:\xampp\htdocs\web\index.php(37): CodeIgniter\CodeIgniter->run()
#9 {main}
