CRITICAL - 2022-09-29 18:13:23 --> Too few arguments to function App\Controllers\consultas_y_reportes\informeFiscalVentasController::generar_informe_fiscal_ventas_pdf(), 0 passed in C:\xampp\htdocs\restaurantes\system\CodeIgniter.php on line 832 and exactly 1 expected
#0 C:\xampp\htdocs\restaurantes\system\CodeIgniter.php(832): App\Controllers\consultas_y_reportes\informeFiscalVentasController->generar_informe_fiscal_ventas_pdf()
#1 C:\xampp\htdocs\restaurantes\system\CodeIgniter.php(419): CodeIgniter\CodeIgniter->runController(Object(App\Controllers\consultas_y_reportes\informeFiscalVentasController))
#2 C:\xampp\htdocs\restaurantes\system\CodeIgniter.php(326): CodeIgniter\CodeIgniter->handleRequest(NULL, Object(Config\Cache), false)
#3 C:\xampp\htdocs\restaurantes\index.php(37): CodeIgniter\CodeIgniter->run()
#4 {main}
CRITICAL - 2022-09-29 18:15:05 --> Undefined variable $estado
#0 C:\xampp\htdocs\restaurantes\app\Views\consultas_y_reportes\consultas_caja.php(30): CodeIgniter\Debug\Exceptions->errorHandler(2, 'Undefined varia...', 'C:\\xampp\\htdocs...', 30)
#1 C:\xampp\htdocs\restaurantes\system\View\View.php(210): include('C:\\xampp\\htdocs...')
#2 C:\xampp\htdocs\restaurantes\system\View\View.php(213): CodeIgniter\View\View->CodeIgniter\View\{closure}()
#3 C:\xampp\htdocs\restaurantes\system\Common.php(1089): CodeIgniter\View\View->render('consultas_y_rep...', Array, true)
#4 C:\xampp\htdocs\restaurantes\app\Controllers\consultas_y_reportes\reporteDeVentasController.php(59): view('consultas_y_rep...')
#5 C:\xampp\htdocs\restaurantes\system\CodeIgniter.php(832): App\Controllers\consultas_y_reportes\reporteDeVentasController->consultas_caja()
#6 C:\xampp\htdocs\restaurantes\system\CodeIgniter.php(419): CodeIgniter\CodeIgniter->runController(Object(App\Controllers\consultas_y_reportes\reporteDeVentasController))
#7 C:\xampp\htdocs\restaurantes\system\CodeIgniter.php(326): CodeIgniter\CodeIgniter->handleRequest(NULL, Object(Config\Cache), false)
#8 C:\xampp\htdocs\restaurantes\index.php(37): CodeIgniter\CodeIgniter->run()
#9 {main}
CRITICAL - 2022-09-29 19:06:34 --> syntax error, unexpected token "}", expecting identifier or variable or "{" or "$"
#0 C:\xampp\htdocs\restaurantes\system\Autoloader\Autoloader.php(241): CodeIgniter\Autoloader\Autoloader->includeFile('C:\\xampp\\htdocs...')
#1 C:\xampp\htdocs\restaurantes\system\Autoloader\Autoloader.php(219): CodeIgniter\Autoloader\Autoloader->loadInNamespace('App\\Controllers...')
#2 [internal function]: CodeIgniter\Autoloader\Autoloader->loadClass('App\\Controllers...')
#3 C:\xampp\htdocs\restaurantes\system\CodeIgniter.php(797): class_exists('\\App\\Controller...', true)
#4 C:\xampp\htdocs\restaurantes\system\CodeIgniter.php(406): CodeIgniter\CodeIgniter->startController()
#5 C:\xampp\htdocs\restaurantes\system\CodeIgniter.php(326): CodeIgniter\CodeIgniter->handleRequest(NULL, Object(Config\Cache), false)
#6 C:\xampp\htdocs\restaurantes\index.php(37): CodeIgniter\CodeIgniter->run()
#7 {main}
ERROR - 2022-09-29 20:52:41 --> ErrorException: pg_query(): Query failed: ERROR:  la columna «apertura.fecha» debe aparecer en la cláusula GROUP BY o ser usada en una función de agregación
LINE 3:             apertura.fecha AS fecha_apertura,
                    ^ in C:\xampp\htdocs\restaurantes\system\Database\Postgre\Connection.php:135
Stack trace:
#0 [internal function]: CodeIgniter\Debug\Exceptions->errorHandler(2, 'pg_query(): Que...', 'C:\\xampp\\htdocs...', 135)
#1 C:\xampp\htdocs\restaurantes\system\Database\Postgre\Connection.php(135): pg_query(Resource id #158, '\r\n        SELEC...')
#2 C:\xampp\htdocs\restaurantes\system\Database\BaseConnection.php(670): CodeIgniter\Database\Postgre\Connection->execute('\r\n        SELEC...')
#3 C:\xampp\htdocs\restaurantes\system\Database\BaseConnection.php(598): CodeIgniter\Database\BaseConnection->simpleQuery('\r\n        SELEC...')
#4 C:\xampp\htdocs\restaurantes\app\Models\aperturaModel.php(20): CodeIgniter\Database\BaseConnection->query('\r\n        SELEC...')
#5 C:\xampp\htdocs\restaurantes\app\Controllers\consultas_y_reportes\reporteDeVentasController.php(85): App\Models\aperturaModel->movimiento_caja('2021-03-03', '2021-03-03')
#6 C:\xampp\htdocs\restaurantes\system\CodeIgniter.php(832): App\Controllers\consultas_y_reportes\reporteDeVentasController->consultas_caja_por_fecha()
#7 C:\xampp\htdocs\restaurantes\system\CodeIgniter.php(419): CodeIgniter\CodeIgniter->runController(Object(App\Controllers\consultas_y_reportes\reporteDeVentasController))
#8 C:\xampp\htdocs\restaurantes\system\CodeIgniter.php(326): CodeIgniter\CodeIgniter->handleRequest(NULL, Object(Config\Cache), false)
#9 C:\xampp\htdocs\restaurantes\index.php(37): CodeIgniter\CodeIgniter->run()
#10 {main}
CRITICAL - 2022-09-29 20:52:41 --> pg_query(): Query failed: ERROR:  la columna «apertura.fecha» debe aparecer en la cláusula GROUP BY o ser usada en una función de agregación
LINE 3:             apertura.fecha AS fecha_apertura,
                    ^
#0 [internal function]: CodeIgniter\Debug\Exceptions->errorHandler(2, 'pg_query(): Que...', 'C:\\xampp\\htdocs...', 135)
#1 C:\xampp\htdocs\restaurantes\system\Database\Postgre\Connection.php(135): pg_query(Resource id #158, '\r\n        SELEC...')
#2 C:\xampp\htdocs\restaurantes\system\Database\BaseConnection.php(670): CodeIgniter\Database\Postgre\Connection->execute('\r\n        SELEC...')
#3 C:\xampp\htdocs\restaurantes\system\Database\BaseConnection.php(598): CodeIgniter\Database\BaseConnection->simpleQuery('\r\n        SELEC...')
#4 C:\xampp\htdocs\restaurantes\app\Models\aperturaModel.php(20): CodeIgniter\Database\BaseConnection->query('\r\n        SELEC...')
#5 C:\xampp\htdocs\restaurantes\app\Controllers\consultas_y_reportes\reporteDeVentasController.php(85): App\Models\aperturaModel->movimiento_caja('2021-03-03', '2021-03-03')
#6 C:\xampp\htdocs\restaurantes\system\CodeIgniter.php(832): App\Controllers\consultas_y_reportes\reporteDeVentasController->consultas_caja_por_fecha()
#7 C:\xampp\htdocs\restaurantes\system\CodeIgniter.php(419): CodeIgniter\CodeIgniter->runController(Object(App\Controllers\consultas_y_reportes\reporteDeVentasController))
#8 C:\xampp\htdocs\restaurantes\system\CodeIgniter.php(326): CodeIgniter\CodeIgniter->handleRequest(NULL, Object(Config\Cache), false)
#9 C:\xampp\htdocs\restaurantes\index.php(37): CodeIgniter\CodeIgniter->run()
#10 {main}
ERROR - 2022-09-29 20:53:58 --> ErrorException: pg_query(): Query failed: ERROR:  error de sintaxis en o cerca de «FROM»
LINE 11:         FROM
                 ^ in C:\xampp\htdocs\restaurantes\system\Database\Postgre\Connection.php:135
Stack trace:
#0 [internal function]: CodeIgniter\Debug\Exceptions->errorHandler(2, 'pg_query(): Que...', 'C:\\xampp\\htdocs...', 135)
#1 C:\xampp\htdocs\restaurantes\system\Database\Postgre\Connection.php(135): pg_query(Resource id #158, '\r\n        SELEC...')
#2 C:\xampp\htdocs\restaurantes\system\Database\BaseConnection.php(670): CodeIgniter\Database\Postgre\Connection->execute('\r\n        SELEC...')
#3 C:\xampp\htdocs\restaurantes\system\Database\BaseConnection.php(598): CodeIgniter\Database\BaseConnection->simpleQuery('\r\n        SELEC...')
#4 C:\xampp\htdocs\restaurantes\app\Models\aperturaModel.php(20): CodeIgniter\Database\BaseConnection->query('\r\n        SELEC...')
#5 C:\xampp\htdocs\restaurantes\app\Controllers\consultas_y_reportes\reporteDeVentasController.php(85): App\Models\aperturaModel->movimiento_caja('2021-03-03', '2021-03-03')
#6 C:\xampp\htdocs\restaurantes\system\CodeIgniter.php(832): App\Controllers\consultas_y_reportes\reporteDeVentasController->consultas_caja_por_fecha()
#7 C:\xampp\htdocs\restaurantes\system\CodeIgniter.php(419): CodeIgniter\CodeIgniter->runController(Object(App\Controllers\consultas_y_reportes\reporteDeVentasController))
#8 C:\xampp\htdocs\restaurantes\system\CodeIgniter.php(326): CodeIgniter\CodeIgniter->handleRequest(NULL, Object(Config\Cache), false)
#9 C:\xampp\htdocs\restaurantes\index.php(37): CodeIgniter\CodeIgniter->run()
#10 {main}
CRITICAL - 2022-09-29 20:53:58 --> pg_query(): Query failed: ERROR:  error de sintaxis en o cerca de «FROM»
LINE 11:         FROM
                 ^
#0 [internal function]: CodeIgniter\Debug\Exceptions->errorHandler(2, 'pg_query(): Que...', 'C:\\xampp\\htdocs...', 135)
#1 C:\xampp\htdocs\restaurantes\system\Database\Postgre\Connection.php(135): pg_query(Resource id #158, '\r\n        SELEC...')
#2 C:\xampp\htdocs\restaurantes\system\Database\BaseConnection.php(670): CodeIgniter\Database\Postgre\Connection->execute('\r\n        SELEC...')
#3 C:\xampp\htdocs\restaurantes\system\Database\BaseConnection.php(598): CodeIgniter\Database\BaseConnection->simpleQuery('\r\n        SELEC...')
#4 C:\xampp\htdocs\restaurantes\app\Models\aperturaModel.php(20): CodeIgniter\Database\BaseConnection->query('\r\n        SELEC...')
#5 C:\xampp\htdocs\restaurantes\app\Controllers\consultas_y_reportes\reporteDeVentasController.php(85): App\Models\aperturaModel->movimiento_caja('2021-03-03', '2021-03-03')
#6 C:\xampp\htdocs\restaurantes\system\CodeIgniter.php(832): App\Controllers\consultas_y_reportes\reporteDeVentasController->consultas_caja_por_fecha()
#7 C:\xampp\htdocs\restaurantes\system\CodeIgniter.php(419): CodeIgniter\CodeIgniter->runController(Object(App\Controllers\consultas_y_reportes\reporteDeVentasController))
#8 C:\xampp\htdocs\restaurantes\system\CodeIgniter.php(326): CodeIgniter\CodeIgniter->handleRequest(NULL, Object(Config\Cache), false)
#9 C:\xampp\htdocs\restaurantes\index.php(37): CodeIgniter\CodeIgniter->run()
#10 {main}
ERROR - 2022-09-29 20:54:17 --> ErrorException: pg_query(): Query failed: ERROR:  error de sintaxis en o cerca de «FROM»
LINE 6:         FROM
                ^ in C:\xampp\htdocs\restaurantes\system\Database\Postgre\Connection.php:135
Stack trace:
#0 [internal function]: CodeIgniter\Debug\Exceptions->errorHandler(2, 'pg_query(): Que...', 'C:\\xampp\\htdocs...', 135)
#1 C:\xampp\htdocs\restaurantes\system\Database\Postgre\Connection.php(135): pg_query(Resource id #158, '\r\n        SELEC...')
#2 C:\xampp\htdocs\restaurantes\system\Database\BaseConnection.php(670): CodeIgniter\Database\Postgre\Connection->execute('\r\n        SELEC...')
#3 C:\xampp\htdocs\restaurantes\system\Database\BaseConnection.php(598): CodeIgniter\Database\BaseConnection->simpleQuery('\r\n        SELEC...')
#4 C:\xampp\htdocs\restaurantes\app\Models\aperturaModel.php(20): CodeIgniter\Database\BaseConnection->query('\r\n        SELEC...')
#5 C:\xampp\htdocs\restaurantes\app\Controllers\consultas_y_reportes\reporteDeVentasController.php(85): App\Models\aperturaModel->movimiento_caja('2021-03-03', '2021-03-03')
#6 C:\xampp\htdocs\restaurantes\system\CodeIgniter.php(832): App\Controllers\consultas_y_reportes\reporteDeVentasController->consultas_caja_por_fecha()
#7 C:\xampp\htdocs\restaurantes\system\CodeIgniter.php(419): CodeIgniter\CodeIgniter->runController(Object(App\Controllers\consultas_y_reportes\reporteDeVentasController))
#8 C:\xampp\htdocs\restaurantes\system\CodeIgniter.php(326): CodeIgniter\CodeIgniter->handleRequest(NULL, Object(Config\Cache), false)
#9 C:\xampp\htdocs\restaurantes\index.php(37): CodeIgniter\CodeIgniter->run()
#10 {main}
CRITICAL - 2022-09-29 20:54:17 --> pg_query(): Query failed: ERROR:  error de sintaxis en o cerca de «FROM»
LINE 6:         FROM
                ^
#0 [internal function]: CodeIgniter\Debug\Exceptions->errorHandler(2, 'pg_query(): Que...', 'C:\\xampp\\htdocs...', 135)
#1 C:\xampp\htdocs\restaurantes\system\Database\Postgre\Connection.php(135): pg_query(Resource id #158, '\r\n        SELEC...')
#2 C:\xampp\htdocs\restaurantes\system\Database\BaseConnection.php(670): CodeIgniter\Database\Postgre\Connection->execute('\r\n        SELEC...')
#3 C:\xampp\htdocs\restaurantes\system\Database\BaseConnection.php(598): CodeIgniter\Database\BaseConnection->simpleQuery('\r\n        SELEC...')
#4 C:\xampp\htdocs\restaurantes\app\Models\aperturaModel.php(20): CodeIgniter\Database\BaseConnection->query('\r\n        SELEC...')
#5 C:\xampp\htdocs\restaurantes\app\Controllers\consultas_y_reportes\reporteDeVentasController.php(85): App\Models\aperturaModel->movimiento_caja('2021-03-03', '2021-03-03')
#6 C:\xampp\htdocs\restaurantes\system\CodeIgniter.php(832): App\Controllers\consultas_y_reportes\reporteDeVentasController->consultas_caja_por_fecha()
#7 C:\xampp\htdocs\restaurantes\system\CodeIgniter.php(419): CodeIgniter\CodeIgniter->runController(Object(App\Controllers\consultas_y_reportes\reporteDeVentasController))
#8 C:\xampp\htdocs\restaurantes\system\CodeIgniter.php(326): CodeIgniter\CodeIgniter->handleRequest(NULL, Object(Config\Cache), false)
#9 C:\xampp\htdocs\restaurantes\index.php(37): CodeIgniter\CodeIgniter->run()
#10 {main}
ERROR - 2022-09-29 20:54:47 --> ErrorException: pg_query(): Query failed: ERROR:  falta una entrada para la tabla «usuario_sistema» en la cláusula FROM
LINE 20:             usuario_sistema.nombresusuario_sistema
                     ^ in C:\xampp\htdocs\restaurantes\system\Database\Postgre\Connection.php:135
Stack trace:
#0 [internal function]: CodeIgniter\Debug\Exceptions->errorHandler(2, 'pg_query(): Que...', 'C:\\xampp\\htdocs...', 135)
#1 C:\xampp\htdocs\restaurantes\system\Database\Postgre\Connection.php(135): pg_query(Resource id #158, '\r\n        SELEC...')
#2 C:\xampp\htdocs\restaurantes\system\Database\BaseConnection.php(670): CodeIgniter\Database\Postgre\Connection->execute('\r\n        SELEC...')
#3 C:\xampp\htdocs\restaurantes\system\Database\BaseConnection.php(598): CodeIgniter\Database\BaseConnection->simpleQuery('\r\n        SELEC...')
#4 C:\xampp\htdocs\restaurantes\app\Models\aperturaModel.php(20): CodeIgniter\Database\BaseConnection->query('\r\n        SELEC...')
#5 C:\xampp\htdocs\restaurantes\app\Controllers\consultas_y_reportes\reporteDeVentasController.php(85): App\Models\aperturaModel->movimiento_caja('2021-03-03', '2021-03-03')
#6 C:\xampp\htdocs\restaurantes\system\CodeIgniter.php(832): App\Controllers\consultas_y_reportes\reporteDeVentasController->consultas_caja_por_fecha()
#7 C:\xampp\htdocs\restaurantes\system\CodeIgniter.php(419): CodeIgniter\CodeIgniter->runController(Object(App\Controllers\consultas_y_reportes\reporteDeVentasController))
#8 C:\xampp\htdocs\restaurantes\system\CodeIgniter.php(326): CodeIgniter\CodeIgniter->handleRequest(NULL, Object(Config\Cache), false)
#9 C:\xampp\htdocs\restaurantes\index.php(37): CodeIgniter\CodeIgniter->run()
#10 {main}
CRITICAL - 2022-09-29 20:54:47 --> pg_query(): Query failed: ERROR:  falta una entrada para la tabla «usuario_sistema» en la cláusula FROM
LINE 20:             usuario_sistema.nombresusuario_sistema
                     ^
#0 [internal function]: CodeIgniter\Debug\Exceptions->errorHandler(2, 'pg_query(): Que...', 'C:\\xampp\\htdocs...', 135)
#1 C:\xampp\htdocs\restaurantes\system\Database\Postgre\Connection.php(135): pg_query(Resource id #158, '\r\n        SELEC...')
#2 C:\xampp\htdocs\restaurantes\system\Database\BaseConnection.php(670): CodeIgniter\Database\Postgre\Connection->execute('\r\n        SELEC...')
#3 C:\xampp\htdocs\restaurantes\system\Database\BaseConnection.php(598): CodeIgniter\Database\BaseConnection->simpleQuery('\r\n        SELEC...')
#4 C:\xampp\htdocs\restaurantes\app\Models\aperturaModel.php(20): CodeIgniter\Database\BaseConnection->query('\r\n        SELEC...')
#5 C:\xampp\htdocs\restaurantes\app\Controllers\consultas_y_reportes\reporteDeVentasController.php(85): App\Models\aperturaModel->movimiento_caja('2021-03-03', '2021-03-03')
#6 C:\xampp\htdocs\restaurantes\system\CodeIgniter.php(832): App\Controllers\consultas_y_reportes\reporteDeVentasController->consultas_caja_por_fecha()
#7 C:\xampp\htdocs\restaurantes\system\CodeIgniter.php(419): CodeIgniter\CodeIgniter->runController(Object(App\Controllers\consultas_y_reportes\reporteDeVentasController))
#8 C:\xampp\htdocs\restaurantes\system\CodeIgniter.php(326): CodeIgniter\CodeIgniter->handleRequest(NULL, Object(Config\Cache), false)
#9 C:\xampp\htdocs\restaurantes\index.php(37): CodeIgniter\CodeIgniter->run()
#10 {main}
CRITICAL - 2022-09-29 21:04:41 --> Invalid file: consultas_y_reportes/datos_consultas_casja.php
#0 C:\xampp\htdocs\restaurantes\system\View\View.php(198): CodeIgniter\Exceptions\FrameworkException::forInvalidFile('consultas_y_rep...')
#1 C:\xampp\htdocs\restaurantes\system\Common.php(1089): CodeIgniter\View\View->render('consultas_y_rep...', Array, true)
#2 C:\xampp\htdocs\restaurantes\app\Controllers\consultas_y_reportes\reporteDeVentasController.php(88): view('consultas_y_rep...', Array)
#3 C:\xampp\htdocs\restaurantes\system\CodeIgniter.php(832): App\Controllers\consultas_y_reportes\reporteDeVentasController->consultas_caja_por_fecha()
#4 C:\xampp\htdocs\restaurantes\system\CodeIgniter.php(419): CodeIgniter\CodeIgniter->runController(Object(App\Controllers\consultas_y_reportes\reporteDeVentasController))
#5 C:\xampp\htdocs\restaurantes\system\CodeIgniter.php(326): CodeIgniter\CodeIgniter->handleRequest(NULL, Object(Config\Cache), false)
#6 C:\xampp\htdocs\restaurantes\index.php(37): CodeIgniter\CodeIgniter->run()
#7 {main}
CRITICAL - 2022-09-29 21:12:14 --> Attempt to read property "fecha_apertura" on array
#0 C:\xampp\htdocs\restaurantes\app\Views\consultas_y_reportes\datos_consultas_caja.php(26): CodeIgniter\Debug\Exceptions->errorHandler(2, 'Attempt to read...', 'C:\\xampp\\htdocs...', 26)
#1 C:\xampp\htdocs\restaurantes\system\View\View.php(210): include('C:\\xampp\\htdocs...')
#2 C:\xampp\htdocs\restaurantes\system\View\View.php(213): CodeIgniter\View\View->CodeIgniter\View\{closure}()
#3 C:\xampp\htdocs\restaurantes\system\Common.php(1089): CodeIgniter\View\View->render('consultas_y_rep...', Array, true)
#4 C:\xampp\htdocs\restaurantes\app\Controllers\consultas_y_reportes\reporteDeVentasController.php(88): view('consultas_y_rep...', Array)
#5 C:\xampp\htdocs\restaurantes\system\CodeIgniter.php(832): App\Controllers\consultas_y_reportes\reporteDeVentasController->consultas_caja_por_fecha()
#6 C:\xampp\htdocs\restaurantes\system\CodeIgniter.php(419): CodeIgniter\CodeIgniter->runController(Object(App\Controllers\consultas_y_reportes\reporteDeVentasController))
#7 C:\xampp\htdocs\restaurantes\system\CodeIgniter.php(326): CodeIgniter\CodeIgniter->handleRequest(NULL, Object(Config\Cache), false)
#8 C:\xampp\htdocs\restaurantes\index.php(37): CodeIgniter\CodeIgniter->run()
#9 {main}
ERROR - 2022-09-29 21:26:44 --> ErrorException: pg_query(): Query failed: ERROR:  la sintaxis de entrada no es válida para tipo time: «09:26:44-PM»
LINE 1: ...rno&quot;, &quot;idusuario&quot;, &quot;valor&quot;) VALUES ('29-09-2022', '09:26:44-...
                                                             ^ in C:\xampp\htdocs\restaurantes\system\Database\Postgre\Connection.php:135
Stack trace:
#0 [internal function]: CodeIgniter\Debug\Exceptions->errorHandler(2, 'pg_query(): Que...', 'C:\\xampp\\htdocs...', 135)
#1 C:\xampp\htdocs\restaurantes\system\Database\Postgre\Connection.php(135): pg_query(Resource id #157, 'INSERT INTO "ap...')
#2 C:\xampp\htdocs\restaurantes\system\Database\BaseConnection.php(670): CodeIgniter\Database\Postgre\Connection->execute('INSERT INTO "ap...')
#3 C:\xampp\htdocs\restaurantes\system\Database\BaseConnection.php(598): CodeIgniter\Database\BaseConnection->simpleQuery('INSERT INTO "ap...')
#4 C:\xampp\htdocs\restaurantes\system\Database\BaseBuilder.php(1771): CodeIgniter\Database\BaseConnection->query('INSERT INTO "ap...', Array, false)
#5 C:\xampp\htdocs\restaurantes\system\Model.php(239): CodeIgniter\Database\BaseBuilder->insert()
#6 C:\xampp\htdocs\restaurantes\system\BaseModel.php(738): CodeIgniter\Model->doInsert(Array)
#7 C:\xampp\htdocs\restaurantes\system\Model.php(625): CodeIgniter\BaseModel->insert(Array, true)
#8 C:\xampp\htdocs\restaurantes\app\Controllers\caja\cajaController.php(57): CodeIgniter\Model->insert(Array)
#9 C:\xampp\htdocs\restaurantes\system\CodeIgniter.php(832): App\Controllers\caja\cajaController->generar_apertura()
#10 C:\xampp\htdocs\restaurantes\system\CodeIgniter.php(419): CodeIgniter\CodeIgniter->runController(Object(App\Controllers\caja\cajaController))
#11 C:\xampp\htdocs\restaurantes\system\CodeIgniter.php(326): CodeIgniter\CodeIgniter->handleRequest(NULL, Object(Config\Cache), false)
#12 C:\xampp\htdocs\restaurantes\index.php(37): CodeIgniter\CodeIgniter->run()
#13 {main}
CRITICAL - 2022-09-29 21:26:44 --> pg_query(): Query failed: ERROR:  la sintaxis de entrada no es válida para tipo time: «09:26:44-PM»
LINE 1: ...rno&quot;, &quot;idusuario&quot;, &quot;valor&quot;) VALUES ('29-09-2022', '09:26:44-...
                                                             ^
#0 [internal function]: CodeIgniter\Debug\Exceptions->errorHandler(2, 'pg_query(): Que...', 'C:\\xampp\\htdocs...', 135)
#1 C:\xampp\htdocs\restaurantes\system\Database\Postgre\Connection.php(135): pg_query(Resource id #157, 'INSERT INTO "ap...')
#2 C:\xampp\htdocs\restaurantes\system\Database\BaseConnection.php(670): CodeIgniter\Database\Postgre\Connection->execute('INSERT INTO "ap...')
#3 C:\xampp\htdocs\restaurantes\system\Database\BaseConnection.php(598): CodeIgniter\Database\BaseConnection->simpleQuery('INSERT INTO "ap...')
#4 C:\xampp\htdocs\restaurantes\system\Database\BaseBuilder.php(1771): CodeIgniter\Database\BaseConnection->query('INSERT INTO "ap...', Array, false)
#5 C:\xampp\htdocs\restaurantes\system\Model.php(239): CodeIgniter\Database\BaseBuilder->insert()
#6 C:\xampp\htdocs\restaurantes\system\BaseModel.php(738): CodeIgniter\Model->doInsert(Array)
#7 C:\xampp\htdocs\restaurantes\system\Model.php(625): CodeIgniter\BaseModel->insert(Array, true)
#8 C:\xampp\htdocs\restaurantes\app\Controllers\caja\cajaController.php(57): CodeIgniter\Model->insert(Array)
#9 C:\xampp\htdocs\restaurantes\system\CodeIgniter.php(832): App\Controllers\caja\cajaController->generar_apertura()
#10 C:\xampp\htdocs\restaurantes\system\CodeIgniter.php(419): CodeIgniter\CodeIgniter->runController(Object(App\Controllers\caja\cajaController))
#11 C:\xampp\htdocs\restaurantes\system\CodeIgniter.php(326): CodeIgniter\CodeIgniter->handleRequest(NULL, Object(Config\Cache), false)
#12 C:\xampp\htdocs\restaurantes\index.php(37): CodeIgniter\CodeIgniter->run()
#13 {main}
ERROR - 2022-09-29 21:27:43 --> ErrorException: pg_query(): Query failed: ERROR:  la sintaxis de entrada no es válida para tipo time: «09:27:43--05:00»
LINE 1: ...rno&quot;, &quot;idusuario&quot;, &quot;valor&quot;) VALUES ('29-09-2022', '09:27:43-...
                                                             ^ in C:\xampp\htdocs\restaurantes\system\Database\Postgre\Connection.php:135
Stack trace:
#0 [internal function]: CodeIgniter\Debug\Exceptions->errorHandler(2, 'pg_query(): Que...', 'C:\\xampp\\htdocs...', 135)
#1 C:\xampp\htdocs\restaurantes\system\Database\Postgre\Connection.php(135): pg_query(Resource id #157, 'INSERT INTO "ap...')
#2 C:\xampp\htdocs\restaurantes\system\Database\BaseConnection.php(670): CodeIgniter\Database\Postgre\Connection->execute('INSERT INTO "ap...')
#3 C:\xampp\htdocs\restaurantes\system\Database\BaseConnection.php(598): CodeIgniter\Database\BaseConnection->simpleQuery('INSERT INTO "ap...')
#4 C:\xampp\htdocs\restaurantes\system\Database\BaseBuilder.php(1771): CodeIgniter\Database\BaseConnection->query('INSERT INTO "ap...', Array, false)
#5 C:\xampp\htdocs\restaurantes\system\Model.php(239): CodeIgniter\Database\BaseBuilder->insert()
#6 C:\xampp\htdocs\restaurantes\system\BaseModel.php(738): CodeIgniter\Model->doInsert(Array)
#7 C:\xampp\htdocs\restaurantes\system\Model.php(625): CodeIgniter\BaseModel->insert(Array, true)
#8 C:\xampp\htdocs\restaurantes\app\Controllers\caja\cajaController.php(57): CodeIgniter\Model->insert(Array)
#9 C:\xampp\htdocs\restaurantes\system\CodeIgniter.php(832): App\Controllers\caja\cajaController->generar_apertura()
#10 C:\xampp\htdocs\restaurantes\system\CodeIgniter.php(419): CodeIgniter\CodeIgniter->runController(Object(App\Controllers\caja\cajaController))
#11 C:\xampp\htdocs\restaurantes\system\CodeIgniter.php(326): CodeIgniter\CodeIgniter->handleRequest(NULL, Object(Config\Cache), false)
#12 C:\xampp\htdocs\restaurantes\index.php(37): CodeIgniter\CodeIgniter->run()
#13 {main}
CRITICAL - 2022-09-29 21:27:43 --> pg_query(): Query failed: ERROR:  la sintaxis de entrada no es válida para tipo time: «09:27:43--05:00»
LINE 1: ...rno&quot;, &quot;idusuario&quot;, &quot;valor&quot;) VALUES ('29-09-2022', '09:27:43-...
                                                             ^
#0 [internal function]: CodeIgniter\Debug\Exceptions->errorHandler(2, 'pg_query(): Que...', 'C:\\xampp\\htdocs...', 135)
#1 C:\xampp\htdocs\restaurantes\system\Database\Postgre\Connection.php(135): pg_query(Resource id #157, 'INSERT INTO "ap...')
#2 C:\xampp\htdocs\restaurantes\system\Database\BaseConnection.php(670): CodeIgniter\Database\Postgre\Connection->execute('INSERT INTO "ap...')
#3 C:\xampp\htdocs\restaurantes\system\Database\BaseConnection.php(598): CodeIgniter\Database\BaseConnection->simpleQuery('INSERT INTO "ap...')
#4 C:\xampp\htdocs\restaurantes\system\Database\BaseBuilder.php(1771): CodeIgniter\Database\BaseConnection->query('INSERT INTO "ap...', Array, false)
#5 C:\xampp\htdocs\restaurantes\system\Model.php(239): CodeIgniter\Database\BaseBuilder->insert()
#6 C:\xampp\htdocs\restaurantes\system\BaseModel.php(738): CodeIgniter\Model->doInsert(Array)
#7 C:\xampp\htdocs\restaurantes\system\Model.php(625): CodeIgniter\BaseModel->insert(Array, true)
#8 C:\xampp\htdocs\restaurantes\app\Controllers\caja\cajaController.php(57): CodeIgniter\Model->insert(Array)
#9 C:\xampp\htdocs\restaurantes\system\CodeIgniter.php(832): App\Controllers\caja\cajaController->generar_apertura()
#10 C:\xampp\htdocs\restaurantes\system\CodeIgniter.php(419): CodeIgniter\CodeIgniter->runController(Object(App\Controllers\caja\cajaController))
#11 C:\xampp\htdocs\restaurantes\system\CodeIgniter.php(326): CodeIgniter\CodeIgniter->handleRequest(NULL, Object(Config\Cache), false)
#12 C:\xampp\htdocs\restaurantes\index.php(37): CodeIgniter\CodeIgniter->run()
#13 {main}
ERROR - 2022-09-29 21:29:54 --> ErrorException: pg_query(): Query failed: ERROR:  el desplazamiento de huso horario está fuera de rango: «09:29:54-21»
LINE 1: ...rno&quot;, &quot;idusuario&quot;, &quot;valor&quot;) VALUES ('29-09-2022', '09:29:54-...
                                                             ^ in C:\xampp\htdocs\restaurantes\system\Database\Postgre\Connection.php:135
Stack trace:
#0 [internal function]: CodeIgniter\Debug\Exceptions->errorHandler(2, 'pg_query(): Que...', 'C:\\xampp\\htdocs...', 135)
#1 C:\xampp\htdocs\restaurantes\system\Database\Postgre\Connection.php(135): pg_query(Resource id #157, 'INSERT INTO "ap...')
#2 C:\xampp\htdocs\restaurantes\system\Database\BaseConnection.php(670): CodeIgniter\Database\Postgre\Connection->execute('INSERT INTO "ap...')
#3 C:\xampp\htdocs\restaurantes\system\Database\BaseConnection.php(598): CodeIgniter\Database\BaseConnection->simpleQuery('INSERT INTO "ap...')
#4 C:\xampp\htdocs\restaurantes\system\Database\BaseBuilder.php(1771): CodeIgniter\Database\BaseConnection->query('INSERT INTO "ap...', Array, false)
#5 C:\xampp\htdocs\restaurantes\system\Model.php(239): CodeIgniter\Database\BaseBuilder->insert()
#6 C:\xampp\htdocs\restaurantes\system\BaseModel.php(738): CodeIgniter\Model->doInsert(Array)
#7 C:\xampp\htdocs\restaurantes\system\Model.php(625): CodeIgniter\BaseModel->insert(Array, true)
#8 C:\xampp\htdocs\restaurantes\app\Controllers\caja\cajaController.php(57): CodeIgniter\Model->insert(Array)
#9 C:\xampp\htdocs\restaurantes\system\CodeIgniter.php(832): App\Controllers\caja\cajaController->generar_apertura()
#10 C:\xampp\htdocs\restaurantes\system\CodeIgniter.php(419): CodeIgniter\CodeIgniter->runController(Object(App\Controllers\caja\cajaController))
#11 C:\xampp\htdocs\restaurantes\system\CodeIgniter.php(326): CodeIgniter\CodeIgniter->handleRequest(NULL, Object(Config\Cache), false)
#12 C:\xampp\htdocs\restaurantes\index.php(37): CodeIgniter\CodeIgniter->run()
#13 {main}
CRITICAL - 2022-09-29 21:29:54 --> pg_query(): Query failed: ERROR:  el desplazamiento de huso horario está fuera de rango: «09:29:54-21»
LINE 1: ...rno&quot;, &quot;idusuario&quot;, &quot;valor&quot;) VALUES ('29-09-2022', '09:29:54-...
                                                             ^
#0 [internal function]: CodeIgniter\Debug\Exceptions->errorHandler(2, 'pg_query(): Que...', 'C:\\xampp\\htdocs...', 135)
#1 C:\xampp\htdocs\restaurantes\system\Database\Postgre\Connection.php(135): pg_query(Resource id #157, 'INSERT INTO "ap...')
#2 C:\xampp\htdocs\restaurantes\system\Database\BaseConnection.php(670): CodeIgniter\Database\Postgre\Connection->execute('INSERT INTO "ap...')
#3 C:\xampp\htdocs\restaurantes\system\Database\BaseConnection.php(598): CodeIgniter\Database\BaseConnection->simpleQuery('INSERT INTO "ap...')
#4 C:\xampp\htdocs\restaurantes\system\Database\BaseBuilder.php(1771): CodeIgniter\Database\BaseConnection->query('INSERT INTO "ap...', Array, false)
#5 C:\xampp\htdocs\restaurantes\system\Model.php(239): CodeIgniter\Database\BaseBuilder->insert()
#6 C:\xampp\htdocs\restaurantes\system\BaseModel.php(738): CodeIgniter\Model->doInsert(Array)
#7 C:\xampp\htdocs\restaurantes\system\Model.php(625): CodeIgniter\BaseModel->insert(Array, true)
#8 C:\xampp\htdocs\restaurantes\app\Controllers\caja\cajaController.php(57): CodeIgniter\Model->insert(Array)
#9 C:\xampp\htdocs\restaurantes\system\CodeIgniter.php(832): App\Controllers\caja\cajaController->generar_apertura()
#10 C:\xampp\htdocs\restaurantes\system\CodeIgniter.php(419): CodeIgniter\CodeIgniter->runController(Object(App\Controllers\caja\cajaController))
#11 C:\xampp\htdocs\restaurantes\system\CodeIgniter.php(326): CodeIgniter\CodeIgniter->handleRequest(NULL, Object(Config\Cache), false)
#12 C:\xampp\htdocs\restaurantes\index.php(37): CodeIgniter\CodeIgniter->run()
#13 {main}
ERROR - 2022-09-29 21:54:25 --> ErrorException: pg_query(): Query failed: ERROR:  la sintaxis de entrada no es válida para tipo time: «21:54:25:000000»
LINE 1: ...rno&quot;, &quot;idusuario&quot;, &quot;valor&quot;) VALUES ('29-09-2022', '21:54:25:...
                                                             ^ in C:\xampp\htdocs\restaurantes\system\Database\Postgre\Connection.php:135
Stack trace:
#0 [internal function]: CodeIgniter\Debug\Exceptions->errorHandler(2, 'pg_query(): Que...', 'C:\\xampp\\htdocs...', 135)
#1 C:\xampp\htdocs\restaurantes\system\Database\Postgre\Connection.php(135): pg_query(Resource id #157, 'INSERT INTO "ap...')
#2 C:\xampp\htdocs\restaurantes\system\Database\BaseConnection.php(670): CodeIgniter\Database\Postgre\Connection->execute('INSERT INTO "ap...')
#3 C:\xampp\htdocs\restaurantes\system\Database\BaseConnection.php(598): CodeIgniter\Database\BaseConnection->simpleQuery('INSERT INTO "ap...')
#4 C:\xampp\htdocs\restaurantes\system\Database\BaseBuilder.php(1771): CodeIgniter\Database\BaseConnection->query('INSERT INTO "ap...', Array, false)
#5 C:\xampp\htdocs\restaurantes\system\Model.php(239): CodeIgniter\Database\BaseBuilder->insert()
#6 C:\xampp\htdocs\restaurantes\system\BaseModel.php(738): CodeIgniter\Model->doInsert(Array)
#7 C:\xampp\htdocs\restaurantes\system\Model.php(625): CodeIgniter\BaseModel->insert(Array, true)
#8 C:\xampp\htdocs\restaurantes\app\Controllers\caja\cajaController.php(58): CodeIgniter\Model->insert(Array)
#9 C:\xampp\htdocs\restaurantes\system\CodeIgniter.php(832): App\Controllers\caja\cajaController->generar_apertura()
#10 C:\xampp\htdocs\restaurantes\system\CodeIgniter.php(419): CodeIgniter\CodeIgniter->runController(Object(App\Controllers\caja\cajaController))
#11 C:\xampp\htdocs\restaurantes\system\CodeIgniter.php(326): CodeIgniter\CodeIgniter->handleRequest(NULL, Object(Config\Cache), false)
#12 C:\xampp\htdocs\restaurantes\index.php(37): CodeIgniter\CodeIgniter->run()
#13 {main}
CRITICAL - 2022-09-29 21:54:25 --> pg_query(): Query failed: ERROR:  la sintaxis de entrada no es válida para tipo time: «21:54:25:000000»
LINE 1: ...rno&quot;, &quot;idusuario&quot;, &quot;valor&quot;) VALUES ('29-09-2022', '21:54:25:...
                                                             ^
#0 [internal function]: CodeIgniter\Debug\Exceptions->errorHandler(2, 'pg_query(): Que...', 'C:\\xampp\\htdocs...', 135)
#1 C:\xampp\htdocs\restaurantes\system\Database\Postgre\Connection.php(135): pg_query(Resource id #157, 'INSERT INTO "ap...')
#2 C:\xampp\htdocs\restaurantes\system\Database\BaseConnection.php(670): CodeIgniter\Database\Postgre\Connection->execute('INSERT INTO "ap...')
#3 C:\xampp\htdocs\restaurantes\system\Database\BaseConnection.php(598): CodeIgniter\Database\BaseConnection->simpleQuery('INSERT INTO "ap...')
#4 C:\xampp\htdocs\restaurantes\system\Database\BaseBuilder.php(1771): CodeIgniter\Database\BaseConnection->query('INSERT INTO "ap...', Array, false)
#5 C:\xampp\htdocs\restaurantes\system\Model.php(239): CodeIgniter\Database\BaseBuilder->insert()
#6 C:\xampp\htdocs\restaurantes\system\BaseModel.php(738): CodeIgniter\Model->doInsert(Array)
#7 C:\xampp\htdocs\restaurantes\system\Model.php(625): CodeIgniter\BaseModel->insert(Array, true)
#8 C:\xampp\htdocs\restaurantes\app\Controllers\caja\cajaController.php(58): CodeIgniter\Model->insert(Array)
#9 C:\xampp\htdocs\restaurantes\system\CodeIgniter.php(832): App\Controllers\caja\cajaController->generar_apertura()
#10 C:\xampp\htdocs\restaurantes\system\CodeIgniter.php(419): CodeIgniter\CodeIgniter->runController(Object(App\Controllers\caja\cajaController))
#11 C:\xampp\htdocs\restaurantes\system\CodeIgniter.php(326): CodeIgniter\CodeIgniter->handleRequest(NULL, Object(Config\Cache), false)
#12 C:\xampp\htdocs\restaurantes\index.php(37): CodeIgniter\CodeIgniter->run()
#13 {main}
ERROR - 2022-09-29 22:00:45 --> ErrorException: pg_query(): Query failed: ERROR:  la sintaxis de entrada no es válida para tipo time: «22:00:45:000000»
LINE 1: ...rno&quot;, &quot;idusuario&quot;, &quot;valor&quot;) VALUES ('29-09-2022', '22:00:45:...
                                                             ^ in C:\xampp\htdocs\restaurantes\system\Database\Postgre\Connection.php:135
Stack trace:
#0 [internal function]: CodeIgniter\Debug\Exceptions->errorHandler(2, 'pg_query(): Que...', 'C:\\xampp\\htdocs...', 135)
#1 C:\xampp\htdocs\restaurantes\system\Database\Postgre\Connection.php(135): pg_query(Resource id #157, 'INSERT INTO "ap...')
#2 C:\xampp\htdocs\restaurantes\system\Database\BaseConnection.php(670): CodeIgniter\Database\Postgre\Connection->execute('INSERT INTO "ap...')
#3 C:\xampp\htdocs\restaurantes\system\Database\BaseConnection.php(598): CodeIgniter\Database\BaseConnection->simpleQuery('INSERT INTO "ap...')
#4 C:\xampp\htdocs\restaurantes\system\Database\BaseBuilder.php(1771): CodeIgniter\Database\BaseConnection->query('INSERT INTO "ap...', Array, false)
#5 C:\xampp\htdocs\restaurantes\system\Model.php(239): CodeIgniter\Database\BaseBuilder->insert()
#6 C:\xampp\htdocs\restaurantes\system\BaseModel.php(738): CodeIgniter\Model->doInsert(Array)
#7 C:\xampp\htdocs\restaurantes\system\Model.php(625): CodeIgniter\BaseModel->insert(Array, true)
#8 C:\xampp\htdocs\restaurantes\app\Controllers\caja\cajaController.php(58): CodeIgniter\Model->insert(Array)
#9 C:\xampp\htdocs\restaurantes\system\CodeIgniter.php(832): App\Controllers\caja\cajaController->generar_apertura()
#10 C:\xampp\htdocs\restaurantes\system\CodeIgniter.php(419): CodeIgniter\CodeIgniter->runController(Object(App\Controllers\caja\cajaController))
#11 C:\xampp\htdocs\restaurantes\system\CodeIgniter.php(326): CodeIgniter\CodeIgniter->handleRequest(NULL, Object(Config\Cache), false)
#12 C:\xampp\htdocs\restaurantes\index.php(37): CodeIgniter\CodeIgniter->run()
#13 {main}
CRITICAL - 2022-09-29 22:00:45 --> pg_query(): Query failed: ERROR:  la sintaxis de entrada no es válida para tipo time: «22:00:45:000000»
LINE 1: ...rno&quot;, &quot;idusuario&quot;, &quot;valor&quot;) VALUES ('29-09-2022', '22:00:45:...
                                                             ^
#0 [internal function]: CodeIgniter\Debug\Exceptions->errorHandler(2, 'pg_query(): Que...', 'C:\\xampp\\htdocs...', 135)
#1 C:\xampp\htdocs\restaurantes\system\Database\Postgre\Connection.php(135): pg_query(Resource id #157, 'INSERT INTO "ap...')
#2 C:\xampp\htdocs\restaurantes\system\Database\BaseConnection.php(670): CodeIgniter\Database\Postgre\Connection->execute('INSERT INTO "ap...')
#3 C:\xampp\htdocs\restaurantes\system\Database\BaseConnection.php(598): CodeIgniter\Database\BaseConnection->simpleQuery('INSERT INTO "ap...')
#4 C:\xampp\htdocs\restaurantes\system\Database\BaseBuilder.php(1771): CodeIgniter\Database\BaseConnection->query('INSERT INTO "ap...', Array, false)
#5 C:\xampp\htdocs\restaurantes\system\Model.php(239): CodeIgniter\Database\BaseBuilder->insert()
#6 C:\xampp\htdocs\restaurantes\system\BaseModel.php(738): CodeIgniter\Model->doInsert(Array)
#7 C:\xampp\htdocs\restaurantes\system\Model.php(625): CodeIgniter\BaseModel->insert(Array, true)
#8 C:\xampp\htdocs\restaurantes\app\Controllers\caja\cajaController.php(58): CodeIgniter\Model->insert(Array)
#9 C:\xampp\htdocs\restaurantes\system\CodeIgniter.php(832): App\Controllers\caja\cajaController->generar_apertura()
#10 C:\xampp\htdocs\restaurantes\system\CodeIgniter.php(419): CodeIgniter\CodeIgniter->runController(Object(App\Controllers\caja\cajaController))
#11 C:\xampp\htdocs\restaurantes\system\CodeIgniter.php(326): CodeIgniter\CodeIgniter->handleRequest(NULL, Object(Config\Cache), false)
#12 C:\xampp\htdocs\restaurantes\index.php(37): CodeIgniter\CodeIgniter->run()
#13 {main}
