CRITICAL - 2022-06-19 14:36:28 --> Trying to access array offset on value of type null
#0 D:\DFPYME\htdocs\dfpyme\app\Controllers\pedido\pedidoController.php(1165): CodeIgniter\Debug\Exceptions->errorHandler(2, 'Trying to acces...', 'D:\\DFPYME\\htdoc...', 1165)
#1 D:\DFPYME\htdocs\dfpyme\system\CodeIgniter.php(832): App\Controllers\pedido\pedidoController->valor_pedido()
#2 D:\DFPYME\htdocs\dfpyme\system\CodeIgniter.php(419): CodeIgniter\CodeIgniter->runController(Object(App\Controllers\pedido\pedidoController))
#3 D:\DFPYME\htdocs\dfpyme\system\CodeIgniter.php(326): CodeIgniter\CodeIgniter->handleRequest(NULL, Object(Config\Cache), false)
#4 D:\DFPYME\htdocs\dfpyme\index.php(37): CodeIgniter\CodeIgniter->run()
#5 {main}
CRITICAL - 2022-06-19 14:36:36 --> Trying to access array offset on value of type null
#0 D:\DFPYME\htdocs\dfpyme\app\Controllers\pedido\pedidoController.php(1165): CodeIgniter\Debug\Exceptions->errorHandler(2, 'Trying to acces...', 'D:\\DFPYME\\htdoc...', 1165)
#1 D:\DFPYME\htdocs\dfpyme\system\CodeIgniter.php(832): App\Controllers\pedido\pedidoController->valor_pedido()
#2 D:\DFPYME\htdocs\dfpyme\system\CodeIgniter.php(419): CodeIgniter\CodeIgniter->runController(Object(App\Controllers\pedido\pedidoController))
#3 D:\DFPYME\htdocs\dfpyme\system\CodeIgniter.php(326): CodeIgniter\CodeIgniter->handleRequest(NULL, Object(Config\Cache), false)
#4 D:\DFPYME\htdocs\dfpyme\index.php(37): CodeIgniter\CodeIgniter->run()
#5 {main}
CRITICAL - 2022-06-19 14:36:37 --> Trying to access array offset on value of type null
#0 D:\DFPYME\htdocs\dfpyme\app\Controllers\pedido\pedidoController.php(1165): CodeIgniter\Debug\Exceptions->errorHandler(2, 'Trying to acces...', 'D:\\DFPYME\\htdoc...', 1165)
#1 D:\DFPYME\htdocs\dfpyme\system\CodeIgniter.php(832): App\Controllers\pedido\pedidoController->valor_pedido()
#2 D:\DFPYME\htdocs\dfpyme\system\CodeIgniter.php(419): CodeIgniter\CodeIgniter->runController(Object(App\Controllers\pedido\pedidoController))
#3 D:\DFPYME\htdocs\dfpyme\system\CodeIgniter.php(326): CodeIgniter\CodeIgniter->handleRequest(NULL, Object(Config\Cache), false)
#4 D:\DFPYME\htdocs\dfpyme\index.php(37): CodeIgniter\CodeIgniter->run()
#5 {main}
CRITICAL - 2022-06-19 14:37:24 --> Trying to access array offset on value of type null
#0 D:\DFPYME\htdocs\dfpyme\app\Controllers\Mesa\mesaController.php(203): CodeIgniter\Debug\Exceptions->errorHandler(2, 'Trying to acces...', 'D:\\DFPYME\\htdoc...', 203)
#1 D:\DFPYME\htdocs\dfpyme\system\CodeIgniter.php(832): App\Controllers\Mesa\mesaController->intercambio_mesa()
#2 D:\DFPYME\htdocs\dfpyme\system\CodeIgniter.php(419): CodeIgniter\CodeIgniter->runController(Object(App\Controllers\Mesa\mesaController))
#3 D:\DFPYME\htdocs\dfpyme\system\CodeIgniter.php(326): CodeIgniter\CodeIgniter->handleRequest(NULL, Object(Config\Cache), false)
#4 D:\DFPYME\htdocs\dfpyme\index.php(37): CodeIgniter\CodeIgniter->run()
#5 {main}
CRITICAL - 2022-06-19 14:37:26 --> Trying to access array offset on value of type null
#0 D:\DFPYME\htdocs\dfpyme\app\Controllers\Mesa\mesaController.php(203): CodeIgniter\Debug\Exceptions->errorHandler(2, 'Trying to acces...', 'D:\\DFPYME\\htdoc...', 203)
#1 D:\DFPYME\htdocs\dfpyme\system\CodeIgniter.php(832): App\Controllers\Mesa\mesaController->intercambio_mesa()
#2 D:\DFPYME\htdocs\dfpyme\system\CodeIgniter.php(419): CodeIgniter\CodeIgniter->runController(Object(App\Controllers\Mesa\mesaController))
#3 D:\DFPYME\htdocs\dfpyme\system\CodeIgniter.php(326): CodeIgniter\CodeIgniter->handleRequest(NULL, Object(Config\Cache), false)
#4 D:\DFPYME\htdocs\dfpyme\index.php(37): CodeIgniter\CodeIgniter->run()
#5 {main}
CRITICAL - 2022-06-19 14:37:27 --> Trying to access array offset on value of type null
#0 D:\DFPYME\htdocs\dfpyme\app\Controllers\Mesa\mesaController.php(203): CodeIgniter\Debug\Exceptions->errorHandler(2, 'Trying to acces...', 'D:\\DFPYME\\htdoc...', 203)
#1 D:\DFPYME\htdocs\dfpyme\system\CodeIgniter.php(832): App\Controllers\Mesa\mesaController->intercambio_mesa()
#2 D:\DFPYME\htdocs\dfpyme\system\CodeIgniter.php(419): CodeIgniter\CodeIgniter->runController(Object(App\Controllers\Mesa\mesaController))
#3 D:\DFPYME\htdocs\dfpyme\system\CodeIgniter.php(326): CodeIgniter\CodeIgniter->handleRequest(NULL, Object(Config\Cache), false)
#4 D:\DFPYME\htdocs\dfpyme\index.php(37): CodeIgniter\CodeIgniter->run()
#5 {main}
CRITICAL - 2022-06-19 14:37:27 --> Trying to access array offset on value of type null
#0 D:\DFPYME\htdocs\dfpyme\app\Controllers\Mesa\mesaController.php(203): CodeIgniter\Debug\Exceptions->errorHandler(2, 'Trying to acces...', 'D:\\DFPYME\\htdoc...', 203)
#1 D:\DFPYME\htdocs\dfpyme\system\CodeIgniter.php(832): App\Controllers\Mesa\mesaController->intercambio_mesa()
#2 D:\DFPYME\htdocs\dfpyme\system\CodeIgniter.php(419): CodeIgniter\CodeIgniter->runController(Object(App\Controllers\Mesa\mesaController))
#3 D:\DFPYME\htdocs\dfpyme\system\CodeIgniter.php(326): CodeIgniter\CodeIgniter->handleRequest(NULL, Object(Config\Cache), false)
#4 D:\DFPYME\htdocs\dfpyme\index.php(37): CodeIgniter\CodeIgniter->run()
#5 {main}
CRITICAL - 2022-06-19 14:37:27 --> Trying to access array offset on value of type null
#0 D:\DFPYME\htdocs\dfpyme\app\Controllers\Mesa\mesaController.php(203): CodeIgniter\Debug\Exceptions->errorHandler(2, 'Trying to acces...', 'D:\\DFPYME\\htdoc...', 203)
#1 D:\DFPYME\htdocs\dfpyme\system\CodeIgniter.php(832): App\Controllers\Mesa\mesaController->intercambio_mesa()
#2 D:\DFPYME\htdocs\dfpyme\system\CodeIgniter.php(419): CodeIgniter\CodeIgniter->runController(Object(App\Controllers\Mesa\mesaController))
#3 D:\DFPYME\htdocs\dfpyme\system\CodeIgniter.php(326): CodeIgniter\CodeIgniter->handleRequest(NULL, Object(Config\Cache), false)
#4 D:\DFPYME\htdocs\dfpyme\index.php(37): CodeIgniter\CodeIgniter->run()
#5 {main}
CRITICAL - 2022-06-19 14:37:28 --> Trying to access array offset on value of type null
#0 D:\DFPYME\htdocs\dfpyme\app\Controllers\Mesa\mesaController.php(203): CodeIgniter\Debug\Exceptions->errorHandler(2, 'Trying to acces...', 'D:\\DFPYME\\htdoc...', 203)
#1 D:\DFPYME\htdocs\dfpyme\system\CodeIgniter.php(832): App\Controllers\Mesa\mesaController->intercambio_mesa()
#2 D:\DFPYME\htdocs\dfpyme\system\CodeIgniter.php(419): CodeIgniter\CodeIgniter->runController(Object(App\Controllers\Mesa\mesaController))
#3 D:\DFPYME\htdocs\dfpyme\system\CodeIgniter.php(326): CodeIgniter\CodeIgniter->handleRequest(NULL, Object(Config\Cache), false)
#4 D:\DFPYME\htdocs\dfpyme\index.php(37): CodeIgniter\CodeIgniter->run()
#5 {main}
CRITICAL - 2022-06-19 14:37:28 --> Trying to access array offset on value of type null
#0 D:\DFPYME\htdocs\dfpyme\app\Controllers\Mesa\mesaController.php(203): CodeIgniter\Debug\Exceptions->errorHandler(2, 'Trying to acces...', 'D:\\DFPYME\\htdoc...', 203)
#1 D:\DFPYME\htdocs\dfpyme\system\CodeIgniter.php(832): App\Controllers\Mesa\mesaController->intercambio_mesa()
#2 D:\DFPYME\htdocs\dfpyme\system\CodeIgniter.php(419): CodeIgniter\CodeIgniter->runController(Object(App\Controllers\Mesa\mesaController))
#3 D:\DFPYME\htdocs\dfpyme\system\CodeIgniter.php(326): CodeIgniter\CodeIgniter->handleRequest(NULL, Object(Config\Cache), false)
#4 D:\DFPYME\htdocs\dfpyme\index.php(37): CodeIgniter\CodeIgniter->run()
#5 {main}
CRITICAL - 2022-06-19 16:00:03 --> Trying to access array offset on value of type null
#0 D:\DFPYME\htdocs\dfpyme\app\Controllers\comanda\imprimirComandaController.php(66): CodeIgniter\Debug\Exceptions->errorHandler(2, 'Trying to acces...', 'D:\\DFPYME\\htdoc...', 66)
#1 D:\DFPYME\htdocs\dfpyme\system\CodeIgniter.php(832): App\Controllers\comanda\imprimirComandaController->imprimir_comanda()
#2 D:\DFPYME\htdocs\dfpyme\system\CodeIgniter.php(419): CodeIgniter\CodeIgniter->runController(Object(App\Controllers\comanda\imprimirComandaController))
#3 D:\DFPYME\htdocs\dfpyme\system\CodeIgniter.php(326): CodeIgniter\CodeIgniter->handleRequest(NULL, Object(Config\Cache), false)
#4 D:\DFPYME\htdocs\dfpyme\index.php(37): CodeIgniter\CodeIgniter->run()
#5 {main}
CRITICAL - 2022-06-19 16:49:50 --> Trying to access array offset on value of type null
#0 D:\DFPYME\htdocs\dfpyme\app\Controllers\pedido\pedidoController.php(1165): CodeIgniter\Debug\Exceptions->errorHandler(2, 'Trying to acces...', 'D:\\DFPYME\\htdoc...', 1165)
#1 D:\DFPYME\htdocs\dfpyme\system\CodeIgniter.php(832): App\Controllers\pedido\pedidoController->valor_pedido()
#2 D:\DFPYME\htdocs\dfpyme\system\CodeIgniter.php(419): CodeIgniter\CodeIgniter->runController(Object(App\Controllers\pedido\pedidoController))
#3 D:\DFPYME\htdocs\dfpyme\system\CodeIgniter.php(326): CodeIgniter\CodeIgniter->handleRequest(NULL, Object(Config\Cache), false)
#4 D:\DFPYME\htdocs\dfpyme\index.php(37): CodeIgniter\CodeIgniter->run()
#5 {main}
CRITICAL - 2022-06-19 17:27:51 --> Trying to access array offset on value of type null
#0 D:\DFPYME\htdocs\dfpyme\app\Controllers\Mesa\mesaController.php(203): CodeIgniter\Debug\Exceptions->errorHandler(2, 'Trying to acces...', 'D:\\DFPYME\\htdoc...', 203)
#1 D:\DFPYME\htdocs\dfpyme\system\CodeIgniter.php(832): App\Controllers\Mesa\mesaController->intercambio_mesa()
#2 D:\DFPYME\htdocs\dfpyme\system\CodeIgniter.php(419): CodeIgniter\CodeIgniter->runController(Object(App\Controllers\Mesa\mesaController))
#3 D:\DFPYME\htdocs\dfpyme\system\CodeIgniter.php(326): CodeIgniter\CodeIgniter->handleRequest(NULL, Object(Config\Cache), false)
#4 D:\DFPYME\htdocs\dfpyme\index.php(37): CodeIgniter\CodeIgniter->run()
#5 {main}
CRITICAL - 2022-06-19 19:47:43 --> Trying to access array offset on value of type null
#0 D:\DFPYME\htdocs\dfpyme\app\Controllers\pedido\pedidoController.php(1165): CodeIgniter\Debug\Exceptions->errorHandler(2, 'Trying to acces...', 'D:\\DFPYME\\htdoc...', 1165)
#1 D:\DFPYME\htdocs\dfpyme\system\CodeIgniter.php(832): App\Controllers\pedido\pedidoController->valor_pedido()
#2 D:\DFPYME\htdocs\dfpyme\system\CodeIgniter.php(419): CodeIgniter\CodeIgniter->runController(Object(App\Controllers\pedido\pedidoController))
#3 D:\DFPYME\htdocs\dfpyme\system\CodeIgniter.php(326): CodeIgniter\CodeIgniter->handleRequest(NULL, Object(Config\Cache), false)
#4 D:\DFPYME\htdocs\dfpyme\index.php(37): CodeIgniter\CodeIgniter->run()
#5 {main}
