ERROR - 2022-06-13 06:02:05 --> ErrorException: pg_query(): Query failed: server closed the connection unexpectedly
	This probably means the server terminated abnormally
	before or while processing the request. in C:\xampp\htdocs\web\system\Database\Postgre\Connection.php:135
Stack trace:
#0 [internal function]: CodeIgniter\Debug\Exceptions->errorHandler(2, 'pg_query(): Que...', 'C:\\xampp\\htdocs...', 135)
#1 C:\xampp\htdocs\web\system\Database\Postgre\Connection.php(135): pg_query(Resource id #134, 'UPDATE "inventa...')
#2 C:\xampp\htdocs\web\system\Database\BaseConnection.php(670): CodeIgniter\Database\Postgre\Connection->execute('UPDATE "inventa...')
#3 C:\xampp\htdocs\web\system\Database\BaseConnection.php(598): CodeIgniter\Database\BaseConnection->simpleQuery('UPDATE "inventa...')
#4 C:\xampp\htdocs\web\system\Database\BaseBuilder.php(1913): CodeIgniter\Database\BaseConnection->query('UPDATE "inventa...', Array, false)
#5 C:\xampp\htdocs\web\system\Model.php(298): CodeIgniter\Database\BaseBuilder->update()
#6 C:\xampp\htdocs\web\system\BaseModel.php(865): CodeIgniter\Model->doUpdate(NULL, Array)
#7 C:\xampp\htdocs\web\system\Model.php(651): CodeIgniter\BaseModel->update(NULL, Array)
#8 C:\xampp\htdocs\web\app\Controllers\factura_pos\facturaDirectaController.php(605): CodeIgniter\Model->update()
#9 C:\xampp\htdocs\web\app\Controllers\factura_pos\facturaDirectaController.php(55): App\Controllers\factura_pos\facturaDirectaController->facturacion_con_impuestos('10000', '0', '4100', '22222222', '6', '1', '100000')
#10 C:\xampp\htdocs\web\system\CodeIgniter.php(832): App\Controllers\factura_pos\facturaDirectaController->facturacion()
#11 C:\xampp\htdocs\web\system\CodeIgniter.php(419): CodeIgniter\CodeIgniter->runController(Object(App\Controllers\factura_pos\facturaDirectaController))
#12 C:\xampp\htdocs\web\system\CodeIgniter.php(326): CodeIgniter\CodeIgniter->handleRequest(NULL, Object(Config\Cache), false)
#13 C:\xampp\htdocs\web\index.php(37): CodeIgniter\CodeIgniter->run()
#14 {main}
CRITICAL - 2022-06-13 06:02:05 --> pg_query(): Query failed: server closed the connection unexpectedly
	This probably means the server terminated abnormally
	before or while processing the request.
#0 [internal function]: CodeIgniter\Debug\Exceptions->errorHandler(2, 'pg_query(): Que...', 'C:\\xampp\\htdocs...', 135)
#1 C:\xampp\htdocs\web\system\Database\Postgre\Connection.php(135): pg_query(Resource id #134, 'UPDATE "inventa...')
#2 C:\xampp\htdocs\web\system\Database\BaseConnection.php(670): CodeIgniter\Database\Postgre\Connection->execute('UPDATE "inventa...')
#3 C:\xampp\htdocs\web\system\Database\BaseConnection.php(598): CodeIgniter\Database\BaseConnection->simpleQuery('UPDATE "inventa...')
#4 C:\xampp\htdocs\web\system\Database\BaseBuilder.php(1913): CodeIgniter\Database\BaseConnection->query('UPDATE "inventa...', Array, false)
#5 C:\xampp\htdocs\web\system\Model.php(298): CodeIgniter\Database\BaseBuilder->update()
#6 C:\xampp\htdocs\web\system\BaseModel.php(865): CodeIgniter\Model->doUpdate(NULL, Array)
#7 C:\xampp\htdocs\web\system\Model.php(651): CodeIgniter\BaseModel->update(NULL, Array)
#8 C:\xampp\htdocs\web\app\Controllers\factura_pos\facturaDirectaController.php(605): CodeIgniter\Model->update()
#9 C:\xampp\htdocs\web\app\Controllers\factura_pos\facturaDirectaController.php(55): App\Controllers\factura_pos\facturaDirectaController->facturacion_con_impuestos('10000', '0', '4100', '22222222', '6', '1', '100000')
#10 C:\xampp\htdocs\web\system\CodeIgniter.php(832): App\Controllers\factura_pos\facturaDirectaController->facturacion()
#11 C:\xampp\htdocs\web\system\CodeIgniter.php(419): CodeIgniter\CodeIgniter->runController(Object(App\Controllers\factura_pos\facturaDirectaController))
#12 C:\xampp\htdocs\web\system\CodeIgniter.php(326): CodeIgniter\CodeIgniter->handleRequest(NULL, Object(Config\Cache), false)
#13 C:\xampp\htdocs\web\index.php(37): CodeIgniter\CodeIgniter->run()
#14 {main}
CRITICAL - 2022-06-13 06:02:05 --> Uncaught CodeIgniter\Format\Exceptions\FormatException: Failed to parse json string, error: "Type is not supported". in C:\xampp\htdocs\web\system\Format\JSONFormatter.php:41
Stack trace:
#0 C:\xampp\htdocs\web\system\Format\JSONFormatter.php(41): CodeIgniter\Format\Exceptions\FormatException::forInvalidJSON('Type is not sup...')
#1 C:\xampp\htdocs\web\system\API\ResponseTrait.php(341): CodeIgniter\Format\JSONFormatter->format(Array)
#2 C:\xampp\htdocs\web\system\API\ResponseTrait.php(99): CodeIgniter\Debug\Exceptions->format(Array)
#3 C:\xampp\htdocs\web\system\Debug\Exceptions.php(115): CodeIgniter\Debug\Exceptions->respond(Array, 500)
#4 [internal function]: CodeIgniter\Debug\Exceptions->exceptionHandler(Object(ErrorException))
#5 {main}
  thrown
#0 [internal function]: CodeIgniter\Debug\Exceptions->shutdownHandler()
#1 {main}
CRITICAL - 2022-06-13 16:10:24 --> Trying to access array offset on value of type null
#0 C:\xampp\htdocs\web\app\Controllers\pedido\partirFacturaController.php(1181): CodeIgniter\Debug\Exceptions->errorHandler(2, 'Trying to acces...', 'C:\\xampp\\htdocs...', 1181)
#1 C:\xampp\htdocs\web\system\CodeIgniter.php(832): App\Controllers\pedido\partirFacturaController->actualizar_cantidad_tabla_partir_factura()
#2 C:\xampp\htdocs\web\system\CodeIgniter.php(419): CodeIgniter\CodeIgniter->runController(Object(App\Controllers\pedido\partirFacturaController))
#3 C:\xampp\htdocs\web\system\CodeIgniter.php(326): CodeIgniter\CodeIgniter->handleRequest(NULL, Object(Config\Cache), false)
#4 C:\xampp\htdocs\web\index.php(37): CodeIgniter\CodeIgniter->run()
#5 {main}
CRITICAL - 2022-06-13 16:10:47 --> Undefined array key "cantidad"
#0 C:\xampp\htdocs\web\app\Controllers\pedido\partirFacturaController.php(760): CodeIgniter\Debug\Exceptions->errorHandler(2, 'Undefined array...', 'C:\\xampp\\htdocs...', 760)
#1 C:\xampp\htdocs\web\app\Controllers\pedido\partirFacturaController.php(119): App\Controllers\pedido\partirFacturaController->facturacion_con_impuestos(18, 60000, 0, 56700, 22222222, 6, 1, 600000)
#2 C:\xampp\htdocs\web\system\CodeIgniter.php(832): App\Controllers\pedido\partirFacturaController->facturar()
#3 C:\xampp\htdocs\web\system\CodeIgniter.php(419): CodeIgniter\CodeIgniter->runController(Object(App\Controllers\pedido\partirFacturaController))
#4 C:\xampp\htdocs\web\system\CodeIgniter.php(326): CodeIgniter\CodeIgniter->handleRequest(NULL, Object(Config\Cache), false)
#5 C:\xampp\htdocs\web\index.php(37): CodeIgniter\CodeIgniter->run()
#6 {main}
CRITICAL - 2022-06-13 16:16:38 --> Trying to access array offset on value of type null
#0 C:\xampp\htdocs\web\app\Controllers\pedido\partirFacturaController.php(1181): CodeIgniter\Debug\Exceptions->errorHandler(2, 'Trying to acces...', 'C:\\xampp\\htdocs...', 1181)
#1 C:\xampp\htdocs\web\system\CodeIgniter.php(832): App\Controllers\pedido\partirFacturaController->actualizar_cantidad_tabla_partir_factura()
#2 C:\xampp\htdocs\web\system\CodeIgniter.php(419): CodeIgniter\CodeIgniter->runController(Object(App\Controllers\pedido\partirFacturaController))
#3 C:\xampp\htdocs\web\system\CodeIgniter.php(326): CodeIgniter\CodeIgniter->handleRequest(NULL, Object(Config\Cache), false)
#4 C:\xampp\htdocs\web\index.php(37): CodeIgniter\CodeIgniter->run()
#5 {main}
CRITICAL - 2022-06-13 16:28:54 --> Trying to access array offset on value of type null
#0 C:\xampp\htdocs\web\app\Controllers\pedido\partirFacturaController.php(1196): CodeIgniter\Debug\Exceptions->errorHandler(2, 'Trying to acces...', 'C:\\xampp\\htdocs...', 1196)
#1 C:\xampp\htdocs\web\system\CodeIgniter.php(832): App\Controllers\pedido\partirFacturaController->actualizar_cantidad_tabla_partir_factura()
#2 C:\xampp\htdocs\web\system\CodeIgniter.php(419): CodeIgniter\CodeIgniter->runController(Object(App\Controllers\pedido\partirFacturaController))
#3 C:\xampp\htdocs\web\system\CodeIgniter.php(326): CodeIgniter\CodeIgniter->handleRequest(NULL, Object(Config\Cache), false)
#4 C:\xampp\htdocs\web\index.php(37): CodeIgniter\CodeIgniter->run()
#5 {main}
CRITICAL - 2022-06-13 16:30:58 --> Undefined array key "cantidad"
#0 C:\xampp\htdocs\web\app\Controllers\pedido\partirFacturaController.php(760): CodeIgniter\Debug\Exceptions->errorHandler(2, 'Undefined array...', 'C:\\xampp\\htdocs...', 760)
#1 C:\xampp\htdocs\web\app\Controllers\pedido\partirFacturaController.php(119): App\Controllers\pedido\partirFacturaController->facturacion_con_impuestos(18, 60000, 0, 56700, 22222222, 6, 1, 600000)
#2 C:\xampp\htdocs\web\system\CodeIgniter.php(832): App\Controllers\pedido\partirFacturaController->facturar()
#3 C:\xampp\htdocs\web\system\CodeIgniter.php(419): CodeIgniter\CodeIgniter->runController(Object(App\Controllers\pedido\partirFacturaController))
#4 C:\xampp\htdocs\web\system\CodeIgniter.php(326): CodeIgniter\CodeIgniter->handleRequest(NULL, Object(Config\Cache), false)
#5 C:\xampp\htdocs\web\index.php(37): CodeIgniter\CodeIgniter->run()
#6 {main}
CRITICAL - 2022-06-13 18:01:51 --> Undefined array key "cantidad"
#0 C:\xampp\htdocs\web\app\Controllers\pedido\partirFacturaController.php(760): CodeIgniter\Debug\Exceptions->errorHandler(2, 'Undefined array...', 'C:\\xampp\\htdocs...', 760)
#1 C:\xampp\htdocs\web\app\Controllers\pedido\partirFacturaController.php(119): App\Controllers\pedido\partirFacturaController->facturacion_con_impuestos(18, 60000, 0, 56700, 22222222, 6, 1, 600000)
#2 C:\xampp\htdocs\web\system\CodeIgniter.php(832): App\Controllers\pedido\partirFacturaController->facturar()
#3 C:\xampp\htdocs\web\system\CodeIgniter.php(419): CodeIgniter\CodeIgniter->runController(Object(App\Controllers\pedido\partirFacturaController))
#4 C:\xampp\htdocs\web\system\CodeIgniter.php(326): CodeIgniter\CodeIgniter->handleRequest(NULL, Object(Config\Cache), false)
#5 C:\xampp\htdocs\web\index.php(37): CodeIgniter\CodeIgniter->run()
#6 {main}
