CRITICAL - 2022-10-13 16:33:45 --> Undefined variable $pago_efectivo
#0 C:\xampp\htdocs\restaurantes\app\Controllers\pedido\partirFacturaController.php(987): CodeIgniter\Debug\Exceptions->errorHandler(2, 'Undefined varia...', 'C:\\xampp\\htdocs...', 987)
#1 C:\xampp\htdocs\restaurantes\app\Controllers\pedido\partirFacturaController.php(118): App\Controllers\pedido\partirFacturaController->facturacion_con_impuestos('66', '', '14000', '14000', '22222222', '6', '1', '14000')
#2 C:\xampp\htdocs\restaurantes\system\CodeIgniter.php(832): App\Controllers\pedido\partirFacturaController->facturar()
#3 C:\xampp\htdocs\restaurantes\system\CodeIgniter.php(419): CodeIgniter\CodeIgniter->runController(Object(App\Controllers\pedido\partirFacturaController))
#4 C:\xampp\htdocs\restaurantes\system\CodeIgniter.php(326): CodeIgniter\CodeIgniter->handleRequest(NULL, Object(Config\Cache), false)
#5 C:\xampp\htdocs\restaurantes\index.php(37): CodeIgniter\CodeIgniter->run()
#6 {main}
ERROR - 2022-10-13 17:08:25 --> ErrorException: pg_query(): Query failed: ERROR:  no existe la columna «id»
LINE 1: SELECT &quot;id&quot;
               ^ in C:\xampp\htdocs\restaurantes\system\Database\Postgre\Connection.php:135
Stack trace:
#0 [internal function]: CodeIgniter\Debug\Exceptions->errorHandler(2, 'pg_query(): Que...', 'C:\\xampp\\htdocs...', 135)
#1 C:\xampp\htdocs\restaurantes\system\Database\Postgre\Connection.php(135): pg_query(Resource id #158, 'SELECT "id"\nFRO...')
#2 C:\xampp\htdocs\restaurantes\system\Database\BaseConnection.php(670): CodeIgniter\Database\Postgre\Connection->execute('SELECT "id"\nFRO...')
#3 C:\xampp\htdocs\restaurantes\system\Database\BaseConnection.php(598): CodeIgniter\Database\BaseConnection->simpleQuery('SELECT "id"\nFRO...')
#4 C:\xampp\htdocs\restaurantes\system\Database\BaseBuilder.php(1455): CodeIgniter\Database\BaseConnection->query('SELECT "id"\nFRO...', Array, false)
#5 C:\xampp\htdocs\restaurantes\system\Model.php(145): CodeIgniter\Database\BaseBuilder->get()
#6 C:\xampp\htdocs\restaurantes\system\BaseModel.php(523): CodeIgniter\Model->doFind(false, NULL)
#7 C:\xampp\htdocs\restaurantes\app\Controllers\caja\cajaController.php(16): CodeIgniter\BaseModel->find()
#8 C:\xampp\htdocs\restaurantes\system\CodeIgniter.php(832): App\Controllers\caja\cajaController->apertura()
#9 C:\xampp\htdocs\restaurantes\system\CodeIgniter.php(419): CodeIgniter\CodeIgniter->runController(Object(App\Controllers\caja\cajaController))
#10 C:\xampp\htdocs\restaurantes\system\CodeIgniter.php(326): CodeIgniter\CodeIgniter->handleRequest(NULL, Object(Config\Cache), false)
#11 C:\xampp\htdocs\restaurantes\index.php(37): CodeIgniter\CodeIgniter->run()
#12 {main}
CRITICAL - 2022-10-13 17:08:25 --> pg_query(): Query failed: ERROR:  no existe la columna «id»
LINE 1: SELECT &quot;id&quot;
               ^
#0 [internal function]: CodeIgniter\Debug\Exceptions->errorHandler(2, 'pg_query(): Que...', 'C:\\xampp\\htdocs...', 135)
#1 C:\xampp\htdocs\restaurantes\system\Database\Postgre\Connection.php(135): pg_query(Resource id #158, 'SELECT "id"\nFRO...')
#2 C:\xampp\htdocs\restaurantes\system\Database\BaseConnection.php(670): CodeIgniter\Database\Postgre\Connection->execute('SELECT "id"\nFRO...')
#3 C:\xampp\htdocs\restaurantes\system\Database\BaseConnection.php(598): CodeIgniter\Database\BaseConnection->simpleQuery('SELECT "id"\nFRO...')
#4 C:\xampp\htdocs\restaurantes\system\Database\BaseBuilder.php(1455): CodeIgniter\Database\BaseConnection->query('SELECT "id"\nFRO...', Array, false)
#5 C:\xampp\htdocs\restaurantes\system\Model.php(145): CodeIgniter\Database\BaseBuilder->get()
#6 C:\xampp\htdocs\restaurantes\system\BaseModel.php(523): CodeIgniter\Model->doFind(false, NULL)
#7 C:\xampp\htdocs\restaurantes\app\Controllers\caja\cajaController.php(16): CodeIgniter\BaseModel->find()
#8 C:\xampp\htdocs\restaurantes\system\CodeIgniter.php(832): App\Controllers\caja\cajaController->apertura()
#9 C:\xampp\htdocs\restaurantes\system\CodeIgniter.php(419): CodeIgniter\CodeIgniter->runController(Object(App\Controllers\caja\cajaController))
#10 C:\xampp\htdocs\restaurantes\system\CodeIgniter.php(326): CodeIgniter\CodeIgniter->handleRequest(NULL, Object(Config\Cache), false)
#11 C:\xampp\htdocs\restaurantes\index.php(37): CodeIgniter\CodeIgniter->run()
#12 {main}
CRITICAL - 2022-10-13 17:14:35 --> Undefined array key "idcaja"
#0 C:\xampp\htdocs\restaurantes\app\Views\caja\apertura.php(34): CodeIgniter\Debug\Exceptions->errorHandler(2, 'Undefined array...', 'C:\\xampp\\htdocs...', 34)
#1 C:\xampp\htdocs\restaurantes\system\View\View.php(210): include('C:\\xampp\\htdocs...')
#2 C:\xampp\htdocs\restaurantes\system\View\View.php(213): CodeIgniter\View\View->CodeIgniter\View\{closure}()
#3 C:\xampp\htdocs\restaurantes\system\Common.php(1089): CodeIgniter\View\View->render('caja/apertura', Array, true)
#4 C:\xampp\htdocs\restaurantes\app\Controllers\caja\cajaController.php(20): view('caja/apertura', Array)
#5 C:\xampp\htdocs\restaurantes\system\CodeIgniter.php(832): App\Controllers\caja\cajaController->apertura()
#6 C:\xampp\htdocs\restaurantes\system\CodeIgniter.php(419): CodeIgniter\CodeIgniter->runController(Object(App\Controllers\caja\cajaController))
#7 C:\xampp\htdocs\restaurantes\system\CodeIgniter.php(326): CodeIgniter\CodeIgniter->handleRequest(NULL, Object(Config\Cache), false)
#8 C:\xampp\htdocs\restaurantes\index.php(37): CodeIgniter\CodeIgniter->run()
#9 {main}
