CRITICAL - 2022-05-24 10:37:10 --> Undefined array key 0
#0 C:\xampp\htdocs\web\app\Controllers\pedido\pedidoController.php(1117): CodeIgniter\Debug\Exceptions->errorHandler(2, 'Undefined array...', 'C:\\xampp\\htdocs...', 1117)
#1 C:\xampp\htdocs\web\system\CodeIgniter.php(832): App\Controllers\pedido\pedidoController->valor_pedido()
#2 C:\xampp\htdocs\web\system\CodeIgniter.php(419): CodeIgniter\CodeIgniter->runController(Object(App\Controllers\pedido\pedidoController))
#3 C:\xampp\htdocs\web\system\CodeIgniter.php(326): CodeIgniter\CodeIgniter->handleRequest(NULL, Object(Config\Cache), false)
#4 C:\xampp\htdocs\web\index.php(37): CodeIgniter\CodeIgniter->run()
#5 {main}
CRITICAL - 2022-05-24 10:37:53 --> Undefined array key "valor_total"
#0 C:\xampp\htdocs\web\app\Controllers\pedido\pedidoController.php(1117): CodeIgniter\Debug\Exceptions->errorHandler(2, 'Undefined array...', 'C:\\xampp\\htdocs...', 1117)
#1 C:\xampp\htdocs\web\system\CodeIgniter.php(832): App\Controllers\pedido\pedidoController->valor_pedido()
#2 C:\xampp\htdocs\web\system\CodeIgniter.php(419): CodeIgniter\CodeIgniter->runController(Object(App\Controllers\pedido\pedidoController))
#3 C:\xampp\htdocs\web\system\CodeIgniter.php(326): CodeIgniter\CodeIgniter->handleRequest(NULL, Object(Config\Cache), false)
#4 C:\xampp\htdocs\web\index.php(37): CodeIgniter\CodeIgniter->run()
#5 {main}
CRITICAL - 2022-05-24 11:08:20 --> Undefined array key "valor_total"
#0 C:\xampp\htdocs\web\app\Controllers\pedido\pedidoController.php(1119): CodeIgniter\Debug\Exceptions->errorHandler(2, 'Undefined array...', 'C:\\xampp\\htdocs...', 1119)
#1 C:\xampp\htdocs\web\system\CodeIgniter.php(832): App\Controllers\pedido\pedidoController->valor_pedido()
#2 C:\xampp\htdocs\web\system\CodeIgniter.php(419): CodeIgniter\CodeIgniter->runController(Object(App\Controllers\pedido\pedidoController))
#3 C:\xampp\htdocs\web\system\CodeIgniter.php(326): CodeIgniter\CodeIgniter->handleRequest(NULL, Object(Config\Cache), false)
#4 C:\xampp\htdocs\web\index.php(37): CodeIgniter\CodeIgniter->run()
#5 {main}
CRITICAL - 2022-05-24 11:08:44 --> Undefined variable $returnData
#0 C:\xampp\htdocs\web\app\Controllers\pedido\pedidoController.php(1143): CodeIgniter\Debug\Exceptions->errorHandler(2, 'Undefined varia...', 'C:\\xampp\\htdocs...', 1143)
#1 C:\xampp\htdocs\web\system\CodeIgniter.php(832): App\Controllers\pedido\pedidoController->valor_pedido()
#2 C:\xampp\htdocs\web\system\CodeIgniter.php(419): CodeIgniter\CodeIgniter->runController(Object(App\Controllers\pedido\pedidoController))
#3 C:\xampp\htdocs\web\system\CodeIgniter.php(326): CodeIgniter\CodeIgniter->handleRequest(NULL, Object(Config\Cache), false)
#4 C:\xampp\htdocs\web\index.php(37): CodeIgniter\CodeIgniter->run()
#5 {main}
CRITICAL - 2022-05-24 11:23:42 --> Call to undefined method App\Models\productoPedidoPosModel::valor_total
#0 C:\xampp\htdocs\web\app\Controllers\pedido\pedidoController.php(1087): CodeIgniter\Model->__call('valor_total', Array)
#1 C:\xampp\htdocs\web\system\CodeIgniter.php(832): App\Controllers\pedido\pedidoController->valor_pedido()
#2 C:\xampp\htdocs\web\system\CodeIgniter.php(419): CodeIgniter\CodeIgniter->runController(Object(App\Controllers\pedido\pedidoController))
#3 C:\xampp\htdocs\web\system\CodeIgniter.php(326): CodeIgniter\CodeIgniter->handleRequest(NULL, Object(Config\Cache), false)
#4 C:\xampp\htdocs\web\index.php(37): CodeIgniter\CodeIgniter->run()
#5 {main}
CRITICAL - 2022-05-24 11:23:44 --> Call to undefined method App\Models\productoPedidoPosModel::valor_total
#0 C:\xampp\htdocs\web\app\Controllers\pedido\pedidoController.php(1087): CodeIgniter\Model->__call('valor_total', Array)
#1 C:\xampp\htdocs\web\system\CodeIgniter.php(832): App\Controllers\pedido\pedidoController->valor_pedido()
#2 C:\xampp\htdocs\web\system\CodeIgniter.php(419): CodeIgniter\CodeIgniter->runController(Object(App\Controllers\pedido\pedidoController))
#3 C:\xampp\htdocs\web\system\CodeIgniter.php(326): CodeIgniter\CodeIgniter->handleRequest(NULL, Object(Config\Cache), false)
#4 C:\xampp\htdocs\web\index.php(37): CodeIgniter\CodeIgniter->run()
#5 {main}
CRITICAL - 2022-05-24 11:28:25 --> Call to undefined method App\Models\productoPedidoPosModel::valor_total
#0 C:\xampp\htdocs\web\app\Controllers\pedido\pedidoController.php(1086): CodeIgniter\Model->__call('valor_total', Array)
#1 C:\xampp\htdocs\web\system\CodeIgniter.php(832): App\Controllers\pedido\pedidoController->valor_pedido()
#2 C:\xampp\htdocs\web\system\CodeIgniter.php(419): CodeIgniter\CodeIgniter->runController(Object(App\Controllers\pedido\pedidoController))
#3 C:\xampp\htdocs\web\system\CodeIgniter.php(326): CodeIgniter\CodeIgniter->handleRequest(NULL, Object(Config\Cache), false)
#4 C:\xampp\htdocs\web\index.php(37): CodeIgniter\CodeIgniter->run()
#5 {main}
CRITICAL - 2022-05-24 11:28:44 --> Call to undefined method App\Models\productoPedidoPosModel::valor_total
#0 C:\xampp\htdocs\web\app\Controllers\pedido\pedidoController.php(1086): CodeIgniter\Model->__call('valor_total', Array)
#1 C:\xampp\htdocs\web\system\CodeIgniter.php(832): App\Controllers\pedido\pedidoController->valor_pedido()
#2 C:\xampp\htdocs\web\system\CodeIgniter.php(419): CodeIgniter\CodeIgniter->runController(Object(App\Controllers\pedido\pedidoController))
#3 C:\xampp\htdocs\web\system\CodeIgniter.php(326): CodeIgniter\CodeIgniter->handleRequest(NULL, Object(Config\Cache), false)
#4 C:\xampp\htdocs\web\index.php(37): CodeIgniter\CodeIgniter->run()
#5 {main}
CRITICAL - 2022-05-24 11:30:51 --> Call to undefined method App\Models\productoPedidoPosModel::valor_total
#0 C:\xampp\htdocs\web\app\Controllers\pedido\pedidoController.php(1086): CodeIgniter\Model->__call('valor_total', Array)
#1 C:\xampp\htdocs\web\system\CodeIgniter.php(832): App\Controllers\pedido\pedidoController->valor_pedido()
#2 C:\xampp\htdocs\web\system\CodeIgniter.php(419): CodeIgniter\CodeIgniter->runController(Object(App\Controllers\pedido\pedidoController))
#3 C:\xampp\htdocs\web\system\CodeIgniter.php(326): CodeIgniter\CodeIgniter->handleRequest(NULL, Object(Config\Cache), false)
#4 C:\xampp\htdocs\web\index.php(37): CodeIgniter\CodeIgniter->run()
#5 {main}
CRITICAL - 2022-05-24 11:37:48 --> Undefined array key 0
#0 C:\xampp\htdocs\web\app\Controllers\pedido\pedidoController.php(1089): CodeIgniter\Debug\Exceptions->errorHandler(2, 'Undefined array...', 'C:\\xampp\\htdocs...', 1089)
#1 C:\xampp\htdocs\web\system\CodeIgniter.php(832): App\Controllers\pedido\pedidoController->valor_pedido()
#2 C:\xampp\htdocs\web\system\CodeIgniter.php(419): CodeIgniter\CodeIgniter->runController(Object(App\Controllers\pedido\pedidoController))
#3 C:\xampp\htdocs\web\system\CodeIgniter.php(326): CodeIgniter\CodeIgniter->handleRequest(NULL, Object(Config\Cache), false)
#4 C:\xampp\htdocs\web\index.php(37): CodeIgniter\CodeIgniter->run()
#5 {main}
CRITICAL - 2022-05-24 12:04:34 --> There is no data to update.
#0 C:\xampp\htdocs\web\system\BaseModel.php(846): CodeIgniter\Database\Exceptions\DataException::forEmptyDataset('update')
#1 C:\xampp\htdocs\web\system\Model.php(651): CodeIgniter\BaseModel->update(NULL, Array)
#2 C:\xampp\htdocs\web\app\Controllers\factura_pos\facturaDirectaController.php(415): CodeIgniter\Model->update()
#3 C:\xampp\htdocs\web\app\Controllers\factura_pos\facturaDirectaController.php(44): App\Controllers\factura_pos\facturaDirectaController->facturacion_con_impuestos('20000', '0', '17900', '22222222', '8', '1', '200000')
#4 C:\xampp\htdocs\web\system\CodeIgniter.php(832): App\Controllers\factura_pos\facturaDirectaController->facturacion()
#5 C:\xampp\htdocs\web\system\CodeIgniter.php(419): CodeIgniter\CodeIgniter->runController(Object(App\Controllers\factura_pos\facturaDirectaController))
#6 C:\xampp\htdocs\web\system\CodeIgniter.php(326): CodeIgniter\CodeIgniter->handleRequest(NULL, Object(Config\Cache), false)
#7 C:\xampp\htdocs\web\index.php(37): CodeIgniter\CodeIgniter->run()
#8 {main}
CRITICAL - 2022-05-24 12:05:10 --> There is no data to update.
#0 C:\xampp\htdocs\web\system\BaseModel.php(846): CodeIgniter\Database\Exceptions\DataException::forEmptyDataset('update')
#1 C:\xampp\htdocs\web\system\Model.php(651): CodeIgniter\BaseModel->update(NULL, Array)
#2 C:\xampp\htdocs\web\app\Controllers\factura_pos\facturaDirectaController.php(415): CodeIgniter\Model->update()
#3 C:\xampp\htdocs\web\app\Controllers\factura_pos\facturaDirectaController.php(44): App\Controllers\factura_pos\facturaDirectaController->facturacion_con_impuestos('20000', '0', '17900', '22222222', '8', '1', '200000')
#4 C:\xampp\htdocs\web\system\CodeIgniter.php(832): App\Controllers\factura_pos\facturaDirectaController->facturacion()
#5 C:\xampp\htdocs\web\system\CodeIgniter.php(419): CodeIgniter\CodeIgniter->runController(Object(App\Controllers\factura_pos\facturaDirectaController))
#6 C:\xampp\htdocs\web\system\CodeIgniter.php(326): CodeIgniter\CodeIgniter->handleRequest(NULL, Object(Config\Cache), false)
#7 C:\xampp\htdocs\web\index.php(37): CodeIgniter\CodeIgniter->run()
#8 {main}
CRITICAL - 2022-05-24 12:09:29 --> There is no data to update.
#0 C:\xampp\htdocs\web\system\BaseModel.php(846): CodeIgniter\Database\Exceptions\DataException::forEmptyDataset('update')
#1 C:\xampp\htdocs\web\system\Model.php(651): CodeIgniter\BaseModel->update(NULL, Array)
#2 C:\xampp\htdocs\web\app\Controllers\factura_pos\facturaDirectaController.php(416): CodeIgniter\Model->update()
#3 C:\xampp\htdocs\web\app\Controllers\factura_pos\facturaDirectaController.php(44): App\Controllers\factura_pos\facturaDirectaController->facturacion_con_impuestos('200000', '0', '17900', '22222222', '8', '1', '2000000')
#4 C:\xampp\htdocs\web\system\CodeIgniter.php(832): App\Controllers\factura_pos\facturaDirectaController->facturacion()
#5 C:\xampp\htdocs\web\system\CodeIgniter.php(419): CodeIgniter\CodeIgniter->runController(Object(App\Controllers\factura_pos\facturaDirectaController))
#6 C:\xampp\htdocs\web\system\CodeIgniter.php(326): CodeIgniter\CodeIgniter->handleRequest(NULL, Object(Config\Cache), false)
#7 C:\xampp\htdocs\web\index.php(37): CodeIgniter\CodeIgniter->run()
#8 {main}
CRITICAL - 2022-05-24 12:11:31 --> There is no data to update.
#0 C:\xampp\htdocs\web\system\BaseModel.php(846): CodeIgniter\Database\Exceptions\DataException::forEmptyDataset('update')
#1 C:\xampp\htdocs\web\system\Model.php(651): CodeIgniter\BaseModel->update(NULL, Array)
#2 C:\xampp\htdocs\web\app\Controllers\factura_pos\facturaDirectaController.php(416): CodeIgniter\Model->update()
#3 C:\xampp\htdocs\web\app\Controllers\factura_pos\facturaDirectaController.php(44): App\Controllers\factura_pos\facturaDirectaController->facturacion_con_impuestos('20000', '0', '17900', '22222222', '8', '1', '200000')
#4 C:\xampp\htdocs\web\system\CodeIgniter.php(832): App\Controllers\factura_pos\facturaDirectaController->facturacion()
#5 C:\xampp\htdocs\web\system\CodeIgniter.php(419): CodeIgniter\CodeIgniter->runController(Object(App\Controllers\factura_pos\facturaDirectaController))
#6 C:\xampp\htdocs\web\system\CodeIgniter.php(326): CodeIgniter\CodeIgniter->handleRequest(NULL, Object(Config\Cache), false)
#7 C:\xampp\htdocs\web\index.php(37): CodeIgniter\CodeIgniter->run()
#8 {main}
ERROR - 2022-05-24 12:13:25 --> ErrorException: pg_query(): Query failed: ERROR:  la sintaxis de entrada no es válida para integer: «8&lt;/br&gt;»
LINE 3: WHERE &quot;fk_usuario&quot; = '8&lt;/br&gt;'
                             ^ in C:\xampp\htdocs\web\system\Database\Postgre\Connection.php:135
Stack trace:
#0 [internal function]: CodeIgniter\Debug\Exceptions->errorHandler(2, 'pg_query(): Que...', 'C:\\xampp\\htdocs...', 135)
#1 C:\xampp\htdocs\web\system\Database\Postgre\Connection.php(135): pg_query(Resource id #133, 'SELECT "nota_ge...')
#2 C:\xampp\htdocs\web\system\Database\BaseConnection.php(670): CodeIgniter\Database\Postgre\Connection->execute('SELECT "nota_ge...')
#3 C:\xampp\htdocs\web\system\Database\BaseConnection.php(598): CodeIgniter\Database\BaseConnection->simpleQuery('SELECT "nota_ge...')
#4 C:\xampp\htdocs\web\system\Database\BaseBuilder.php(1455): CodeIgniter\Database\BaseConnection->query('SELECT "nota_ge...', Array, false)
#5 C:\xampp\htdocs\web\system\Model.php(210): CodeIgniter\Database\BaseBuilder->get()
#6 C:\xampp\htdocs\web\system\BaseModel.php(622): CodeIgniter\Model->doFirst()
#7 C:\xampp\htdocs\web\app\Controllers\factura_pos\facturaDirectaController.php(351): CodeIgniter\BaseModel->first()
#8 C:\xampp\htdocs\web\app\Controllers\factura_pos\facturaDirectaController.php(44): App\Controllers\factura_pos\facturaDirectaController->facturacion_con_impuestos('20000</br>', '0</br>', '17900</br>', '22222222</br>', '8</br>', '1</br>', '200000</br>')
#9 C:\xampp\htdocs\web\system\CodeIgniter.php(832): App\Controllers\factura_pos\facturaDirectaController->facturacion()
#10 C:\xampp\htdocs\web\system\CodeIgniter.php(419): CodeIgniter\CodeIgniter->runController(Object(App\Controllers\factura_pos\facturaDirectaController))
#11 C:\xampp\htdocs\web\system\CodeIgniter.php(326): CodeIgniter\CodeIgniter->handleRequest(NULL, Object(Config\Cache), false)
#12 C:\xampp\htdocs\web\index.php(37): CodeIgniter\CodeIgniter->run()
#13 {main}
CRITICAL - 2022-05-24 12:13:25 --> pg_query(): Query failed: ERROR:  la sintaxis de entrada no es válida para integer: «8&lt;/br&gt;»
LINE 3: WHERE &quot;fk_usuario&quot; = '8&lt;/br&gt;'
                             ^
#0 [internal function]: CodeIgniter\Debug\Exceptions->errorHandler(2, 'pg_query(): Que...', 'C:\\xampp\\htdocs...', 135)
#1 C:\xampp\htdocs\web\system\Database\Postgre\Connection.php(135): pg_query(Resource id #133, 'SELECT "nota_ge...')
#2 C:\xampp\htdocs\web\system\Database\BaseConnection.php(670): CodeIgniter\Database\Postgre\Connection->execute('SELECT "nota_ge...')
#3 C:\xampp\htdocs\web\system\Database\BaseConnection.php(598): CodeIgniter\Database\BaseConnection->simpleQuery('SELECT "nota_ge...')
#4 C:\xampp\htdocs\web\system\Database\BaseBuilder.php(1455): CodeIgniter\Database\BaseConnection->query('SELECT "nota_ge...', Array, false)
#5 C:\xampp\htdocs\web\system\Model.php(210): CodeIgniter\Database\BaseBuilder->get()
#6 C:\xampp\htdocs\web\system\BaseModel.php(622): CodeIgniter\Model->doFirst()
#7 C:\xampp\htdocs\web\app\Controllers\factura_pos\facturaDirectaController.php(351): CodeIgniter\BaseModel->first()
#8 C:\xampp\htdocs\web\app\Controllers\factura_pos\facturaDirectaController.php(44): App\Controllers\factura_pos\facturaDirectaController->facturacion_con_impuestos('20000</br>', '0</br>', '17900</br>', '22222222</br>', '8</br>', '1</br>', '200000</br>')
#9 C:\xampp\htdocs\web\system\CodeIgniter.php(832): App\Controllers\factura_pos\facturaDirectaController->facturacion()
#10 C:\xampp\htdocs\web\system\CodeIgniter.php(419): CodeIgniter\CodeIgniter->runController(Object(App\Controllers\factura_pos\facturaDirectaController))
#11 C:\xampp\htdocs\web\system\CodeIgniter.php(326): CodeIgniter\CodeIgniter->handleRequest(NULL, Object(Config\Cache), false)
#12 C:\xampp\htdocs\web\index.php(37): CodeIgniter\CodeIgniter->run()
#13 {main}
CRITICAL - 2022-05-24 12:13:25 --> Uncaught CodeIgniter\Format\Exceptions\FormatException: Failed to parse json string, error: "Type is not supported". in C:\xampp\htdocs\web\system\Format\JSONFormatter.php:41
Stack trace:
#0 C:\xampp\htdocs\web\system\Format\JSONFormatter.php(41): CodeIgniter\Format\Exceptions\FormatException::forInvalidJSON('Type is not sup...')
#1 C:\xampp\htdocs\web\system\API\ResponseTrait.php(341): CodeIgniter\Format\JSONFormatter->format(Array)
#2 C:\xampp\htdocs\web\system\API\ResponseTrait.php(99): CodeIgniter\Debug\Exceptions->format(Array)
#3 C:\xampp\htdocs\web\system\Debug\Exceptions.php(115): CodeIgniter\Debug\Exceptions->respond(Array, 500)
#4 [internal function]: CodeIgniter\Debug\Exceptions->exceptionHandler(Object(ErrorException))
#5 {main}
  thrown
#0 [internal function]: CodeIgniter\Debug\Exceptions->shutdownHandler()
#1 {main}
CRITICAL - 2022-05-24 12:21:48 --> There is no data to update.
#0 C:\xampp\htdocs\web\system\BaseModel.php(846): CodeIgniter\Database\Exceptions\DataException::forEmptyDataset('update')
#1 C:\xampp\htdocs\web\system\Model.php(651): CodeIgniter\BaseModel->update(NULL, Array)
#2 C:\xampp\htdocs\web\app\Controllers\factura_pos\facturaDirectaController.php(417): CodeIgniter\Model->update()
#3 C:\xampp\htdocs\web\app\Controllers\factura_pos\facturaDirectaController.php(45): App\Controllers\factura_pos\facturaDirectaController->facturacion_con_impuestos('20', '0', '179', 22222222, 8, 1, '20')
#4 C:\xampp\htdocs\web\system\CodeIgniter.php(832): App\Controllers\factura_pos\facturaDirectaController->facturacion()
#5 C:\xampp\htdocs\web\system\CodeIgniter.php(419): CodeIgniter\CodeIgniter->runController(Object(App\Controllers\factura_pos\facturaDirectaController))
#6 C:\xampp\htdocs\web\system\CodeIgniter.php(326): CodeIgniter\CodeIgniter->handleRequest(NULL, Object(Config\Cache), false)
#7 C:\xampp\htdocs\web\index.php(37): CodeIgniter\CodeIgniter->run()
#8 {main}
CRITICAL - 2022-05-24 13:51:34 --> Class "Mike42\Escpos\PrintConnectors\WindowsPrintConnector" not found
#0 C:\xampp\htdocs\web\system\CodeIgniter.php(832): App\Controllers\devolucion\devolucionController->imprimir_retiro()
#1 C:\xampp\htdocs\web\system\CodeIgniter.php(419): CodeIgniter\CodeIgniter->runController(Object(App\Controllers\devolucion\devolucionController))
#2 C:\xampp\htdocs\web\system\CodeIgniter.php(326): CodeIgniter\CodeIgniter->handleRequest(NULL, Object(Config\Cache), false)
#3 C:\xampp\htdocs\web\index.php(37): CodeIgniter\CodeIgniter->run()
#4 {main}
CRITICAL - 2022-05-24 13:52:19 --> Class "Mike42\Escpos\PrintConnectors\WindowsPrintConnector" not found
#0 C:\xampp\htdocs\web\system\CodeIgniter.php(832): App\Controllers\devolucion\devolucionController->imprimir_retiro()
#1 C:\xampp\htdocs\web\system\CodeIgniter.php(419): CodeIgniter\CodeIgniter->runController(Object(App\Controllers\devolucion\devolucionController))
#2 C:\xampp\htdocs\web\system\CodeIgniter.php(326): CodeIgniter\CodeIgniter->handleRequest(NULL, Object(Config\Cache), false)
#3 C:\xampp\htdocs\web\index.php(37): CodeIgniter\CodeIgniter->run()
#4 {main}
CRITICAL - 2022-05-24 14:11:37 --> Call to a member function getErrors() on null
#0 C:\xampp\htdocs\web\system\CodeIgniter.php(832): App\Controllers\devolucion\devolucionController->imprimir_retiro()
#1 C:\xampp\htdocs\web\system\CodeIgniter.php(419): CodeIgniter\CodeIgniter->runController(Object(App\Controllers\devolucion\devolucionController))
#2 C:\xampp\htdocs\web\system\CodeIgniter.php(326): CodeIgniter\CodeIgniter->handleRequest(NULL, Object(Config\Cache), false)
#3 C:\xampp\htdocs\web\index.php(37): CodeIgniter\CodeIgniter->run()
#4 {main}
ERROR - 2022-05-24 15:37:39 --> ErrorException: pg_query(): Query failed: ERROR:  no existe la columna «nombreusuario_sistema»
LINE 1: SELECT &quot;nombreusuario_sistema&quot;
               ^ in C:\xampp\htdocs\web\system\Database\Postgre\Connection.php:135
Stack trace:
#0 [internal function]: CodeIgniter\Debug\Exceptions->errorHandler(2, 'pg_query(): Que...', 'C:\\xampp\\htdocs...', 135)
#1 C:\xampp\htdocs\web\system\Database\Postgre\Connection.php(135): pg_query(Resource id #134, 'SELECT "nombreu...')
#2 C:\xampp\htdocs\web\system\Database\BaseConnection.php(670): CodeIgniter\Database\Postgre\Connection->execute('SELECT "nombreu...')
#3 C:\xampp\htdocs\web\system\Database\BaseConnection.php(598): CodeIgniter\Database\BaseConnection->simpleQuery('SELECT "nombreu...')
#4 C:\xampp\htdocs\web\system\Database\BaseBuilder.php(1455): CodeIgniter\Database\BaseConnection->query('SELECT "nombreu...', Array, false)
#5 C:\xampp\htdocs\web\system\Model.php(210): CodeIgniter\Database\BaseBuilder->get()
#6 C:\xampp\htdocs\web\system\BaseModel.php(622): CodeIgniter\Model->doFirst()
#7 C:\xampp\htdocs\web\app\Controllers\devolucion\devolucionController.php(197): CodeIgniter\BaseModel->first()
#8 C:\xampp\htdocs\web\system\CodeIgniter.php(832): App\Controllers\devolucion\devolucionController->imprimir_retiro()
#9 C:\xampp\htdocs\web\system\CodeIgniter.php(419): CodeIgniter\CodeIgniter->runController(Object(App\Controllers\devolucion\devolucionController))
#10 C:\xampp\htdocs\web\system\CodeIgniter.php(326): CodeIgniter\CodeIgniter->handleRequest(NULL, Object(Config\Cache), false)
#11 C:\xampp\htdocs\web\index.php(37): CodeIgniter\CodeIgniter->run()
#12 {main}
CRITICAL - 2022-05-24 15:37:39 --> pg_query(): Query failed: ERROR:  no existe la columna «nombreusuario_sistema»
LINE 1: SELECT &quot;nombreusuario_sistema&quot;
               ^
#0 [internal function]: CodeIgniter\Debug\Exceptions->errorHandler(2, 'pg_query(): Que...', 'C:\\xampp\\htdocs...', 135)
#1 C:\xampp\htdocs\web\system\Database\Postgre\Connection.php(135): pg_query(Resource id #134, 'SELECT "nombreu...')
#2 C:\xampp\htdocs\web\system\Database\BaseConnection.php(670): CodeIgniter\Database\Postgre\Connection->execute('SELECT "nombreu...')
#3 C:\xampp\htdocs\web\system\Database\BaseConnection.php(598): CodeIgniter\Database\BaseConnection->simpleQuery('SELECT "nombreu...')
#4 C:\xampp\htdocs\web\system\Database\BaseBuilder.php(1455): CodeIgniter\Database\BaseConnection->query('SELECT "nombreu...', Array, false)
#5 C:\xampp\htdocs\web\system\Model.php(210): CodeIgniter\Database\BaseBuilder->get()
#6 C:\xampp\htdocs\web\system\BaseModel.php(622): CodeIgniter\Model->doFirst()
#7 C:\xampp\htdocs\web\app\Controllers\devolucion\devolucionController.php(197): CodeIgniter\BaseModel->first()
#8 C:\xampp\htdocs\web\system\CodeIgniter.php(832): App\Controllers\devolucion\devolucionController->imprimir_retiro()
#9 C:\xampp\htdocs\web\system\CodeIgniter.php(419): CodeIgniter\CodeIgniter->runController(Object(App\Controllers\devolucion\devolucionController))
#10 C:\xampp\htdocs\web\system\CodeIgniter.php(326): CodeIgniter\CodeIgniter->handleRequest(NULL, Object(Config\Cache), false)
#11 C:\xampp\htdocs\web\index.php(37): CodeIgniter\CodeIgniter->run()
#12 {main}
CRITICAL - 2022-05-24 15:39:34 --> Undefined array key "valor"
#0 C:\xampp\htdocs\web\app\Controllers\devolucion\devolucionController.php(205): CodeIgniter\Debug\Exceptions->errorHandler(2, 'Undefined array...', 'C:\\xampp\\htdocs...', 205)
#1 C:\xampp\htdocs\web\system\CodeIgniter.php(832): App\Controllers\devolucion\devolucionController->imprimir_retiro()
#2 C:\xampp\htdocs\web\system\CodeIgniter.php(419): CodeIgniter\CodeIgniter->runController(Object(App\Controllers\devolucion\devolucionController))
#3 C:\xampp\htdocs\web\system\CodeIgniter.php(326): CodeIgniter\CodeIgniter->handleRequest(NULL, Object(Config\Cache), false)
#4 C:\xampp\htdocs\web\index.php(37): CodeIgniter\CodeIgniter->run()
#5 {main}
CRITICAL - 2022-05-24 15:42:49 --> syntax error, unexpected token "[", expecting "]"
#0 C:\xampp\htdocs\web\system\Autoloader\Autoloader.php(241): CodeIgniter\Autoloader\Autoloader->includeFile('C:\\xampp\\htdocs...')
#1 C:\xampp\htdocs\web\system\Autoloader\Autoloader.php(219): CodeIgniter\Autoloader\Autoloader->loadInNamespace('App\\Controllers...')
#2 [internal function]: CodeIgniter\Autoloader\Autoloader->loadClass('App\\Controllers...')
#3 C:\xampp\htdocs\web\system\CodeIgniter.php(797): class_exists('\\App\\Controller...', true)
#4 C:\xampp\htdocs\web\system\CodeIgniter.php(406): CodeIgniter\CodeIgniter->startController()
#5 C:\xampp\htdocs\web\system\CodeIgniter.php(326): CodeIgniter\CodeIgniter->handleRequest(NULL, Object(Config\Cache), false)
#6 C:\xampp\htdocs\web\index.php(37): CodeIgniter\CodeIgniter->run()
#7 {main}
CRITICAL - 2022-05-24 15:43:12 --> Undefined array key 0
#0 C:\xampp\htdocs\web\app\Controllers\devolucion\devolucionController.php(207): CodeIgniter\Debug\Exceptions->errorHandler(2, 'Undefined array...', 'C:\\xampp\\htdocs...', 207)
#1 C:\xampp\htdocs\web\system\CodeIgniter.php(832): App\Controllers\devolucion\devolucionController->imprimir_retiro()
#2 C:\xampp\htdocs\web\system\CodeIgniter.php(419): CodeIgniter\CodeIgniter->runController(Object(App\Controllers\devolucion\devolucionController))
#3 C:\xampp\htdocs\web\system\CodeIgniter.php(326): CodeIgniter\CodeIgniter->handleRequest(NULL, Object(Config\Cache), false)
#4 C:\xampp\htdocs\web\index.php(37): CodeIgniter\CodeIgniter->run()
#5 {main}
CRITICAL - 2022-05-24 15:43:22 --> Undefined array key "id"
#0 C:\xampp\htdocs\web\app\Controllers\devolucion\devolucionController.php(204): CodeIgniter\Debug\Exceptions->errorHandler(2, 'Undefined array...', 'C:\\xampp\\htdocs...', 204)
#1 C:\xampp\htdocs\web\system\CodeIgniter.php(832): App\Controllers\devolucion\devolucionController->imprimir_retiro()
#2 C:\xampp\htdocs\web\system\CodeIgniter.php(419): CodeIgniter\CodeIgniter->runController(Object(App\Controllers\devolucion\devolucionController))
#3 C:\xampp\htdocs\web\system\CodeIgniter.php(326): CodeIgniter\CodeIgniter->handleRequest(NULL, Object(Config\Cache), false)
#4 C:\xampp\htdocs\web\index.php(37): CodeIgniter\CodeIgniter->run()
#5 {main}
CRITICAL - 2022-05-24 15:44:05 --> Undefined array key 0
#0 C:\xampp\htdocs\web\app\Controllers\devolucion\devolucionController.php(207): CodeIgniter\Debug\Exceptions->errorHandler(2, 'Undefined array...', 'C:\\xampp\\htdocs...', 207)
#1 C:\xampp\htdocs\web\system\CodeIgniter.php(832): App\Controllers\devolucion\devolucionController->imprimir_retiro()
#2 C:\xampp\htdocs\web\system\CodeIgniter.php(419): CodeIgniter\CodeIgniter->runController(Object(App\Controllers\devolucion\devolucionController))
#3 C:\xampp\htdocs\web\system\CodeIgniter.php(326): CodeIgniter\CodeIgniter->handleRequest(NULL, Object(Config\Cache), false)
#4 C:\xampp\htdocs\web\index.php(37): CodeIgniter\CodeIgniter->run()
#5 {main}
CRITICAL - 2022-05-24 15:46:33 --> Undefined array key "valor"
#0 C:\xampp\htdocs\web\app\Controllers\devolucion\devolucionController.php(208): CodeIgniter\Debug\Exceptions->errorHandler(2, 'Undefined array...', 'C:\\xampp\\htdocs...', 208)
#1 C:\xampp\htdocs\web\system\CodeIgniter.php(832): App\Controllers\devolucion\devolucionController->imprimir_retiro()
#2 C:\xampp\htdocs\web\system\CodeIgniter.php(419): CodeIgniter\CodeIgniter->runController(Object(App\Controllers\devolucion\devolucionController))
#3 C:\xampp\htdocs\web\system\CodeIgniter.php(326): CodeIgniter\CodeIgniter->handleRequest(NULL, Object(Config\Cache), false)
#4 C:\xampp\htdocs\web\index.php(37): CodeIgniter\CodeIgniter->run()
#5 {main}
CRITICAL - 2022-05-24 15:47:08 --> Undefined array key "valor"
#0 C:\xampp\htdocs\web\app\Controllers\devolucion\devolucionController.php(208): CodeIgniter\Debug\Exceptions->errorHandler(2, 'Undefined array...', 'C:\\xampp\\htdocs...', 208)
#1 C:\xampp\htdocs\web\system\CodeIgniter.php(832): App\Controllers\devolucion\devolucionController->imprimir_retiro()
#2 C:\xampp\htdocs\web\system\CodeIgniter.php(419): CodeIgniter\CodeIgniter->runController(Object(App\Controllers\devolucion\devolucionController))
#3 C:\xampp\htdocs\web\system\CodeIgniter.php(326): CodeIgniter\CodeIgniter->handleRequest(NULL, Object(Config\Cache), false)
#4 C:\xampp\htdocs\web\index.php(37): CodeIgniter\CodeIgniter->run()
#5 {main}
CRITICAL - 2022-05-24 15:47:46 --> Undefined array key "valor"
#0 C:\xampp\htdocs\web\app\Controllers\devolucion\devolucionController.php(208): CodeIgniter\Debug\Exceptions->errorHandler(2, 'Undefined array...', 'C:\\xampp\\htdocs...', 208)
#1 C:\xampp\htdocs\web\system\CodeIgniter.php(832): App\Controllers\devolucion\devolucionController->imprimir_retiro()
#2 C:\xampp\htdocs\web\system\CodeIgniter.php(419): CodeIgniter\CodeIgniter->runController(Object(App\Controllers\devolucion\devolucionController))
#3 C:\xampp\htdocs\web\system\CodeIgniter.php(326): CodeIgniter\CodeIgniter->handleRequest(NULL, Object(Config\Cache), false)
#4 C:\xampp\htdocs\web\index.php(37): CodeIgniter\CodeIgniter->run()
#5 {main}
CRITICAL - 2022-05-24 15:47:56 --> Undefined array key 0
#0 C:\xampp\htdocs\web\app\Controllers\devolucion\devolucionController.php(208): CodeIgniter\Debug\Exceptions->errorHandler(2, 'Undefined array...', 'C:\\xampp\\htdocs...', 208)
#1 C:\xampp\htdocs\web\system\CodeIgniter.php(832): App\Controllers\devolucion\devolucionController->imprimir_retiro()
#2 C:\xampp\htdocs\web\system\CodeIgniter.php(419): CodeIgniter\CodeIgniter->runController(Object(App\Controllers\devolucion\devolucionController))
#3 C:\xampp\htdocs\web\system\CodeIgniter.php(326): CodeIgniter\CodeIgniter->handleRequest(NULL, Object(Config\Cache), false)
#4 C:\xampp\htdocs\web\index.php(37): CodeIgniter\CodeIgniter->run()
#5 {main}
CRITICAL - 2022-05-24 15:48:08 --> Undefined array key "valor"
#0 C:\xampp\htdocs\web\app\Controllers\devolucion\devolucionController.php(208): CodeIgniter\Debug\Exceptions->errorHandler(2, 'Undefined array...', 'C:\\xampp\\htdocs...', 208)
#1 C:\xampp\htdocs\web\system\CodeIgniter.php(832): App\Controllers\devolucion\devolucionController->imprimir_retiro()
#2 C:\xampp\htdocs\web\system\CodeIgniter.php(419): CodeIgniter\CodeIgniter->runController(Object(App\Controllers\devolucion\devolucionController))
#3 C:\xampp\htdocs\web\system\CodeIgniter.php(326): CodeIgniter\CodeIgniter->handleRequest(NULL, Object(Config\Cache), false)
#4 C:\xampp\htdocs\web\index.php(37): CodeIgniter\CodeIgniter->run()
#5 {main}
CRITICAL - 2022-05-24 15:49:27 --> Undefined array key 0
#0 C:\xampp\htdocs\web\app\Controllers\devolucion\devolucionController.php(209): CodeIgniter\Debug\Exceptions->errorHandler(2, 'Undefined array...', 'C:\\xampp\\htdocs...', 209)
#1 C:\xampp\htdocs\web\system\CodeIgniter.php(832): App\Controllers\devolucion\devolucionController->imprimir_retiro()
#2 C:\xampp\htdocs\web\system\CodeIgniter.php(419): CodeIgniter\CodeIgniter->runController(Object(App\Controllers\devolucion\devolucionController))
#3 C:\xampp\htdocs\web\system\CodeIgniter.php(326): CodeIgniter\CodeIgniter->handleRequest(NULL, Object(Config\Cache), false)
#4 C:\xampp\htdocs\web\index.php(37): CodeIgniter\CodeIgniter->run()
#5 {main}
