CRITICAL - 2022-05-12 14:20:15 --> Invalid file: ventanas_modal_retiro_de_dinero/retiro_de_dinero.php
#0 C:\xampp\htdocs\web\system\View\View.php(198): CodeIgniter\Exceptions\FrameworkException::forInvalidFile('ventanas_modal_...')
#1 C:\xampp\htdocs\web\system\View\View.php(424): CodeIgniter\View\View->render('ventanas_modal_...', NULL, true)
#2 C:\xampp\htdocs\web\app\Views\template\factura_pos.php(38): CodeIgniter\View\View->include('ventanas_modal_...')
#3 C:\xampp\htdocs\web\system\View\View.php(210): include('C:\\xampp\\htdocs...')
#4 C:\xampp\htdocs\web\system\View\View.php(213): CodeIgniter\View\View->CodeIgniter\View\{closure}()
#5 C:\xampp\htdocs\web\system\View\View.php(226): CodeIgniter\View\View->render('template/factur...', Array, true)
#6 C:\xampp\htdocs\web\system\Common.php(1089): CodeIgniter\View\View->render('factura_pos/fac...', Array, true)
#7 C:\xampp\htdocs\web\app\Controllers\factura_pos\facturacionConImpuestosController.php(362): view('factura_pos/fac...', Array)
#8 C:\xampp\htdocs\web\system\CodeIgniter.php(832): App\Controllers\factura_pos\facturacionConImpuestosController->facturacion_pos()
#9 C:\xampp\htdocs\web\system\CodeIgniter.php(419): CodeIgniter\CodeIgniter->runController(Object(App\Controllers\factura_pos\facturacionConImpuestosController))
#10 C:\xampp\htdocs\web\system\CodeIgniter.php(326): CodeIgniter\CodeIgniter->handleRequest(NULL, Object(Config\Cache), false)
#11 C:\xampp\htdocs\web\index.php(37): CodeIgniter\CodeIgniter->run()
#12 {main}
CRITICAL - 2022-05-12 14:20:21 --> Invalid file: ventanas_modal_retiro_de_dinero/retiro_de_dinero.php
#0 C:\xampp\htdocs\web\system\View\View.php(198): CodeIgniter\Exceptions\FrameworkException::forInvalidFile('ventanas_modal_...')
#1 C:\xampp\htdocs\web\system\View\View.php(424): CodeIgniter\View\View->render('ventanas_modal_...', NULL, true)
#2 C:\xampp\htdocs\web\app\Views\template\factura_pos.php(38): CodeIgniter\View\View->include('ventanas_modal_...')
#3 C:\xampp\htdocs\web\system\View\View.php(210): include('C:\\xampp\\htdocs...')
#4 C:\xampp\htdocs\web\system\View\View.php(213): CodeIgniter\View\View->CodeIgniter\View\{closure}()
#5 C:\xampp\htdocs\web\system\View\View.php(226): CodeIgniter\View\View->render('template/factur...', Array, true)
#6 C:\xampp\htdocs\web\system\Common.php(1089): CodeIgniter\View\View->render('factura_pos/fac...', Array, true)
#7 C:\xampp\htdocs\web\app\Controllers\factura_pos\facturacionConImpuestosController.php(120): view('factura_pos/fac...', Array)
#8 C:\xampp\htdocs\web\system\CodeIgniter.php(832): App\Controllers\factura_pos\facturacionConImpuestosController->factura_pos()
#9 C:\xampp\htdocs\web\system\CodeIgniter.php(419): CodeIgniter\CodeIgniter->runController(Object(App\Controllers\factura_pos\facturacionConImpuestosController))
#10 C:\xampp\htdocs\web\system\CodeIgniter.php(326): CodeIgniter\CodeIgniter->handleRequest(NULL, Object(Config\Cache), false)
#11 C:\xampp\htdocs\web\index.php(37): CodeIgniter\CodeIgniter->run()
#12 {main}
CRITICAL - 2022-05-12 14:20:34 --> Invalid file: ventanas_modal_retiro_de_dinero/retiro_de_dinero.php
#0 C:\xampp\htdocs\web\system\View\View.php(198): CodeIgniter\Exceptions\FrameworkException::forInvalidFile('ventanas_modal_...')
#1 C:\xampp\htdocs\web\system\View\View.php(424): CodeIgniter\View\View->render('ventanas_modal_...', NULL, true)
#2 C:\xampp\htdocs\web\app\Views\template\factura_pos.php(38): CodeIgniter\View\View->include('ventanas_modal_...')
#3 C:\xampp\htdocs\web\system\View\View.php(210): include('C:\\xampp\\htdocs...')
#4 C:\xampp\htdocs\web\system\View\View.php(213): CodeIgniter\View\View->CodeIgniter\View\{closure}()
#5 C:\xampp\htdocs\web\system\View\View.php(226): CodeIgniter\View\View->render('template/factur...', Array, true)
#6 C:\xampp\htdocs\web\system\Common.php(1089): CodeIgniter\View\View->render('factura_pos/fac...', Array, true)
#7 C:\xampp\htdocs\web\app\Controllers\factura_pos\facturacionConImpuestosController.php(120): view('factura_pos/fac...', Array)
#8 C:\xampp\htdocs\web\system\CodeIgniter.php(832): App\Controllers\factura_pos\facturacionConImpuestosController->factura_pos()
#9 C:\xampp\htdocs\web\system\CodeIgniter.php(419): CodeIgniter\CodeIgniter->runController(Object(App\Controllers\factura_pos\facturacionConImpuestosController))
#10 C:\xampp\htdocs\web\system\CodeIgniter.php(326): CodeIgniter\CodeIgniter->handleRequest(NULL, Object(Config\Cache), false)
#11 C:\xampp\htdocs\web\index.php(37): CodeIgniter\CodeIgniter->run()
#12 {main}
CRITICAL - 2022-05-12 14:20:52 --> Invalid file: ventanas_modal_retiro_de_dinero/retiro_de_dinero.php
#0 C:\xampp\htdocs\web\system\View\View.php(198): CodeIgniter\Exceptions\FrameworkException::forInvalidFile('ventanas_modal_...')
#1 C:\xampp\htdocs\web\system\View\View.php(424): CodeIgniter\View\View->render('ventanas_modal_...', NULL, true)
#2 C:\xampp\htdocs\web\app\Views\template\factura_pos.php(38): CodeIgniter\View\View->include('ventanas_modal_...')
#3 C:\xampp\htdocs\web\system\View\View.php(210): include('C:\\xampp\\htdocs...')
#4 C:\xampp\htdocs\web\system\View\View.php(213): CodeIgniter\View\View->CodeIgniter\View\{closure}()
#5 C:\xampp\htdocs\web\system\View\View.php(226): CodeIgniter\View\View->render('template/factur...', Array, true)
#6 C:\xampp\htdocs\web\system\Common.php(1089): CodeIgniter\View\View->render('factura_pos/fac...', Array, true)
#7 C:\xampp\htdocs\web\app\Controllers\factura_pos\facturacionConImpuestosController.php(120): view('factura_pos/fac...', Array)
#8 C:\xampp\htdocs\web\system\CodeIgniter.php(832): App\Controllers\factura_pos\facturacionConImpuestosController->factura_pos()
#9 C:\xampp\htdocs\web\system\CodeIgniter.php(419): CodeIgniter\CodeIgniter->runController(Object(App\Controllers\factura_pos\facturacionConImpuestosController))
#10 C:\xampp\htdocs\web\system\CodeIgniter.php(326): CodeIgniter\CodeIgniter->handleRequest(NULL, Object(Config\Cache), false)
#11 C:\xampp\htdocs\web\index.php(37): CodeIgniter\CodeIgniter->run()
#12 {main}
CRITICAL - 2022-05-12 14:21:40 --> Invalid file: ventanas_modal_retiro_de_dinero/retiro_de_dinero.php
#0 C:\xampp\htdocs\web\system\View\View.php(198): CodeIgniter\Exceptions\FrameworkException::forInvalidFile('ventanas_modal_...')
#1 C:\xampp\htdocs\web\system\View\View.php(424): CodeIgniter\View\View->render('ventanas_modal_...', NULL, true)
#2 C:\xampp\htdocs\web\app\Views\template\factura_pos.php(38): CodeIgniter\View\View->include('ventanas_modal_...')
#3 C:\xampp\htdocs\web\system\View\View.php(210): include('C:\\xampp\\htdocs...')
#4 C:\xampp\htdocs\web\system\View\View.php(213): CodeIgniter\View\View->CodeIgniter\View\{closure}()
#5 C:\xampp\htdocs\web\system\View\View.php(226): CodeIgniter\View\View->render('template/factur...', Array, true)
#6 C:\xampp\htdocs\web\system\Common.php(1089): CodeIgniter\View\View->render('factura_pos/fac...', Array, true)
#7 C:\xampp\htdocs\web\app\Controllers\factura_pos\facturacionConImpuestosController.php(120): view('factura_pos/fac...', Array)
#8 C:\xampp\htdocs\web\system\CodeIgniter.php(832): App\Controllers\factura_pos\facturacionConImpuestosController->factura_pos()
#9 C:\xampp\htdocs\web\system\CodeIgniter.php(419): CodeIgniter\CodeIgniter->runController(Object(App\Controllers\factura_pos\facturacionConImpuestosController))
#10 C:\xampp\htdocs\web\system\CodeIgniter.php(326): CodeIgniter\CodeIgniter->handleRequest(NULL, Object(Config\Cache), false)
#11 C:\xampp\htdocs\web\index.php(37): CodeIgniter\CodeIgniter->run()
#12 {main}
CRITICAL - 2022-05-12 15:26:48 --> Trying to access array offset on value of type null
#0 C:\xampp\htdocs\web\app\Controllers\producto\productoController.php(427): CodeIgniter\Debug\Exceptions->errorHandler(2, 'Trying to acces...', 'C:\\xampp\\htdocs...', 427)
#1 C:\xampp\htdocs\web\system\CodeIgniter.php(832): App\Controllers\producto\productoController->cargar_producto_al_pedido()
#2 C:\xampp\htdocs\web\system\CodeIgniter.php(419): CodeIgniter\CodeIgniter->runController(Object(App\Controllers\producto\productoController))
#3 C:\xampp\htdocs\web\system\CodeIgniter.php(326): CodeIgniter\CodeIgniter->handleRequest(NULL, Object(Config\Cache), false)
#4 C:\xampp\htdocs\web\index.php(37): CodeIgniter\CodeIgniter->run()
#5 {main}
CRITICAL - 2022-05-12 16:55:23 --> Trying to access array offset on value of type null
#0 C:\xampp\htdocs\web\app\Controllers\pedido\pedidoController.php(1067): CodeIgniter\Debug\Exceptions->errorHandler(2, 'Trying to acces...', 'C:\\xampp\\htdocs...', 1067)
#1 C:\xampp\htdocs\web\system\CodeIgniter.php(832): App\Controllers\pedido\pedidoController->valor_pedido()
#2 C:\xampp\htdocs\web\system\CodeIgniter.php(419): CodeIgniter\CodeIgniter->runController(Object(App\Controllers\pedido\pedidoController))
#3 C:\xampp\htdocs\web\system\CodeIgniter.php(326): CodeIgniter\CodeIgniter->handleRequest(NULL, Object(Config\Cache), false)
#4 C:\xampp\htdocs\web\index.php(37): CodeIgniter\CodeIgniter->run()
#5 {main}
ERROR - 2022-05-12 20:41:00 --> ErrorException: pg_query(): Query failed: ERROR:  no existe la columna «codigointenoproducto»
LINE 3: WHERE &quot;codigointenoproducto&quot; = '17'
              ^ in C:\xampp\htdocs\web\system\Database\Postgre\Connection.php:135
Stack trace:
#0 [internal function]: CodeIgniter\Debug\Exceptions->errorHandler(2, 'pg_query(): Que...', 'C:\\xampp\\htdocs...', 135)
#1 C:\xampp\htdocs\web\system\Database\Postgre\Connection.php(135): pg_query(Resource id #133, 'SELECT "aplica_...')
#2 C:\xampp\htdocs\web\system\Database\BaseConnection.php(670): CodeIgniter\Database\Postgre\Connection->execute('SELECT "aplica_...')
#3 C:\xampp\htdocs\web\system\Database\BaseConnection.php(598): CodeIgniter\Database\BaseConnection->simpleQuery('SELECT "aplica_...')
#4 C:\xampp\htdocs\web\system\Database\BaseBuilder.php(1455): CodeIgniter\Database\BaseConnection->query('SELECT "aplica_...', Array, false)
#5 C:\xampp\htdocs\web\system\Model.php(210): CodeIgniter\Database\BaseBuilder->get()
#6 C:\xampp\htdocs\web\system\BaseModel.php(622): CodeIgniter\Model->doFirst()
#7 C:\xampp\htdocs\web\app\Controllers\devolucion\devolucionController.php(22): CodeIgniter\BaseModel->first()
#8 C:\xampp\htdocs\web\system\CodeIgniter.php(832): App\Controllers\devolucion\devolucionController->guardar_devolucion()
#9 C:\xampp\htdocs\web\system\CodeIgniter.php(419): CodeIgniter\CodeIgniter->runController(Object(App\Controllers\devolucion\devolucionController))
#10 C:\xampp\htdocs\web\system\CodeIgniter.php(326): CodeIgniter\CodeIgniter->handleRequest(NULL, Object(Config\Cache), false)
#11 C:\xampp\htdocs\web\index.php(37): CodeIgniter\CodeIgniter->run()
#12 {main}
CRITICAL - 2022-05-12 20:41:00 --> pg_query(): Query failed: ERROR:  no existe la columna «codigointenoproducto»
LINE 3: WHERE &quot;codigointenoproducto&quot; = '17'
              ^
#0 [internal function]: CodeIgniter\Debug\Exceptions->errorHandler(2, 'pg_query(): Que...', 'C:\\xampp\\htdocs...', 135)
#1 C:\xampp\htdocs\web\system\Database\Postgre\Connection.php(135): pg_query(Resource id #133, 'SELECT "aplica_...')
#2 C:\xampp\htdocs\web\system\Database\BaseConnection.php(670): CodeIgniter\Database\Postgre\Connection->execute('SELECT "aplica_...')
#3 C:\xampp\htdocs\web\system\Database\BaseConnection.php(598): CodeIgniter\Database\BaseConnection->simpleQuery('SELECT "aplica_...')
#4 C:\xampp\htdocs\web\system\Database\BaseBuilder.php(1455): CodeIgniter\Database\BaseConnection->query('SELECT "aplica_...', Array, false)
#5 C:\xampp\htdocs\web\system\Model.php(210): CodeIgniter\Database\BaseBuilder->get()
#6 C:\xampp\htdocs\web\system\BaseModel.php(622): CodeIgniter\Model->doFirst()
#7 C:\xampp\htdocs\web\app\Controllers\devolucion\devolucionController.php(22): CodeIgniter\BaseModel->first()
#8 C:\xampp\htdocs\web\system\CodeIgniter.php(832): App\Controllers\devolucion\devolucionController->guardar_devolucion()
#9 C:\xampp\htdocs\web\system\CodeIgniter.php(419): CodeIgniter\CodeIgniter->runController(Object(App\Controllers\devolucion\devolucionController))
#10 C:\xampp\htdocs\web\system\CodeIgniter.php(326): CodeIgniter\CodeIgniter->handleRequest(NULL, Object(Config\Cache), false)
#11 C:\xampp\htdocs\web\index.php(37): CodeIgniter\CodeIgniter->run()
#12 {main}
CRITICAL - 2022-05-12 20:41:00 --> Uncaught CodeIgniter\Format\Exceptions\FormatException: Failed to parse json string, error: "Type is not supported". in C:\xampp\htdocs\web\system\Format\JSONFormatter.php:41
Stack trace:
#0 C:\xampp\htdocs\web\system\Format\JSONFormatter.php(41): CodeIgniter\Format\Exceptions\FormatException::forInvalidJSON('Type is not sup...')
#1 C:\xampp\htdocs\web\system\API\ResponseTrait.php(341): CodeIgniter\Format\JSONFormatter->format(Array)
#2 C:\xampp\htdocs\web\system\API\ResponseTrait.php(99): CodeIgniter\Debug\Exceptions->format(Array)
#3 C:\xampp\htdocs\web\system\Debug\Exceptions.php(115): CodeIgniter\Debug\Exceptions->respond(Array, 500)
#4 [internal function]: CodeIgniter\Debug\Exceptions->exceptionHandler(Object(ErrorException))
#5 {main}
  thrown
#0 [internal function]: CodeIgniter\Debug\Exceptions->shutdownHandler()
#1 {main}
ERROR - 2022-05-12 20:41:45 --> ErrorException: pg_query(): Query failed: ERROR:  no existe la columna «codigointenoproducto»
LINE 3: WHERE &quot;codigointenoproducto&quot; = '135'
              ^ in C:\xampp\htdocs\web\system\Database\Postgre\Connection.php:135
Stack trace:
#0 [internal function]: CodeIgniter\Debug\Exceptions->errorHandler(2, 'pg_query(): Que...', 'C:\\xampp\\htdocs...', 135)
#1 C:\xampp\htdocs\web\system\Database\Postgre\Connection.php(135): pg_query(Resource id #133, 'SELECT "aplica_...')
#2 C:\xampp\htdocs\web\system\Database\BaseConnection.php(670): CodeIgniter\Database\Postgre\Connection->execute('SELECT "aplica_...')
#3 C:\xampp\htdocs\web\system\Database\BaseConnection.php(598): CodeIgniter\Database\BaseConnection->simpleQuery('SELECT "aplica_...')
#4 C:\xampp\htdocs\web\system\Database\BaseBuilder.php(1455): CodeIgniter\Database\BaseConnection->query('SELECT "aplica_...', Array, false)
#5 C:\xampp\htdocs\web\system\Model.php(210): CodeIgniter\Database\BaseBuilder->get()
#6 C:\xampp\htdocs\web\system\BaseModel.php(622): CodeIgniter\Model->doFirst()
#7 C:\xampp\htdocs\web\app\Controllers\devolucion\devolucionController.php(22): CodeIgniter\BaseModel->first()
#8 C:\xampp\htdocs\web\system\CodeIgniter.php(832): App\Controllers\devolucion\devolucionController->guardar_devolucion()
#9 C:\xampp\htdocs\web\system\CodeIgniter.php(419): CodeIgniter\CodeIgniter->runController(Object(App\Controllers\devolucion\devolucionController))
#10 C:\xampp\htdocs\web\system\CodeIgniter.php(326): CodeIgniter\CodeIgniter->handleRequest(NULL, Object(Config\Cache), false)
#11 C:\xampp\htdocs\web\index.php(37): CodeIgniter\CodeIgniter->run()
#12 {main}
CRITICAL - 2022-05-12 20:41:45 --> pg_query(): Query failed: ERROR:  no existe la columna «codigointenoproducto»
LINE 3: WHERE &quot;codigointenoproducto&quot; = '135'
              ^
#0 [internal function]: CodeIgniter\Debug\Exceptions->errorHandler(2, 'pg_query(): Que...', 'C:\\xampp\\htdocs...', 135)
#1 C:\xampp\htdocs\web\system\Database\Postgre\Connection.php(135): pg_query(Resource id #133, 'SELECT "aplica_...')
#2 C:\xampp\htdocs\web\system\Database\BaseConnection.php(670): CodeIgniter\Database\Postgre\Connection->execute('SELECT "aplica_...')
#3 C:\xampp\htdocs\web\system\Database\BaseConnection.php(598): CodeIgniter\Database\BaseConnection->simpleQuery('SELECT "aplica_...')
#4 C:\xampp\htdocs\web\system\Database\BaseBuilder.php(1455): CodeIgniter\Database\BaseConnection->query('SELECT "aplica_...', Array, false)
#5 C:\xampp\htdocs\web\system\Model.php(210): CodeIgniter\Database\BaseBuilder->get()
#6 C:\xampp\htdocs\web\system\BaseModel.php(622): CodeIgniter\Model->doFirst()
#7 C:\xampp\htdocs\web\app\Controllers\devolucion\devolucionController.php(22): CodeIgniter\BaseModel->first()
#8 C:\xampp\htdocs\web\system\CodeIgniter.php(832): App\Controllers\devolucion\devolucionController->guardar_devolucion()
#9 C:\xampp\htdocs\web\system\CodeIgniter.php(419): CodeIgniter\CodeIgniter->runController(Object(App\Controllers\devolucion\devolucionController))
#10 C:\xampp\htdocs\web\system\CodeIgniter.php(326): CodeIgniter\CodeIgniter->handleRequest(NULL, Object(Config\Cache), false)
#11 C:\xampp\htdocs\web\index.php(37): CodeIgniter\CodeIgniter->run()
#12 {main}
CRITICAL - 2022-05-12 20:41:45 --> Uncaught CodeIgniter\Format\Exceptions\FormatException: Failed to parse json string, error: "Type is not supported". in C:\xampp\htdocs\web\system\Format\JSONFormatter.php:41
Stack trace:
#0 C:\xampp\htdocs\web\system\Format\JSONFormatter.php(41): CodeIgniter\Format\Exceptions\FormatException::forInvalidJSON('Type is not sup...')
#1 C:\xampp\htdocs\web\system\API\ResponseTrait.php(341): CodeIgniter\Format\JSONFormatter->format(Array)
#2 C:\xampp\htdocs\web\system\API\ResponseTrait.php(99): CodeIgniter\Debug\Exceptions->format(Array)
#3 C:\xampp\htdocs\web\system\Debug\Exceptions.php(115): CodeIgniter\Debug\Exceptions->respond(Array, 500)
#4 [internal function]: CodeIgniter\Debug\Exceptions->exceptionHandler(Object(ErrorException))
#5 {main}
  thrown
#0 [internal function]: CodeIgniter\Debug\Exceptions->shutdownHandler()
#1 {main}
ERROR - 2022-05-12 20:45:16 --> ErrorException: pg_query(): Query failed: ERROR:  no existe la columna «codigointenoproducto»
LINE 3: WHERE &quot;codigointenoproducto&quot; = 12
              ^ in C:\xampp\htdocs\web\system\Database\Postgre\Connection.php:135
Stack trace:
#0 [internal function]: CodeIgniter\Debug\Exceptions->errorHandler(2, 'pg_query(): Que...', 'C:\\xampp\\htdocs...', 135)
#1 C:\xampp\htdocs\web\system\Database\Postgre\Connection.php(135): pg_query(Resource id #133, 'SELECT "aplica_...')
#2 C:\xampp\htdocs\web\system\Database\BaseConnection.php(670): CodeIgniter\Database\Postgre\Connection->execute('SELECT "aplica_...')
#3 C:\xampp\htdocs\web\system\Database\BaseConnection.php(598): CodeIgniter\Database\BaseConnection->simpleQuery('SELECT "aplica_...')
#4 C:\xampp\htdocs\web\system\Database\BaseBuilder.php(1455): CodeIgniter\Database\BaseConnection->query('SELECT "aplica_...', Array, false)
#5 C:\xampp\htdocs\web\system\Model.php(210): CodeIgniter\Database\BaseBuilder->get()
#6 C:\xampp\htdocs\web\system\BaseModel.php(622): CodeIgniter\Model->doFirst()
#7 C:\xampp\htdocs\web\app\Controllers\devolucion\devolucionController.php(24): CodeIgniter\BaseModel->first()
#8 C:\xampp\htdocs\web\system\CodeIgniter.php(832): App\Controllers\devolucion\devolucionController->guardar_devolucion()
#9 C:\xampp\htdocs\web\system\CodeIgniter.php(419): CodeIgniter\CodeIgniter->runController(Object(App\Controllers\devolucion\devolucionController))
#10 C:\xampp\htdocs\web\system\CodeIgniter.php(326): CodeIgniter\CodeIgniter->handleRequest(NULL, Object(Config\Cache), false)
#11 C:\xampp\htdocs\web\index.php(37): CodeIgniter\CodeIgniter->run()
#12 {main}
CRITICAL - 2022-05-12 20:45:16 --> pg_query(): Query failed: ERROR:  no existe la columna «codigointenoproducto»
LINE 3: WHERE &quot;codigointenoproducto&quot; = 12
              ^
#0 [internal function]: CodeIgniter\Debug\Exceptions->errorHandler(2, 'pg_query(): Que...', 'C:\\xampp\\htdocs...', 135)
#1 C:\xampp\htdocs\web\system\Database\Postgre\Connection.php(135): pg_query(Resource id #133, 'SELECT "aplica_...')
#2 C:\xampp\htdocs\web\system\Database\BaseConnection.php(670): CodeIgniter\Database\Postgre\Connection->execute('SELECT "aplica_...')
#3 C:\xampp\htdocs\web\system\Database\BaseConnection.php(598): CodeIgniter\Database\BaseConnection->simpleQuery('SELECT "aplica_...')
#4 C:\xampp\htdocs\web\system\Database\BaseBuilder.php(1455): CodeIgniter\Database\BaseConnection->query('SELECT "aplica_...', Array, false)
#5 C:\xampp\htdocs\web\system\Model.php(210): CodeIgniter\Database\BaseBuilder->get()
#6 C:\xampp\htdocs\web\system\BaseModel.php(622): CodeIgniter\Model->doFirst()
#7 C:\xampp\htdocs\web\app\Controllers\devolucion\devolucionController.php(24): CodeIgniter\BaseModel->first()
#8 C:\xampp\htdocs\web\system\CodeIgniter.php(832): App\Controllers\devolucion\devolucionController->guardar_devolucion()
#9 C:\xampp\htdocs\web\system\CodeIgniter.php(419): CodeIgniter\CodeIgniter->runController(Object(App\Controllers\devolucion\devolucionController))
#10 C:\xampp\htdocs\web\system\CodeIgniter.php(326): CodeIgniter\CodeIgniter->handleRequest(NULL, Object(Config\Cache), false)
#11 C:\xampp\htdocs\web\index.php(37): CodeIgniter\CodeIgniter->run()
#12 {main}
ERROR - 2022-05-12 20:45:46 --> ErrorException: pg_query(): Query failed: ERROR:  el operador no existe: character varying = integer
LINE 3: WHERE &quot;codigointernoproducto&quot; = 12
                                      ^
HINT:  Ningún operador coincide con el nombre y el tipo de los argumentos. Puede ser necesario agregar conversiones explícitas de tipos. in C:\xampp\htdocs\web\system\Database\Postgre\Connection.php:135
Stack trace:
#0 [internal function]: CodeIgniter\Debug\Exceptions->errorHandler(2, 'pg_query(): Que...', 'C:\\xampp\\htdocs...', 135)
#1 C:\xampp\htdocs\web\system\Database\Postgre\Connection.php(135): pg_query(Resource id #133, 'SELECT "aplica_...')
#2 C:\xampp\htdocs\web\system\Database\BaseConnection.php(670): CodeIgniter\Database\Postgre\Connection->execute('SELECT "aplica_...')
#3 C:\xampp\htdocs\web\system\Database\BaseConnection.php(598): CodeIgniter\Database\BaseConnection->simpleQuery('SELECT "aplica_...')
#4 C:\xampp\htdocs\web\system\Database\BaseBuilder.php(1455): CodeIgniter\Database\BaseConnection->query('SELECT "aplica_...', Array, false)
#5 C:\xampp\htdocs\web\system\Model.php(210): CodeIgniter\Database\BaseBuilder->get()
#6 C:\xampp\htdocs\web\system\BaseModel.php(622): CodeIgniter\Model->doFirst()
#7 C:\xampp\htdocs\web\app\Controllers\devolucion\devolucionController.php(24): CodeIgniter\BaseModel->first()
#8 C:\xampp\htdocs\web\system\CodeIgniter.php(832): App\Controllers\devolucion\devolucionController->guardar_devolucion()
#9 C:\xampp\htdocs\web\system\CodeIgniter.php(419): CodeIgniter\CodeIgniter->runController(Object(App\Controllers\devolucion\devolucionController))
#10 C:\xampp\htdocs\web\system\CodeIgniter.php(326): CodeIgniter\CodeIgniter->handleRequest(NULL, Object(Config\Cache), false)
#11 C:\xampp\htdocs\web\index.php(37): CodeIgniter\CodeIgniter->run()
#12 {main}
CRITICAL - 2022-05-12 20:45:46 --> pg_query(): Query failed: ERROR:  el operador no existe: character varying = integer
LINE 3: WHERE &quot;codigointernoproducto&quot; = 12
                                      ^
HINT:  Ningún operador coincide con el nombre y el tipo de los argumentos. Puede ser necesario agregar conversiones explícitas de tipos.
#0 [internal function]: CodeIgniter\Debug\Exceptions->errorHandler(2, 'pg_query(): Que...', 'C:\\xampp\\htdocs...', 135)
#1 C:\xampp\htdocs\web\system\Database\Postgre\Connection.php(135): pg_query(Resource id #133, 'SELECT "aplica_...')
#2 C:\xampp\htdocs\web\system\Database\BaseConnection.php(670): CodeIgniter\Database\Postgre\Connection->execute('SELECT "aplica_...')
#3 C:\xampp\htdocs\web\system\Database\BaseConnection.php(598): CodeIgniter\Database\BaseConnection->simpleQuery('SELECT "aplica_...')
#4 C:\xampp\htdocs\web\system\Database\BaseBuilder.php(1455): CodeIgniter\Database\BaseConnection->query('SELECT "aplica_...', Array, false)
#5 C:\xampp\htdocs\web\system\Model.php(210): CodeIgniter\Database\BaseBuilder->get()
#6 C:\xampp\htdocs\web\system\BaseModel.php(622): CodeIgniter\Model->doFirst()
#7 C:\xampp\htdocs\web\app\Controllers\devolucion\devolucionController.php(24): CodeIgniter\BaseModel->first()
#8 C:\xampp\htdocs\web\system\CodeIgniter.php(832): App\Controllers\devolucion\devolucionController->guardar_devolucion()
#9 C:\xampp\htdocs\web\system\CodeIgniter.php(419): CodeIgniter\CodeIgniter->runController(Object(App\Controllers\devolucion\devolucionController))
#10 C:\xampp\htdocs\web\system\CodeIgniter.php(326): CodeIgniter\CodeIgniter->handleRequest(NULL, Object(Config\Cache), false)
#11 C:\xampp\htdocs\web\index.php(37): CodeIgniter\CodeIgniter->run()
#12 {main}
ERROR - 2022-05-12 20:46:04 --> ErrorException: pg_query(): Query failed: ERROR:  el operador no existe: character varying = integer
LINE 3: WHERE &quot;codigointernoproducto&quot; = 12
                                      ^
HINT:  Ningún operador coincide con el nombre y el tipo de los argumentos. Puede ser necesario agregar conversiones explícitas de tipos. in C:\xampp\htdocs\web\system\Database\Postgre\Connection.php:135
Stack trace:
#0 [internal function]: CodeIgniter\Debug\Exceptions->errorHandler(2, 'pg_query(): Que...', 'C:\\xampp\\htdocs...', 135)
#1 C:\xampp\htdocs\web\system\Database\Postgre\Connection.php(135): pg_query(Resource id #134, 'SELECT "aplica_...')
#2 C:\xampp\htdocs\web\system\Database\BaseConnection.php(670): CodeIgniter\Database\Postgre\Connection->execute('SELECT "aplica_...')
#3 C:\xampp\htdocs\web\system\Database\BaseConnection.php(598): CodeIgniter\Database\BaseConnection->simpleQuery('SELECT "aplica_...')
#4 C:\xampp\htdocs\web\system\Database\BaseBuilder.php(1455): CodeIgniter\Database\BaseConnection->query('SELECT "aplica_...', Array, false)
#5 C:\xampp\htdocs\web\system\Model.php(210): CodeIgniter\Database\BaseBuilder->get()
#6 C:\xampp\htdocs\web\system\BaseModel.php(622): CodeIgniter\Model->doFirst()
#7 C:\xampp\htdocs\web\app\Controllers\devolucion\devolucionController.php(24): CodeIgniter\BaseModel->first()
#8 C:\xampp\htdocs\web\system\CodeIgniter.php(832): App\Controllers\devolucion\devolucionController->guardar_devolucion()
#9 C:\xampp\htdocs\web\system\CodeIgniter.php(419): CodeIgniter\CodeIgniter->runController(Object(App\Controllers\devolucion\devolucionController))
#10 C:\xampp\htdocs\web\system\CodeIgniter.php(326): CodeIgniter\CodeIgniter->handleRequest(NULL, Object(Config\Cache), false)
#11 C:\xampp\htdocs\web\index.php(37): CodeIgniter\CodeIgniter->run()
#12 {main}
CRITICAL - 2022-05-12 20:46:04 --> pg_query(): Query failed: ERROR:  el operador no existe: character varying = integer
LINE 3: WHERE &quot;codigointernoproducto&quot; = 12
                                      ^
HINT:  Ningún operador coincide con el nombre y el tipo de los argumentos. Puede ser necesario agregar conversiones explícitas de tipos.
#0 [internal function]: CodeIgniter\Debug\Exceptions->errorHandler(2, 'pg_query(): Que...', 'C:\\xampp\\htdocs...', 135)
#1 C:\xampp\htdocs\web\system\Database\Postgre\Connection.php(135): pg_query(Resource id #134, 'SELECT "aplica_...')
#2 C:\xampp\htdocs\web\system\Database\BaseConnection.php(670): CodeIgniter\Database\Postgre\Connection->execute('SELECT "aplica_...')
#3 C:\xampp\htdocs\web\system\Database\BaseConnection.php(598): CodeIgniter\Database\BaseConnection->simpleQuery('SELECT "aplica_...')
#4 C:\xampp\htdocs\web\system\Database\BaseBuilder.php(1455): CodeIgniter\Database\BaseConnection->query('SELECT "aplica_...', Array, false)
#5 C:\xampp\htdocs\web\system\Model.php(210): CodeIgniter\Database\BaseBuilder->get()
#6 C:\xampp\htdocs\web\system\BaseModel.php(622): CodeIgniter\Model->doFirst()
#7 C:\xampp\htdocs\web\app\Controllers\devolucion\devolucionController.php(24): CodeIgniter\BaseModel->first()
#8 C:\xampp\htdocs\web\system\CodeIgniter.php(832): App\Controllers\devolucion\devolucionController->guardar_devolucion()
#9 C:\xampp\htdocs\web\system\CodeIgniter.php(419): CodeIgniter\CodeIgniter->runController(Object(App\Controllers\devolucion\devolucionController))
#10 C:\xampp\htdocs\web\system\CodeIgniter.php(326): CodeIgniter\CodeIgniter->handleRequest(NULL, Object(Config\Cache), false)
#11 C:\xampp\htdocs\web\index.php(37): CodeIgniter\CodeIgniter->run()
#12 {main}
ERROR - 2022-05-12 20:47:01 --> ErrorException: pg_query(): Query failed: ERROR:  el operador no existe: character varying = integer
LINE 3: WHERE &quot;codigointernoproducto&quot; = 12
                                      ^
HINT:  Ningún operador coincide con el nombre y el tipo de los argumentos. Puede ser necesario agregar conversiones explícitas de tipos. in C:\xampp\htdocs\web\system\Database\Postgre\Connection.php:135
Stack trace:
#0 [internal function]: CodeIgniter\Debug\Exceptions->errorHandler(2, 'pg_query(): Que...', 'C:\\xampp\\htdocs...', 135)
#1 C:\xampp\htdocs\web\system\Database\Postgre\Connection.php(135): pg_query(Resource id #133, 'SELECT "aplica_...')
#2 C:\xampp\htdocs\web\system\Database\BaseConnection.php(670): CodeIgniter\Database\Postgre\Connection->execute('SELECT "aplica_...')
#3 C:\xampp\htdocs\web\system\Database\BaseConnection.php(598): CodeIgniter\Database\BaseConnection->simpleQuery('SELECT "aplica_...')
#4 C:\xampp\htdocs\web\system\Database\BaseBuilder.php(1455): CodeIgniter\Database\BaseConnection->query('SELECT "aplica_...', Array, false)
#5 C:\xampp\htdocs\web\system\Model.php(210): CodeIgniter\Database\BaseBuilder->get()
#6 C:\xampp\htdocs\web\system\BaseModel.php(622): CodeIgniter\Model->doFirst()
#7 C:\xampp\htdocs\web\app\Controllers\devolucion\devolucionController.php(24): CodeIgniter\BaseModel->first()
#8 C:\xampp\htdocs\web\system\CodeIgniter.php(832): App\Controllers\devolucion\devolucionController->guardar_devolucion()
#9 C:\xampp\htdocs\web\system\CodeIgniter.php(419): CodeIgniter\CodeIgniter->runController(Object(App\Controllers\devolucion\devolucionController))
#10 C:\xampp\htdocs\web\system\CodeIgniter.php(326): CodeIgniter\CodeIgniter->handleRequest(NULL, Object(Config\Cache), false)
#11 C:\xampp\htdocs\web\index.php(37): CodeIgniter\CodeIgniter->run()
#12 {main}
CRITICAL - 2022-05-12 20:47:01 --> pg_query(): Query failed: ERROR:  el operador no existe: character varying = integer
LINE 3: WHERE &quot;codigointernoproducto&quot; = 12
                                      ^
HINT:  Ningún operador coincide con el nombre y el tipo de los argumentos. Puede ser necesario agregar conversiones explícitas de tipos.
#0 [internal function]: CodeIgniter\Debug\Exceptions->errorHandler(2, 'pg_query(): Que...', 'C:\\xampp\\htdocs...', 135)
#1 C:\xampp\htdocs\web\system\Database\Postgre\Connection.php(135): pg_query(Resource id #133, 'SELECT "aplica_...')
#2 C:\xampp\htdocs\web\system\Database\BaseConnection.php(670): CodeIgniter\Database\Postgre\Connection->execute('SELECT "aplica_...')
#3 C:\xampp\htdocs\web\system\Database\BaseConnection.php(598): CodeIgniter\Database\BaseConnection->simpleQuery('SELECT "aplica_...')
#4 C:\xampp\htdocs\web\system\Database\BaseBuilder.php(1455): CodeIgniter\Database\BaseConnection->query('SELECT "aplica_...', Array, false)
#5 C:\xampp\htdocs\web\system\Model.php(210): CodeIgniter\Database\BaseBuilder->get()
#6 C:\xampp\htdocs\web\system\BaseModel.php(622): CodeIgniter\Model->doFirst()
#7 C:\xampp\htdocs\web\app\Controllers\devolucion\devolucionController.php(24): CodeIgniter\BaseModel->first()
#8 C:\xampp\htdocs\web\system\CodeIgniter.php(832): App\Controllers\devolucion\devolucionController->guardar_devolucion()
#9 C:\xampp\htdocs\web\system\CodeIgniter.php(419): CodeIgniter\CodeIgniter->runController(Object(App\Controllers\devolucion\devolucionController))
#10 C:\xampp\htdocs\web\system\CodeIgniter.php(326): CodeIgniter\CodeIgniter->handleRequest(NULL, Object(Config\Cache), false)
#11 C:\xampp\htdocs\web\index.php(37): CodeIgniter\CodeIgniter->run()
#12 {main}
CRITICAL - 2022-05-12 21:12:45 --> Trying to access array offset on value of type null
#0 C:\xampp\htdocs\web\app\Controllers\devolucion\devolucionController.php(25): CodeIgniter\Debug\Exceptions->errorHandler(2, 'Trying to acces...', 'C:\\xampp\\htdocs...', 25)
#1 C:\xampp\htdocs\web\system\CodeIgniter.php(832): App\Controllers\devolucion\devolucionController->guardar_devolucion()
#2 C:\xampp\htdocs\web\system\CodeIgniter.php(419): CodeIgniter\CodeIgniter->runController(Object(App\Controllers\devolucion\devolucionController))
#3 C:\xampp\htdocs\web\system\CodeIgniter.php(326): CodeIgniter\CodeIgniter->handleRequest(NULL, Object(Config\Cache), false)
#4 C:\xampp\htdocs\web\index.php(37): CodeIgniter\CodeIgniter->run()
#5 {main}
CRITICAL - 2022-05-12 21:12:46 --> Trying to access array offset on value of type null
#0 C:\xampp\htdocs\web\app\Controllers\devolucion\devolucionController.php(25): CodeIgniter\Debug\Exceptions->errorHandler(2, 'Trying to acces...', 'C:\\xampp\\htdocs...', 25)
#1 C:\xampp\htdocs\web\system\CodeIgniter.php(832): App\Controllers\devolucion\devolucionController->guardar_devolucion()
#2 C:\xampp\htdocs\web\system\CodeIgniter.php(419): CodeIgniter\CodeIgniter->runController(Object(App\Controllers\devolucion\devolucionController))
#3 C:\xampp\htdocs\web\system\CodeIgniter.php(326): CodeIgniter\CodeIgniter->handleRequest(NULL, Object(Config\Cache), false)
#4 C:\xampp\htdocs\web\index.php(37): CodeIgniter\CodeIgniter->run()
#5 {main}
ERROR - 2022-05-12 21:41:19 --> ErrorException: pg_query(): Query failed: ERROR:  no existe la columna «idconsecutivo»
LINE 3: WHERE &quot;idconsecutivo&quot; = 12
              ^ in C:\xampp\htdocs\web\system\Database\Postgre\Connection.php:135
Stack trace:
#0 [internal function]: CodeIgniter\Debug\Exceptions->errorHandler(2, 'pg_query(): Que...', 'C:\\xampp\\htdocs...', 135)
#1 C:\xampp\htdocs\web\system\Database\Postgre\Connection.php(135): pg_query(Resource id #133, 'SELECT "numeroc...')
#2 C:\xampp\htdocs\web\system\Database\BaseConnection.php(670): CodeIgniter\Database\Postgre\Connection->execute('SELECT "numeroc...')
#3 C:\xampp\htdocs\web\system\Database\BaseConnection.php(598): CodeIgniter\Database\BaseConnection->simpleQuery('SELECT "numeroc...')
#4 C:\xampp\htdocs\web\system\Database\BaseBuilder.php(1455): CodeIgniter\Database\BaseConnection->query('SELECT "numeroc...', Array, false)
#5 C:\xampp\htdocs\web\system\Model.php(210): CodeIgniter\Database\BaseBuilder->get()
#6 C:\xampp\htdocs\web\system\BaseModel.php(622): CodeIgniter\Model->doFirst()
#7 C:\xampp\htdocs\web\app\Controllers\devolucion\devolucionController.php(24): CodeIgniter\BaseModel->first()
#8 C:\xampp\htdocs\web\system\CodeIgniter.php(832): App\Controllers\devolucion\devolucionController->guardar_devolucion()
#9 C:\xampp\htdocs\web\system\CodeIgniter.php(419): CodeIgniter\CodeIgniter->runController(Object(App\Controllers\devolucion\devolucionController))
#10 C:\xampp\htdocs\web\system\CodeIgniter.php(326): CodeIgniter\CodeIgniter->handleRequest(NULL, Object(Config\Cache), false)
#11 C:\xampp\htdocs\web\index.php(37): CodeIgniter\CodeIgniter->run()
#12 {main}
CRITICAL - 2022-05-12 21:41:19 --> pg_query(): Query failed: ERROR:  no existe la columna «idconsecutivo»
LINE 3: WHERE &quot;idconsecutivo&quot; = 12
              ^
#0 [internal function]: CodeIgniter\Debug\Exceptions->errorHandler(2, 'pg_query(): Que...', 'C:\\xampp\\htdocs...', 135)
#1 C:\xampp\htdocs\web\system\Database\Postgre\Connection.php(135): pg_query(Resource id #133, 'SELECT "numeroc...')
#2 C:\xampp\htdocs\web\system\Database\BaseConnection.php(670): CodeIgniter\Database\Postgre\Connection->execute('SELECT "numeroc...')
#3 C:\xampp\htdocs\web\system\Database\BaseConnection.php(598): CodeIgniter\Database\BaseConnection->simpleQuery('SELECT "numeroc...')
#4 C:\xampp\htdocs\web\system\Database\BaseBuilder.php(1455): CodeIgniter\Database\BaseConnection->query('SELECT "numeroc...', Array, false)
#5 C:\xampp\htdocs\web\system\Model.php(210): CodeIgniter\Database\BaseBuilder->get()
#6 C:\xampp\htdocs\web\system\BaseModel.php(622): CodeIgniter\Model->doFirst()
#7 C:\xampp\htdocs\web\app\Controllers\devolucion\devolucionController.php(24): CodeIgniter\BaseModel->first()
#8 C:\xampp\htdocs\web\system\CodeIgniter.php(832): App\Controllers\devolucion\devolucionController->guardar_devolucion()
#9 C:\xampp\htdocs\web\system\CodeIgniter.php(419): CodeIgniter\CodeIgniter->runController(Object(App\Controllers\devolucion\devolucionController))
#10 C:\xampp\htdocs\web\system\CodeIgniter.php(326): CodeIgniter\CodeIgniter->handleRequest(NULL, Object(Config\Cache), false)
#11 C:\xampp\htdocs\web\index.php(37): CodeIgniter\CodeIgniter->run()
#12 {main}
CRITICAL - 2022-05-12 21:41:19 --> Uncaught CodeIgniter\Format\Exceptions\FormatException: Failed to parse json string, error: "Type is not supported". in C:\xampp\htdocs\web\system\Format\JSONFormatter.php:41
Stack trace:
#0 C:\xampp\htdocs\web\system\Format\JSONFormatter.php(41): CodeIgniter\Format\Exceptions\FormatException::forInvalidJSON('Type is not sup...')
#1 C:\xampp\htdocs\web\system\API\ResponseTrait.php(341): CodeIgniter\Format\JSONFormatter->format(Array)
#2 C:\xampp\htdocs\web\system\API\ResponseTrait.php(99): CodeIgniter\Debug\Exceptions->format(Array)
#3 C:\xampp\htdocs\web\system\Debug\Exceptions.php(115): CodeIgniter\Debug\Exceptions->respond(Array, 500)
#4 [internal function]: CodeIgniter\Debug\Exceptions->exceptionHandler(Object(ErrorException))
#5 {main}
  thrown
#0 [internal function]: CodeIgniter\Debug\Exceptions->shutdownHandler()
#1 {main}
CRITICAL - 2022-05-12 21:54:10 --> Undefined array key "usuario"
#0 C:\xampp\htdocs\web\app\Controllers\devolucion\devolucionController.php(15): CodeIgniter\Debug\Exceptions->errorHandler(2, 'Undefined array...', 'C:\\xampp\\htdocs...', 15)
#1 C:\xampp\htdocs\web\system\CodeIgniter.php(832): App\Controllers\devolucion\devolucionController->guardar_devolucion()
#2 C:\xampp\htdocs\web\system\CodeIgniter.php(419): CodeIgniter\CodeIgniter->runController(Object(App\Controllers\devolucion\devolucionController))
#3 C:\xampp\htdocs\web\system\CodeIgniter.php(326): CodeIgniter\CodeIgniter->handleRequest(NULL, Object(Config\Cache), false)
#4 C:\xampp\htdocs\web\index.php(37): CodeIgniter\CodeIgniter->run()
#5 {main}
CRITICAL - 2022-05-12 21:55:29 --> Undefined array key "precio_devolucion"
#0 C:\xampp\htdocs\web\app\Controllers\devolucion\devolucionController.php(26): CodeIgniter\Debug\Exceptions->errorHandler(2, 'Undefined array...', 'C:\\xampp\\htdocs...', 26)
#1 C:\xampp\htdocs\web\system\CodeIgniter.php(832): App\Controllers\devolucion\devolucionController->guardar_devolucion()
#2 C:\xampp\htdocs\web\system\CodeIgniter.php(419): CodeIgniter\CodeIgniter->runController(Object(App\Controllers\devolucion\devolucionController))
#3 C:\xampp\htdocs\web\system\CodeIgniter.php(326): CodeIgniter\CodeIgniter->handleRequest(NULL, Object(Config\Cache), false)
#4 C:\xampp\htdocs\web\index.php(37): CodeIgniter\CodeIgniter->run()
#5 {main}
ERROR - 2022-05-12 21:56:07 --> ErrorException: pg_query(): Query failed: ERROR:  no existe la columna «idconsecutivo»
LINE 3: WHERE &quot;idconsecutivo&quot; = 12
              ^ in C:\xampp\htdocs\web\system\Database\Postgre\Connection.php:135
Stack trace:
#0 [internal function]: CodeIgniter\Debug\Exceptions->errorHandler(2, 'pg_query(): Que...', 'C:\\xampp\\htdocs...', 135)
#1 C:\xampp\htdocs\web\system\Database\Postgre\Connection.php(135): pg_query(Resource id #133, 'SELECT "numeroc...')
#2 C:\xampp\htdocs\web\system\Database\BaseConnection.php(670): CodeIgniter\Database\Postgre\Connection->execute('SELECT "numeroc...')
#3 C:\xampp\htdocs\web\system\Database\BaseConnection.php(598): CodeIgniter\Database\BaseConnection->simpleQuery('SELECT "numeroc...')
#4 C:\xampp\htdocs\web\system\Database\BaseBuilder.php(1455): CodeIgniter\Database\BaseConnection->query('SELECT "numeroc...', Array, false)
#5 C:\xampp\htdocs\web\system\Model.php(210): CodeIgniter\Database\BaseBuilder->get()
#6 C:\xampp\htdocs\web\system\BaseModel.php(622): CodeIgniter\Model->doFirst()
#7 C:\xampp\htdocs\web\app\Controllers\devolucion\devolucionController.php(33): CodeIgniter\BaseModel->first()
#8 C:\xampp\htdocs\web\system\CodeIgniter.php(832): App\Controllers\devolucion\devolucionController->guardar_devolucion()
#9 C:\xampp\htdocs\web\system\CodeIgniter.php(419): CodeIgniter\CodeIgniter->runController(Object(App\Controllers\devolucion\devolucionController))
#10 C:\xampp\htdocs\web\system\CodeIgniter.php(326): CodeIgniter\CodeIgniter->handleRequest(NULL, Object(Config\Cache), false)
#11 C:\xampp\htdocs\web\index.php(37): CodeIgniter\CodeIgniter->run()
#12 {main}
CRITICAL - 2022-05-12 21:56:07 --> pg_query(): Query failed: ERROR:  no existe la columna «idconsecutivo»
LINE 3: WHERE &quot;idconsecutivo&quot; = 12
              ^
#0 [internal function]: CodeIgniter\Debug\Exceptions->errorHandler(2, 'pg_query(): Que...', 'C:\\xampp\\htdocs...', 135)
#1 C:\xampp\htdocs\web\system\Database\Postgre\Connection.php(135): pg_query(Resource id #133, 'SELECT "numeroc...')
#2 C:\xampp\htdocs\web\system\Database\BaseConnection.php(670): CodeIgniter\Database\Postgre\Connection->execute('SELECT "numeroc...')
#3 C:\xampp\htdocs\web\system\Database\BaseConnection.php(598): CodeIgniter\Database\BaseConnection->simpleQuery('SELECT "numeroc...')
#4 C:\xampp\htdocs\web\system\Database\BaseBuilder.php(1455): CodeIgniter\Database\BaseConnection->query('SELECT "numeroc...', Array, false)
#5 C:\xampp\htdocs\web\system\Model.php(210): CodeIgniter\Database\BaseBuilder->get()
#6 C:\xampp\htdocs\web\system\BaseModel.php(622): CodeIgniter\Model->doFirst()
#7 C:\xampp\htdocs\web\app\Controllers\devolucion\devolucionController.php(33): CodeIgniter\BaseModel->first()
#8 C:\xampp\htdocs\web\system\CodeIgniter.php(832): App\Controllers\devolucion\devolucionController->guardar_devolucion()
#9 C:\xampp\htdocs\web\system\CodeIgniter.php(419): CodeIgniter\CodeIgniter->runController(Object(App\Controllers\devolucion\devolucionController))
#10 C:\xampp\htdocs\web\system\CodeIgniter.php(326): CodeIgniter\CodeIgniter->handleRequest(NULL, Object(Config\Cache), false)
#11 C:\xampp\htdocs\web\index.php(37): CodeIgniter\CodeIgniter->run()
#12 {main}
ERROR - 2022-05-12 21:58:10 --> ErrorException: pg_query(): Query failed: ERROR:  no existe la columna «id_usuario» en la relación «devolucion_venta»
LINE 1: ...&quot;numero&quot;, &quot;numerofactura&quot;, &quot;nitcliente&quot;, &quot;fecha&quot;, &quot;id_usuari...
                                                             ^ in C:\xampp\htdocs\web\system\Database\Postgre\Connection.php:135
Stack trace:
#0 [internal function]: CodeIgniter\Debug\Exceptions->errorHandler(2, 'pg_query(): Que...', 'C:\\xampp\\htdocs...', 135)
#1 C:\xampp\htdocs\web\system\Database\Postgre\Connection.php(135): pg_query(Resource id #133, 'INSERT INTO "de...')
#2 C:\xampp\htdocs\web\system\Database\BaseConnection.php(670): CodeIgniter\Database\Postgre\Connection->execute('INSERT INTO "de...')
#3 C:\xampp\htdocs\web\system\Database\BaseConnection.php(598): CodeIgniter\Database\BaseConnection->simpleQuery('INSERT INTO "de...')
#4 C:\xampp\htdocs\web\system\Database\BaseBuilder.php(1771): CodeIgniter\Database\BaseConnection->query('INSERT INTO "de...', Array, false)
#5 C:\xampp\htdocs\web\system\Model.php(239): CodeIgniter\Database\BaseBuilder->insert()
#6 C:\xampp\htdocs\web\system\BaseModel.php(738): CodeIgniter\Model->doInsert(Array)
#7 C:\xampp\htdocs\web\system\Model.php(625): CodeIgniter\BaseModel->insert(Array, true)
#8 C:\xampp\htdocs\web\app\Controllers\devolucion\devolucionController.php(46): CodeIgniter\Model->insert(Array)
#9 C:\xampp\htdocs\web\system\CodeIgniter.php(832): App\Controllers\devolucion\devolucionController->guardar_devolucion()
#10 C:\xampp\htdocs\web\system\CodeIgniter.php(419): CodeIgniter\CodeIgniter->runController(Object(App\Controllers\devolucion\devolucionController))
#11 C:\xampp\htdocs\web\system\CodeIgniter.php(326): CodeIgniter\CodeIgniter->handleRequest(NULL, Object(Config\Cache), false)
#12 C:\xampp\htdocs\web\index.php(37): CodeIgniter\CodeIgniter->run()
#13 {main}
CRITICAL - 2022-05-12 21:58:10 --> pg_query(): Query failed: ERROR:  no existe la columna «id_usuario» en la relación «devolucion_venta»
LINE 1: ...&quot;numero&quot;, &quot;numerofactura&quot;, &quot;nitcliente&quot;, &quot;fecha&quot;, &quot;id_usuari...
                                                             ^
#0 [internal function]: CodeIgniter\Debug\Exceptions->errorHandler(2, 'pg_query(): Que...', 'C:\\xampp\\htdocs...', 135)
#1 C:\xampp\htdocs\web\system\Database\Postgre\Connection.php(135): pg_query(Resource id #133, 'INSERT INTO "de...')
#2 C:\xampp\htdocs\web\system\Database\BaseConnection.php(670): CodeIgniter\Database\Postgre\Connection->execute('INSERT INTO "de...')
#3 C:\xampp\htdocs\web\system\Database\BaseConnection.php(598): CodeIgniter\Database\BaseConnection->simpleQuery('INSERT INTO "de...')
#4 C:\xampp\htdocs\web\system\Database\BaseBuilder.php(1771): CodeIgniter\Database\BaseConnection->query('INSERT INTO "de...', Array, false)
#5 C:\xampp\htdocs\web\system\Model.php(239): CodeIgniter\Database\BaseBuilder->insert()
#6 C:\xampp\htdocs\web\system\BaseModel.php(738): CodeIgniter\Model->doInsert(Array)
#7 C:\xampp\htdocs\web\system\Model.php(625): CodeIgniter\BaseModel->insert(Array, true)
#8 C:\xampp\htdocs\web\app\Controllers\devolucion\devolucionController.php(46): CodeIgniter\Model->insert(Array)
#9 C:\xampp\htdocs\web\system\CodeIgniter.php(832): App\Controllers\devolucion\devolucionController->guardar_devolucion()
#10 C:\xampp\htdocs\web\system\CodeIgniter.php(419): CodeIgniter\CodeIgniter->runController(Object(App\Controllers\devolucion\devolucionController))
#11 C:\xampp\htdocs\web\system\CodeIgniter.php(326): CodeIgniter\CodeIgniter->handleRequest(NULL, Object(Config\Cache), false)
#12 C:\xampp\htdocs\web\index.php(37): CodeIgniter\CodeIgniter->run()
#13 {main}
ERROR - 2022-05-12 22:01:47 --> ErrorException: pg_query(): Query failed: ERROR:  la columna «hora» es de tipo time without time zone pero la expresión es de tipo integer
LINE 1: ... &quot;hora&quot;) VALUES ('9', '', 22222222, '2022-05-12', 1652410907...
                                                             ^
HINT:  Necesitará reescribir la expresión o aplicarle una conversión de tipo. in C:\xampp\htdocs\web\system\Database\Postgre\Connection.php:135
Stack trace:
#0 [internal function]: CodeIgniter\Debug\Exceptions->errorHandler(2, 'pg_query(): Que...', 'C:\\xampp\\htdocs...', 135)
#1 C:\xampp\htdocs\web\system\Database\Postgre\Connection.php(135): pg_query(Resource id #134, 'INSERT INTO "de...')
#2 C:\xampp\htdocs\web\system\Database\BaseConnection.php(670): CodeIgniter\Database\Postgre\Connection->execute('INSERT INTO "de...')
#3 C:\xampp\htdocs\web\system\Database\BaseConnection.php(598): CodeIgniter\Database\BaseConnection->simpleQuery('INSERT INTO "de...')
#4 C:\xampp\htdocs\web\system\Database\BaseBuilder.php(1771): CodeIgniter\Database\BaseConnection->query('INSERT INTO "de...', Array, false)
#5 C:\xampp\htdocs\web\system\Model.php(239): CodeIgniter\Database\BaseBuilder->insert()
#6 C:\xampp\htdocs\web\system\BaseModel.php(738): CodeIgniter\Model->doInsert(Array)
#7 C:\xampp\htdocs\web\system\Model.php(625): CodeIgniter\BaseModel->insert(Array, true)
#8 C:\xampp\htdocs\web\app\Controllers\devolucion\devolucionController.php(46): CodeIgniter\Model->insert(Array)
#9 C:\xampp\htdocs\web\system\CodeIgniter.php(832): App\Controllers\devolucion\devolucionController->guardar_devolucion()
#10 C:\xampp\htdocs\web\system\CodeIgniter.php(419): CodeIgniter\CodeIgniter->runController(Object(App\Controllers\devolucion\devolucionController))
#11 C:\xampp\htdocs\web\system\CodeIgniter.php(326): CodeIgniter\CodeIgniter->handleRequest(NULL, Object(Config\Cache), false)
#12 C:\xampp\htdocs\web\index.php(37): CodeIgniter\CodeIgniter->run()
#13 {main}
CRITICAL - 2022-05-12 22:01:47 --> pg_query(): Query failed: ERROR:  la columna «hora» es de tipo time without time zone pero la expresión es de tipo integer
LINE 1: ... &quot;hora&quot;) VALUES ('9', '', 22222222, '2022-05-12', 1652410907...
                                                             ^
HINT:  Necesitará reescribir la expresión o aplicarle una conversión de tipo.
#0 [internal function]: CodeIgniter\Debug\Exceptions->errorHandler(2, 'pg_query(): Que...', 'C:\\xampp\\htdocs...', 135)
#1 C:\xampp\htdocs\web\system\Database\Postgre\Connection.php(135): pg_query(Resource id #134, 'INSERT INTO "de...')
#2 C:\xampp\htdocs\web\system\Database\BaseConnection.php(670): CodeIgniter\Database\Postgre\Connection->execute('INSERT INTO "de...')
#3 C:\xampp\htdocs\web\system\Database\BaseConnection.php(598): CodeIgniter\Database\BaseConnection->simpleQuery('INSERT INTO "de...')
#4 C:\xampp\htdocs\web\system\Database\BaseBuilder.php(1771): CodeIgniter\Database\BaseConnection->query('INSERT INTO "de...', Array, false)
#5 C:\xampp\htdocs\web\system\Model.php(239): CodeIgniter\Database\BaseBuilder->insert()
#6 C:\xampp\htdocs\web\system\BaseModel.php(738): CodeIgniter\Model->doInsert(Array)
#7 C:\xampp\htdocs\web\system\Model.php(625): CodeIgniter\BaseModel->insert(Array, true)
#8 C:\xampp\htdocs\web\app\Controllers\devolucion\devolucionController.php(46): CodeIgniter\Model->insert(Array)
#9 C:\xampp\htdocs\web\system\CodeIgniter.php(832): App\Controllers\devolucion\devolucionController->guardar_devolucion()
#10 C:\xampp\htdocs\web\system\CodeIgniter.php(419): CodeIgniter\CodeIgniter->runController(Object(App\Controllers\devolucion\devolucionController))
#11 C:\xampp\htdocs\web\system\CodeIgniter.php(326): CodeIgniter\CodeIgniter->handleRequest(NULL, Object(Config\Cache), false)
#12 C:\xampp\htdocs\web\index.php(37): CodeIgniter\CodeIgniter->run()
#13 {main}
ERROR - 2022-05-12 22:20:37 --> ErrorException: pg_query(): Query failed: ERROR:  el valor null para la columna «idusuario» viola la restricción not null
DETAIL:  La fila que falla contiene (9, 9, , 22222222, 2022-05-12, null, null, null, 22:20:37). in C:\xampp\htdocs\web\system\Database\Postgre\Connection.php:135
Stack trace:
#0 [internal function]: CodeIgniter\Debug\Exceptions->errorHandler(2, 'pg_query(): Que...', 'C:\\xampp\\htdocs...', 135)
#1 C:\xampp\htdocs\web\system\Database\Postgre\Connection.php(135): pg_query(Resource id #133, 'INSERT INTO "de...')
#2 C:\xampp\htdocs\web\system\Database\BaseConnection.php(670): CodeIgniter\Database\Postgre\Connection->execute('INSERT INTO "de...')
#3 C:\xampp\htdocs\web\system\Database\BaseConnection.php(598): CodeIgniter\Database\BaseConnection->simpleQuery('INSERT INTO "de...')
#4 C:\xampp\htdocs\web\system\Database\BaseBuilder.php(1771): CodeIgniter\Database\BaseConnection->query('INSERT INTO "de...', Array, false)
#5 C:\xampp\htdocs\web\system\Model.php(239): CodeIgniter\Database\BaseBuilder->insert()
#6 C:\xampp\htdocs\web\system\BaseModel.php(738): CodeIgniter\Model->doInsert(Array)
#7 C:\xampp\htdocs\web\system\Model.php(625): CodeIgniter\BaseModel->insert(Array, true)
#8 C:\xampp\htdocs\web\app\Controllers\devolucion\devolucionController.php(50): CodeIgniter\Model->insert(Array)
#9 C:\xampp\htdocs\web\system\CodeIgniter.php(832): App\Controllers\devolucion\devolucionController->guardar_devolucion()
#10 C:\xampp\htdocs\web\system\CodeIgniter.php(419): CodeIgniter\CodeIgniter->runController(Object(App\Controllers\devolucion\devolucionController))
#11 C:\xampp\htdocs\web\system\CodeIgniter.php(326): CodeIgniter\CodeIgniter->handleRequest(NULL, Object(Config\Cache), false)
#12 C:\xampp\htdocs\web\index.php(37): CodeIgniter\CodeIgniter->run()
#13 {main}
CRITICAL - 2022-05-12 22:20:37 --> pg_query(): Query failed: ERROR:  el valor null para la columna «idusuario» viola la restricción not null
DETAIL:  La fila que falla contiene (9, 9, , 22222222, 2022-05-12, null, null, null, 22:20:37).
#0 [internal function]: CodeIgniter\Debug\Exceptions->errorHandler(2, 'pg_query(): Que...', 'C:\\xampp\\htdocs...', 135)
#1 C:\xampp\htdocs\web\system\Database\Postgre\Connection.php(135): pg_query(Resource id #133, 'INSERT INTO "de...')
#2 C:\xampp\htdocs\web\system\Database\BaseConnection.php(670): CodeIgniter\Database\Postgre\Connection->execute('INSERT INTO "de...')
#3 C:\xampp\htdocs\web\system\Database\BaseConnection.php(598): CodeIgniter\Database\BaseConnection->simpleQuery('INSERT INTO "de...')
#4 C:\xampp\htdocs\web\system\Database\BaseBuilder.php(1771): CodeIgniter\Database\BaseConnection->query('INSERT INTO "de...', Array, false)
#5 C:\xampp\htdocs\web\system\Model.php(239): CodeIgniter\Database\BaseBuilder->insert()
#6 C:\xampp\htdocs\web\system\BaseModel.php(738): CodeIgniter\Model->doInsert(Array)
#7 C:\xampp\htdocs\web\system\Model.php(625): CodeIgniter\BaseModel->insert(Array, true)
#8 C:\xampp\htdocs\web\app\Controllers\devolucion\devolucionController.php(50): CodeIgniter\Model->insert(Array)
#9 C:\xampp\htdocs\web\system\CodeIgniter.php(832): App\Controllers\devolucion\devolucionController->guardar_devolucion()
#10 C:\xampp\htdocs\web\system\CodeIgniter.php(419): CodeIgniter\CodeIgniter->runController(Object(App\Controllers\devolucion\devolucionController))
#11 C:\xampp\htdocs\web\system\CodeIgniter.php(326): CodeIgniter\CodeIgniter->handleRequest(NULL, Object(Config\Cache), false)
#12 C:\xampp\htdocs\web\index.php(37): CodeIgniter\CodeIgniter->run()
#13 {main}
ERROR - 2022-05-12 22:21:19 --> ErrorException: pg_query(): Query failed: ERROR:  el valor null para la columna «idusuario» viola la restricción not null
DETAIL:  La fila que falla contiene (10, 9, , 22222222, 2022-05-12, null, null, null, 22:21:19). in C:\xampp\htdocs\web\system\Database\Postgre\Connection.php:135
Stack trace:
#0 [internal function]: CodeIgniter\Debug\Exceptions->errorHandler(2, 'pg_query(): Que...', 'C:\\xampp\\htdocs...', 135)
#1 C:\xampp\htdocs\web\system\Database\Postgre\Connection.php(135): pg_query(Resource id #133, 'INSERT INTO "de...')
#2 C:\xampp\htdocs\web\system\Database\BaseConnection.php(670): CodeIgniter\Database\Postgre\Connection->execute('INSERT INTO "de...')
#3 C:\xampp\htdocs\web\system\Database\BaseConnection.php(598): CodeIgniter\Database\BaseConnection->simpleQuery('INSERT INTO "de...')
#4 C:\xampp\htdocs\web\system\Database\BaseBuilder.php(1771): CodeIgniter\Database\BaseConnection->query('INSERT INTO "de...', Array, false)
#5 C:\xampp\htdocs\web\system\Model.php(239): CodeIgniter\Database\BaseBuilder->insert()
#6 C:\xampp\htdocs\web\system\BaseModel.php(738): CodeIgniter\Model->doInsert(Array)
#7 C:\xampp\htdocs\web\system\Model.php(625): CodeIgniter\BaseModel->insert(Array, true)
#8 C:\xampp\htdocs\web\app\Controllers\devolucion\devolucionController.php(46): CodeIgniter\Model->insert(Array)
#9 C:\xampp\htdocs\web\system\CodeIgniter.php(832): App\Controllers\devolucion\devolucionController->guardar_devolucion()
#10 C:\xampp\htdocs\web\system\CodeIgniter.php(419): CodeIgniter\CodeIgniter->runController(Object(App\Controllers\devolucion\devolucionController))
#11 C:\xampp\htdocs\web\system\CodeIgniter.php(326): CodeIgniter\CodeIgniter->handleRequest(NULL, Object(Config\Cache), false)
#12 C:\xampp\htdocs\web\index.php(37): CodeIgniter\CodeIgniter->run()
#13 {main}
CRITICAL - 2022-05-12 22:21:19 --> pg_query(): Query failed: ERROR:  el valor null para la columna «idusuario» viola la restricción not null
DETAIL:  La fila que falla contiene (10, 9, , 22222222, 2022-05-12, null, null, null, 22:21:19).
#0 [internal function]: CodeIgniter\Debug\Exceptions->errorHandler(2, 'pg_query(): Que...', 'C:\\xampp\\htdocs...', 135)
#1 C:\xampp\htdocs\web\system\Database\Postgre\Connection.php(135): pg_query(Resource id #133, 'INSERT INTO "de...')
#2 C:\xampp\htdocs\web\system\Database\BaseConnection.php(670): CodeIgniter\Database\Postgre\Connection->execute('INSERT INTO "de...')
#3 C:\xampp\htdocs\web\system\Database\BaseConnection.php(598): CodeIgniter\Database\BaseConnection->simpleQuery('INSERT INTO "de...')
#4 C:\xampp\htdocs\web\system\Database\BaseBuilder.php(1771): CodeIgniter\Database\BaseConnection->query('INSERT INTO "de...', Array, false)
#5 C:\xampp\htdocs\web\system\Model.php(239): CodeIgniter\Database\BaseBuilder->insert()
#6 C:\xampp\htdocs\web\system\BaseModel.php(738): CodeIgniter\Model->doInsert(Array)
#7 C:\xampp\htdocs\web\system\Model.php(625): CodeIgniter\BaseModel->insert(Array, true)
#8 C:\xampp\htdocs\web\app\Controllers\devolucion\devolucionController.php(46): CodeIgniter\Model->insert(Array)
#9 C:\xampp\htdocs\web\system\CodeIgniter.php(832): App\Controllers\devolucion\devolucionController->guardar_devolucion()
#10 C:\xampp\htdocs\web\system\CodeIgniter.php(419): CodeIgniter\CodeIgniter->runController(Object(App\Controllers\devolucion\devolucionController))
#11 C:\xampp\htdocs\web\system\CodeIgniter.php(326): CodeIgniter\CodeIgniter->handleRequest(NULL, Object(Config\Cache), false)
#12 C:\xampp\htdocs\web\index.php(37): CodeIgniter\CodeIgniter->run()
#13 {main}
ERROR - 2022-05-12 22:21:51 --> ErrorException: pg_query(): Query failed: ERROR:  el valor null para la columna «idusuario» viola la restricción not null
DETAIL:  La fila que falla contiene (11, 9, , 22222222, 2022-05-12, null, null, null, 22:21:51). in C:\xampp\htdocs\web\system\Database\Postgre\Connection.php:135
Stack trace:
#0 [internal function]: CodeIgniter\Debug\Exceptions->errorHandler(2, 'pg_query(): Que...', 'C:\\xampp\\htdocs...', 135)
#1 C:\xampp\htdocs\web\system\Database\Postgre\Connection.php(135): pg_query(Resource id #133, 'INSERT INTO "de...')
#2 C:\xampp\htdocs\web\system\Database\BaseConnection.php(670): CodeIgniter\Database\Postgre\Connection->execute('INSERT INTO "de...')
#3 C:\xampp\htdocs\web\system\Database\BaseConnection.php(598): CodeIgniter\Database\BaseConnection->simpleQuery('INSERT INTO "de...')
#4 C:\xampp\htdocs\web\system\Database\BaseBuilder.php(1771): CodeIgniter\Database\BaseConnection->query('INSERT INTO "de...', Array, false)
#5 C:\xampp\htdocs\web\system\Model.php(239): CodeIgniter\Database\BaseBuilder->insert()
#6 C:\xampp\htdocs\web\system\BaseModel.php(738): CodeIgniter\Model->doInsert(Array)
#7 C:\xampp\htdocs\web\system\Model.php(625): CodeIgniter\BaseModel->insert(Array, true)
#8 C:\xampp\htdocs\web\app\Controllers\devolucion\devolucionController.php(46): CodeIgniter\Model->insert(Array)
#9 C:\xampp\htdocs\web\system\CodeIgniter.php(832): App\Controllers\devolucion\devolucionController->guardar_devolucion()
#10 C:\xampp\htdocs\web\system\CodeIgniter.php(419): CodeIgniter\CodeIgniter->runController(Object(App\Controllers\devolucion\devolucionController))
#11 C:\xampp\htdocs\web\system\CodeIgniter.php(326): CodeIgniter\CodeIgniter->handleRequest(NULL, Object(Config\Cache), false)
#12 C:\xampp\htdocs\web\index.php(37): CodeIgniter\CodeIgniter->run()
#13 {main}
CRITICAL - 2022-05-12 22:21:51 --> pg_query(): Query failed: ERROR:  el valor null para la columna «idusuario» viola la restricción not null
DETAIL:  La fila que falla contiene (11, 9, , 22222222, 2022-05-12, null, null, null, 22:21:51).
#0 [internal function]: CodeIgniter\Debug\Exceptions->errorHandler(2, 'pg_query(): Que...', 'C:\\xampp\\htdocs...', 135)
#1 C:\xampp\htdocs\web\system\Database\Postgre\Connection.php(135): pg_query(Resource id #133, 'INSERT INTO "de...')
#2 C:\xampp\htdocs\web\system\Database\BaseConnection.php(670): CodeIgniter\Database\Postgre\Connection->execute('INSERT INTO "de...')
#3 C:\xampp\htdocs\web\system\Database\BaseConnection.php(598): CodeIgniter\Database\BaseConnection->simpleQuery('INSERT INTO "de...')
#4 C:\xampp\htdocs\web\system\Database\BaseBuilder.php(1771): CodeIgniter\Database\BaseConnection->query('INSERT INTO "de...', Array, false)
#5 C:\xampp\htdocs\web\system\Model.php(239): CodeIgniter\Database\BaseBuilder->insert()
#6 C:\xampp\htdocs\web\system\BaseModel.php(738): CodeIgniter\Model->doInsert(Array)
#7 C:\xampp\htdocs\web\system\Model.php(625): CodeIgniter\BaseModel->insert(Array, true)
#8 C:\xampp\htdocs\web\app\Controllers\devolucion\devolucionController.php(46): CodeIgniter\Model->insert(Array)
#9 C:\xampp\htdocs\web\system\CodeIgniter.php(832): App\Controllers\devolucion\devolucionController->guardar_devolucion()
#10 C:\xampp\htdocs\web\system\CodeIgniter.php(419): CodeIgniter\CodeIgniter->runController(Object(App\Controllers\devolucion\devolucionController))
#11 C:\xampp\htdocs\web\system\CodeIgniter.php(326): CodeIgniter\CodeIgniter->handleRequest(NULL, Object(Config\Cache), false)
#12 C:\xampp\htdocs\web\index.php(37): CodeIgniter\CodeIgniter->run()
#13 {main}
ERROR - 2022-05-12 22:23:02 --> ErrorException: pg_query(): Query failed: ERROR:  el valor null para la columna «idcaja» viola la restricción not null
DETAIL:  La fila que falla contiene (12, 9, , 22222222, 2022-05-12, 8, null, null, 22:23:02). in C:\xampp\htdocs\web\system\Database\Postgre\Connection.php:135
Stack trace:
#0 [internal function]: CodeIgniter\Debug\Exceptions->errorHandler(2, 'pg_query(): Que...', 'C:\\xampp\\htdocs...', 135)
#1 C:\xampp\htdocs\web\system\Database\Postgre\Connection.php(135): pg_query(Resource id #133, 'INSERT INTO "de...')
#2 C:\xampp\htdocs\web\system\Database\BaseConnection.php(670): CodeIgniter\Database\Postgre\Connection->execute('INSERT INTO "de...')
#3 C:\xampp\htdocs\web\system\Database\BaseConnection.php(598): CodeIgniter\Database\BaseConnection->simpleQuery('INSERT INTO "de...')
#4 C:\xampp\htdocs\web\system\Database\BaseBuilder.php(1771): CodeIgniter\Database\BaseConnection->query('INSERT INTO "de...', Array, false)
#5 C:\xampp\htdocs\web\system\Model.php(239): CodeIgniter\Database\BaseBuilder->insert()
#6 C:\xampp\htdocs\web\system\BaseModel.php(738): CodeIgniter\Model->doInsert(Array)
#7 C:\xampp\htdocs\web\system\Model.php(625): CodeIgniter\BaseModel->insert(Array, true)
#8 C:\xampp\htdocs\web\app\Controllers\devolucion\devolucionController.php(46): CodeIgniter\Model->insert(Array)
#9 C:\xampp\htdocs\web\system\CodeIgniter.php(832): App\Controllers\devolucion\devolucionController->guardar_devolucion()
#10 C:\xampp\htdocs\web\system\CodeIgniter.php(419): CodeIgniter\CodeIgniter->runController(Object(App\Controllers\devolucion\devolucionController))
#11 C:\xampp\htdocs\web\system\CodeIgniter.php(326): CodeIgniter\CodeIgniter->handleRequest(NULL, Object(Config\Cache), false)
#12 C:\xampp\htdocs\web\index.php(37): CodeIgniter\CodeIgniter->run()
#13 {main}
CRITICAL - 2022-05-12 22:23:02 --> pg_query(): Query failed: ERROR:  el valor null para la columna «idcaja» viola la restricción not null
DETAIL:  La fila que falla contiene (12, 9, , 22222222, 2022-05-12, 8, null, null, 22:23:02).
#0 [internal function]: CodeIgniter\Debug\Exceptions->errorHandler(2, 'pg_query(): Que...', 'C:\\xampp\\htdocs...', 135)
#1 C:\xampp\htdocs\web\system\Database\Postgre\Connection.php(135): pg_query(Resource id #133, 'INSERT INTO "de...')
#2 C:\xampp\htdocs\web\system\Database\BaseConnection.php(670): CodeIgniter\Database\Postgre\Connection->execute('INSERT INTO "de...')
#3 C:\xampp\htdocs\web\system\Database\BaseConnection.php(598): CodeIgniter\Database\BaseConnection->simpleQuery('INSERT INTO "de...')
#4 C:\xampp\htdocs\web\system\Database\BaseBuilder.php(1771): CodeIgniter\Database\BaseConnection->query('INSERT INTO "de...', Array, false)
#5 C:\xampp\htdocs\web\system\Model.php(239): CodeIgniter\Database\BaseBuilder->insert()
#6 C:\xampp\htdocs\web\system\BaseModel.php(738): CodeIgniter\Model->doInsert(Array)
#7 C:\xampp\htdocs\web\system\Model.php(625): CodeIgniter\BaseModel->insert(Array, true)
#8 C:\xampp\htdocs\web\app\Controllers\devolucion\devolucionController.php(46): CodeIgniter\Model->insert(Array)
#9 C:\xampp\htdocs\web\system\CodeIgniter.php(832): App\Controllers\devolucion\devolucionController->guardar_devolucion()
#10 C:\xampp\htdocs\web\system\CodeIgniter.php(419): CodeIgniter\CodeIgniter->runController(Object(App\Controllers\devolucion\devolucionController))
#11 C:\xampp\htdocs\web\system\CodeIgniter.php(326): CodeIgniter\CodeIgniter->handleRequest(NULL, Object(Config\Cache), false)
#12 C:\xampp\htdocs\web\index.php(37): CodeIgniter\CodeIgniter->run()
#13 {main}
ERROR - 2022-05-12 22:23:24 --> ErrorException: pg_query(): Query failed: ERROR:  el valor null para la columna «idturno» viola la restricción not null
DETAIL:  La fila que falla contiene (13, 9, , 22222222, 2022-05-12, 8, 1, null, 22:23:24). in C:\xampp\htdocs\web\system\Database\Postgre\Connection.php:135
Stack trace:
#0 [internal function]: CodeIgniter\Debug\Exceptions->errorHandler(2, 'pg_query(): Que...', 'C:\\xampp\\htdocs...', 135)
#1 C:\xampp\htdocs\web\system\Database\Postgre\Connection.php(135): pg_query(Resource id #134, 'INSERT INTO "de...')
#2 C:\xampp\htdocs\web\system\Database\BaseConnection.php(670): CodeIgniter\Database\Postgre\Connection->execute('INSERT INTO "de...')
#3 C:\xampp\htdocs\web\system\Database\BaseConnection.php(598): CodeIgniter\Database\BaseConnection->simpleQuery('INSERT INTO "de...')
#4 C:\xampp\htdocs\web\system\Database\BaseBuilder.php(1771): CodeIgniter\Database\BaseConnection->query('INSERT INTO "de...', Array, false)
#5 C:\xampp\htdocs\web\system\Model.php(239): CodeIgniter\Database\BaseBuilder->insert()
#6 C:\xampp\htdocs\web\system\BaseModel.php(738): CodeIgniter\Model->doInsert(Array)
#7 C:\xampp\htdocs\web\system\Model.php(625): CodeIgniter\BaseModel->insert(Array, true)
#8 C:\xampp\htdocs\web\app\Controllers\devolucion\devolucionController.php(46): CodeIgniter\Model->insert(Array)
#9 C:\xampp\htdocs\web\system\CodeIgniter.php(832): App\Controllers\devolucion\devolucionController->guardar_devolucion()
#10 C:\xampp\htdocs\web\system\CodeIgniter.php(419): CodeIgniter\CodeIgniter->runController(Object(App\Controllers\devolucion\devolucionController))
#11 C:\xampp\htdocs\web\system\CodeIgniter.php(326): CodeIgniter\CodeIgniter->handleRequest(NULL, Object(Config\Cache), false)
#12 C:\xampp\htdocs\web\index.php(37): CodeIgniter\CodeIgniter->run()
#13 {main}
CRITICAL - 2022-05-12 22:23:24 --> pg_query(): Query failed: ERROR:  el valor null para la columna «idturno» viola la restricción not null
DETAIL:  La fila que falla contiene (13, 9, , 22222222, 2022-05-12, 8, 1, null, 22:23:24).
#0 [internal function]: CodeIgniter\Debug\Exceptions->errorHandler(2, 'pg_query(): Que...', 'C:\\xampp\\htdocs...', 135)
#1 C:\xampp\htdocs\web\system\Database\Postgre\Connection.php(135): pg_query(Resource id #134, 'INSERT INTO "de...')
#2 C:\xampp\htdocs\web\system\Database\BaseConnection.php(670): CodeIgniter\Database\Postgre\Connection->execute('INSERT INTO "de...')
#3 C:\xampp\htdocs\web\system\Database\BaseConnection.php(598): CodeIgniter\Database\BaseConnection->simpleQuery('INSERT INTO "de...')
#4 C:\xampp\htdocs\web\system\Database\BaseBuilder.php(1771): CodeIgniter\Database\BaseConnection->query('INSERT INTO "de...', Array, false)
#5 C:\xampp\htdocs\web\system\Model.php(239): CodeIgniter\Database\BaseBuilder->insert()
#6 C:\xampp\htdocs\web\system\BaseModel.php(738): CodeIgniter\Model->doInsert(Array)
#7 C:\xampp\htdocs\web\system\Model.php(625): CodeIgniter\BaseModel->insert(Array, true)
#8 C:\xampp\htdocs\web\app\Controllers\devolucion\devolucionController.php(46): CodeIgniter\Model->insert(Array)
#9 C:\xampp\htdocs\web\system\CodeIgniter.php(832): App\Controllers\devolucion\devolucionController->guardar_devolucion()
#10 C:\xampp\htdocs\web\system\CodeIgniter.php(419): CodeIgniter\CodeIgniter->runController(Object(App\Controllers\devolucion\devolucionController))
#11 C:\xampp\htdocs\web\system\CodeIgniter.php(326): CodeIgniter\CodeIgniter->handleRequest(NULL, Object(Config\Cache), false)
#12 C:\xampp\htdocs\web\index.php(37): CodeIgniter\CodeIgniter->run()
#13 {main}
