CRITICAL - 2022-07-31 11:17:33 --> Undefined array key 1
#0 C:\xampp\htdocs\restaurantes\app\Controllers\consultas_y_reportes\informeFiscalVentasController.php(522): CodeIgniter\Debug\Exceptions->errorHandler(2, 'Undefined array...', 'C:\\xampp\\htdocs...', 522)
#1 C:\xampp\htdocs\restaurantes\app\Controllers\consultas_y_reportes\informeFiscalVentasController.php(244): App\Controllers\consultas_y_reportes\informeFiscalVentasController->generar_informe_fiscal_ventas_pdf('2022-07-29')
#2 C:\xampp\htdocs\restaurantes\system\CodeIgniter.php(832): App\Controllers\consultas_y_reportes\informeFiscalVentasController->informe_fiscal_ventas_pdf()
#3 C:\xampp\htdocs\restaurantes\system\CodeIgniter.php(419): CodeIgniter\CodeIgniter->runController(Object(App\Controllers\consultas_y_reportes\informeFiscalVentasController))
#4 C:\xampp\htdocs\restaurantes\system\CodeIgniter.php(326): CodeIgniter\CodeIgniter->handleRequest(NULL, Object(Config\Cache), false)
#5 C:\xampp\htdocs\restaurantes\index.php(37): CodeIgniter\CodeIgniter->run()
#6 {main}
CRITICAL - 2022-07-31 11:18:39 --> Undefined array key 1
#0 C:\xampp\htdocs\restaurantes\app\Controllers\consultas_y_reportes\informeFiscalVentasController.php(522): CodeIgniter\Debug\Exceptions->errorHandler(2, 'Undefined array...', 'C:\\xampp\\htdocs...', 522)
#1 C:\xampp\htdocs\restaurantes\app\Controllers\consultas_y_reportes\informeFiscalVentasController.php(244): App\Controllers\consultas_y_reportes\informeFiscalVentasController->generar_informe_fiscal_ventas_pdf('2022-07-29')
#2 C:\xampp\htdocs\restaurantes\system\CodeIgniter.php(832): App\Controllers\consultas_y_reportes\informeFiscalVentasController->informe_fiscal_ventas_pdf()
#3 C:\xampp\htdocs\restaurantes\system\CodeIgniter.php(419): CodeIgniter\CodeIgniter->runController(Object(App\Controllers\consultas_y_reportes\informeFiscalVentasController))
#4 C:\xampp\htdocs\restaurantes\system\CodeIgniter.php(326): CodeIgniter\CodeIgniter->handleRequest(NULL, Object(Config\Cache), false)
#5 C:\xampp\htdocs\restaurantes\index.php(37): CodeIgniter\CodeIgniter->run()
#6 {main}
CRITICAL - 2022-07-31 11:20:27 --> Undefined array key 1
#0 C:\xampp\htdocs\restaurantes\app\Controllers\consultas_y_reportes\informeFiscalVentasController.php(523): CodeIgniter\Debug\Exceptions->errorHandler(2, 'Undefined array...', 'C:\\xampp\\htdocs...', 523)
#1 C:\xampp\htdocs\restaurantes\app\Controllers\consultas_y_reportes\informeFiscalVentasController.php(244): App\Controllers\consultas_y_reportes\informeFiscalVentasController->generar_informe_fiscal_ventas_pdf('2022-07-29')
#2 C:\xampp\htdocs\restaurantes\system\CodeIgniter.php(832): App\Controllers\consultas_y_reportes\informeFiscalVentasController->informe_fiscal_ventas_pdf()
#3 C:\xampp\htdocs\restaurantes\system\CodeIgniter.php(419): CodeIgniter\CodeIgniter->runController(Object(App\Controllers\consultas_y_reportes\informeFiscalVentasController))
#4 C:\xampp\htdocs\restaurantes\system\CodeIgniter.php(326): CodeIgniter\CodeIgniter->handleRequest(NULL, Object(Config\Cache), false)
#5 C:\xampp\htdocs\restaurantes\index.php(37): CodeIgniter\CodeIgniter->run()
#6 {main}
CRITICAL - 2022-07-31 11:22:56 --> Array to string conversion
#0 C:\xampp\htdocs\restaurantes\app\Controllers\consultas_y_reportes\informeFiscalVentasController.php(522): CodeIgniter\Debug\Exceptions->errorHandler(2, 'Array to string...', 'C:\\xampp\\htdocs...', 522)
#1 C:\xampp\htdocs\restaurantes\app\Controllers\consultas_y_reportes\informeFiscalVentasController.php(244): App\Controllers\consultas_y_reportes\informeFiscalVentasController->generar_informe_fiscal_ventas_pdf('2022-07-29')
#2 C:\xampp\htdocs\restaurantes\system\CodeIgniter.php(832): App\Controllers\consultas_y_reportes\informeFiscalVentasController->informe_fiscal_ventas_pdf()
#3 C:\xampp\htdocs\restaurantes\system\CodeIgniter.php(419): CodeIgniter\CodeIgniter->runController(Object(App\Controllers\consultas_y_reportes\informeFiscalVentasController))
#4 C:\xampp\htdocs\restaurantes\system\CodeIgniter.php(326): CodeIgniter\CodeIgniter->handleRequest(NULL, Object(Config\Cache), false)
#5 C:\xampp\htdocs\restaurantes\index.php(37): CodeIgniter\CodeIgniter->run()
#6 {main}
CRITICAL - 2022-07-31 11:27:10 --> Array to string conversion
#0 C:\xampp\htdocs\restaurantes\app\Controllers\consultas_y_reportes\informeFiscalVentasController.php(522): CodeIgniter\Debug\Exceptions->errorHandler(2, 'Array to string...', 'C:\\xampp\\htdocs...', 522)
#1 C:\xampp\htdocs\restaurantes\app\Controllers\consultas_y_reportes\informeFiscalVentasController.php(244): App\Controllers\consultas_y_reportes\informeFiscalVentasController->generar_informe_fiscal_ventas_pdf('2022-07-29')
#2 C:\xampp\htdocs\restaurantes\system\CodeIgniter.php(832): App\Controllers\consultas_y_reportes\informeFiscalVentasController->informe_fiscal_ventas_pdf()
#3 C:\xampp\htdocs\restaurantes\system\CodeIgniter.php(419): CodeIgniter\CodeIgniter->runController(Object(App\Controllers\consultas_y_reportes\informeFiscalVentasController))
#4 C:\xampp\htdocs\restaurantes\system\CodeIgniter.php(326): CodeIgniter\CodeIgniter->handleRequest(NULL, Object(Config\Cache), false)
#5 C:\xampp\htdocs\restaurantes\index.php(37): CodeIgniter\CodeIgniter->run()
#6 {main}
CRITICAL - 2022-07-31 11:27:34 --> Array to string conversion
#0 C:\xampp\htdocs\restaurantes\app\Controllers\consultas_y_reportes\informeFiscalVentasController.php(522): CodeIgniter\Debug\Exceptions->errorHandler(2, 'Array to string...', 'C:\\xampp\\htdocs...', 522)
#1 C:\xampp\htdocs\restaurantes\app\Controllers\consultas_y_reportes\informeFiscalVentasController.php(244): App\Controllers\consultas_y_reportes\informeFiscalVentasController->generar_informe_fiscal_ventas_pdf('2022-07-29')
#2 C:\xampp\htdocs\restaurantes\system\CodeIgniter.php(832): App\Controllers\consultas_y_reportes\informeFiscalVentasController->informe_fiscal_ventas_pdf()
#3 C:\xampp\htdocs\restaurantes\system\CodeIgniter.php(419): CodeIgniter\CodeIgniter->runController(Object(App\Controllers\consultas_y_reportes\informeFiscalVentasController))
#4 C:\xampp\htdocs\restaurantes\system\CodeIgniter.php(326): CodeIgniter\CodeIgniter->handleRequest(NULL, Object(Config\Cache), false)
#5 C:\xampp\htdocs\restaurantes\index.php(37): CodeIgniter\CodeIgniter->run()
#6 {main}
CRITICAL - 2022-07-31 11:28:27 --> Undefined array key 0
#0 C:\xampp\htdocs\restaurantes\app\Controllers\consultas_y_reportes\informeFiscalVentasController.php(553): CodeIgniter\Debug\Exceptions->errorHandler(2, 'Undefined array...', 'C:\\xampp\\htdocs...', 553)
#1 C:\xampp\htdocs\restaurantes\app\Controllers\consultas_y_reportes\informeFiscalVentasController.php(244): App\Controllers\consultas_y_reportes\informeFiscalVentasController->generar_informe_fiscal_ventas_pdf('2022-07-29')
#2 C:\xampp\htdocs\restaurantes\system\CodeIgniter.php(832): App\Controllers\consultas_y_reportes\informeFiscalVentasController->informe_fiscal_ventas_pdf()
#3 C:\xampp\htdocs\restaurantes\system\CodeIgniter.php(419): CodeIgniter\CodeIgniter->runController(Object(App\Controllers\consultas_y_reportes\informeFiscalVentasController))
#4 C:\xampp\htdocs\restaurantes\system\CodeIgniter.php(326): CodeIgniter\CodeIgniter->handleRequest(NULL, Object(Config\Cache), false)
#5 C:\xampp\htdocs\restaurantes\index.php(37): CodeIgniter\CodeIgniter->run()
#6 {main}
CRITICAL - 2022-07-31 11:41:30 --> Undefined array key 1
#0 C:\xampp\htdocs\restaurantes\app\Controllers\consultas_y_reportes\informeFiscalVentasController.php(522): CodeIgniter\Debug\Exceptions->errorHandler(2, 'Undefined array...', 'C:\\xampp\\htdocs...', 522)
#1 C:\xampp\htdocs\restaurantes\app\Controllers\consultas_y_reportes\informeFiscalVentasController.php(244): App\Controllers\consultas_y_reportes\informeFiscalVentasController->generar_informe_fiscal_ventas_pdf('2022-07-29')
#2 C:\xampp\htdocs\restaurantes\system\CodeIgniter.php(832): App\Controllers\consultas_y_reportes\informeFiscalVentasController->informe_fiscal_ventas_pdf()
#3 C:\xampp\htdocs\restaurantes\system\CodeIgniter.php(419): CodeIgniter\CodeIgniter->runController(Object(App\Controllers\consultas_y_reportes\informeFiscalVentasController))
#4 C:\xampp\htdocs\restaurantes\system\CodeIgniter.php(326): CodeIgniter\CodeIgniter->handleRequest(NULL, Object(Config\Cache), false)
#5 C:\xampp\htdocs\restaurantes\index.php(37): CodeIgniter\CodeIgniter->run()
#6 {main}
CRITICAL - 2022-07-31 11:48:51 --> Undefined array key 1
#0 C:\xampp\htdocs\restaurantes\app\Controllers\consultas_y_reportes\informeFiscalVentasController.php(522): CodeIgniter\Debug\Exceptions->errorHandler(2, 'Undefined array...', 'C:\\xampp\\htdocs...', 522)
#1 C:\xampp\htdocs\restaurantes\app\Controllers\consultas_y_reportes\informeFiscalVentasController.php(244): App\Controllers\consultas_y_reportes\informeFiscalVentasController->generar_informe_fiscal_ventas_pdf('2022-07-29')
#2 C:\xampp\htdocs\restaurantes\system\CodeIgniter.php(832): App\Controllers\consultas_y_reportes\informeFiscalVentasController->informe_fiscal_ventas_pdf()
#3 C:\xampp\htdocs\restaurantes\system\CodeIgniter.php(419): CodeIgniter\CodeIgniter->runController(Object(App\Controllers\consultas_y_reportes\informeFiscalVentasController))
#4 C:\xampp\htdocs\restaurantes\system\CodeIgniter.php(326): CodeIgniter\CodeIgniter->handleRequest(NULL, Object(Config\Cache), false)
#5 C:\xampp\htdocs\restaurantes\index.php(37): CodeIgniter\CodeIgniter->run()
#6 {main}
CRITICAL - 2022-07-31 12:04:16 --> Undefined array key 1
#0 C:\xampp\htdocs\restaurantes\app\Controllers\consultas_y_reportes\informeFiscalVentasController.php(522): CodeIgniter\Debug\Exceptions->errorHandler(2, 'Undefined array...', 'C:\\xampp\\htdocs...', 522)
#1 C:\xampp\htdocs\restaurantes\app\Controllers\consultas_y_reportes\informeFiscalVentasController.php(244): App\Controllers\consultas_y_reportes\informeFiscalVentasController->generar_informe_fiscal_ventas_pdf('2022-07-29')
#2 C:\xampp\htdocs\restaurantes\system\CodeIgniter.php(832): App\Controllers\consultas_y_reportes\informeFiscalVentasController->informe_fiscal_ventas_pdf()
#3 C:\xampp\htdocs\restaurantes\system\CodeIgniter.php(419): CodeIgniter\CodeIgniter->runController(Object(App\Controllers\consultas_y_reportes\informeFiscalVentasController))
#4 C:\xampp\htdocs\restaurantes\system\CodeIgniter.php(326): CodeIgniter\CodeIgniter->handleRequest(NULL, Object(Config\Cache), false)
#5 C:\xampp\htdocs\restaurantes\index.php(37): CodeIgniter\CodeIgniter->run()
#6 {main}
CRITICAL - 2022-07-31 19:25:54 --> Class "Dompdf\Cpdf" not found
#0 C:\xampp\htdocs\restaurantes\app\ThirdParty\dompdf\src\CanvasFactory.php(57): Dompdf\Adapter\CPDF->__construct('letter', 'portrait', Object(Dompdf\Dompdf))
#1 C:\xampp\htdocs\restaurantes\app\ThirdParty\dompdf\src\Dompdf.php(284): Dompdf\CanvasFactory::get_instance(Object(Dompdf\Dompdf), 'letter', 'portrait')
#2 C:\xampp\htdocs\restaurantes\app\Controllers\consultas_y_reportes\informeFiscalVentasController.php(250): Dompdf\Dompdf->__construct()
#3 C:\xampp\htdocs\restaurantes\app\Controllers\consultas_y_reportes\informeFiscalVentasController.php(245): App\Controllers\consultas_y_reportes\informeFiscalVentasController->generar_informe_fiscal_ventas_pdf('2022-07-31')
#4 C:\xampp\htdocs\restaurantes\system\CodeIgniter.php(832): App\Controllers\consultas_y_reportes\informeFiscalVentasController->informe_fiscal_ventas_pdf()
#5 C:\xampp\htdocs\restaurantes\system\CodeIgniter.php(419): CodeIgniter\CodeIgniter->runController(Object(App\Controllers\consultas_y_reportes\informeFiscalVentasController))
#6 C:\xampp\htdocs\restaurantes\system\CodeIgniter.php(326): CodeIgniter\CodeIgniter->handleRequest(NULL, Object(Config\Cache), false)
#7 C:\xampp\htdocs\restaurantes\index.php(37): CodeIgniter\CodeIgniter->run()
#8 {main}
CRITICAL - 2022-07-31 19:27:31 --> Class "Dompdf\Cpdf" not found
#0 C:\xampp\htdocs\restaurantes\app\ThirdParty\dompdf\src\CanvasFactory.php(57): Dompdf\Adapter\CPDF->__construct('letter', 'portrait', Object(Dompdf\Dompdf))
#1 C:\xampp\htdocs\restaurantes\app\ThirdParty\dompdf\src\Dompdf.php(284): Dompdf\CanvasFactory::get_instance(Object(Dompdf\Dompdf), 'letter', 'portrait')
#2 C:\xampp\htdocs\restaurantes\app\Controllers\consultas_y_reportes\informeFiscalVentasController.php(250): Dompdf\Dompdf->__construct()
#3 C:\xampp\htdocs\restaurantes\app\Controllers\consultas_y_reportes\informeFiscalVentasController.php(245): App\Controllers\consultas_y_reportes\informeFiscalVentasController->generar_informe_fiscal_ventas_pdf('2022-07-31')
#4 C:\xampp\htdocs\restaurantes\system\CodeIgniter.php(832): App\Controllers\consultas_y_reportes\informeFiscalVentasController->informe_fiscal_ventas_pdf()
#5 C:\xampp\htdocs\restaurantes\system\CodeIgniter.php(419): CodeIgniter\CodeIgniter->runController(Object(App\Controllers\consultas_y_reportes\informeFiscalVentasController))
#6 C:\xampp\htdocs\restaurantes\system\CodeIgniter.php(326): CodeIgniter\CodeIgniter->handleRequest(NULL, Object(Config\Cache), false)
#7 C:\xampp\htdocs\restaurantes\index.php(37): CodeIgniter\CodeIgniter->run()
#8 {main}
CRITICAL - 2022-07-31 19:27:32 --> Class "Dompdf\Cpdf" not found
#0 C:\xampp\htdocs\restaurantes\app\ThirdParty\dompdf\src\CanvasFactory.php(57): Dompdf\Adapter\CPDF->__construct('letter', 'portrait', Object(Dompdf\Dompdf))
#1 C:\xampp\htdocs\restaurantes\app\ThirdParty\dompdf\src\Dompdf.php(284): Dompdf\CanvasFactory::get_instance(Object(Dompdf\Dompdf), 'letter', 'portrait')
#2 C:\xampp\htdocs\restaurantes\app\Controllers\consultas_y_reportes\informeFiscalVentasController.php(250): Dompdf\Dompdf->__construct()
#3 C:\xampp\htdocs\restaurantes\app\Controllers\consultas_y_reportes\informeFiscalVentasController.php(245): App\Controllers\consultas_y_reportes\informeFiscalVentasController->generar_informe_fiscal_ventas_pdf('2022-07-31')
#4 C:\xampp\htdocs\restaurantes\system\CodeIgniter.php(832): App\Controllers\consultas_y_reportes\informeFiscalVentasController->informe_fiscal_ventas_pdf()
#5 C:\xampp\htdocs\restaurantes\system\CodeIgniter.php(419): CodeIgniter\CodeIgniter->runController(Object(App\Controllers\consultas_y_reportes\informeFiscalVentasController))
#6 C:\xampp\htdocs\restaurantes\system\CodeIgniter.php(326): CodeIgniter\CodeIgniter->handleRequest(NULL, Object(Config\Cache), false)
#7 C:\xampp\htdocs\restaurantes\index.php(37): CodeIgniter\CodeIgniter->run()
#8 {main}
CRITICAL - 2022-07-31 19:33:04 --> Class "App\Controllers\consultas_y_reportes\Dompdf" not found
#0 C:\xampp\htdocs\restaurantes\app\Controllers\consultas_y_reportes\informeFiscalVentasController.php(245): App\Controllers\consultas_y_reportes\informeFiscalVentasController->generar_informe_fiscal_ventas_pdf('2022-07-31')
#1 C:\xampp\htdocs\restaurantes\system\CodeIgniter.php(832): App\Controllers\consultas_y_reportes\informeFiscalVentasController->informe_fiscal_ventas_pdf()
#2 C:\xampp\htdocs\restaurantes\system\CodeIgniter.php(419): CodeIgniter\CodeIgniter->runController(Object(App\Controllers\consultas_y_reportes\informeFiscalVentasController))
#3 C:\xampp\htdocs\restaurantes\system\CodeIgniter.php(326): CodeIgniter\CodeIgniter->handleRequest(NULL, Object(Config\Cache), false)
#4 C:\xampp\htdocs\restaurantes\index.php(37): CodeIgniter\CodeIgniter->run()
#5 {main}
CRITICAL - 2022-07-31 19:42:47 --> Class "Dompdf\Cpdf" not found
#0 C:\xampp\htdocs\restaurantes\app\ThirdParty\dompdf\src\CanvasFactory.php(57): Dompdf\Adapter\CPDF->__construct('letter', 'portrait', Object(Dompdf\Dompdf))
#1 C:\xampp\htdocs\restaurantes\app\ThirdParty\dompdf\src\Dompdf.php(284): Dompdf\CanvasFactory::get_instance(Object(Dompdf\Dompdf), 'letter', 'portrait')
#2 C:\xampp\htdocs\restaurantes\app\Controllers\consultas_y_reportes\informeFiscalVentasController.php(249): Dompdf\Dompdf->__construct()
#3 C:\xampp\htdocs\restaurantes\app\Controllers\consultas_y_reportes\informeFiscalVentasController.php(245): App\Controllers\consultas_y_reportes\informeFiscalVentasController->generar_informe_fiscal_ventas_pdf('2022-07-31')
#4 C:\xampp\htdocs\restaurantes\system\CodeIgniter.php(832): App\Controllers\consultas_y_reportes\informeFiscalVentasController->informe_fiscal_ventas_pdf()
#5 C:\xampp\htdocs\restaurantes\system\CodeIgniter.php(419): CodeIgniter\CodeIgniter->runController(Object(App\Controllers\consultas_y_reportes\informeFiscalVentasController))
#6 C:\xampp\htdocs\restaurantes\system\CodeIgniter.php(326): CodeIgniter\CodeIgniter->handleRequest(NULL, Object(Config\Cache), false)
#7 C:\xampp\htdocs\restaurantes\index.php(37): CodeIgniter\CodeIgniter->run()
#8 {main}
CRITICAL - 2022-07-31 19:43:55 --> Class "Dompdf\Cpdf" not found
#0 C:\xampp\htdocs\restaurantes\app\ThirdParty\dompdf\src\CanvasFactory.php(57): Dompdf\Adapter\CPDF->__construct('letter', 'portrait', Object(Dompdf\Dompdf))
#1 C:\xampp\htdocs\restaurantes\app\ThirdParty\dompdf\src\Dompdf.php(284): Dompdf\CanvasFactory::get_instance(Object(Dompdf\Dompdf), 'letter', 'portrait')
#2 C:\xampp\htdocs\restaurantes\app\Controllers\consultas_y_reportes\informeFiscalVentasController.php(249): Dompdf\Dompdf->__construct()
#3 C:\xampp\htdocs\restaurantes\app\Controllers\consultas_y_reportes\informeFiscalVentasController.php(245): App\Controllers\consultas_y_reportes\informeFiscalVentasController->generar_informe_fiscal_ventas_pdf('2022-07-31')
#4 C:\xampp\htdocs\restaurantes\system\CodeIgniter.php(832): App\Controllers\consultas_y_reportes\informeFiscalVentasController->informe_fiscal_ventas_pdf()
#5 C:\xampp\htdocs\restaurantes\system\CodeIgniter.php(419): CodeIgniter\CodeIgniter->runController(Object(App\Controllers\consultas_y_reportes\informeFiscalVentasController))
#6 C:\xampp\htdocs\restaurantes\system\CodeIgniter.php(326): CodeIgniter\CodeIgniter->handleRequest(NULL, Object(Config\Cache), false)
#7 C:\xampp\htdocs\restaurantes\index.php(37): CodeIgniter\CodeIgniter->run()
#8 {main}
CRITICAL - 2022-07-31 19:44:16 --> Class "Dompdf\Cpdf" not found
#0 C:\xampp\htdocs\restaurantes\app\ThirdParty\dompdf\src\CanvasFactory.php(57): Dompdf\Adapter\CPDF->__construct('letter', 'portrait', Object(Dompdf\Dompdf))
#1 C:\xampp\htdocs\restaurantes\app\ThirdParty\dompdf\src\Dompdf.php(284): Dompdf\CanvasFactory::get_instance(Object(Dompdf\Dompdf), 'letter', 'portrait')
#2 C:\xampp\htdocs\restaurantes\app\Controllers\consultas_y_reportes\informeFiscalVentasController.php(249): Dompdf\Dompdf->__construct()
#3 C:\xampp\htdocs\restaurantes\app\Controllers\consultas_y_reportes\informeFiscalVentasController.php(245): App\Controllers\consultas_y_reportes\informeFiscalVentasController->generar_informe_fiscal_ventas_pdf('2022-07-31')
#4 C:\xampp\htdocs\restaurantes\system\CodeIgniter.php(832): App\Controllers\consultas_y_reportes\informeFiscalVentasController->informe_fiscal_ventas_pdf()
#5 C:\xampp\htdocs\restaurantes\system\CodeIgniter.php(419): CodeIgniter\CodeIgniter->runController(Object(App\Controllers\consultas_y_reportes\informeFiscalVentasController))
#6 C:\xampp\htdocs\restaurantes\system\CodeIgniter.php(326): CodeIgniter\CodeIgniter->handleRequest(NULL, Object(Config\Cache), false)
#7 C:\xampp\htdocs\restaurantes\index.php(37): CodeIgniter\CodeIgniter->run()
#8 {main}
CRITICAL - 2022-07-31 22:26:28 --> Array to string conversion
#0 C:\xampp\htdocs\restaurantes\app\Views\consultas_y_reportes\informe_fiscal_ventas_diarias_datos_pdf.php(87): CodeIgniter\Debug\Exceptions->errorHandler(2, 'Array to string...', 'C:\\xampp\\htdocs...', 87)
#1 C:\xampp\htdocs\restaurantes\system\View\View.php(210): include('C:\\xampp\\htdocs...')
#2 C:\xampp\htdocs\restaurantes\system\View\View.php(213): CodeIgniter\View\View->CodeIgniter\View\{closure}()
#3 C:\xampp\htdocs\restaurantes\system\Common.php(1089): CodeIgniter\View\View->render('consultas_y_rep...', Array, true)
#4 C:\xampp\htdocs\restaurantes\app\Controllers\consultas_y_reportes\informeFiscalVentasController.php(438): view('consultas_y_rep...', Array)
#5 C:\xampp\htdocs\restaurantes\app\Controllers\consultas_y_reportes\informeFiscalVentasController.php(245): App\Controllers\consultas_y_reportes\informeFiscalVentasController->generar_informe_fiscal_ventas_pdf('2022-07-31')
#6 C:\xampp\htdocs\restaurantes\system\CodeIgniter.php(832): App\Controllers\consultas_y_reportes\informeFiscalVentasController->informe_fiscal_ventas_pdf()
#7 C:\xampp\htdocs\restaurantes\system\CodeIgniter.php(419): CodeIgniter\CodeIgniter->runController(Object(App\Controllers\consultas_y_reportes\informeFiscalVentasController))
#8 C:\xampp\htdocs\restaurantes\system\CodeIgniter.php(326): CodeIgniter\CodeIgniter->handleRequest(NULL, Object(Config\Cache), false)
#9 C:\xampp\htdocs\restaurantes\index.php(37): CodeIgniter\CodeIgniter->run()
#10 {main}
CRITICAL - 2022-07-31 22:26:45 --> Undefined array key 0
#0 C:\xampp\htdocs\restaurantes\app\Views\consultas_y_reportes\informe_fiscal_ventas_diarias_datos_pdf.php(87): CodeIgniter\Debug\Exceptions->errorHandler(2, 'Undefined array...', 'C:\\xampp\\htdocs...', 87)
#1 C:\xampp\htdocs\restaurantes\system\View\View.php(210): include('C:\\xampp\\htdocs...')
#2 C:\xampp\htdocs\restaurantes\system\View\View.php(213): CodeIgniter\View\View->CodeIgniter\View\{closure}()
#3 C:\xampp\htdocs\restaurantes\system\Common.php(1089): CodeIgniter\View\View->render('consultas_y_rep...', Array, true)
#4 C:\xampp\htdocs\restaurantes\app\Controllers\consultas_y_reportes\informeFiscalVentasController.php(438): view('consultas_y_rep...', Array)
#5 C:\xampp\htdocs\restaurantes\app\Controllers\consultas_y_reportes\informeFiscalVentasController.php(245): App\Controllers\consultas_y_reportes\informeFiscalVentasController->generar_informe_fiscal_ventas_pdf('2022-07-31')
#6 C:\xampp\htdocs\restaurantes\system\CodeIgniter.php(832): App\Controllers\consultas_y_reportes\informeFiscalVentasController->informe_fiscal_ventas_pdf()
#7 C:\xampp\htdocs\restaurantes\system\CodeIgniter.php(419): CodeIgniter\CodeIgniter->runController(Object(App\Controllers\consultas_y_reportes\informeFiscalVentasController))
#8 C:\xampp\htdocs\restaurantes\system\CodeIgniter.php(326): CodeIgniter\CodeIgniter->handleRequest(NULL, Object(Config\Cache), false)
#9 C:\xampp\htdocs\restaurantes\index.php(37): CodeIgniter\CodeIgniter->run()
#10 {main}
CRITICAL - 2022-07-31 22:38:30 --> Unclosed '{' on line 87
#0 C:\xampp\htdocs\restaurantes\system\View\View.php(213): CodeIgniter\View\View->CodeIgniter\View\{closure}()
#1 C:\xampp\htdocs\restaurantes\system\Common.php(1089): CodeIgniter\View\View->render('consultas_y_rep...', Array, true)
#2 C:\xampp\htdocs\restaurantes\app\Controllers\consultas_y_reportes\informeFiscalVentasController.php(438): view('consultas_y_rep...', Array)
#3 C:\xampp\htdocs\restaurantes\app\Controllers\consultas_y_reportes\informeFiscalVentasController.php(245): App\Controllers\consultas_y_reportes\informeFiscalVentasController->generar_informe_fiscal_ventas_pdf('2022-07-31')
#4 C:\xampp\htdocs\restaurantes\system\CodeIgniter.php(832): App\Controllers\consultas_y_reportes\informeFiscalVentasController->informe_fiscal_ventas_pdf()
#5 C:\xampp\htdocs\restaurantes\system\CodeIgniter.php(419): CodeIgniter\CodeIgniter->runController(Object(App\Controllers\consultas_y_reportes\informeFiscalVentasController))
#6 C:\xampp\htdocs\restaurantes\system\CodeIgniter.php(326): CodeIgniter\CodeIgniter->handleRequest(NULL, Object(Config\Cache), false)
#7 C:\xampp\htdocs\restaurantes\index.php(37): CodeIgniter\CodeIgniter->run()
#8 {main}
CRITICAL - 2022-07-31 22:51:28 --> Trying to access array offset on value of type int
#0 C:\xampp\htdocs\restaurantes\app\Views\consultas_y_reportes\informe_fiscal_ventas_diarias_datos_pdf.php(166): CodeIgniter\Debug\Exceptions->errorHandler(2, 'Trying to acces...', 'C:\\xampp\\htdocs...', 166)
#1 C:\xampp\htdocs\restaurantes\system\View\View.php(210): include('C:\\xampp\\htdocs...')
#2 C:\xampp\htdocs\restaurantes\system\View\View.php(213): CodeIgniter\View\View->CodeIgniter\View\{closure}()
#3 C:\xampp\htdocs\restaurantes\system\Common.php(1089): CodeIgniter\View\View->render('consultas_y_rep...', Array, true)
#4 C:\xampp\htdocs\restaurantes\app\Controllers\consultas_y_reportes\informeFiscalVentasController.php(438): view('consultas_y_rep...', Array)
#5 C:\xampp\htdocs\restaurantes\app\Controllers\consultas_y_reportes\informeFiscalVentasController.php(245): App\Controllers\consultas_y_reportes\informeFiscalVentasController->generar_informe_fiscal_ventas_pdf('2022-07-31')
#6 C:\xampp\htdocs\restaurantes\system\CodeIgniter.php(832): App\Controllers\consultas_y_reportes\informeFiscalVentasController->informe_fiscal_ventas_pdf()
#7 C:\xampp\htdocs\restaurantes\system\CodeIgniter.php(419): CodeIgniter\CodeIgniter->runController(Object(App\Controllers\consultas_y_reportes\informeFiscalVentasController))
#8 C:\xampp\htdocs\restaurantes\system\CodeIgniter.php(326): CodeIgniter\CodeIgniter->handleRequest(NULL, Object(Config\Cache), false)
#9 C:\xampp\htdocs\restaurantes\index.php(37): CodeIgniter\CodeIgniter->run()
#10 {main}
CRITICAL - 2022-07-31 22:53:29 --> Trying to access array offset on value of type int
#0 C:\xampp\htdocs\restaurantes\app\Views\consultas_y_reportes\informe_fiscal_ventas_diarias_datos_pdf.php(166): CodeIgniter\Debug\Exceptions->errorHandler(2, 'Trying to acces...', 'C:\\xampp\\htdocs...', 166)
#1 C:\xampp\htdocs\restaurantes\system\View\View.php(210): include('C:\\xampp\\htdocs...')
#2 C:\xampp\htdocs\restaurantes\system\View\View.php(213): CodeIgniter\View\View->CodeIgniter\View\{closure}()
#3 C:\xampp\htdocs\restaurantes\system\Common.php(1089): CodeIgniter\View\View->render('consultas_y_rep...', Array, true)
#4 C:\xampp\htdocs\restaurantes\app\Controllers\consultas_y_reportes\informeFiscalVentasController.php(438): view('consultas_y_rep...', Array)
#5 C:\xampp\htdocs\restaurantes\app\Controllers\consultas_y_reportes\informeFiscalVentasController.php(245): App\Controllers\consultas_y_reportes\informeFiscalVentasController->generar_informe_fiscal_ventas_pdf('2022-07-31')
#6 C:\xampp\htdocs\restaurantes\system\CodeIgniter.php(832): App\Controllers\consultas_y_reportes\informeFiscalVentasController->informe_fiscal_ventas_pdf()
#7 C:\xampp\htdocs\restaurantes\system\CodeIgniter.php(419): CodeIgniter\CodeIgniter->runController(Object(App\Controllers\consultas_y_reportes\informeFiscalVentasController))
#8 C:\xampp\htdocs\restaurantes\system\CodeIgniter.php(326): CodeIgniter\CodeIgniter->handleRequest(NULL, Object(Config\Cache), false)
#9 C:\xampp\htdocs\restaurantes\index.php(37): CodeIgniter\CodeIgniter->run()
#10 {main}
CRITICAL - 2022-07-31 22:59:58 --> Trying to access array offset on value of type int
#0 C:\xampp\htdocs\restaurantes\app\Views\consultas_y_reportes\informe_fiscal_ventas_diarias_datos_pdf.php(166): CodeIgniter\Debug\Exceptions->errorHandler(2, 'Trying to acces...', 'C:\\xampp\\htdocs...', 166)
#1 C:\xampp\htdocs\restaurantes\system\View\View.php(210): include('C:\\xampp\\htdocs...')
#2 C:\xampp\htdocs\restaurantes\system\View\View.php(213): CodeIgniter\View\View->CodeIgniter\View\{closure}()
#3 C:\xampp\htdocs\restaurantes\system\Common.php(1089): CodeIgniter\View\View->render('consultas_y_rep...', Array, true)
#4 C:\xampp\htdocs\restaurantes\app\Controllers\consultas_y_reportes\informeFiscalVentasController.php(438): view('consultas_y_rep...', Array)
#5 C:\xampp\htdocs\restaurantes\app\Controllers\consultas_y_reportes\informeFiscalVentasController.php(245): App\Controllers\consultas_y_reportes\informeFiscalVentasController->generar_informe_fiscal_ventas_pdf('2022-07-31')
#6 C:\xampp\htdocs\restaurantes\system\CodeIgniter.php(832): App\Controllers\consultas_y_reportes\informeFiscalVentasController->informe_fiscal_ventas_pdf()
#7 C:\xampp\htdocs\restaurantes\system\CodeIgniter.php(419): CodeIgniter\CodeIgniter->runController(Object(App\Controllers\consultas_y_reportes\informeFiscalVentasController))
#8 C:\xampp\htdocs\restaurantes\system\CodeIgniter.php(326): CodeIgniter\CodeIgniter->handleRequest(NULL, Object(Config\Cache), false)
#9 C:\xampp\htdocs\restaurantes\index.php(37): CodeIgniter\CodeIgniter->run()
#10 {main}
CRITICAL - 2022-07-31 23:05:24 --> Trying to access array offset on value of type int
#0 C:\xampp\htdocs\restaurantes\app\Views\consultas_y_reportes\informe_fiscal_ventas_diarias_datos_pdf.php(167): CodeIgniter\Debug\Exceptions->errorHandler(2, 'Trying to acces...', 'C:\\xampp\\htdocs...', 167)
#1 C:\xampp\htdocs\restaurantes\system\View\View.php(210): include('C:\\xampp\\htdocs...')
#2 C:\xampp\htdocs\restaurantes\system\View\View.php(213): CodeIgniter\View\View->CodeIgniter\View\{closure}()
#3 C:\xampp\htdocs\restaurantes\system\Common.php(1089): CodeIgniter\View\View->render('consultas_y_rep...', Array, true)
#4 C:\xampp\htdocs\restaurantes\app\Controllers\consultas_y_reportes\informeFiscalVentasController.php(438): view('consultas_y_rep...', Array)
#5 C:\xampp\htdocs\restaurantes\app\Controllers\consultas_y_reportes\informeFiscalVentasController.php(245): App\Controllers\consultas_y_reportes\informeFiscalVentasController->generar_informe_fiscal_ventas_pdf('2022-07-31')
#6 C:\xampp\htdocs\restaurantes\system\CodeIgniter.php(832): App\Controllers\consultas_y_reportes\informeFiscalVentasController->informe_fiscal_ventas_pdf()
#7 C:\xampp\htdocs\restaurantes\system\CodeIgniter.php(419): CodeIgniter\CodeIgniter->runController(Object(App\Controllers\consultas_y_reportes\informeFiscalVentasController))
#8 C:\xampp\htdocs\restaurantes\system\CodeIgniter.php(326): CodeIgniter\CodeIgniter->handleRequest(NULL, Object(Config\Cache), false)
#9 C:\xampp\htdocs\restaurantes\index.php(37): CodeIgniter\CodeIgniter->run()
#10 {main}
