CRITICAL - 2022-04-04 07:58:58 --> foreach() argument must be of type array|object, null given
#0 C:\xampp\htdocs\web\app\Views\salones\salones.php(232): CodeIgniter\Debug\Exceptions->errorHandler(2, 'foreach() argum...', 'C:\\xampp\\htdocs...', 232)
#1 C:\xampp\htdocs\web\system\View\View.php(210): include('C:\\xampp\\htdocs...')
#2 C:\xampp\htdocs\web\system\View\View.php(213): CodeIgniter\View\View->CodeIgniter\View\{closure}()
#3 C:\xampp\htdocs\web\system\Common.php(1089): CodeIgniter\View\View->render('salones/salones', Array, true)
#4 C:\xampp\htdocs\web\app\Controllers\Salones\SalonesController.php(37): view('salones/salones', Array)
#5 C:\xampp\htdocs\web\system\CodeIgniter.php(832): App\Controllers\Salones\SalonesController->salones()
#6 C:\xampp\htdocs\web\system\CodeIgniter.php(419): CodeIgniter\CodeIgniter->runController(Object(App\Controllers\Salones\SalonesController))
#7 C:\xampp\htdocs\web\system\CodeIgniter.php(326): CodeIgniter\CodeIgniter->handleRequest(NULL, Object(Config\Cache), false)
#8 C:\xampp\htdocs\web\index.php(37): CodeIgniter\CodeIgniter->run()
#9 {main}
CRITICAL - 2022-04-04 08:22:51 --> Array to string conversion
#0 C:\xampp\htdocs\web\app\Models\productoPedidoPosModel.php(55): CodeIgniter\Debug\Exceptions->errorHandler(2, 'Array to string...', 'C:\\xampp\\htdocs...', 55)
#1 C:\xampp\htdocs\web\app\Controllers\producto\productoController.php(412): App\Models\productoPedidoPosModel->producto_pedido_pos(Array)
#2 C:\xampp\htdocs\web\system\CodeIgniter.php(832): App\Controllers\producto\productoController->cargar_producto_al_pedido()
#3 C:\xampp\htdocs\web\system\CodeIgniter.php(419): CodeIgniter\CodeIgniter->runController(Object(App\Controllers\producto\productoController))
#4 C:\xampp\htdocs\web\system\CodeIgniter.php(326): CodeIgniter\CodeIgniter->handleRequest(NULL, Object(Config\Cache), false)
#5 C:\xampp\htdocs\web\index.php(37): CodeIgniter\CodeIgniter->run()
#6 {main}
CRITICAL - 2022-04-04 09:30:42 --> Unsupported operand types: string * string
#0 C:\xampp\htdocs\web\system\CodeIgniter.php(832): App\Controllers\producto\productoController->cargar_producto_al_pedido()
#1 C:\xampp\htdocs\web\system\CodeIgniter.php(419): CodeIgniter\CodeIgniter->runController(Object(App\Controllers\producto\productoController))
#2 C:\xampp\htdocs\web\system\CodeIgniter.php(326): CodeIgniter\CodeIgniter->handleRequest(NULL, Object(Config\Cache), false)
#3 C:\xampp\htdocs\web\index.php(37): CodeIgniter\CodeIgniter->run()
#4 {main}
CRITICAL - 2022-04-04 10:32:59 --> Trying to access array offset on value of type null
#0 C:\xampp\htdocs\web\app\Controllers\producto\productoController.php(404): CodeIgniter\Debug\Exceptions->errorHandler(2, 'Trying to acces...', 'C:\\xampp\\htdocs...', 404)
#1 C:\xampp\htdocs\web\system\CodeIgniter.php(832): App\Controllers\producto\productoController->cargar_producto_al_pedido()
#2 C:\xampp\htdocs\web\system\CodeIgniter.php(419): CodeIgniter\CodeIgniter->runController(Object(App\Controllers\producto\productoController))
#3 C:\xampp\htdocs\web\system\CodeIgniter.php(326): CodeIgniter\CodeIgniter->handleRequest(NULL, Object(Config\Cache), false)
#4 C:\xampp\htdocs\web\index.php(37): CodeIgniter\CodeIgniter->run()
#5 {main}
CRITICAL - 2022-04-04 10:47:55 --> Unsupported operand types: string * string
#0 C:\xampp\htdocs\web\system\CodeIgniter.php(832): App\Controllers\producto\productoController->cargar_producto_al_pedido()
#1 C:\xampp\htdocs\web\system\CodeIgniter.php(419): CodeIgniter\CodeIgniter->runController(Object(App\Controllers\producto\productoController))
#2 C:\xampp\htdocs\web\system\CodeIgniter.php(326): CodeIgniter\CodeIgniter->handleRequest(NULL, Object(Config\Cache), false)
#3 C:\xampp\htdocs\web\index.php(37): CodeIgniter\CodeIgniter->run()
#4 {main}
CRITICAL - 2022-04-04 10:47:57 --> Unsupported operand types: string * string
#0 C:\xampp\htdocs\web\system\CodeIgniter.php(832): App\Controllers\producto\productoController->cargar_producto_al_pedido()
#1 C:\xampp\htdocs\web\system\CodeIgniter.php(419): CodeIgniter\CodeIgniter->runController(Object(App\Controllers\producto\productoController))
#2 C:\xampp\htdocs\web\system\CodeIgniter.php(326): CodeIgniter\CodeIgniter->handleRequest(NULL, Object(Config\Cache), false)
#3 C:\xampp\htdocs\web\index.php(37): CodeIgniter\CodeIgniter->run()
#4 {main}
CRITICAL - 2022-04-04 10:47:58 --> Unsupported operand types: string * string
#0 C:\xampp\htdocs\web\system\CodeIgniter.php(832): App\Controllers\producto\productoController->cargar_producto_al_pedido()
#1 C:\xampp\htdocs\web\system\CodeIgniter.php(419): CodeIgniter\CodeIgniter->runController(Object(App\Controllers\producto\productoController))
#2 C:\xampp\htdocs\web\system\CodeIgniter.php(326): CodeIgniter\CodeIgniter->handleRequest(NULL, Object(Config\Cache), false)
#3 C:\xampp\htdocs\web\index.php(37): CodeIgniter\CodeIgniter->run()
#4 {main}
CRITICAL - 2022-04-04 10:47:58 --> Unsupported operand types: string * string
#0 C:\xampp\htdocs\web\system\CodeIgniter.php(832): App\Controllers\producto\productoController->cargar_producto_al_pedido()
#1 C:\xampp\htdocs\web\system\CodeIgniter.php(419): CodeIgniter\CodeIgniter->runController(Object(App\Controllers\producto\productoController))
#2 C:\xampp\htdocs\web\system\CodeIgniter.php(326): CodeIgniter\CodeIgniter->handleRequest(NULL, Object(Config\Cache), false)
#3 C:\xampp\htdocs\web\index.php(37): CodeIgniter\CodeIgniter->run()
#4 {main}
CRITICAL - 2022-04-04 13:46:05 --> Unsupported operand types: string * string
#0 C:\xampp\htdocs\web\system\CodeIgniter.php(832): App\Controllers\producto\productoController->cargar_producto_al_pedido()
#1 C:\xampp\htdocs\web\system\CodeIgniter.php(419): CodeIgniter\CodeIgniter->runController(Object(App\Controllers\producto\productoController))
#2 C:\xampp\htdocs\web\system\CodeIgniter.php(326): CodeIgniter\CodeIgniter->handleRequest(NULL, Object(Config\Cache), false)
#3 C:\xampp\htdocs\web\index.php(37): CodeIgniter\CodeIgniter->run()
#4 {main}
CRITICAL - 2022-04-04 13:46:06 --> Unsupported operand types: string * string
#0 C:\xampp\htdocs\web\system\CodeIgniter.php(832): App\Controllers\producto\productoController->cargar_producto_al_pedido()
#1 C:\xampp\htdocs\web\system\CodeIgniter.php(419): CodeIgniter\CodeIgniter->runController(Object(App\Controllers\producto\productoController))
#2 C:\xampp\htdocs\web\system\CodeIgniter.php(326): CodeIgniter\CodeIgniter->handleRequest(NULL, Object(Config\Cache), false)
#3 C:\xampp\htdocs\web\index.php(37): CodeIgniter\CodeIgniter->run()
#4 {main}
