CRITICAL - 2022-10-03 11:04:10 --> Undefined array key "fecha_factura_venta"
#0 C:\xampp\htdocs\restaurantes\app\Controllers\consultas_y_reportes\duplicadoFacturaController.php(95): CodeIgniter\Debug\Exceptions->errorHandler(2, 'Undefined array...', 'C:\\xampp\\htdocs...', 95)
#1 C:\xampp\htdocs\restaurantes\system\CodeIgniter.php(832): App\Controllers\consultas_y_reportes\duplicadoFacturaController->detalle_factura()
#2 C:\xampp\htdocs\restaurantes\system\CodeIgniter.php(419): CodeIgniter\CodeIgniter->runController(Object(App\Controllers\consultas_y_reportes\duplicadoFacturaController))
#3 C:\xampp\htdocs\restaurantes\system\CodeIgniter.php(326): CodeIgniter\CodeIgniter->handleRequest(NULL, Object(Config\Cache), false)
#4 C:\xampp\htdocs\restaurantes\index.php(37): CodeIgniter\CodeIgniter->run()
#5 {main}
CRITICAL - 2022-10-03 11:04:24 --> Undefined array key "fecha_factura_venta"
#0 C:\xampp\htdocs\restaurantes\app\Controllers\consultas_y_reportes\duplicadoFacturaController.php(95): CodeIgniter\Debug\Exceptions->errorHandler(2, 'Undefined array...', 'C:\\xampp\\htdocs...', 95)
#1 C:\xampp\htdocs\restaurantes\system\CodeIgniter.php(832): App\Controllers\consultas_y_reportes\duplicadoFacturaController->detalle_factura()
#2 C:\xampp\htdocs\restaurantes\system\CodeIgniter.php(419): CodeIgniter\CodeIgniter->runController(Object(App\Controllers\consultas_y_reportes\duplicadoFacturaController))
#3 C:\xampp\htdocs\restaurantes\system\CodeIgniter.php(326): CodeIgniter\CodeIgniter->handleRequest(NULL, Object(Config\Cache), false)
#4 C:\xampp\htdocs\restaurantes\index.php(37): CodeIgniter\CodeIgniter->run()
#5 {main}
CRITICAL - 2022-10-03 11:04:44 --> Undefined array key "fecha_factura_venta"
#0 C:\xampp\htdocs\restaurantes\app\Controllers\consultas_y_reportes\duplicadoFacturaController.php(95): CodeIgniter\Debug\Exceptions->errorHandler(2, 'Undefined array...', 'C:\\xampp\\htdocs...', 95)
#1 C:\xampp\htdocs\restaurantes\system\CodeIgniter.php(832): App\Controllers\consultas_y_reportes\duplicadoFacturaController->detalle_factura()
#2 C:\xampp\htdocs\restaurantes\system\CodeIgniter.php(419): CodeIgniter\CodeIgniter->runController(Object(App\Controllers\consultas_y_reportes\duplicadoFacturaController))
#3 C:\xampp\htdocs\restaurantes\system\CodeIgniter.php(326): CodeIgniter\CodeIgniter->handleRequest(NULL, Object(Config\Cache), false)
#4 C:\xampp\htdocs\restaurantes\index.php(37): CodeIgniter\CodeIgniter->run()
#5 {main}
CRITICAL - 2022-10-03 11:04:57 --> Undefined array key "fecha_factura_venta"
#0 C:\xampp\htdocs\restaurantes\app\Controllers\consultas_y_reportes\duplicadoFacturaController.php(95): CodeIgniter\Debug\Exceptions->errorHandler(2, 'Undefined array...', 'C:\\xampp\\htdocs...', 95)
#1 C:\xampp\htdocs\restaurantes\system\CodeIgniter.php(832): App\Controllers\consultas_y_reportes\duplicadoFacturaController->detalle_factura()
#2 C:\xampp\htdocs\restaurantes\system\CodeIgniter.php(419): CodeIgniter\CodeIgniter->runController(Object(App\Controllers\consultas_y_reportes\duplicadoFacturaController))
#3 C:\xampp\htdocs\restaurantes\system\CodeIgniter.php(326): CodeIgniter\CodeIgniter->handleRequest(NULL, Object(Config\Cache), false)
#4 C:\xampp\htdocs\restaurantes\index.php(37): CodeIgniter\CodeIgniter->run()
#5 {main}
CRITICAL - 2022-10-03 11:06:40 --> Undefined array key "fecha_factura_venta"
#0 C:\xampp\htdocs\restaurantes\app\Controllers\consultas_y_reportes\duplicadoFacturaController.php(92): CodeIgniter\Debug\Exceptions->errorHandler(2, 'Undefined array...', 'C:\\xampp\\htdocs...', 92)
#1 C:\xampp\htdocs\restaurantes\system\CodeIgniter.php(832): App\Controllers\consultas_y_reportes\duplicadoFacturaController->detalle_factura()
#2 C:\xampp\htdocs\restaurantes\system\CodeIgniter.php(419): CodeIgniter\CodeIgniter->runController(Object(App\Controllers\consultas_y_reportes\duplicadoFacturaController))
#3 C:\xampp\htdocs\restaurantes\system\CodeIgniter.php(326): CodeIgniter\CodeIgniter->handleRequest(NULL, Object(Config\Cache), false)
#4 C:\xampp\htdocs\restaurantes\index.php(37): CodeIgniter\CodeIgniter->run()
#5 {main}
CRITICAL - 2022-10-03 11:26:59 --> Undefined variable $nitcliente
#0 C:\xampp\htdocs\restaurantes\app\Views\duplicado_de_factura\productos_factura_duplicado.php(13): CodeIgniter\Debug\Exceptions->errorHandler(2, 'Undefined varia...', 'C:\\xampp\\htdocs...', 13)
#1 C:\xampp\htdocs\restaurantes\system\View\View.php(210): include('C:\\xampp\\htdocs...')
#2 C:\xampp\htdocs\restaurantes\system\View\View.php(213): CodeIgniter\View\View->CodeIgniter\View\{closure}()
#3 C:\xampp\htdocs\restaurantes\system\Common.php(1089): CodeIgniter\View\View->render('duplicado_de_fa...', Array, true)
#4 C:\xampp\htdocs\restaurantes\app\Controllers\consultas_y_reportes\duplicadoFacturaController.php(96): view('duplicado_de_fa...', Array)
#5 C:\xampp\htdocs\restaurantes\system\CodeIgniter.php(832): App\Controllers\consultas_y_reportes\duplicadoFacturaController->detalle_factura()
#6 C:\xampp\htdocs\restaurantes\system\CodeIgniter.php(419): CodeIgniter\CodeIgniter->runController(Object(App\Controllers\consultas_y_reportes\duplicadoFacturaController))
#7 C:\xampp\htdocs\restaurantes\system\CodeIgniter.php(326): CodeIgniter\CodeIgniter->handleRequest(NULL, Object(Config\Cache), false)
#8 C:\xampp\htdocs\restaurantes\index.php(37): CodeIgniter\CodeIgniter->run()
#9 {main}
CRITICAL - 2022-10-03 11:27:01 --> Undefined variable $nitcliente
#0 C:\xampp\htdocs\restaurantes\app\Views\duplicado_de_factura\productos_factura_duplicado.php(13): CodeIgniter\Debug\Exceptions->errorHandler(2, 'Undefined varia...', 'C:\\xampp\\htdocs...', 13)
#1 C:\xampp\htdocs\restaurantes\system\View\View.php(210): include('C:\\xampp\\htdocs...')
#2 C:\xampp\htdocs\restaurantes\system\View\View.php(213): CodeIgniter\View\View->CodeIgniter\View\{closure}()
#3 C:\xampp\htdocs\restaurantes\system\Common.php(1089): CodeIgniter\View\View->render('duplicado_de_fa...', Array, true)
#4 C:\xampp\htdocs\restaurantes\app\Controllers\consultas_y_reportes\duplicadoFacturaController.php(96): view('duplicado_de_fa...', Array)
#5 C:\xampp\htdocs\restaurantes\system\CodeIgniter.php(832): App\Controllers\consultas_y_reportes\duplicadoFacturaController->detalle_factura()
#6 C:\xampp\htdocs\restaurantes\system\CodeIgniter.php(419): CodeIgniter\CodeIgniter->runController(Object(App\Controllers\consultas_y_reportes\duplicadoFacturaController))
#7 C:\xampp\htdocs\restaurantes\system\CodeIgniter.php(326): CodeIgniter\CodeIgniter->handleRequest(NULL, Object(Config\Cache), false)
#8 C:\xampp\htdocs\restaurantes\index.php(37): CodeIgniter\CodeIgniter->run()
#9 {main}
CRITICAL - 2022-10-03 11:27:06 --> Undefined variable $nitcliente
#0 C:\xampp\htdocs\restaurantes\app\Views\duplicado_de_factura\productos_factura_duplicado.php(13): CodeIgniter\Debug\Exceptions->errorHandler(2, 'Undefined varia...', 'C:\\xampp\\htdocs...', 13)
#1 C:\xampp\htdocs\restaurantes\system\View\View.php(210): include('C:\\xampp\\htdocs...')
#2 C:\xampp\htdocs\restaurantes\system\View\View.php(213): CodeIgniter\View\View->CodeIgniter\View\{closure}()
#3 C:\xampp\htdocs\restaurantes\system\Common.php(1089): CodeIgniter\View\View->render('duplicado_de_fa...', Array, true)
#4 C:\xampp\htdocs\restaurantes\app\Controllers\consultas_y_reportes\duplicadoFacturaController.php(96): view('duplicado_de_fa...', Array)
#5 C:\xampp\htdocs\restaurantes\system\CodeIgniter.php(832): App\Controllers\consultas_y_reportes\duplicadoFacturaController->detalle_factura()
#6 C:\xampp\htdocs\restaurantes\system\CodeIgniter.php(419): CodeIgniter\CodeIgniter->runController(Object(App\Controllers\consultas_y_reportes\duplicadoFacturaController))
#7 C:\xampp\htdocs\restaurantes\system\CodeIgniter.php(326): CodeIgniter\CodeIgniter->handleRequest(NULL, Object(Config\Cache), false)
#8 C:\xampp\htdocs\restaurantes\index.php(37): CodeIgniter\CodeIgniter->run()
#9 {main}
CRITICAL - 2022-10-03 11:28:52 --> Undefined variable $nitcliente
#0 C:\xampp\htdocs\restaurantes\app\Views\duplicado_de_factura\productos_factura_duplicado.php(13): CodeIgniter\Debug\Exceptions->errorHandler(2, 'Undefined varia...', 'C:\\xampp\\htdocs...', 13)
#1 C:\xampp\htdocs\restaurantes\system\View\View.php(210): include('C:\\xampp\\htdocs...')
#2 C:\xampp\htdocs\restaurantes\system\View\View.php(213): CodeIgniter\View\View->CodeIgniter\View\{closure}()
#3 C:\xampp\htdocs\restaurantes\system\Common.php(1089): CodeIgniter\View\View->render('duplicado_de_fa...', Array, true)
#4 C:\xampp\htdocs\restaurantes\app\Controllers\consultas_y_reportes\duplicadoFacturaController.php(97): view('duplicado_de_fa...', Array)
#5 C:\xampp\htdocs\restaurantes\system\CodeIgniter.php(832): App\Controllers\consultas_y_reportes\duplicadoFacturaController->detalle_factura()
#6 C:\xampp\htdocs\restaurantes\system\CodeIgniter.php(419): CodeIgniter\CodeIgniter->runController(Object(App\Controllers\consultas_y_reportes\duplicadoFacturaController))
#7 C:\xampp\htdocs\restaurantes\system\CodeIgniter.php(326): CodeIgniter\CodeIgniter->handleRequest(NULL, Object(Config\Cache), false)
#8 C:\xampp\htdocs\restaurantes\index.php(37): CodeIgniter\CodeIgniter->run()
#9 {main}
CRITICAL - 2022-10-03 19:02:18 --> Undefined array key "valor_factura"
#0 C:\xampp\htdocs\restaurantes\app\Views\consultas_y_reportes\reporte_de_ventas_datos.php(73): CodeIgniter\Debug\Exceptions->errorHandler(2, 'Undefined array...', 'C:\\xampp\\htdocs...', 73)
#1 C:\xampp\htdocs\restaurantes\system\View\View.php(210): include('C:\\xampp\\htdocs...')
#2 C:\xampp\htdocs\restaurantes\system\View\View.php(213): CodeIgniter\View\View->CodeIgniter\View\{closure}()
#3 C:\xampp\htdocs\restaurantes\system\Common.php(1089): CodeIgniter\View\View->render('consultas_y_rep...', Array, true)
#4 C:\xampp\htdocs\restaurantes\app\Controllers\consultas_y_reportes\reporteDeVentasController.php(55): view('consultas_y_rep...', Array)
#5 C:\xampp\htdocs\restaurantes\system\CodeIgniter.php(832): App\Controllers\consultas_y_reportes\reporteDeVentasController->consulta_de_ventas()
#6 C:\xampp\htdocs\restaurantes\system\CodeIgniter.php(419): CodeIgniter\CodeIgniter->runController(Object(App\Controllers\consultas_y_reportes\reporteDeVentasController))
#7 C:\xampp\htdocs\restaurantes\system\CodeIgniter.php(326): CodeIgniter\CodeIgniter->handleRequest(NULL, Object(Config\Cache), false)
#8 C:\xampp\htdocs\restaurantes\index.php(37): CodeIgniter\CodeIgniter->run()
#9 {main}
CRITICAL - 2022-10-03 19:38:56 --> number_format(): Argument #1 ($num) must be of type float, string given
#0 C:\xampp\htdocs\restaurantes\app\Controllers\cliente\clienteController.php(103): number_format('816003350-7', 0, ',', '.')
#1 C:\xampp\htdocs\restaurantes\system\CodeIgniter.php(832): App\Controllers\cliente\ClienteController->clientes_autocompletado()
#2 C:\xampp\htdocs\restaurantes\system\CodeIgniter.php(419): CodeIgniter\CodeIgniter->runController(Object(App\Controllers\cliente\ClienteController))
#3 C:\xampp\htdocs\restaurantes\system\CodeIgniter.php(326): CodeIgniter\CodeIgniter->handleRequest(NULL, Object(Config\Cache), false)
#4 C:\xampp\htdocs\restaurantes\index.php(37): CodeIgniter\CodeIgniter->run()
#5 {main}
CRITICAL - 2022-10-03 19:38:59 --> number_format(): Argument #1 ($num) must be of type float, string given
#0 C:\xampp\htdocs\restaurantes\app\Controllers\cliente\clienteController.php(103): number_format('816003350-7', 0, ',', '.')
#1 C:\xampp\htdocs\restaurantes\system\CodeIgniter.php(832): App\Controllers\cliente\ClienteController->clientes_autocompletado()
#2 C:\xampp\htdocs\restaurantes\system\CodeIgniter.php(419): CodeIgniter\CodeIgniter->runController(Object(App\Controllers\cliente\ClienteController))
#3 C:\xampp\htdocs\restaurantes\system\CodeIgniter.php(326): CodeIgniter\CodeIgniter->handleRequest(NULL, Object(Config\Cache), false)
#4 C:\xampp\htdocs\restaurantes\index.php(37): CodeIgniter\CodeIgniter->run()
#5 {main}
