CRITICAL - 2022-06-25 14:39:43 --> Trying to access array offset on value of type null
#0 D:\DFPYME\htdocs\dfpyme\app\Controllers\comanda\imprimirComandaController.php(66): CodeIgniter\Debug\Exceptions->errorHandler(2, 'Trying to acces...', 'D:\\DFPYME\\htdoc...', 66)
#1 D:\DFPYME\htdocs\dfpyme\system\CodeIgniter.php(832): App\Controllers\comanda\imprimirComandaController->imprimir_comanda()
#2 D:\DFPYME\htdocs\dfpyme\system\CodeIgniter.php(419): CodeIgniter\CodeIgniter->runController(Object(App\Controllers\comanda\imprimirComandaController))
#3 D:\DFPYME\htdocs\dfpyme\system\CodeIgniter.php(326): CodeIgniter\CodeIgniter->handleRequest(NULL, Object(Config\Cache), false)
#4 D:\DFPYME\htdocs\dfpyme\index.php(37): CodeIgniter\CodeIgniter->run()
#5 {main}
CRITICAL - 2022-06-25 14:40:07 --> Trying to access array offset on value of type null
#0 D:\DFPYME\htdocs\dfpyme\app\Controllers\comanda\imprimirComandaController.php(66): CodeIgniter\Debug\Exceptions->errorHandler(2, 'Trying to acces...', 'D:\\DFPYME\\htdoc...', 66)
#1 D:\DFPYME\htdocs\dfpyme\system\CodeIgniter.php(832): App\Controllers\comanda\imprimirComandaController->imprimir_comanda()
#2 D:\DFPYME\htdocs\dfpyme\system\CodeIgniter.php(419): CodeIgniter\CodeIgniter->runController(Object(App\Controllers\comanda\imprimirComandaController))
#3 D:\DFPYME\htdocs\dfpyme\system\CodeIgniter.php(326): CodeIgniter\CodeIgniter->handleRequest(NULL, Object(Config\Cache), false)
#4 D:\DFPYME\htdocs\dfpyme\index.php(37): CodeIgniter\CodeIgniter->run()
#5 {main}
CRITICAL - 2022-06-25 16:40:35 --> Trying to access array offset on value of type null
#0 D:\DFPYME\htdocs\dfpyme\app\Controllers\producto\productoController.php(1009): CodeIgniter\Debug\Exceptions->errorHandler(2, 'Trying to acces...', 'D:\\DFPYME\\htdoc...', 1009)
#1 D:\DFPYME\htdocs\dfpyme\system\CodeIgniter.php(832): App\Controllers\producto\productoController->cargar_item_al_pedido()
#2 D:\DFPYME\htdocs\dfpyme\system\CodeIgniter.php(419): CodeIgniter\CodeIgniter->runController(Object(App\Controllers\producto\productoController))
#3 D:\DFPYME\htdocs\dfpyme\system\CodeIgniter.php(326): CodeIgniter\CodeIgniter->handleRequest(NULL, Object(Config\Cache), false)
#4 D:\DFPYME\htdocs\dfpyme\index.php(37): CodeIgniter\CodeIgniter->run()
#5 {main}
